[DEBUG] [application] - 2014-12-20 19:33:04 --> Application Class Initialized
[DEBUG] [system.Module] - 2014-12-20 19:33:04 --> Loading "Log" application component
[DEBUG] [system.Module] - 2014-12-20 19:33:04 --> Loading "Utf8" application component
[DEBUG] [application] - 2014-12-20 19:33:04 --> Utf8 Class Initialized
[DEBUG] [application] - 2014-12-20 19:33:04 --> UTF-8 Support Enabled
[DEBUG] [system.Module] - 2014-12-20 19:33:04 --> Loading "Hooks" application component
[DEBUG] [application] - 2014-12-20 19:33:04 --> Hooks Class Initialized
[DEBUG] [system.Module] - 2014-12-20 19:33:04 --> Loading "Router" application component
[DEBUG] [system.Module] - 2014-12-20 19:33:04 --> Loading "Uri" application component
[DEBUG] [application] - 2014-12-20 19:33:04 --> URI Class Initialized
[DEBUG] [application] - 2014-12-20 19:33:04 --> Router Class Initialized
[DEBUG] [application] - 2014-12-20 19:33:04 --> Config file loaded: /Users/geet/www/fly/framework/application/config/routes.php
[DEBUG] [application] - 2014-12-20 19:33:04 --> No URI present. Default controller set.
[DEBUG] [application] - 2014-12-20 22:38:25 --> Application Class Initialized
[DEBUG] [system.Module] - 2014-12-20 22:38:25 --> Loading "Log" application component
[DEBUG] [system.Module] - 2014-12-20 22:38:25 --> Loading "Utf8" application component
[DEBUG] [application] - 2014-12-20 22:38:25 --> Utf8 Class Initialized
[DEBUG] [application] - 2014-12-20 22:38:25 --> UTF-8 Support Enabled
[DEBUG] [system.Module] - 2014-12-20 22:38:25 --> Loading "Hooks" application component
[DEBUG] [application] - 2014-12-20 22:38:25 --> Hooks Class Initialized
[DEBUG] [system.Module] - 2014-12-20 22:38:25 --> Loading "Router" application component
[DEBUG] [system.Module] - 2014-12-20 22:38:25 --> Loading "Uri" application component
[DEBUG] [application] - 2014-12-20 22:38:25 --> URI Class Initialized
[DEBUG] [application] - 2014-12-20 22:38:25 --> Router Class Initialized
[DEBUG] [application] - 2014-12-20 22:38:25 --> Config file loaded: /Users/geet/www/fly/framework/application/config/routes.php
[DEBUG] [application] - 2014-12-20 22:38:25 --> No URI present. Default controller set.
[DEBUG] [system.Module] - 2014-12-20 22:38:25 --> Loading "HttpRequest" application component
[DEBUG] [application] - 2014-12-20 22:38:25 --> HttpRequest Class Initialized
[DEBUG] [system.Module] - 2014-12-20 22:38:25 --> Loading "Security" application component
[DEBUG] [application] - 2014-12-20 22:38:25 --> Security Class Initialized
[DEBUG] [application] - 2014-12-20 22:38:25 --> XSS Filtering completed
[DEBUG] [application] - 2014-12-20 22:38:25 --> XSS Filtering completed
[DEBUG] [application] - 2014-12-20 22:38:25 --> XSS Filtering completed
[DEBUG] [application] - 2014-12-20 22:38:25 --> XSS Filtering completed
[DEBUG] [application] - 2014-12-20 22:38:25 --> XSS Filtering completed
[DEBUG] [application] - 2014-12-20 22:38:25 --> XSS Filtering completed
[DEBUG] [application] - 2014-12-20 22:38:25 --> XSS Filtering completed
[DEBUG] [application] - 2014-12-20 22:38:25 --> XSS Filtering completed
[DEBUG] [application] - 2014-12-20 22:38:25 --> XSS Filtering completed
[DEBUG] [application] - 2014-12-20 22:38:25 --> XSS Filtering completed
[DEBUG] [application] - 2014-12-20 22:38:25 --> XSS Filtering completed
[DEBUG] [application] - 2014-12-20 22:38:25 --> XSS Filtering completed
[DEBUG] [application] - 2014-12-20 22:38:25 --> XSS Filtering completed
[DEBUG] [application] - 2014-12-20 22:38:25 --> XSS Filtering completed
[DEBUG] [application] - 2014-12-20 22:38:25 --> XSS Filtering completed
[DEBUG] [application] - 2014-12-20 22:38:25 --> XSS Filtering completed
[DEBUG] [application] - 2014-12-20 22:38:25 --> XSS Filtering completed
[DEBUG] [application] - 2014-12-20 22:38:25 --> Global POST and COOKIE data sanitized
[DEBUG] [application] - 2014-12-20 22:38:45 --> Application Class Initialized
[DEBUG] [system.Module] - 2014-12-20 22:38:45 --> Loading "Log" application component
[DEBUG] [system.Module] - 2014-12-20 22:38:45 --> Loading "Utf8" application component
[DEBUG] [application] - 2014-12-20 22:38:45 --> Utf8 Class Initialized
[DEBUG] [application] - 2014-12-20 22:38:45 --> UTF-8 Support Enabled
[DEBUG] [system.Module] - 2014-12-20 22:38:45 --> Loading "Hooks" application component
[DEBUG] [application] - 2014-12-20 22:38:45 --> Hooks Class Initialized
[DEBUG] [system.Module] - 2014-12-20 22:38:45 --> Loading "Router" application component
[DEBUG] [system.Module] - 2014-12-20 22:38:45 --> Loading "Uri" application component
[DEBUG] [application] - 2014-12-20 22:38:45 --> URI Class Initialized
[DEBUG] [application] - 2014-12-20 22:38:45 --> Router Class Initialized
[DEBUG] [application] - 2014-12-20 22:38:45 --> Config file loaded: /Users/geet/www/fly/framework/application/config/routes.php
[DEBUG] [application] - 2014-12-20 22:38:45 --> No URI present. Default controller set.
[DEBUG] [system.Module] - 2014-12-20 22:38:45 --> Loading "HttpRequest" application component
[DEBUG] [application] - 2014-12-20 22:38:45 --> HttpRequest Class Initialized
[DEBUG] [system.Module] - 2014-12-20 22:38:45 --> Loading "Security" application component
[DEBUG] [application] - 2014-12-20 22:38:45 --> Security Class Initialized
[DEBUG] [application] - 2014-12-20 22:38:45 --> XSS Filtering completed
[DEBUG] [application] - 2014-12-20 22:38:45 --> XSS Filtering completed
[DEBUG] [application] - 2014-12-20 22:38:45 --> XSS Filtering completed
[DEBUG] [application] - 2014-12-20 22:38:45 --> XSS Filtering completed
[DEBUG] [application] - 2014-12-20 22:38:45 --> XSS Filtering completed
[DEBUG] [application] - 2014-12-20 22:38:45 --> XSS Filtering completed
[DEBUG] [application] - 2014-12-20 22:38:45 --> XSS Filtering completed
[DEBUG] [application] - 2014-12-20 22:38:45 --> XSS Filtering completed
[DEBUG] [application] - 2014-12-20 22:38:45 --> XSS Filtering completed
[DEBUG] [application] - 2014-12-20 22:38:45 --> XSS Filtering completed
[DEBUG] [application] - 2014-12-20 22:38:45 --> XSS Filtering completed
[DEBUG] [application] - 2014-12-20 22:38:45 --> XSS Filtering completed
[DEBUG] [application] - 2014-12-20 22:38:45 --> XSS Filtering completed
[DEBUG] [application] - 2014-12-20 22:38:45 --> XSS Filtering completed
[DEBUG] [application] - 2014-12-20 22:38:45 --> XSS Filtering completed
[DEBUG] [application] - 2014-12-20 22:38:45 --> XSS Filtering completed
[DEBUG] [application] - 2014-12-20 22:38:45 --> XSS Filtering completed
[DEBUG] [application] - 2014-12-20 22:38:45 --> Global POST and COOKIE data sanitized
[DEBUG] [application] - 2014-12-20 22:38:52 --> Application Class Initialized
[DEBUG] [system.Module] - 2014-12-20 22:38:52 --> Loading "Log" application component
[DEBUG] [system.Module] - 2014-12-20 22:38:52 --> Loading "Utf8" application component
[DEBUG] [application] - 2014-12-20 22:38:52 --> Utf8 Class Initialized
[DEBUG] [application] - 2014-12-20 22:38:52 --> UTF-8 Support Enabled
[DEBUG] [system.Module] - 2014-12-20 22:38:52 --> Loading "Hooks" application component
[DEBUG] [application] - 2014-12-20 22:38:52 --> Hooks Class Initialized
[DEBUG] [system.Module] - 2014-12-20 22:38:52 --> Loading "Router" application component
[DEBUG] [system.Module] - 2014-12-20 22:38:52 --> Loading "Uri" application component
[DEBUG] [application] - 2014-12-20 22:38:52 --> URI Class Initialized
[DEBUG] [application] - 2014-12-20 22:38:52 --> Router Class Initialized
[DEBUG] [application] - 2014-12-20 22:38:52 --> Config file loaded: /Users/geet/www/fly/framework/application/config/routes.php
[DEBUG] [application] - 2014-12-20 22:38:52 --> No URI present. Default controller set.
[DEBUG] [system.Module] - 2014-12-20 22:38:52 --> Loading "HttpRequest" application component
[DEBUG] [application] - 2014-12-20 22:38:52 --> HttpRequest Class Initialized
[DEBUG] [system.Module] - 2014-12-20 22:38:52 --> Loading "Security" application component
[DEBUG] [application] - 2014-12-20 22:38:52 --> Security Class Initialized
[DEBUG] [application] - 2014-12-20 22:38:52 --> XSS Filtering completed
[DEBUG] [application] - 2014-12-20 22:38:52 --> XSS Filtering completed
[DEBUG] [application] - 2014-12-20 22:38:52 --> XSS Filtering completed
[DEBUG] [application] - 2014-12-20 22:38:52 --> XSS Filtering completed
[DEBUG] [application] - 2014-12-20 22:38:52 --> XSS Filtering completed
[DEBUG] [application] - 2014-12-20 22:38:52 --> XSS Filtering completed
[DEBUG] [application] - 2014-12-20 22:38:52 --> XSS Filtering completed
[DEBUG] [application] - 2014-12-20 22:38:52 --> XSS Filtering completed
[DEBUG] [application] - 2014-12-20 22:38:52 --> XSS Filtering completed
[DEBUG] [application] - 2014-12-20 22:38:52 --> XSS Filtering completed
[DEBUG] [application] - 2014-12-20 22:38:52 --> XSS Filtering completed
[DEBUG] [application] - 2014-12-20 22:38:52 --> XSS Filtering completed
[DEBUG] [application] - 2014-12-20 22:38:52 --> XSS Filtering completed
[DEBUG] [application] - 2014-12-20 22:38:52 --> XSS Filtering completed
[DEBUG] [application] - 2014-12-20 22:38:52 --> XSS Filtering completed
[DEBUG] [application] - 2014-12-20 22:38:52 --> XSS Filtering completed
[DEBUG] [application] - 2014-12-20 22:38:52 --> XSS Filtering completed
[DEBUG] [application] - 2014-12-20 22:38:52 --> Global POST and COOKIE data sanitized
[DEBUG] [application] - 2014-12-20 22:38:54 --> Application Class Initialized
[DEBUG] [system.Module] - 2014-12-20 22:38:54 --> Loading "Log" application component
[DEBUG] [system.Module] - 2014-12-20 22:38:54 --> Loading "Utf8" application component
[DEBUG] [application] - 2014-12-20 22:38:54 --> Utf8 Class Initialized
[DEBUG] [application] - 2014-12-20 22:38:54 --> UTF-8 Support Enabled
[DEBUG] [system.Module] - 2014-12-20 22:38:54 --> Loading "Hooks" application component
[DEBUG] [application] - 2014-12-20 22:38:54 --> Hooks Class Initialized
[DEBUG] [system.Module] - 2014-12-20 22:38:54 --> Loading "Router" application component
[DEBUG] [system.Module] - 2014-12-20 22:38:54 --> Loading "Uri" application component
[DEBUG] [application] - 2014-12-20 22:38:54 --> URI Class Initialized
[DEBUG] [application] - 2014-12-20 22:38:54 --> Router Class Initialized
[DEBUG] [application] - 2014-12-20 22:38:54 --> Config file loaded: /Users/geet/www/fly/framework/application/config/routes.php
[DEBUG] [application] - 2014-12-20 22:38:54 --> No URI present. Default controller set.
[DEBUG] [system.Module] - 2014-12-20 22:38:54 --> Loading "HttpRequest" application component
[DEBUG] [application] - 2014-12-20 22:38:54 --> HttpRequest Class Initialized
[DEBUG] [system.Module] - 2014-12-20 22:38:54 --> Loading "Security" application component
[DEBUG] [application] - 2014-12-20 22:38:54 --> Security Class Initialized
[DEBUG] [application] - 2014-12-20 22:38:54 --> XSS Filtering completed
[DEBUG] [application] - 2014-12-20 22:38:54 --> XSS Filtering completed
[DEBUG] [application] - 2014-12-20 22:38:54 --> XSS Filtering completed
[DEBUG] [application] - 2014-12-20 22:38:54 --> XSS Filtering completed
[DEBUG] [application] - 2014-12-20 22:38:54 --> XSS Filtering completed
[DEBUG] [application] - 2014-12-20 22:38:54 --> XSS Filtering completed
[DEBUG] [application] - 2014-12-20 22:38:54 --> XSS Filtering completed
[DEBUG] [application] - 2014-12-20 22:38:54 --> XSS Filtering completed
[DEBUG] [application] - 2014-12-20 22:38:54 --> XSS Filtering completed
[DEBUG] [application] - 2014-12-20 22:38:54 --> XSS Filtering completed
[DEBUG] [application] - 2014-12-20 22:38:54 --> XSS Filtering completed
[DEBUG] [application] - 2014-12-20 22:38:54 --> XSS Filtering completed
[DEBUG] [application] - 2014-12-20 22:38:54 --> XSS Filtering completed
[DEBUG] [application] - 2014-12-20 22:38:54 --> XSS Filtering completed
[DEBUG] [application] - 2014-12-20 22:38:54 --> XSS Filtering completed
[DEBUG] [application] - 2014-12-20 22:38:54 --> XSS Filtering completed
[DEBUG] [application] - 2014-12-20 22:38:54 --> XSS Filtering completed
[DEBUG] [application] - 2014-12-20 22:38:54 --> Global POST and COOKIE data sanitized
[DEBUG] [application] - 2014-12-20 22:41:59 --> Application Class Initialized
[DEBUG] [system.Module] - 2014-12-20 22:41:59 --> Loading "Log" application component
[DEBUG] [system.Module] - 2014-12-20 22:41:59 --> Loading "Utf8" application component
[DEBUG] [application] - 2014-12-20 22:41:59 --> Utf8 Class Initialized
[DEBUG] [application] - 2014-12-20 22:41:59 --> UTF-8 Support Enabled
[DEBUG] [system.Module] - 2014-12-20 22:41:59 --> Loading "Hooks" application component
[DEBUG] [application] - 2014-12-20 22:41:59 --> Hooks Class Initialized
[DEBUG] [system.Module] - 2014-12-20 22:41:59 --> Loading "Router" application component
[DEBUG] [system.Module] - 2014-12-20 22:41:59 --> Loading "Uri" application component
[DEBUG] [application] - 2014-12-20 22:41:59 --> URI Class Initialized
[DEBUG] [application] - 2014-12-20 22:41:59 --> Router Class Initialized
[DEBUG] [application] - 2014-12-20 22:41:59 --> Config file loaded: /Users/geet/www/fly/framework/application/config/routes.php
[DEBUG] [system.Module] - 2014-12-20 22:41:59 --> Loading "HttpRequest" application component
[DEBUG] [application] - 2014-12-20 22:41:59 --> HttpRequest Class Initialized
[DEBUG] [system.Module] - 2014-12-20 22:41:59 --> Loading "Security" application component
[DEBUG] [application] - 2014-12-20 22:41:59 --> Security Class Initialized
[DEBUG] [application] - 2014-12-20 22:41:59 --> XSS Filtering completed
[DEBUG] [application] - 2014-12-20 22:41:59 --> XSS Filtering completed
[DEBUG] [application] - 2014-12-20 22:41:59 --> XSS Filtering completed
[DEBUG] [application] - 2014-12-20 22:41:59 --> XSS Filtering completed
[DEBUG] [application] - 2014-12-20 22:41:59 --> XSS Filtering completed
[DEBUG] [application] - 2014-12-20 22:41:59 --> XSS Filtering completed
[DEBUG] [application] - 2014-12-20 22:41:59 --> XSS Filtering completed
[DEBUG] [application] - 2014-12-20 22:41:59 --> XSS Filtering completed
[DEBUG] [application] - 2014-12-20 22:41:59 --> XSS Filtering completed
[DEBUG] [application] - 2014-12-20 22:41:59 --> XSS Filtering completed
[DEBUG] [application] - 2014-12-20 22:41:59 --> XSS Filtering completed
[DEBUG] [application] - 2014-12-20 22:41:59 --> XSS Filtering completed
[DEBUG] [application] - 2014-12-20 22:41:59 --> XSS Filtering completed
[DEBUG] [application] - 2014-12-20 22:41:59 --> XSS Filtering completed
[DEBUG] [application] - 2014-12-20 22:41:59 --> XSS Filtering completed
[DEBUG] [application] - 2014-12-20 22:41:59 --> XSS Filtering completed
[DEBUG] [application] - 2014-12-20 22:41:59 --> XSS Filtering completed
[DEBUG] [application] - 2014-12-20 22:41:59 --> Global POST and COOKIE data sanitized
[DEBUG] [application] - 2014-12-20 22:42:01 --> Application Class Initialized
[DEBUG] [system.Module] - 2014-12-20 22:42:01 --> Loading "Log" application component
[DEBUG] [system.Module] - 2014-12-20 22:42:01 --> Loading "Utf8" application component
[DEBUG] [application] - 2014-12-20 22:42:01 --> Utf8 Class Initialized
[DEBUG] [application] - 2014-12-20 22:42:01 --> UTF-8 Support Enabled
[DEBUG] [system.Module] - 2014-12-20 22:42:01 --> Loading "Hooks" application component
[DEBUG] [application] - 2014-12-20 22:42:01 --> Hooks Class Initialized
[DEBUG] [system.Module] - 2014-12-20 22:42:01 --> Loading "Router" application component
[DEBUG] [system.Module] - 2014-12-20 22:42:01 --> Loading "Uri" application component
[DEBUG] [application] - 2014-12-20 22:42:01 --> URI Class Initialized
[DEBUG] [application] - 2014-12-20 22:42:01 --> Router Class Initialized
[DEBUG] [application] - 2014-12-20 22:42:01 --> Config file loaded: /Users/geet/www/fly/framework/application/config/routes.php
[DEBUG] [system.Module] - 2014-12-20 22:42:01 --> Loading "HttpRequest" application component
[DEBUG] [application] - 2014-12-20 22:42:01 --> HttpRequest Class Initialized
[DEBUG] [system.Module] - 2014-12-20 22:42:01 --> Loading "Security" application component
[DEBUG] [application] - 2014-12-20 22:42:01 --> Security Class Initialized
[DEBUG] [application] - 2014-12-20 22:42:01 --> XSS Filtering completed
[DEBUG] [application] - 2014-12-20 22:42:01 --> XSS Filtering completed
[DEBUG] [application] - 2014-12-20 22:42:01 --> XSS Filtering completed
[DEBUG] [application] - 2014-12-20 22:42:01 --> XSS Filtering completed
[DEBUG] [application] - 2014-12-20 22:42:01 --> XSS Filtering completed
[DEBUG] [application] - 2014-12-20 22:42:01 --> XSS Filtering completed
[DEBUG] [application] - 2014-12-20 22:42:01 --> XSS Filtering completed
[DEBUG] [application] - 2014-12-20 22:42:01 --> XSS Filtering completed
[DEBUG] [application] - 2014-12-20 22:42:01 --> XSS Filtering completed
[DEBUG] [application] - 2014-12-20 22:42:01 --> XSS Filtering completed
[DEBUG] [application] - 2014-12-20 22:42:01 --> XSS Filtering completed
[DEBUG] [application] - 2014-12-20 22:42:01 --> XSS Filtering completed
[DEBUG] [application] - 2014-12-20 22:42:01 --> XSS Filtering completed
[DEBUG] [application] - 2014-12-20 22:42:01 --> XSS Filtering completed
[DEBUG] [application] - 2014-12-20 22:42:01 --> XSS Filtering completed
[DEBUG] [application] - 2014-12-20 22:42:01 --> XSS Filtering completed
[DEBUG] [application] - 2014-12-20 22:42:01 --> XSS Filtering completed
[DEBUG] [application] - 2014-12-20 22:42:01 --> Global POST and COOKIE data sanitized
[DEBUG] [application] - 2014-12-20 22:46:27 --> Application Class Initialized
[DEBUG] [system.Module] - 2014-12-20 22:46:27 --> Loading "Log" application component
[DEBUG] [system.Module] - 2014-12-20 22:46:27 --> Loading "Utf8" application component
[DEBUG] [application] - 2014-12-20 22:46:27 --> Utf8 Class Initialized
[DEBUG] [application] - 2014-12-20 22:46:27 --> UTF-8 Support Enabled
[DEBUG] [system.Module] - 2014-12-20 22:46:27 --> Loading "Hooks" application component
[DEBUG] [application] - 2014-12-20 22:46:27 --> Hooks Class Initialized
[DEBUG] [system.Module] - 2014-12-20 22:46:27 --> Loading "Router" application component
[DEBUG] [system.Module] - 2014-12-20 22:46:27 --> Loading "Uri" application component
[DEBUG] [application] - 2014-12-20 22:46:27 --> URI Class Initialized
[DEBUG] [application] - 2014-12-20 22:46:27 --> Router Class Initialized
[DEBUG] [application] - 2014-12-20 22:46:27 --> Config file loaded: /Users/geet/www/fly/framework/application/config/routes.php
[DEBUG] [system.Module] - 2014-12-20 22:46:27 --> Loading "HttpRequest" application component
[DEBUG] [application] - 2014-12-20 22:46:27 --> HttpRequest Class Initialized
[DEBUG] [system.Module] - 2014-12-20 22:46:27 --> Loading "Security" application component
[DEBUG] [application] - 2014-12-20 22:46:27 --> Security Class Initialized
[DEBUG] [application] - 2014-12-20 22:46:27 --> XSS Filtering completed
[DEBUG] [application] - 2014-12-20 22:46:27 --> XSS Filtering completed
[DEBUG] [application] - 2014-12-20 22:46:27 --> XSS Filtering completed
[DEBUG] [application] - 2014-12-20 22:46:27 --> XSS Filtering completed
[DEBUG] [application] - 2014-12-20 22:46:27 --> XSS Filtering completed
[DEBUG] [application] - 2014-12-20 22:46:27 --> XSS Filtering completed
[DEBUG] [application] - 2014-12-20 22:46:27 --> XSS Filtering completed
[DEBUG] [application] - 2014-12-20 22:46:27 --> XSS Filtering completed
[DEBUG] [application] - 2014-12-20 22:46:27 --> XSS Filtering completed
[DEBUG] [application] - 2014-12-20 22:46:27 --> XSS Filtering completed
[DEBUG] [application] - 2014-12-20 22:46:27 --> XSS Filtering completed
[DEBUG] [application] - 2014-12-20 22:46:27 --> XSS Filtering completed
[DEBUG] [application] - 2014-12-20 22:46:27 --> XSS Filtering completed
[DEBUG] [application] - 2014-12-20 22:46:27 --> XSS Filtering completed
[DEBUG] [application] - 2014-12-20 22:46:27 --> XSS Filtering completed
[DEBUG] [application] - 2014-12-20 22:46:27 --> XSS Filtering completed
[DEBUG] [application] - 2014-12-20 22:46:27 --> XSS Filtering completed
[DEBUG] [application] - 2014-12-20 22:46:27 --> Global POST and COOKIE data sanitized
[DEBUG] [application] - 2014-12-20 22:51:54 --> Application Class Initialized
[DEBUG] [system.Module] - 2014-12-20 22:51:54 --> Loading "Log" application component
[DEBUG] [system.Module] - 2014-12-20 22:51:54 --> Loading "Utf8" application component
[DEBUG] [application] - 2014-12-20 22:51:54 --> Utf8 Class Initialized
[DEBUG] [application] - 2014-12-20 22:51:54 --> UTF-8 Support Enabled
[DEBUG] [system.Module] - 2014-12-20 22:51:54 --> Loading "Hooks" application component
[DEBUG] [application] - 2014-12-20 22:51:54 --> Hooks Class Initialized
[DEBUG] [system.Module] - 2014-12-20 22:51:54 --> Loading "Router" application component
[DEBUG] [system.Module] - 2014-12-20 22:51:54 --> Loading "Uri" application component
[DEBUG] [application] - 2014-12-20 22:51:54 --> URI Class Initialized
[DEBUG] [application] - 2014-12-20 22:51:54 --> Router Class Initialized
[DEBUG] [application] - 2014-12-20 22:51:54 --> Config file loaded: /Users/geet/www/fly/framework/application/config/routes.php
[DEBUG] [system.Module] - 2014-12-20 22:51:54 --> Loading "HttpRequest" application component
[DEBUG] [application] - 2014-12-20 22:51:54 --> HttpRequest Class Initialized
[DEBUG] [system.Module] - 2014-12-20 22:51:54 --> Loading "Security" application component
[DEBUG] [application] - 2014-12-20 22:51:54 --> Security Class Initialized
[DEBUG] [application] - 2014-12-20 22:51:54 --> XSS Filtering completed
[DEBUG] [application] - 2014-12-20 22:51:54 --> XSS Filtering completed
[DEBUG] [application] - 2014-12-20 22:51:54 --> XSS Filtering completed
[DEBUG] [application] - 2014-12-20 22:51:54 --> XSS Filtering completed
[DEBUG] [application] - 2014-12-20 22:51:54 --> XSS Filtering completed
[DEBUG] [application] - 2014-12-20 22:51:54 --> XSS Filtering completed
[DEBUG] [application] - 2014-12-20 22:51:54 --> XSS Filtering completed
[DEBUG] [application] - 2014-12-20 22:51:54 --> XSS Filtering completed
[DEBUG] [application] - 2014-12-20 22:51:54 --> XSS Filtering completed
[DEBUG] [application] - 2014-12-20 22:51:54 --> XSS Filtering completed
[DEBUG] [application] - 2014-12-20 22:51:54 --> XSS Filtering completed
[DEBUG] [application] - 2014-12-20 22:51:54 --> XSS Filtering completed
[DEBUG] [application] - 2014-12-20 22:51:54 --> XSS Filtering completed
[DEBUG] [application] - 2014-12-20 22:51:54 --> XSS Filtering completed
[DEBUG] [application] - 2014-12-20 22:51:54 --> XSS Filtering completed
[DEBUG] [application] - 2014-12-20 22:51:54 --> XSS Filtering completed
[DEBUG] [application] - 2014-12-20 22:51:54 --> XSS Filtering completed
[DEBUG] [application] - 2014-12-20 22:51:54 --> Global POST and COOKIE data sanitized
[DEBUG] [application] - 2014-12-20 22:51:59 --> Application Class Initialized
[DEBUG] [system.Module] - 2014-12-20 22:51:59 --> Loading "Log" application component
[DEBUG] [system.Module] - 2014-12-20 22:51:59 --> Loading "Utf8" application component
[DEBUG] [application] - 2014-12-20 22:51:59 --> Utf8 Class Initialized
[DEBUG] [application] - 2014-12-20 22:51:59 --> UTF-8 Support Enabled
[DEBUG] [system.Module] - 2014-12-20 22:51:59 --> Loading "Hooks" application component
[DEBUG] [application] - 2014-12-20 22:51:59 --> Hooks Class Initialized
[DEBUG] [system.Module] - 2014-12-20 22:51:59 --> Loading "Router" application component
[DEBUG] [system.Module] - 2014-12-20 22:51:59 --> Loading "Uri" application component
[DEBUG] [application] - 2014-12-20 22:51:59 --> URI Class Initialized
[DEBUG] [application] - 2014-12-20 22:51:59 --> Router Class Initialized
[DEBUG] [application] - 2014-12-20 22:51:59 --> Config file loaded: /Users/geet/www/fly/framework/application/config/routes.php
[DEBUG] [system.Module] - 2014-12-20 22:51:59 --> Loading "HttpRequest" application component
[DEBUG] [application] - 2014-12-20 22:51:59 --> HttpRequest Class Initialized
[DEBUG] [system.Module] - 2014-12-20 22:51:59 --> Loading "Security" application component
[DEBUG] [application] - 2014-12-20 22:51:59 --> Security Class Initialized
[DEBUG] [application] - 2014-12-20 22:51:59 --> XSS Filtering completed
[DEBUG] [application] - 2014-12-20 22:51:59 --> XSS Filtering completed
[DEBUG] [application] - 2014-12-20 22:51:59 --> XSS Filtering completed
[DEBUG] [application] - 2014-12-20 22:51:59 --> XSS Filtering completed
[DEBUG] [application] - 2014-12-20 22:51:59 --> XSS Filtering completed
[DEBUG] [application] - 2014-12-20 22:51:59 --> XSS Filtering completed
[DEBUG] [application] - 2014-12-20 22:51:59 --> XSS Filtering completed
[DEBUG] [application] - 2014-12-20 22:51:59 --> XSS Filtering completed
[DEBUG] [application] - 2014-12-20 22:51:59 --> XSS Filtering completed
[DEBUG] [application] - 2014-12-20 22:51:59 --> XSS Filtering completed
[DEBUG] [application] - 2014-12-20 22:51:59 --> XSS Filtering completed
[DEBUG] [application] - 2014-12-20 22:51:59 --> XSS Filtering completed
[DEBUG] [application] - 2014-12-20 22:51:59 --> XSS Filtering completed
[DEBUG] [application] - 2014-12-20 22:51:59 --> XSS Filtering completed
[DEBUG] [application] - 2014-12-20 22:51:59 --> XSS Filtering completed
[DEBUG] [application] - 2014-12-20 22:51:59 --> XSS Filtering completed
[DEBUG] [application] - 2014-12-20 22:51:59 --> XSS Filtering completed
[DEBUG] [application] - 2014-12-20 22:51:59 --> Global POST and COOKIE data sanitized
[DEBUG] [application] - 2014-12-20 22:52:06 --> Application Class Initialized
[DEBUG] [system.Module] - 2014-12-20 22:52:06 --> Loading "Log" application component
[DEBUG] [system.Module] - 2014-12-20 22:52:06 --> Loading "Utf8" application component
[DEBUG] [application] - 2014-12-20 22:52:06 --> Utf8 Class Initialized
[DEBUG] [application] - 2014-12-20 22:52:06 --> UTF-8 Support Enabled
[DEBUG] [system.Module] - 2014-12-20 22:52:06 --> Loading "Hooks" application component
[DEBUG] [application] - 2014-12-20 22:52:06 --> Hooks Class Initialized
[DEBUG] [system.Module] - 2014-12-20 22:52:06 --> Loading "Router" application component
[DEBUG] [system.Module] - 2014-12-20 22:52:06 --> Loading "Uri" application component
[DEBUG] [application] - 2014-12-20 22:52:06 --> URI Class Initialized
[DEBUG] [application] - 2014-12-20 22:52:06 --> Router Class Initialized
[DEBUG] [application] - 2014-12-20 22:52:06 --> Config file loaded: /Users/geet/www/fly/framework/application/config/routes.php
[DEBUG] [application] - 2014-12-20 22:52:06 --> No URI present. Default controller set.
[DEBUG] [system.Module] - 2014-12-20 22:52:06 --> Loading "HttpRequest" application component
[DEBUG] [application] - 2014-12-20 22:52:06 --> HttpRequest Class Initialized
[DEBUG] [system.Module] - 2014-12-20 22:52:06 --> Loading "Security" application component
[DEBUG] [application] - 2014-12-20 22:52:06 --> Security Class Initialized
[DEBUG] [application] - 2014-12-20 22:52:06 --> XSS Filtering completed
[DEBUG] [application] - 2014-12-20 22:52:06 --> XSS Filtering completed
[DEBUG] [application] - 2014-12-20 22:52:06 --> XSS Filtering completed
[DEBUG] [application] - 2014-12-20 22:52:06 --> XSS Filtering completed
[DEBUG] [application] - 2014-12-20 22:52:06 --> XSS Filtering completed
[DEBUG] [application] - 2014-12-20 22:52:06 --> XSS Filtering completed
[DEBUG] [application] - 2014-12-20 22:52:06 --> XSS Filtering completed
[DEBUG] [application] - 2014-12-20 22:52:06 --> XSS Filtering completed
[DEBUG] [application] - 2014-12-20 22:52:06 --> XSS Filtering completed
[DEBUG] [application] - 2014-12-20 22:52:06 --> XSS Filtering completed
[DEBUG] [application] - 2014-12-20 22:52:06 --> XSS Filtering completed
[DEBUG] [application] - 2014-12-20 22:52:06 --> XSS Filtering completed
[DEBUG] [application] - 2014-12-20 22:52:06 --> XSS Filtering completed
[DEBUG] [application] - 2014-12-20 22:52:06 --> XSS Filtering completed
[DEBUG] [application] - 2014-12-20 22:52:06 --> XSS Filtering completed
[DEBUG] [application] - 2014-12-20 22:52:06 --> XSS Filtering completed
[DEBUG] [application] - 2014-12-20 22:52:06 --> XSS Filtering completed
[DEBUG] [application] - 2014-12-20 22:52:06 --> Global POST and COOKIE data sanitized
[DEBUG] [application] - 2014-12-20 22:52:08 --> Application Class Initialized
[DEBUG] [system.Module] - 2014-12-20 22:52:08 --> Loading "Log" application component
[DEBUG] [system.Module] - 2014-12-20 22:52:08 --> Loading "Utf8" application component
[DEBUG] [application] - 2014-12-20 22:52:08 --> Utf8 Class Initialized
[DEBUG] [application] - 2014-12-20 22:52:08 --> UTF-8 Support Enabled
[DEBUG] [system.Module] - 2014-12-20 22:52:08 --> Loading "Hooks" application component
[DEBUG] [application] - 2014-12-20 22:52:08 --> Hooks Class Initialized
[DEBUG] [system.Module] - 2014-12-20 22:52:08 --> Loading "Router" application component
[DEBUG] [system.Module] - 2014-12-20 22:52:08 --> Loading "Uri" application component
[DEBUG] [application] - 2014-12-20 22:52:08 --> URI Class Initialized
[DEBUG] [application] - 2014-12-20 22:52:08 --> Router Class Initialized
[DEBUG] [application] - 2014-12-20 22:52:08 --> Config file loaded: /Users/geet/www/fly/framework/application/config/routes.php
[DEBUG] [application] - 2014-12-20 22:52:08 --> No URI present. Default controller set.
[DEBUG] [system.Module] - 2014-12-20 22:52:08 --> Loading "HttpRequest" application component
[DEBUG] [application] - 2014-12-20 22:52:08 --> HttpRequest Class Initialized
[DEBUG] [system.Module] - 2014-12-20 22:52:08 --> Loading "Security" application component
[DEBUG] [application] - 2014-12-20 22:52:08 --> Security Class Initialized
[DEBUG] [application] - 2014-12-20 22:52:08 --> XSS Filtering completed
[DEBUG] [application] - 2014-12-20 22:52:08 --> XSS Filtering completed
[DEBUG] [application] - 2014-12-20 22:52:08 --> XSS Filtering completed
[DEBUG] [application] - 2014-12-20 22:52:08 --> XSS Filtering completed
[DEBUG] [application] - 2014-12-20 22:52:08 --> XSS Filtering completed
[DEBUG] [application] - 2014-12-20 22:52:08 --> XSS Filtering completed
[DEBUG] [application] - 2014-12-20 22:52:08 --> XSS Filtering completed
[DEBUG] [application] - 2014-12-20 22:52:08 --> XSS Filtering completed
[DEBUG] [application] - 2014-12-20 22:52:08 --> XSS Filtering completed
[DEBUG] [application] - 2014-12-20 22:52:08 --> XSS Filtering completed
[DEBUG] [application] - 2014-12-20 22:52:08 --> XSS Filtering completed
[DEBUG] [application] - 2014-12-20 22:52:08 --> XSS Filtering completed
[DEBUG] [application] - 2014-12-20 22:52:08 --> XSS Filtering completed
[DEBUG] [application] - 2014-12-20 22:52:08 --> XSS Filtering completed
[DEBUG] [application] - 2014-12-20 22:52:08 --> XSS Filtering completed
[DEBUG] [application] - 2014-12-20 22:52:08 --> XSS Filtering completed
[DEBUG] [application] - 2014-12-20 22:52:08 --> XSS Filtering completed
[DEBUG] [application] - 2014-12-20 22:52:08 --> Global POST and COOKIE data sanitized
[DEBUG] [application] - 2014-12-20 22:52:12 --> Application Class Initialized
[DEBUG] [system.Module] - 2014-12-20 22:52:12 --> Loading "Log" application component
[DEBUG] [system.Module] - 2014-12-20 22:52:12 --> Loading "Utf8" application component
[DEBUG] [application] - 2014-12-20 22:52:12 --> Utf8 Class Initialized
[DEBUG] [application] - 2014-12-20 22:52:12 --> UTF-8 Support Enabled
[DEBUG] [system.Module] - 2014-12-20 22:52:12 --> Loading "Hooks" application component
[DEBUG] [application] - 2014-12-20 22:52:12 --> Hooks Class Initialized
[DEBUG] [system.Module] - 2014-12-20 22:52:12 --> Loading "Router" application component
[DEBUG] [system.Module] - 2014-12-20 22:52:12 --> Loading "Uri" application component
[DEBUG] [application] - 2014-12-20 22:52:12 --> URI Class Initialized
[DEBUG] [application] - 2014-12-20 22:52:12 --> Router Class Initialized
[DEBUG] [application] - 2014-12-20 22:52:12 --> Config file loaded: /Users/geet/www/fly/framework/application/config/routes.php
[DEBUG] [application] - 2014-12-20 22:52:12 --> No URI present. Default controller set.
[DEBUG] [system.Module] - 2014-12-20 22:52:12 --> Loading "HttpRequest" application component
[DEBUG] [application] - 2014-12-20 22:52:12 --> HttpRequest Class Initialized
[DEBUG] [system.Module] - 2014-12-20 22:52:12 --> Loading "Security" application component
[DEBUG] [application] - 2014-12-20 22:52:12 --> Security Class Initialized
[DEBUG] [application] - 2014-12-20 22:52:12 --> XSS Filtering completed
[DEBUG] [application] - 2014-12-20 22:52:12 --> XSS Filtering completed
[DEBUG] [application] - 2014-12-20 22:52:12 --> XSS Filtering completed
[DEBUG] [application] - 2014-12-20 22:52:12 --> XSS Filtering completed
[DEBUG] [application] - 2014-12-20 22:52:12 --> XSS Filtering completed
[DEBUG] [application] - 2014-12-20 22:52:12 --> XSS Filtering completed
[DEBUG] [application] - 2014-12-20 22:52:12 --> XSS Filtering completed
[DEBUG] [application] - 2014-12-20 22:52:12 --> XSS Filtering completed
[DEBUG] [application] - 2014-12-20 22:52:12 --> XSS Filtering completed
[DEBUG] [application] - 2014-12-20 22:52:12 --> XSS Filtering completed
[DEBUG] [application] - 2014-12-20 22:52:12 --> XSS Filtering completed
[DEBUG] [application] - 2014-12-20 22:52:12 --> XSS Filtering completed
[DEBUG] [application] - 2014-12-20 22:52:12 --> XSS Filtering completed
[DEBUG] [application] - 2014-12-20 22:52:12 --> XSS Filtering completed
[DEBUG] [application] - 2014-12-20 22:52:12 --> XSS Filtering completed
[DEBUG] [application] - 2014-12-20 22:52:12 --> XSS Filtering completed
[DEBUG] [application] - 2014-12-20 22:52:12 --> XSS Filtering completed
[DEBUG] [application] - 2014-12-20 22:52:12 --> Global POST and COOKIE data sanitized
[DEBUG] [application] - 2014-12-20 22:52:15 --> Application Class Initialized
[DEBUG] [system.Module] - 2014-12-20 22:52:15 --> Loading "Log" application component
[DEBUG] [system.Module] - 2014-12-20 22:52:15 --> Loading "Utf8" application component
[DEBUG] [application] - 2014-12-20 22:52:15 --> Utf8 Class Initialized
[DEBUG] [application] - 2014-12-20 22:52:15 --> UTF-8 Support Enabled
[DEBUG] [system.Module] - 2014-12-20 22:52:15 --> Loading "Hooks" application component
[DEBUG] [application] - 2014-12-20 22:52:15 --> Hooks Class Initialized
[DEBUG] [system.Module] - 2014-12-20 22:52:15 --> Loading "Router" application component
[DEBUG] [system.Module] - 2014-12-20 22:52:15 --> Loading "Uri" application component
[DEBUG] [application] - 2014-12-20 22:52:15 --> URI Class Initialized
[DEBUG] [application] - 2014-12-20 22:52:15 --> Router Class Initialized
[DEBUG] [application] - 2014-12-20 22:52:15 --> Config file loaded: /Users/geet/www/fly/framework/application/config/routes.php
[DEBUG] [application] - 2014-12-20 22:52:15 --> No URI present. Default controller set.
[DEBUG] [system.Module] - 2014-12-20 22:52:15 --> Loading "HttpRequest" application component
[DEBUG] [application] - 2014-12-20 22:52:15 --> HttpRequest Class Initialized
[DEBUG] [system.Module] - 2014-12-20 22:52:15 --> Loading "Security" application component
[DEBUG] [application] - 2014-12-20 22:52:15 --> Security Class Initialized
[DEBUG] [application] - 2014-12-20 22:52:15 --> XSS Filtering completed
[DEBUG] [application] - 2014-12-20 22:52:15 --> XSS Filtering completed
[DEBUG] [application] - 2014-12-20 22:52:15 --> XSS Filtering completed
[DEBUG] [application] - 2014-12-20 22:52:15 --> XSS Filtering completed
[DEBUG] [application] - 2014-12-20 22:52:15 --> XSS Filtering completed
[DEBUG] [application] - 2014-12-20 22:52:15 --> XSS Filtering completed
[DEBUG] [application] - 2014-12-20 22:52:15 --> XSS Filtering completed
[DEBUG] [application] - 2014-12-20 22:52:15 --> XSS Filtering completed
[DEBUG] [application] - 2014-12-20 22:52:15 --> XSS Filtering completed
[DEBUG] [application] - 2014-12-20 22:52:15 --> XSS Filtering completed
[DEBUG] [application] - 2014-12-20 22:52:15 --> XSS Filtering completed
[DEBUG] [application] - 2014-12-20 22:52:15 --> XSS Filtering completed
[DEBUG] [application] - 2014-12-20 22:52:15 --> XSS Filtering completed
[DEBUG] [application] - 2014-12-20 22:52:15 --> XSS Filtering completed
[DEBUG] [application] - 2014-12-20 22:52:15 --> XSS Filtering completed
[DEBUG] [application] - 2014-12-20 22:52:15 --> XSS Filtering completed
[DEBUG] [application] - 2014-12-20 22:52:15 --> XSS Filtering completed
[DEBUG] [application] - 2014-12-20 22:52:15 --> Global POST and COOKIE data sanitized
[DEBUG] [application] - 2014-12-20 22:52:45 --> Application Class Initialized
[DEBUG] [system.Module] - 2014-12-20 22:52:45 --> Loading "Log" application component
[DEBUG] [system.Module] - 2014-12-20 22:52:45 --> Loading "Utf8" application component
[DEBUG] [application] - 2014-12-20 22:52:45 --> Utf8 Class Initialized
[DEBUG] [application] - 2014-12-20 22:52:45 --> UTF-8 Support Enabled
[DEBUG] [system.Module] - 2014-12-20 22:52:45 --> Loading "Hooks" application component
[DEBUG] [application] - 2014-12-20 22:52:45 --> Hooks Class Initialized
[DEBUG] [system.Module] - 2014-12-20 22:52:45 --> Loading "Router" application component
[DEBUG] [system.Module] - 2014-12-20 22:52:45 --> Loading "Uri" application component
[DEBUG] [application] - 2014-12-20 22:52:45 --> URI Class Initialized
[DEBUG] [application] - 2014-12-20 22:52:45 --> Router Class Initialized
[DEBUG] [application] - 2014-12-20 22:52:45 --> Config file loaded: /Users/geet/www/fly/framework/application/config/routes.php
[DEBUG] [application] - 2014-12-20 22:52:45 --> No URI present. Default controller set.
[DEBUG] [system.Module] - 2014-12-20 22:52:45 --> Loading "HttpRequest" application component
[DEBUG] [application] - 2014-12-20 22:52:45 --> HttpRequest Class Initialized
[DEBUG] [system.Module] - 2014-12-20 22:52:45 --> Loading "Security" application component
[DEBUG] [application] - 2014-12-20 22:52:45 --> Security Class Initialized
[DEBUG] [application] - 2014-12-20 22:52:45 --> XSS Filtering completed
[DEBUG] [application] - 2014-12-20 22:52:45 --> XSS Filtering completed
[DEBUG] [application] - 2014-12-20 22:52:45 --> XSS Filtering completed
[DEBUG] [application] - 2014-12-20 22:52:45 --> XSS Filtering completed
[DEBUG] [application] - 2014-12-20 22:52:45 --> XSS Filtering completed
[DEBUG] [application] - 2014-12-20 22:52:45 --> XSS Filtering completed
[DEBUG] [application] - 2014-12-20 22:52:45 --> XSS Filtering completed
[DEBUG] [application] - 2014-12-20 22:52:45 --> XSS Filtering completed
[DEBUG] [application] - 2014-12-20 22:52:45 --> XSS Filtering completed
[DEBUG] [application] - 2014-12-20 22:52:45 --> XSS Filtering completed
[DEBUG] [application] - 2014-12-20 22:52:45 --> XSS Filtering completed
[DEBUG] [application] - 2014-12-20 22:52:45 --> XSS Filtering completed
[DEBUG] [application] - 2014-12-20 22:52:45 --> XSS Filtering completed
[DEBUG] [application] - 2014-12-20 22:52:45 --> XSS Filtering completed
[DEBUG] [application] - 2014-12-20 22:52:45 --> XSS Filtering completed
[DEBUG] [application] - 2014-12-20 22:52:45 --> XSS Filtering completed
[DEBUG] [application] - 2014-12-20 22:52:45 --> XSS Filtering completed
[DEBUG] [application] - 2014-12-20 22:52:45 --> Global POST and COOKIE data sanitized
[DEBUG] [application] - 2014-12-20 22:52:48 --> Application Class Initialized
[DEBUG] [system.Module] - 2014-12-20 22:52:48 --> Loading "Log" application component
[DEBUG] [system.Module] - 2014-12-20 22:52:48 --> Loading "Utf8" application component
[DEBUG] [application] - 2014-12-20 22:52:48 --> Utf8 Class Initialized
[DEBUG] [application] - 2014-12-20 22:52:48 --> UTF-8 Support Enabled
[DEBUG] [system.Module] - 2014-12-20 22:52:48 --> Loading "Hooks" application component
[DEBUG] [application] - 2014-12-20 22:52:48 --> Hooks Class Initialized
[DEBUG] [system.Module] - 2014-12-20 22:52:48 --> Loading "Router" application component
[DEBUG] [system.Module] - 2014-12-20 22:52:48 --> Loading "Uri" application component
[DEBUG] [application] - 2014-12-20 22:52:48 --> URI Class Initialized
[DEBUG] [application] - 2014-12-20 22:52:48 --> Router Class Initialized
[DEBUG] [application] - 2014-12-20 22:52:48 --> Config file loaded: /Users/geet/www/fly/framework/application/config/routes.php
[DEBUG] [application] - 2014-12-20 22:52:48 --> No URI present. Default controller set.
[DEBUG] [system.Module] - 2014-12-20 22:52:48 --> Loading "HttpRequest" application component
[DEBUG] [application] - 2014-12-20 22:52:48 --> HttpRequest Class Initialized
[DEBUG] [system.Module] - 2014-12-20 22:52:48 --> Loading "Security" application component
[DEBUG] [application] - 2014-12-20 22:52:48 --> Security Class Initialized
[DEBUG] [application] - 2014-12-20 22:52:48 --> XSS Filtering completed
[DEBUG] [application] - 2014-12-20 22:52:48 --> XSS Filtering completed
[DEBUG] [application] - 2014-12-20 22:52:48 --> XSS Filtering completed
[DEBUG] [application] - 2014-12-20 22:52:48 --> XSS Filtering completed
[DEBUG] [application] - 2014-12-20 22:52:48 --> XSS Filtering completed
[DEBUG] [application] - 2014-12-20 22:52:48 --> XSS Filtering completed
[DEBUG] [application] - 2014-12-20 22:52:48 --> XSS Filtering completed
[DEBUG] [application] - 2014-12-20 22:52:48 --> XSS Filtering completed
[DEBUG] [application] - 2014-12-20 22:52:48 --> XSS Filtering completed
[DEBUG] [application] - 2014-12-20 22:52:48 --> XSS Filtering completed
[DEBUG] [application] - 2014-12-20 22:52:48 --> XSS Filtering completed
[DEBUG] [application] - 2014-12-20 22:52:48 --> XSS Filtering completed
[DEBUG] [application] - 2014-12-20 22:52:48 --> XSS Filtering completed
[DEBUG] [application] - 2014-12-20 22:52:48 --> XSS Filtering completed
[DEBUG] [application] - 2014-12-20 22:52:48 --> XSS Filtering completed
[DEBUG] [application] - 2014-12-20 22:52:48 --> XSS Filtering completed
[DEBUG] [application] - 2014-12-20 22:52:48 --> XSS Filtering completed
[DEBUG] [application] - 2014-12-20 22:52:48 --> Global POST and COOKIE data sanitized
[DEBUG] [application] - 2014-12-20 22:54:04 --> Application Class Initialized
[DEBUG] [system.Module] - 2014-12-20 22:54:04 --> Loading "Log" application component
[DEBUG] [system.Module] - 2014-12-20 22:54:04 --> Loading "Utf8" application component
[DEBUG] [application] - 2014-12-20 22:54:04 --> Utf8 Class Initialized
[DEBUG] [application] - 2014-12-20 22:54:04 --> UTF-8 Support Enabled
[DEBUG] [system.Module] - 2014-12-20 22:54:04 --> Loading "Hooks" application component
[DEBUG] [application] - 2014-12-20 22:54:04 --> Hooks Class Initialized
[DEBUG] [system.Module] - 2014-12-20 22:54:04 --> Loading "Router" application component
[DEBUG] [system.Module] - 2014-12-20 22:54:04 --> Loading "Uri" application component
[DEBUG] [application] - 2014-12-20 22:54:04 --> URI Class Initialized
[DEBUG] [application] - 2014-12-20 22:54:04 --> Router Class Initialized
[DEBUG] [application] - 2014-12-20 22:54:04 --> Config file loaded: /Users/geet/www/fly/framework/application/config/routes.php
[DEBUG] [application] - 2014-12-20 22:54:04 --> No URI present. Default controller set.
[DEBUG] [system.Module] - 2014-12-20 22:54:04 --> Loading "HttpRequest" application component
[DEBUG] [application] - 2014-12-20 22:54:04 --> HttpRequest Class Initialized
[DEBUG] [system.Module] - 2014-12-20 22:54:04 --> Loading "Security" application component
[DEBUG] [application] - 2014-12-20 22:54:04 --> Security Class Initialized
[DEBUG] [application] - 2014-12-20 22:54:04 --> XSS Filtering completed
[DEBUG] [application] - 2014-12-20 22:54:04 --> XSS Filtering completed
[DEBUG] [application] - 2014-12-20 22:54:04 --> XSS Filtering completed
[DEBUG] [application] - 2014-12-20 22:54:04 --> XSS Filtering completed
[DEBUG] [application] - 2014-12-20 22:54:04 --> XSS Filtering completed
[DEBUG] [application] - 2014-12-20 22:54:04 --> XSS Filtering completed
[DEBUG] [application] - 2014-12-20 22:54:04 --> XSS Filtering completed
[DEBUG] [application] - 2014-12-20 22:54:04 --> XSS Filtering completed
[DEBUG] [application] - 2014-12-20 22:54:04 --> XSS Filtering completed
[DEBUG] [application] - 2014-12-20 22:54:04 --> XSS Filtering completed
[DEBUG] [application] - 2014-12-20 22:54:04 --> XSS Filtering completed
[DEBUG] [application] - 2014-12-20 22:54:04 --> XSS Filtering completed
[DEBUG] [application] - 2014-12-20 22:54:04 --> XSS Filtering completed
[DEBUG] [application] - 2014-12-20 22:54:04 --> XSS Filtering completed
[DEBUG] [application] - 2014-12-20 22:54:04 --> XSS Filtering completed
[DEBUG] [application] - 2014-12-20 22:54:04 --> XSS Filtering completed
[DEBUG] [application] - 2014-12-20 22:54:04 --> XSS Filtering completed
[DEBUG] [application] - 2014-12-20 22:54:04 --> Global POST and COOKIE data sanitized
[DEBUG] [application] - 2014-12-20 22:54:09 --> Application Class Initialized
[DEBUG] [system.Module] - 2014-12-20 22:54:09 --> Loading "Log" application component
[DEBUG] [system.Module] - 2014-12-20 22:54:09 --> Loading "Utf8" application component
[DEBUG] [application] - 2014-12-20 22:54:09 --> Utf8 Class Initialized
[DEBUG] [application] - 2014-12-20 22:54:09 --> UTF-8 Support Enabled
[DEBUG] [system.Module] - 2014-12-20 22:54:09 --> Loading "Hooks" application component
[DEBUG] [application] - 2014-12-20 22:54:09 --> Hooks Class Initialized
[DEBUG] [system.Module] - 2014-12-20 22:54:09 --> Loading "Router" application component
[DEBUG] [system.Module] - 2014-12-20 22:54:09 --> Loading "Uri" application component
[DEBUG] [application] - 2014-12-20 22:54:09 --> URI Class Initialized
[DEBUG] [application] - 2014-12-20 22:54:09 --> Router Class Initialized
[DEBUG] [application] - 2014-12-20 22:54:09 --> Config file loaded: /Users/geet/www/fly/framework/application/config/routes.php
[DEBUG] [application] - 2014-12-20 22:54:09 --> No URI present. Default controller set.
[DEBUG] [system.Module] - 2014-12-20 22:54:09 --> Loading "HttpRequest" application component
[DEBUG] [application] - 2014-12-20 22:54:09 --> HttpRequest Class Initialized
[DEBUG] [system.Module] - 2014-12-20 22:54:09 --> Loading "Security" application component
[DEBUG] [application] - 2014-12-20 22:54:09 --> Security Class Initialized
[DEBUG] [application] - 2014-12-20 22:54:09 --> XSS Filtering completed
[DEBUG] [application] - 2014-12-20 22:54:09 --> XSS Filtering completed
[DEBUG] [application] - 2014-12-20 22:54:09 --> XSS Filtering completed
[DEBUG] [application] - 2014-12-20 22:54:09 --> XSS Filtering completed
[DEBUG] [application] - 2014-12-20 22:54:09 --> XSS Filtering completed
[DEBUG] [application] - 2014-12-20 22:54:09 --> XSS Filtering completed
[DEBUG] [application] - 2014-12-20 22:54:09 --> XSS Filtering completed
[DEBUG] [application] - 2014-12-20 22:54:09 --> XSS Filtering completed
[DEBUG] [application] - 2014-12-20 22:54:09 --> XSS Filtering completed
[DEBUG] [application] - 2014-12-20 22:54:09 --> XSS Filtering completed
[DEBUG] [application] - 2014-12-20 22:54:09 --> XSS Filtering completed
[DEBUG] [application] - 2014-12-20 22:54:09 --> XSS Filtering completed
[DEBUG] [application] - 2014-12-20 22:54:09 --> XSS Filtering completed
[DEBUG] [application] - 2014-12-20 22:54:09 --> XSS Filtering completed
[DEBUG] [application] - 2014-12-20 22:54:09 --> XSS Filtering completed
[DEBUG] [application] - 2014-12-20 22:54:09 --> XSS Filtering completed
[DEBUG] [application] - 2014-12-20 22:54:09 --> XSS Filtering completed
[DEBUG] [application] - 2014-12-20 22:54:09 --> Global POST and COOKIE data sanitized
[DEBUG] [application] - 2014-12-20 22:54:11 --> Application Class Initialized
[DEBUG] [system.Module] - 2014-12-20 22:54:11 --> Loading "Log" application component
[DEBUG] [system.Module] - 2014-12-20 22:54:11 --> Loading "Utf8" application component
[DEBUG] [application] - 2014-12-20 22:54:11 --> Utf8 Class Initialized
[DEBUG] [application] - 2014-12-20 22:54:11 --> UTF-8 Support Enabled
[DEBUG] [system.Module] - 2014-12-20 22:54:11 --> Loading "Hooks" application component
[DEBUG] [application] - 2014-12-20 22:54:11 --> Hooks Class Initialized
[DEBUG] [system.Module] - 2014-12-20 22:54:11 --> Loading "Router" application component
[DEBUG] [system.Module] - 2014-12-20 22:54:11 --> Loading "Uri" application component
[DEBUG] [application] - 2014-12-20 22:54:11 --> URI Class Initialized
[DEBUG] [application] - 2014-12-20 22:54:11 --> Router Class Initialized
[DEBUG] [application] - 2014-12-20 22:54:11 --> Config file loaded: /Users/geet/www/fly/framework/application/config/routes.php
[DEBUG] [application] - 2014-12-20 22:54:11 --> No URI present. Default controller set.
[DEBUG] [system.Module] - 2014-12-20 22:54:11 --> Loading "HttpRequest" application component
[DEBUG] [application] - 2014-12-20 22:54:11 --> HttpRequest Class Initialized
[DEBUG] [system.Module] - 2014-12-20 22:54:11 --> Loading "Security" application component
[DEBUG] [application] - 2014-12-20 22:54:11 --> Security Class Initialized
[DEBUG] [application] - 2014-12-20 22:54:11 --> XSS Filtering completed
[DEBUG] [application] - 2014-12-20 22:54:11 --> XSS Filtering completed
[DEBUG] [application] - 2014-12-20 22:54:11 --> XSS Filtering completed
[DEBUG] [application] - 2014-12-20 22:54:11 --> XSS Filtering completed
[DEBUG] [application] - 2014-12-20 22:54:11 --> XSS Filtering completed
[DEBUG] [application] - 2014-12-20 22:54:11 --> XSS Filtering completed
[DEBUG] [application] - 2014-12-20 22:54:11 --> XSS Filtering completed
[DEBUG] [application] - 2014-12-20 22:54:11 --> XSS Filtering completed
[DEBUG] [application] - 2014-12-20 22:54:11 --> XSS Filtering completed
[DEBUG] [application] - 2014-12-20 22:54:11 --> XSS Filtering completed
[DEBUG] [application] - 2014-12-20 22:54:11 --> XSS Filtering completed
[DEBUG] [application] - 2014-12-20 22:54:11 --> XSS Filtering completed
[DEBUG] [application] - 2014-12-20 22:54:11 --> XSS Filtering completed
[DEBUG] [application] - 2014-12-20 22:54:11 --> XSS Filtering completed
[DEBUG] [application] - 2014-12-20 22:54:11 --> XSS Filtering completed
[DEBUG] [application] - 2014-12-20 22:54:11 --> XSS Filtering completed
[DEBUG] [application] - 2014-12-20 22:54:11 --> XSS Filtering completed
[DEBUG] [application] - 2014-12-20 22:54:11 --> Global POST and COOKIE data sanitized
[DEBUG] [application] - 2014-12-20 22:54:58 --> Application Class Initialized
[DEBUG] [system.Module] - 2014-12-20 22:54:58 --> Loading "Log" application component
[DEBUG] [system.Module] - 2014-12-20 22:54:58 --> Loading "Utf8" application component
[DEBUG] [application] - 2014-12-20 22:54:58 --> Utf8 Class Initialized
[DEBUG] [application] - 2014-12-20 22:54:58 --> UTF-8 Support Enabled
[DEBUG] [system.Module] - 2014-12-20 22:54:58 --> Loading "Hooks" application component
[DEBUG] [application] - 2014-12-20 22:54:58 --> Hooks Class Initialized
[DEBUG] [system.Module] - 2014-12-20 22:54:58 --> Loading "Router" application component
[DEBUG] [system.Module] - 2014-12-20 22:54:58 --> Loading "Uri" application component
[DEBUG] [application] - 2014-12-20 22:54:58 --> URI Class Initialized
[DEBUG] [application] - 2014-12-20 22:54:58 --> Router Class Initialized
[DEBUG] [application] - 2014-12-20 22:54:58 --> Config file loaded: /Users/geet/www/fly/framework/application/config/routes.php
[DEBUG] [application] - 2014-12-20 22:54:58 --> No URI present. Default controller set.
[DEBUG] [system.Module] - 2014-12-20 22:54:58 --> Loading "HttpRequest" application component
[DEBUG] [application] - 2014-12-20 22:54:58 --> HttpRequest Class Initialized
[DEBUG] [system.Module] - 2014-12-20 22:54:58 --> Loading "Security" application component
[DEBUG] [application] - 2014-12-20 22:54:58 --> Security Class Initialized
[DEBUG] [application] - 2014-12-20 22:54:58 --> XSS Filtering completed
[DEBUG] [application] - 2014-12-20 22:54:58 --> XSS Filtering completed
[DEBUG] [application] - 2014-12-20 22:54:58 --> XSS Filtering completed
[DEBUG] [application] - 2014-12-20 22:54:58 --> XSS Filtering completed
[DEBUG] [application] - 2014-12-20 22:54:58 --> XSS Filtering completed
[DEBUG] [application] - 2014-12-20 22:54:58 --> XSS Filtering completed
[DEBUG] [application] - 2014-12-20 22:54:58 --> XSS Filtering completed
[DEBUG] [application] - 2014-12-20 22:54:58 --> XSS Filtering completed
[DEBUG] [application] - 2014-12-20 22:54:58 --> XSS Filtering completed
[DEBUG] [application] - 2014-12-20 22:54:58 --> XSS Filtering completed
[DEBUG] [application] - 2014-12-20 22:54:58 --> XSS Filtering completed
[DEBUG] [application] - 2014-12-20 22:54:58 --> XSS Filtering completed
[DEBUG] [application] - 2014-12-20 22:54:58 --> XSS Filtering completed
[DEBUG] [application] - 2014-12-20 22:54:58 --> XSS Filtering completed
[DEBUG] [application] - 2014-12-20 22:54:58 --> XSS Filtering completed
[DEBUG] [application] - 2014-12-20 22:54:58 --> XSS Filtering completed
[DEBUG] [application] - 2014-12-20 22:54:58 --> XSS Filtering completed
[DEBUG] [application] - 2014-12-20 22:54:58 --> Global POST and COOKIE data sanitized
[DEBUG] [application] - 2014-12-20 23:06:11 --> Application Class Initialized
[DEBUG] [system.Module] - 2014-12-20 23:06:11 --> Loading "Log" application component
[DEBUG] [system.Module] - 2014-12-20 23:06:11 --> Loading "Utf8" application component
[DEBUG] [application] - 2014-12-20 23:06:11 --> Utf8 Class Initialized
[DEBUG] [application] - 2014-12-20 23:06:11 --> UTF-8 Support Enabled
[DEBUG] [system.Module] - 2014-12-20 23:06:11 --> Loading "Hooks" application component
[DEBUG] [application] - 2014-12-20 23:06:11 --> Hooks Class Initialized
[DEBUG] [system.Module] - 2014-12-20 23:06:11 --> Loading "Router" application component
[DEBUG] [system.Module] - 2014-12-20 23:06:11 --> Loading "Uri" application component
[DEBUG] [application] - 2014-12-20 23:06:11 --> URI Class Initialized
[DEBUG] [application] - 2014-12-20 23:06:11 --> Router Class Initialized
[DEBUG] [application] - 2014-12-20 23:06:11 --> Config file loaded: /Users/geet/www/fly/framework/application/config/routes.php
[DEBUG] [application] - 2014-12-20 23:06:11 --> No URI present. Default controller set.
[DEBUG] [system.Module] - 2014-12-20 23:06:11 --> Loading "HttpRequest" application component
[DEBUG] [application] - 2014-12-20 23:06:11 --> HttpRequest Class Initialized
[DEBUG] [system.Module] - 2014-12-20 23:06:11 --> Loading "Security" application component
[DEBUG] [application] - 2014-12-20 23:06:11 --> Security Class Initialized
[DEBUG] [application] - 2014-12-20 23:06:11 --> XSS Filtering completed
[DEBUG] [application] - 2014-12-20 23:06:11 --> XSS Filtering completed
[DEBUG] [application] - 2014-12-20 23:06:11 --> XSS Filtering completed
[DEBUG] [application] - 2014-12-20 23:06:11 --> XSS Filtering completed
[DEBUG] [application] - 2014-12-20 23:06:11 --> XSS Filtering completed
[DEBUG] [application] - 2014-12-20 23:06:11 --> XSS Filtering completed
[DEBUG] [application] - 2014-12-20 23:06:11 --> XSS Filtering completed
[DEBUG] [application] - 2014-12-20 23:06:11 --> XSS Filtering completed
[DEBUG] [application] - 2014-12-20 23:06:11 --> XSS Filtering completed
[DEBUG] [application] - 2014-12-20 23:06:11 --> XSS Filtering completed
[DEBUG] [application] - 2014-12-20 23:06:11 --> XSS Filtering completed
[DEBUG] [application] - 2014-12-20 23:06:11 --> XSS Filtering completed
[DEBUG] [application] - 2014-12-20 23:06:11 --> XSS Filtering completed
[DEBUG] [application] - 2014-12-20 23:06:11 --> XSS Filtering completed
[DEBUG] [application] - 2014-12-20 23:06:11 --> XSS Filtering completed
[DEBUG] [application] - 2014-12-20 23:06:11 --> XSS Filtering completed
[DEBUG] [application] - 2014-12-20 23:06:11 --> XSS Filtering completed
[DEBUG] [application] - 2014-12-20 23:06:11 --> Global POST and COOKIE data sanitized
[DEBUG] [application] - 2014-12-20 23:06:16 --> Application Class Initialized
[DEBUG] [system.Module] - 2014-12-20 23:06:16 --> Loading "Log" application component
[DEBUG] [system.Module] - 2014-12-20 23:06:16 --> Loading "Utf8" application component
[DEBUG] [application] - 2014-12-20 23:06:16 --> Utf8 Class Initialized
[DEBUG] [application] - 2014-12-20 23:06:16 --> UTF-8 Support Enabled
[DEBUG] [system.Module] - 2014-12-20 23:06:16 --> Loading "Hooks" application component
[DEBUG] [application] - 2014-12-20 23:06:16 --> Hooks Class Initialized
[DEBUG] [system.Module] - 2014-12-20 23:06:16 --> Loading "Router" application component
[DEBUG] [system.Module] - 2014-12-20 23:06:16 --> Loading "Uri" application component
[DEBUG] [application] - 2014-12-20 23:06:16 --> URI Class Initialized
[DEBUG] [application] - 2014-12-20 23:06:16 --> Router Class Initialized
[DEBUG] [application] - 2014-12-20 23:06:16 --> Config file loaded: /Users/geet/www/fly/framework/application/config/routes.php
[DEBUG] [application] - 2014-12-20 23:07:39 --> Application Class Initialized
[DEBUG] [system.Module] - 2014-12-20 23:07:39 --> Loading "Log" application component
[DEBUG] [system.Module] - 2014-12-20 23:07:39 --> Loading "Utf8" application component
[DEBUG] [application] - 2014-12-20 23:07:39 --> Utf8 Class Initialized
[DEBUG] [application] - 2014-12-20 23:07:39 --> UTF-8 Support Enabled
[DEBUG] [system.Module] - 2014-12-20 23:07:39 --> Loading "Hooks" application component
[DEBUG] [application] - 2014-12-20 23:07:39 --> Hooks Class Initialized
[DEBUG] [system.Module] - 2014-12-20 23:07:39 --> Loading "Router" application component
[DEBUG] [system.Module] - 2014-12-20 23:07:39 --> Loading "Uri" application component
[DEBUG] [application] - 2014-12-20 23:07:39 --> URI Class Initialized
[DEBUG] [application] - 2014-12-20 23:07:39 --> Router Class Initialized
[DEBUG] [application] - 2014-12-20 23:07:39 --> Config file loaded: /Users/geet/www/fly/framework/application/config/routes.php
[DEBUG] [application] - 2014-12-20 23:07:39 --> No URI present. Default controller set.
[DEBUG] [system.Module] - 2014-12-20 23:07:39 --> Loading "HttpRequest" application component
[DEBUG] [application] - 2014-12-20 23:07:39 --> HttpRequest Class Initialized
[DEBUG] [system.Module] - 2014-12-20 23:07:39 --> Loading "Security" application component
[DEBUG] [application] - 2014-12-20 23:07:39 --> Security Class Initialized
[DEBUG] [application] - 2014-12-20 23:07:39 --> XSS Filtering completed
[DEBUG] [application] - 2014-12-20 23:07:39 --> XSS Filtering completed
[DEBUG] [application] - 2014-12-20 23:07:39 --> XSS Filtering completed
[DEBUG] [application] - 2014-12-20 23:07:39 --> XSS Filtering completed
[DEBUG] [application] - 2014-12-20 23:07:39 --> XSS Filtering completed
[DEBUG] [application] - 2014-12-20 23:07:39 --> XSS Filtering completed
[DEBUG] [application] - 2014-12-20 23:07:39 --> XSS Filtering completed
[DEBUG] [application] - 2014-12-20 23:07:39 --> XSS Filtering completed
[DEBUG] [application] - 2014-12-20 23:07:39 --> XSS Filtering completed
[DEBUG] [application] - 2014-12-20 23:07:39 --> XSS Filtering completed
[DEBUG] [application] - 2014-12-20 23:07:39 --> XSS Filtering completed
[DEBUG] [application] - 2014-12-20 23:07:39 --> XSS Filtering completed
[DEBUG] [application] - 2014-12-20 23:07:39 --> XSS Filtering completed
[DEBUG] [application] - 2014-12-20 23:07:39 --> XSS Filtering completed
[DEBUG] [application] - 2014-12-20 23:07:39 --> XSS Filtering completed
[DEBUG] [application] - 2014-12-20 23:07:39 --> XSS Filtering completed
[DEBUG] [application] - 2014-12-20 23:07:39 --> XSS Filtering completed
[DEBUG] [application] - 2014-12-20 23:07:39 --> Global POST and COOKIE data sanitized
[DEBUG] [application] - 2014-12-20 23:07:41 --> Application Class Initialized
[DEBUG] [system.Module] - 2014-12-20 23:07:41 --> Loading "Log" application component
[DEBUG] [system.Module] - 2014-12-20 23:07:41 --> Loading "Utf8" application component
[DEBUG] [application] - 2014-12-20 23:07:41 --> Utf8 Class Initialized
[DEBUG] [application] - 2014-12-20 23:07:41 --> UTF-8 Support Enabled
[DEBUG] [system.Module] - 2014-12-20 23:07:41 --> Loading "Hooks" application component
[DEBUG] [application] - 2014-12-20 23:07:41 --> Hooks Class Initialized
[DEBUG] [system.Module] - 2014-12-20 23:07:41 --> Loading "Router" application component
[DEBUG] [system.Module] - 2014-12-20 23:07:41 --> Loading "Uri" application component
[DEBUG] [application] - 2014-12-20 23:07:41 --> URI Class Initialized
[DEBUG] [application] - 2014-12-20 23:07:41 --> Router Class Initialized
[DEBUG] [application] - 2014-12-20 23:07:41 --> Config file loaded: /Users/geet/www/fly/framework/application/config/routes.php
[DEBUG] [application] - 2014-12-20 23:08:35 --> Application Class Initialized
[DEBUG] [system.Module] - 2014-12-20 23:08:35 --> Loading "Log" application component
[DEBUG] [system.Module] - 2014-12-20 23:08:35 --> Loading "Utf8" application component
[DEBUG] [application] - 2014-12-20 23:08:35 --> Utf8 Class Initialized
[DEBUG] [application] - 2014-12-20 23:08:35 --> UTF-8 Support Enabled
[DEBUG] [system.Module] - 2014-12-20 23:08:35 --> Loading "Hooks" application component
[DEBUG] [application] - 2014-12-20 23:08:35 --> Hooks Class Initialized
[DEBUG] [system.Module] - 2014-12-20 23:08:35 --> Loading "Router" application component
[DEBUG] [system.Module] - 2014-12-20 23:08:35 --> Loading "Uri" application component
[DEBUG] [application] - 2014-12-20 23:08:35 --> URI Class Initialized
[DEBUG] [application] - 2014-12-20 23:08:35 --> Router Class Initialized
[DEBUG] [application] - 2014-12-20 23:08:35 --> Config file loaded: /Users/geet/www/fly/framework/application/config/routes.php
[DEBUG] [application] - 2014-12-20 23:08:35 --> No URI present. Default controller set.
[DEBUG] [system.Module] - 2014-12-20 23:08:35 --> Loading "HttpRequest" application component
[DEBUG] [application] - 2014-12-20 23:08:35 --> HttpRequest Class Initialized
[DEBUG] [system.Module] - 2014-12-20 23:08:35 --> Loading "Security" application component
[DEBUG] [application] - 2014-12-20 23:08:35 --> Security Class Initialized
[DEBUG] [application] - 2014-12-20 23:08:35 --> XSS Filtering completed
[DEBUG] [application] - 2014-12-20 23:08:35 --> XSS Filtering completed
[DEBUG] [application] - 2014-12-20 23:08:35 --> XSS Filtering completed
[DEBUG] [application] - 2014-12-20 23:08:35 --> XSS Filtering completed
[DEBUG] [application] - 2014-12-20 23:08:35 --> XSS Filtering completed
[DEBUG] [application] - 2014-12-20 23:08:35 --> XSS Filtering completed
[DEBUG] [application] - 2014-12-20 23:08:35 --> XSS Filtering completed
[DEBUG] [application] - 2014-12-20 23:08:35 --> XSS Filtering completed
[DEBUG] [application] - 2014-12-20 23:08:35 --> XSS Filtering completed
[DEBUG] [application] - 2014-12-20 23:08:35 --> XSS Filtering completed
[DEBUG] [application] - 2014-12-20 23:08:35 --> XSS Filtering completed
[DEBUG] [application] - 2014-12-20 23:08:35 --> XSS Filtering completed
[DEBUG] [application] - 2014-12-20 23:08:35 --> XSS Filtering completed
[DEBUG] [application] - 2014-12-20 23:08:35 --> XSS Filtering completed
[DEBUG] [application] - 2014-12-20 23:08:35 --> XSS Filtering completed
[DEBUG] [application] - 2014-12-20 23:08:35 --> XSS Filtering completed
[DEBUG] [application] - 2014-12-20 23:08:35 --> XSS Filtering completed
[DEBUG] [application] - 2014-12-20 23:08:35 --> Global POST and COOKIE data sanitized
[DEBUG] [application] - 2014-12-20 23:08:37 --> Application Class Initialized
[DEBUG] [system.Module] - 2014-12-20 23:08:37 --> Loading "Log" application component
[DEBUG] [system.Module] - 2014-12-20 23:08:37 --> Loading "Utf8" application component
[DEBUG] [application] - 2014-12-20 23:08:37 --> Utf8 Class Initialized
[DEBUG] [application] - 2014-12-20 23:08:37 --> UTF-8 Support Enabled
[DEBUG] [system.Module] - 2014-12-20 23:08:37 --> Loading "Hooks" application component
[DEBUG] [application] - 2014-12-20 23:08:37 --> Hooks Class Initialized
[DEBUG] [system.Module] - 2014-12-20 23:08:37 --> Loading "Router" application component
[DEBUG] [system.Module] - 2014-12-20 23:08:37 --> Loading "Uri" application component
[DEBUG] [application] - 2014-12-20 23:08:37 --> URI Class Initialized
[DEBUG] [application] - 2014-12-20 23:08:37 --> Router Class Initialized
[DEBUG] [application] - 2014-12-20 23:08:37 --> Config file loaded: /Users/geet/www/fly/framework/application/config/routes.php
[DEBUG] [application] - 2014-12-20 23:08:37 --> No URI present. Default controller set.
[DEBUG] [system.Module] - 2014-12-20 23:08:37 --> Loading "HttpRequest" application component
[DEBUG] [application] - 2014-12-20 23:08:37 --> HttpRequest Class Initialized
[DEBUG] [system.Module] - 2014-12-20 23:08:37 --> Loading "Security" application component
[DEBUG] [application] - 2014-12-20 23:08:37 --> Security Class Initialized
[DEBUG] [application] - 2014-12-20 23:08:37 --> XSS Filtering completed
[DEBUG] [application] - 2014-12-20 23:08:37 --> XSS Filtering completed
[DEBUG] [application] - 2014-12-20 23:08:37 --> XSS Filtering completed
[DEBUG] [application] - 2014-12-20 23:08:37 --> XSS Filtering completed
[DEBUG] [application] - 2014-12-20 23:08:37 --> XSS Filtering completed
[DEBUG] [application] - 2014-12-20 23:08:37 --> XSS Filtering completed
[DEBUG] [application] - 2014-12-20 23:08:37 --> XSS Filtering completed
[DEBUG] [application] - 2014-12-20 23:08:37 --> XSS Filtering completed
[DEBUG] [application] - 2014-12-20 23:08:37 --> XSS Filtering completed
[DEBUG] [application] - 2014-12-20 23:08:37 --> XSS Filtering completed
[DEBUG] [application] - 2014-12-20 23:08:37 --> XSS Filtering completed
[DEBUG] [application] - 2014-12-20 23:08:37 --> XSS Filtering completed
[DEBUG] [application] - 2014-12-20 23:08:37 --> XSS Filtering completed
[DEBUG] [application] - 2014-12-20 23:08:37 --> XSS Filtering completed
[DEBUG] [application] - 2014-12-20 23:08:37 --> XSS Filtering completed
[DEBUG] [application] - 2014-12-20 23:08:37 --> XSS Filtering completed
[DEBUG] [application] - 2014-12-20 23:08:37 --> XSS Filtering completed
[DEBUG] [application] - 2014-12-20 23:08:37 --> Global POST and COOKIE data sanitized
[DEBUG] [application] - 2014-12-20 23:09:07 --> Application Class Initialized
[DEBUG] [system.Module] - 2014-12-20 23:09:07 --> Loading "Log" application component
[DEBUG] [system.Module] - 2014-12-20 23:09:07 --> Loading "Utf8" application component
[DEBUG] [application] - 2014-12-20 23:09:07 --> Utf8 Class Initialized
[DEBUG] [application] - 2014-12-20 23:09:07 --> UTF-8 Support Enabled
[DEBUG] [system.Module] - 2014-12-20 23:09:07 --> Loading "Hooks" application component
[DEBUG] [application] - 2014-12-20 23:09:07 --> Hooks Class Initialized
[DEBUG] [system.Module] - 2014-12-20 23:09:07 --> Loading "Router" application component
[DEBUG] [system.Module] - 2014-12-20 23:09:07 --> Loading "Uri" application component
[DEBUG] [application] - 2014-12-20 23:09:07 --> URI Class Initialized
[DEBUG] [application] - 2014-12-20 23:09:07 --> Router Class Initialized
[DEBUG] [application] - 2014-12-20 23:09:07 --> Config file loaded: /Users/geet/www/fly/framework/application/config/routes.php
[DEBUG] [application] - 2014-12-20 23:09:07 --> No URI present. Default controller set.
[DEBUG] [system.Module] - 2014-12-20 23:09:07 --> Loading "HttpRequest" application component
[DEBUG] [application] - 2014-12-20 23:09:07 --> HttpRequest Class Initialized
[DEBUG] [system.Module] - 2014-12-20 23:09:07 --> Loading "Security" application component
[DEBUG] [application] - 2014-12-20 23:09:07 --> Security Class Initialized
[DEBUG] [application] - 2014-12-20 23:09:07 --> XSS Filtering completed
[DEBUG] [application] - 2014-12-20 23:09:07 --> XSS Filtering completed
[DEBUG] [application] - 2014-12-20 23:09:07 --> XSS Filtering completed
[DEBUG] [application] - 2014-12-20 23:09:07 --> XSS Filtering completed
[DEBUG] [application] - 2014-12-20 23:09:07 --> XSS Filtering completed
[DEBUG] [application] - 2014-12-20 23:09:07 --> XSS Filtering completed
[DEBUG] [application] - 2014-12-20 23:09:07 --> XSS Filtering completed
[DEBUG] [application] - 2014-12-20 23:09:07 --> XSS Filtering completed
[DEBUG] [application] - 2014-12-20 23:09:07 --> XSS Filtering completed
[DEBUG] [application] - 2014-12-20 23:09:07 --> XSS Filtering completed
[DEBUG] [application] - 2014-12-20 23:09:07 --> XSS Filtering completed
[DEBUG] [application] - 2014-12-20 23:09:07 --> XSS Filtering completed
[DEBUG] [application] - 2014-12-20 23:09:07 --> XSS Filtering completed
[DEBUG] [application] - 2014-12-20 23:09:07 --> XSS Filtering completed
[DEBUG] [application] - 2014-12-20 23:09:07 --> XSS Filtering completed
[DEBUG] [application] - 2014-12-20 23:09:07 --> XSS Filtering completed
[DEBUG] [application] - 2014-12-20 23:09:07 --> XSS Filtering completed
[DEBUG] [application] - 2014-12-20 23:09:07 --> Global POST and COOKIE data sanitized
[DEBUG] [application] - 2014-12-20 23:09:45 --> Application Class Initialized
[DEBUG] [system.Module] - 2014-12-20 23:09:45 --> Loading "Log" application component
[DEBUG] [system.Module] - 2014-12-20 23:09:45 --> Loading "Utf8" application component
[DEBUG] [application] - 2014-12-20 23:09:45 --> Utf8 Class Initialized
[DEBUG] [application] - 2014-12-20 23:09:45 --> UTF-8 Support Enabled
[DEBUG] [system.Module] - 2014-12-20 23:09:45 --> Loading "Hooks" application component
[DEBUG] [application] - 2014-12-20 23:09:45 --> Hooks Class Initialized
[DEBUG] [system.Module] - 2014-12-20 23:09:45 --> Loading "Router" application component
[DEBUG] [system.Module] - 2014-12-20 23:09:45 --> Loading "Uri" application component
[DEBUG] [application] - 2014-12-20 23:09:45 --> URI Class Initialized
[DEBUG] [application] - 2014-12-20 23:09:45 --> Router Class Initialized
[DEBUG] [application] - 2014-12-20 23:09:45 --> Config file loaded: /Users/geet/www/fly/framework/application/config/routes.php
[DEBUG] [application] - 2014-12-20 23:09:45 --> No URI present. Default controller set.
[DEBUG] [system.Module] - 2014-12-20 23:09:45 --> Loading "HttpRequest" application component
[DEBUG] [application] - 2014-12-20 23:09:45 --> HttpRequest Class Initialized
[DEBUG] [system.Module] - 2014-12-20 23:09:45 --> Loading "Security" application component
[DEBUG] [application] - 2014-12-20 23:09:45 --> Security Class Initialized
[DEBUG] [application] - 2014-12-20 23:09:45 --> XSS Filtering completed
[DEBUG] [application] - 2014-12-20 23:09:45 --> XSS Filtering completed
[DEBUG] [application] - 2014-12-20 23:09:45 --> XSS Filtering completed
[DEBUG] [application] - 2014-12-20 23:09:45 --> XSS Filtering completed
[DEBUG] [application] - 2014-12-20 23:09:45 --> XSS Filtering completed
[DEBUG] [application] - 2014-12-20 23:09:45 --> XSS Filtering completed
[DEBUG] [application] - 2014-12-20 23:09:45 --> XSS Filtering completed
[DEBUG] [application] - 2014-12-20 23:09:45 --> XSS Filtering completed
[DEBUG] [application] - 2014-12-20 23:09:45 --> XSS Filtering completed
[DEBUG] [application] - 2014-12-20 23:09:45 --> XSS Filtering completed
[DEBUG] [application] - 2014-12-20 23:09:45 --> XSS Filtering completed
[DEBUG] [application] - 2014-12-20 23:09:45 --> XSS Filtering completed
[DEBUG] [application] - 2014-12-20 23:09:45 --> XSS Filtering completed
[DEBUG] [application] - 2014-12-20 23:09:45 --> XSS Filtering completed
[DEBUG] [application] - 2014-12-20 23:09:45 --> XSS Filtering completed
[DEBUG] [application] - 2014-12-20 23:09:45 --> XSS Filtering completed
[DEBUG] [application] - 2014-12-20 23:09:45 --> XSS Filtering completed
[DEBUG] [application] - 2014-12-20 23:09:45 --> Global POST and COOKIE data sanitized
