[DEBUG] [application] - 2014-11-18 09:40:57 --> Application Class Initialized
[DEBUG] [application] - 2014-11-18 09:40:57 --> Utf8 Class Initialized
[DEBUG] [application] - 2014-11-18 09:40:57 --> UTF-8 Support Enabled
[DEBUG] [application] - 2014-11-18 09:40:57 --> Hooks Class Initialized
[DEBUG] [application] - 2014-11-18 09:40:57 --> URI Class Initialized
[DEBUG] [application] - 2014-11-18 09:40:57 --> Router Class Initialized
[DEBUG] [application] - 2014-11-18 09:41:05 --> Application Class Initialized
[DEBUG] [application] - 2014-11-18 09:41:06 --> Utf8 Class Initialized
[DEBUG] [application] - 2014-11-18 09:41:06 --> UTF-8 Support Enabled
[DEBUG] [application] - 2014-11-18 09:41:06 --> Hooks Class Initialized
[DEBUG] [application] - 2014-11-18 09:41:06 --> URI Class Initialized
[DEBUG] [application] - 2014-11-18 09:41:06 --> Router Class Initialized
[DEBUG] [application] - 2014-11-18 09:41:08 --> Application Class Initialized
[DEBUG] [application] - 2014-11-18 09:41:08 --> Utf8 Class Initialized
[DEBUG] [application] - 2014-11-18 09:41:08 --> UTF-8 Support Enabled
[DEBUG] [application] - 2014-11-18 09:41:08 --> Hooks Class Initialized
[DEBUG] [application] - 2014-11-18 09:41:08 --> URI Class Initialized
[DEBUG] [application] - 2014-11-18 09:41:08 --> Router Class Initialized
[DEBUG] [application] - 2014-11-18 09:43:20 --> Application Class Initialized
[DEBUG] [application] - 2014-11-18 09:43:20 --> Utf8 Class Initialized
[DEBUG] [application] - 2014-11-18 09:43:20 --> UTF-8 Support Enabled
[DEBUG] [application] - 2014-11-18 09:43:20 --> Hooks Class Initialized
[DEBUG] [application] - 2014-11-18 09:43:20 --> URI Class Initialized
[DEBUG] [application] - 2014-11-18 09:43:20 --> Router Class Initialized
[DEBUG] [application] - 2014-11-18 09:50:13 --> Application Class Initialized
[DEBUG] [application] - 2014-11-18 09:50:13 --> Utf8 Class Initialized
[DEBUG] [application] - 2014-11-18 09:50:13 --> UTF-8 Support Enabled
[DEBUG] [application] - 2014-11-18 09:50:13 --> Hooks Class Initialized
[DEBUG] [application] - 2014-11-18 09:50:13 --> URI Class Initialized
[DEBUG] [application] - 2014-11-18 09:50:13 --> Router Class Initialized
[DEBUG] [application] - 2014-11-18 09:50:14 --> Application Class Initialized
[DEBUG] [application] - 2014-11-18 09:50:14 --> Utf8 Class Initialized
[DEBUG] [application] - 2014-11-18 09:50:14 --> UTF-8 Support Enabled
[DEBUG] [application] - 2014-11-18 09:50:14 --> Hooks Class Initialized
[DEBUG] [application] - 2014-11-18 09:50:14 --> URI Class Initialized
[DEBUG] [application] - 2014-11-18 09:50:14 --> Router Class Initialized
[DEBUG] [application] - 2014-11-18 09:50:51 --> Application Class Initialized
[DEBUG] [application] - 2014-11-18 09:50:51 --> Utf8 Class Initialized
[DEBUG] [application] - 2014-11-18 09:50:51 --> UTF-8 Support Enabled
[DEBUG] [application] - 2014-11-18 09:50:51 --> Hooks Class Initialized
[DEBUG] [application] - 2014-11-18 09:50:51 --> URI Class Initialized
[DEBUG] [application] - 2014-11-18 09:50:51 --> Router Class Initialized
[DEBUG] [application] - 2014-11-18 09:50:58 --> Application Class Initialized
[DEBUG] [application] - 2014-11-18 09:50:58 --> Utf8 Class Initialized
[DEBUG] [application] - 2014-11-18 09:50:58 --> UTF-8 Support Enabled
[DEBUG] [application] - 2014-11-18 09:50:58 --> Hooks Class Initialized
[DEBUG] [application] - 2014-11-18 09:50:58 --> URI Class Initialized
[DEBUG] [application] - 2014-11-18 09:50:58 --> Router Class Initialized
[DEBUG] [application] - 2014-11-18 09:51:01 --> Application Class Initialized
[DEBUG] [application] - 2014-11-18 09:51:01 --> Utf8 Class Initialized
[DEBUG] [application] - 2014-11-18 09:51:01 --> UTF-8 Support Enabled
[DEBUG] [application] - 2014-11-18 09:51:01 --> Hooks Class Initialized
[DEBUG] [application] - 2014-11-18 09:51:01 --> URI Class Initialized
[DEBUG] [application] - 2014-11-18 09:51:01 --> Router Class Initialized
[DEBUG] [application] - 2014-11-18 09:51:03 --> Application Class Initialized
[DEBUG] [application] - 2014-11-18 09:51:03 --> Utf8 Class Initialized
[DEBUG] [application] - 2014-11-18 09:51:03 --> UTF-8 Support Enabled
[DEBUG] [application] - 2014-11-18 09:51:03 --> Hooks Class Initialized
[DEBUG] [application] - 2014-11-18 09:51:03 --> URI Class Initialized
[DEBUG] [application] - 2014-11-18 09:51:03 --> Router Class Initialized
[DEBUG] [application] - 2014-11-18 09:51:12 --> Application Class Initialized
[DEBUG] [application] - 2014-11-18 09:51:12 --> Utf8 Class Initialized
[DEBUG] [application] - 2014-11-18 09:51:12 --> UTF-8 Support Enabled
[DEBUG] [application] - 2014-11-18 09:51:12 --> Hooks Class Initialized
[DEBUG] [application] - 2014-11-18 09:51:12 --> URI Class Initialized
[DEBUG] [application] - 2014-11-18 09:51:12 --> Router Class Initialized
[DEBUG] [application] - 2014-11-18 09:52:52 --> Application Class Initialized
[DEBUG] [application] - 2014-11-18 09:52:52 --> Utf8 Class Initialized
[DEBUG] [application] - 2014-11-18 09:52:52 --> UTF-8 Support Enabled
[DEBUG] [application] - 2014-11-18 09:52:52 --> Hooks Class Initialized
[DEBUG] [application] - 2014-11-18 09:52:52 --> URI Class Initialized
[DEBUG] [application] - 2014-11-18 09:52:52 --> Router Class Initialized
[DEBUG] [application] - 2014-11-18 09:52:52 --> Config file loaded: /Users/geet/www/fly/framework/application/config/routes.php
[DEBUG] [application] - 2014-11-18 09:52:54 --> Application Class Initialized
[DEBUG] [application] - 2014-11-18 09:52:54 --> Utf8 Class Initialized
[DEBUG] [application] - 2014-11-18 09:52:54 --> UTF-8 Support Enabled
[DEBUG] [application] - 2014-11-18 09:52:54 --> Hooks Class Initialized
[DEBUG] [application] - 2014-11-18 09:52:54 --> URI Class Initialized
[DEBUG] [application] - 2014-11-18 09:52:54 --> Router Class Initialized
[DEBUG] [application] - 2014-11-18 09:52:54 --> Config file loaded: /Users/geet/www/fly/framework/application/config/routes.php
[DEBUG] [application] - 2014-11-18 09:53:25 --> Application Class Initialized
[DEBUG] [application] - 2014-11-18 09:53:25 --> Utf8 Class Initialized
[DEBUG] [application] - 2014-11-18 09:53:25 --> UTF-8 Support Enabled
[DEBUG] [application] - 2014-11-18 09:53:25 --> Hooks Class Initialized
[DEBUG] [application] - 2014-11-18 09:53:25 --> URI Class Initialized
[DEBUG] [application] - 2014-11-18 09:53:25 --> Router Class Initialized
[DEBUG] [application] - 2014-11-18 09:53:25 --> Config file loaded: /Users/geet/www/fly/framework/application/config/routes.php
[DEBUG] [application] - 2014-11-18 09:53:40 --> Application Class Initialized
[DEBUG] [application] - 2014-11-18 09:53:40 --> Utf8 Class Initialized
[DEBUG] [application] - 2014-11-18 09:53:40 --> UTF-8 Support Enabled
[DEBUG] [application] - 2014-11-18 09:53:40 --> Hooks Class Initialized
[DEBUG] [application] - 2014-11-18 09:53:40 --> URI Class Initialized
[DEBUG] [application] - 2014-11-18 09:53:40 --> Router Class Initialized
[DEBUG] [application] - 2014-11-18 09:53:40 --> Config file loaded: /Users/geet/www/fly/framework/application/config/routes.php
[DEBUG] [application] - 2014-11-18 09:53:47 --> Application Class Initialized
[DEBUG] [application] - 2014-11-18 09:53:47 --> Utf8 Class Initialized
[DEBUG] [application] - 2014-11-18 09:53:47 --> UTF-8 Support Enabled
[DEBUG] [application] - 2014-11-18 09:53:47 --> Hooks Class Initialized
[DEBUG] [application] - 2014-11-18 09:53:47 --> URI Class Initialized
[DEBUG] [application] - 2014-11-18 09:53:47 --> Router Class Initialized
[DEBUG] [application] - 2014-11-18 09:53:47 --> Config file loaded: /Users/geet/www/fly/framework/application/config/routes.php
[DEBUG] [application] - 2014-11-18 09:53:50 --> Application Class Initialized
[DEBUG] [application] - 2014-11-18 09:53:50 --> Utf8 Class Initialized
[DEBUG] [application] - 2014-11-18 09:53:50 --> UTF-8 Support Enabled
[DEBUG] [application] - 2014-11-18 09:53:50 --> Hooks Class Initialized
[DEBUG] [application] - 2014-11-18 09:53:50 --> URI Class Initialized
[DEBUG] [application] - 2014-11-18 09:53:50 --> Router Class Initialized
[DEBUG] [application] - 2014-11-18 09:53:50 --> Config file loaded: /Users/geet/www/fly/framework/application/config/routes.php
[DEBUG] [application] - 2014-11-18 09:53:51 --> Application Class Initialized
[DEBUG] [application] - 2014-11-18 09:53:51 --> Utf8 Class Initialized
[DEBUG] [application] - 2014-11-18 09:53:51 --> UTF-8 Support Enabled
[DEBUG] [application] - 2014-11-18 09:53:51 --> Hooks Class Initialized
[DEBUG] [application] - 2014-11-18 09:53:51 --> URI Class Initialized
[DEBUG] [application] - 2014-11-18 09:53:51 --> Router Class Initialized
[DEBUG] [application] - 2014-11-18 09:53:51 --> Config file loaded: /Users/geet/www/fly/framework/application/config/routes.php
[DEBUG] [application] - 2014-11-18 09:55:23 --> Application Class Initialized
[DEBUG] [application] - 2014-11-18 09:55:23 --> Utf8 Class Initialized
[DEBUG] [application] - 2014-11-18 09:55:23 --> UTF-8 Support Enabled
[DEBUG] [application] - 2014-11-18 09:55:23 --> Hooks Class Initialized
[DEBUG] [application] - 2014-11-18 09:55:23 --> URI Class Initialized
[DEBUG] [application] - 2014-11-18 09:55:23 --> Router Class Initialized
[DEBUG] [application] - 2014-11-18 09:55:23 --> Config file loaded: /Users/geet/www/fly/framework/application/config/routes.php
[DEBUG] [application] - 2014-11-18 09:55:41 --> Application Class Initialized
[DEBUG] [application] - 2014-11-18 09:55:41 --> Utf8 Class Initialized
[DEBUG] [application] - 2014-11-18 09:55:41 --> UTF-8 Support Enabled
[DEBUG] [application] - 2014-11-18 09:55:41 --> Hooks Class Initialized
[DEBUG] [application] - 2014-11-18 09:55:41 --> URI Class Initialized
[DEBUG] [application] - 2014-11-18 09:55:41 --> Router Class Initialized
[DEBUG] [application] - 2014-11-18 09:55:41 --> Config file loaded: /Users/geet/www/fly/framework/application/config/routes.php
[DEBUG] [application] - 2014-11-18 09:56:03 --> Application Class Initialized
[DEBUG] [application] - 2014-11-18 09:56:03 --> Utf8 Class Initialized
[DEBUG] [application] - 2014-11-18 09:56:03 --> UTF-8 Support Enabled
[DEBUG] [application] - 2014-11-18 09:56:03 --> Hooks Class Initialized
[DEBUG] [application] - 2014-11-18 09:56:03 --> URI Class Initialized
[DEBUG] [application] - 2014-11-18 09:56:03 --> Router Class Initialized
[DEBUG] [application] - 2014-11-18 09:56:03 --> Config file loaded: /Users/geet/www/fly/framework/application/config/routes.php
[ERROR] [application] - 2014-11-18 09:56:03 --> 404 Page Not Found --> admincp
[ERROR] [application] - 2014-11-18 09:56:03 --> Severity: Warning  --> Cannot modify header information - headers already sent by (output started at /Users/geet/www/fly/framework/system/core/Router.php:353) /Users/geet/www/fly/framework/system/core/Common.php 430
[DEBUG] [application] - 2014-11-18 09:56:33 --> Application Class Initialized
[DEBUG] [application] - 2014-11-18 09:56:33 --> Utf8 Class Initialized
[DEBUG] [application] - 2014-11-18 09:56:33 --> UTF-8 Support Enabled
[DEBUG] [application] - 2014-11-18 09:56:33 --> Hooks Class Initialized
[DEBUG] [application] - 2014-11-18 09:56:33 --> URI Class Initialized
[DEBUG] [application] - 2014-11-18 09:56:33 --> Router Class Initialized
[DEBUG] [application] - 2014-11-18 09:56:33 --> Config file loaded: /Users/geet/www/fly/framework/application/config/routes.php
[ERROR] [application] - 2014-11-18 09:56:33 --> 404 Page Not Found --> admincp
[DEBUG] [application] - 2014-11-18 09:56:37 --> Application Class Initialized
[DEBUG] [application] - 2014-11-18 09:56:37 --> Utf8 Class Initialized
[DEBUG] [application] - 2014-11-18 09:56:37 --> UTF-8 Support Enabled
[DEBUG] [application] - 2014-11-18 09:56:37 --> Hooks Class Initialized
[DEBUG] [application] - 2014-11-18 09:56:37 --> URI Class Initialized
[DEBUG] [application] - 2014-11-18 09:56:37 --> Router Class Initialized
[DEBUG] [application] - 2014-11-18 09:56:37 --> Config file loaded: /Users/geet/www/fly/framework/application/config/routes.php
[DEBUG] [application] - 2014-11-18 09:57:08 --> Application Class Initialized
[DEBUG] [application] - 2014-11-18 09:57:08 --> Utf8 Class Initialized
[DEBUG] [application] - 2014-11-18 09:57:08 --> UTF-8 Support Enabled
[DEBUG] [application] - 2014-11-18 09:57:08 --> Hooks Class Initialized
[DEBUG] [application] - 2014-11-18 09:57:08 --> URI Class Initialized
[DEBUG] [application] - 2014-11-18 09:57:08 --> Router Class Initialized
[DEBUG] [application] - 2014-11-18 09:57:08 --> Config file loaded: /Users/geet/www/fly/framework/application/config/routes.php
[DEBUG] [application] - 2014-11-18 10:12:39 --> Application Class Initialized
[DEBUG] [application] - 2014-11-18 10:12:39 --> Utf8 Class Initialized
[DEBUG] [application] - 2014-11-18 10:12:39 --> UTF-8 Support Enabled
[DEBUG] [application] - 2014-11-18 10:12:39 --> Hooks Class Initialized
[DEBUG] [application] - 2014-11-18 10:12:39 --> URI Class Initialized
[DEBUG] [application] - 2014-11-18 10:12:39 --> Router Class Initialized
[DEBUG] [application] - 2014-11-18 10:12:39 --> Config file loaded: /Users/geet/www/fly/framework/application/config/routes.php
[DEBUG] [application] - 2014-11-18 10:12:41 --> Application Class Initialized
[DEBUG] [application] - 2014-11-18 10:12:41 --> Utf8 Class Initialized
[DEBUG] [application] - 2014-11-18 10:12:41 --> UTF-8 Support Enabled
[DEBUG] [application] - 2014-11-18 10:12:41 --> Hooks Class Initialized
[DEBUG] [application] - 2014-11-18 10:12:41 --> URI Class Initialized
[DEBUG] [application] - 2014-11-18 10:12:41 --> Router Class Initialized
[DEBUG] [application] - 2014-11-18 10:12:41 --> Config file loaded: /Users/geet/www/fly/framework/application/config/routes.php
[DEBUG] [application] - 2014-11-18 10:12:51 --> Application Class Initialized
[DEBUG] [application] - 2014-11-18 10:12:51 --> Utf8 Class Initialized
[DEBUG] [application] - 2014-11-18 10:12:51 --> UTF-8 Support Enabled
[DEBUG] [application] - 2014-11-18 10:12:51 --> Hooks Class Initialized
[DEBUG] [application] - 2014-11-18 10:12:51 --> URI Class Initialized
[DEBUG] [application] - 2014-11-18 10:12:51 --> Router Class Initialized
[DEBUG] [application] - 2014-11-18 10:12:51 --> Config file loaded: /Users/geet/www/fly/framework/application/config/routes.php
[DEBUG] [application] - 2014-11-18 10:12:56 --> Application Class Initialized
[DEBUG] [application] - 2014-11-18 10:12:56 --> Utf8 Class Initialized
[DEBUG] [application] - 2014-11-18 10:12:56 --> UTF-8 Support Enabled
[DEBUG] [application] - 2014-11-18 10:12:56 --> Hooks Class Initialized
[DEBUG] [application] - 2014-11-18 10:12:56 --> URI Class Initialized
[DEBUG] [application] - 2014-11-18 10:12:56 --> Router Class Initialized
[DEBUG] [application] - 2014-11-18 10:12:56 --> Config file loaded: /Users/geet/www/fly/framework/application/config/routes.php
[DEBUG] [application] - 2014-11-18 10:12:58 --> Application Class Initialized
[DEBUG] [application] - 2014-11-18 10:12:58 --> Utf8 Class Initialized
[DEBUG] [application] - 2014-11-18 10:12:58 --> UTF-8 Support Enabled
[DEBUG] [application] - 2014-11-18 10:12:59 --> Hooks Class Initialized
[DEBUG] [application] - 2014-11-18 10:12:59 --> URI Class Initialized
[DEBUG] [application] - 2014-11-18 10:12:59 --> Router Class Initialized
[DEBUG] [application] - 2014-11-18 10:12:59 --> Config file loaded: /Users/geet/www/fly/framework/application/config/routes.php
[DEBUG] [application] - 2014-11-18 10:13:03 --> Application Class Initialized
[DEBUG] [application] - 2014-11-18 10:13:03 --> Utf8 Class Initialized
[DEBUG] [application] - 2014-11-18 10:13:03 --> UTF-8 Support Enabled
[DEBUG] [application] - 2014-11-18 10:13:03 --> Hooks Class Initialized
[DEBUG] [application] - 2014-11-18 10:13:03 --> URI Class Initialized
[DEBUG] [application] - 2014-11-18 10:13:03 --> Router Class Initialized
[DEBUG] [application] - 2014-11-18 10:13:03 --> Config file loaded: /Users/geet/www/fly/framework/application/config/routes.php
[ERROR] [application] - 2014-11-18 10:13:03 --> 404 Page Not Found --> admin334444/
[DEBUG] [application] - 2014-11-18 10:13:08 --> Application Class Initialized
[DEBUG] [application] - 2014-11-18 10:13:08 --> Utf8 Class Initialized
[DEBUG] [application] - 2014-11-18 10:13:08 --> UTF-8 Support Enabled
[DEBUG] [application] - 2014-11-18 10:13:08 --> Hooks Class Initialized
[DEBUG] [application] - 2014-11-18 10:13:08 --> URI Class Initialized
[DEBUG] [application] - 2014-11-18 10:13:08 --> Router Class Initialized
[DEBUG] [application] - 2014-11-18 10:13:08 --> Config file loaded: /Users/geet/www/fly/framework/application/config/routes.php
[DEBUG] [application] - 2014-11-18 10:13:10 --> Application Class Initialized
[DEBUG] [application] - 2014-11-18 10:13:10 --> Utf8 Class Initialized
[DEBUG] [application] - 2014-11-18 10:13:10 --> UTF-8 Support Enabled
[DEBUG] [application] - 2014-11-18 10:13:10 --> Hooks Class Initialized
[DEBUG] [application] - 2014-11-18 10:13:10 --> URI Class Initialized
[DEBUG] [application] - 2014-11-18 10:13:10 --> Router Class Initialized
[DEBUG] [application] - 2014-11-18 10:13:10 --> Config file loaded: /Users/geet/www/fly/framework/application/config/routes.php
[DEBUG] [application] - 2014-11-18 13:49:37 --> Application Class Initialized
[DEBUG] [application] - 2014-11-18 13:49:37 --> Utf8 Class Initialized
[DEBUG] [application] - 2014-11-18 13:49:37 --> UTF-8 Support Enabled
[DEBUG] [application] - 2014-11-18 13:49:37 --> Hooks Class Initialized
[DEBUG] [application] - 2014-11-18 13:49:37 --> URI Class Initialized
[DEBUG] [application] - 2014-11-18 13:49:37 --> Router Class Initialized
[DEBUG] [application] - 2014-11-18 13:49:37 --> Config file loaded: /Users/geet/www/fly/framework/application/config/routes.php
[DEBUG] [application] - 2014-11-18 14:27:54 --> Application Class Initialized
[DEBUG] [application] - 2014-11-18 14:27:54 --> Utf8 Class Initialized
[DEBUG] [application] - 2014-11-18 14:27:54 --> UTF-8 Support Enabled
[DEBUG] [application] - 2014-11-18 14:27:54 --> Hooks Class Initialized
[DEBUG] [application] - 2014-11-18 14:27:54 --> URI Class Initialized
[DEBUG] [application] - 2014-11-18 14:27:54 --> Router Class Initialized
[DEBUG] [application] - 2014-11-18 14:27:54 --> Config file loaded: /Users/geet/www/fly/framework/application/config/routes.php
