[DEBUG] [application] - 2015-02-05 10:34:09 --> Application Class Initialized
[DEBUG] [system.Module] - 2015-02-05 10:34:09 --> Loading "Log" application component
[DEBUG] [system.Module] - 2015-02-05 10:34:09 --> Loading "Utf8" application component
[DEBUG] [application] - 2015-02-05 10:34:09 --> Utf8 Class Initialized
[DEBUG] [application] - 2015-02-05 10:34:09 --> UTF-8 Support Enabled
[DEBUG] [system.Module] - 2015-02-05 10:34:09 --> Loading "Hooks" application component
[DEBUG] [application] - 2015-02-05 10:34:09 --> Hooks Class Initialized
[DEBUG] [system.Module] - 2015-02-05 10:34:09 --> Loading "Output" application component
[DEBUG] [application] - 2015-02-05 10:34:09 --> Config file loaded: /Users/geet/www/fly/framework/application/config/mimes.php
[DEBUG] [application] - 2015-02-05 10:34:09 --> Output Class Initialized
[DEBUG] [system.Module] - 2015-02-05 10:34:09 --> Loading "HttpRequest" application component
[DEBUG] [application] - 2015-02-05 10:34:09 --> HttpRequest Class Initialized
[DEBUG] [system.Module] - 2015-02-05 10:34:09 --> Loading "Security" application component
[DEBUG] [application] - 2015-02-05 10:34:09 --> Security Class Initialized
[DEBUG] [application] - 2015-02-05 10:34:09 --> Global POST and COOKIE data sanitized
[DEBUG] [system.Module] - 2015-02-05 10:34:09 --> Loading "Router" application component
[DEBUG] [system.Module] - 2015-02-05 10:34:09 --> Loading "Uri" application component
[DEBUG] [application] - 2015-02-05 10:34:09 --> URI Class Initialized
[DEBUG] [application] - 2015-02-05 10:34:09 --> Router Class Initialized
[DEBUG] [application] - 2015-02-05 10:34:09 --> Config file loaded: /Users/geet/www/fly/framework/application/config/routes.php
[DEBUG] [application] - 2015-02-05 10:34:09 --> No URI present. Default controller set.
[DEBUG] [application] - 2015-02-05 10:40:52 --> Application Class Initialized
[DEBUG] [system.Module] - 2015-02-05 10:40:52 --> Loading "Log" application component
[DEBUG] [system.Module] - 2015-02-05 10:40:52 --> Loading "Utf8" application component
[DEBUG] [application] - 2015-02-05 10:40:52 --> Utf8 Class Initialized
[DEBUG] [application] - 2015-02-05 10:40:52 --> UTF-8 Support Enabled
[DEBUG] [system.Module] - 2015-02-05 10:40:52 --> Loading "Hooks" application component
[DEBUG] [application] - 2015-02-05 10:40:52 --> Hooks Class Initialized
[DEBUG] [system.Module] - 2015-02-05 10:40:52 --> Loading "Output" application component
[DEBUG] [application] - 2015-02-05 10:40:52 --> Config file loaded: /Users/geet/www/fly/framework/application/config/mimes.php
[DEBUG] [application] - 2015-02-05 10:40:52 --> Output Class Initialized
[DEBUG] [system.Module] - 2015-02-05 10:40:52 --> Loading "HttpRequest" application component
[DEBUG] [application] - 2015-02-05 10:40:52 --> HttpRequest Class Initialized
[DEBUG] [system.Module] - 2015-02-05 10:40:52 --> Loading "Security" application component
[DEBUG] [application] - 2015-02-05 10:40:52 --> Security Class Initialized
[DEBUG] [application] - 2015-02-05 10:40:52 --> Global POST and COOKIE data sanitized
[DEBUG] [system.Module] - 2015-02-05 10:40:52 --> Loading "Router" application component
[DEBUG] [system.Module] - 2015-02-05 10:40:52 --> Loading "Uri" application component
[DEBUG] [application] - 2015-02-05 10:40:52 --> URI Class Initialized
[DEBUG] [application] - 2015-02-05 10:40:52 --> Router Class Initialized
[DEBUG] [application] - 2015-02-05 10:40:52 --> Config file loaded: /Users/geet/www/fly/framework/application/config/routes.php
[DEBUG] [application] - 2015-02-05 10:40:52 --> No URI present. Default controller set.
[DEBUG] [application] - 2015-02-05 10:40:54 --> Application Class Initialized
[DEBUG] [system.Module] - 2015-02-05 10:40:54 --> Loading "Log" application component
[DEBUG] [system.Module] - 2015-02-05 10:40:54 --> Loading "Utf8" application component
[DEBUG] [application] - 2015-02-05 10:40:54 --> Utf8 Class Initialized
[DEBUG] [application] - 2015-02-05 10:40:54 --> UTF-8 Support Enabled
[DEBUG] [system.Module] - 2015-02-05 10:40:54 --> Loading "Hooks" application component
[DEBUG] [application] - 2015-02-05 10:40:54 --> Hooks Class Initialized
[DEBUG] [system.Module] - 2015-02-05 10:40:54 --> Loading "Output" application component
[DEBUG] [application] - 2015-02-05 10:40:54 --> Config file loaded: /Users/geet/www/fly/framework/application/config/mimes.php
[DEBUG] [application] - 2015-02-05 10:40:54 --> Output Class Initialized
[DEBUG] [system.Module] - 2015-02-05 10:40:54 --> Loading "HttpRequest" application component
[DEBUG] [application] - 2015-02-05 10:40:54 --> HttpRequest Class Initialized
[DEBUG] [system.Module] - 2015-02-05 10:40:54 --> Loading "Security" application component
[DEBUG] [application] - 2015-02-05 10:40:54 --> Security Class Initialized
[DEBUG] [application] - 2015-02-05 10:40:54 --> Global POST and COOKIE data sanitized
[DEBUG] [system.Module] - 2015-02-05 10:40:54 --> Loading "Router" application component
[DEBUG] [system.Module] - 2015-02-05 10:40:54 --> Loading "Uri" application component
[DEBUG] [application] - 2015-02-05 10:40:54 --> URI Class Initialized
[DEBUG] [application] - 2015-02-05 10:40:54 --> Router Class Initialized
[DEBUG] [application] - 2015-02-05 10:40:54 --> Config file loaded: /Users/geet/www/fly/framework/application/config/routes.php
[DEBUG] [application] - 2015-02-05 10:40:54 --> No URI present. Default controller set.
[DEBUG] [application] - 2015-02-05 10:41:46 --> Application Class Initialized
[DEBUG] [system.Module] - 2015-02-05 10:41:46 --> Loading "Log" application component
[DEBUG] [system.Module] - 2015-02-05 10:41:46 --> Loading "Utf8" application component
[DEBUG] [application] - 2015-02-05 10:41:46 --> Utf8 Class Initialized
[DEBUG] [application] - 2015-02-05 10:41:46 --> UTF-8 Support Enabled
[DEBUG] [system.Module] - 2015-02-05 10:41:46 --> Loading "Hooks" application component
[DEBUG] [application] - 2015-02-05 10:41:46 --> Hooks Class Initialized
[DEBUG] [system.Module] - 2015-02-05 10:41:46 --> Loading "Output" application component
[DEBUG] [application] - 2015-02-05 10:41:46 --> Config file loaded: /Users/geet/www/fly/framework/application/config/mimes.php
[DEBUG] [application] - 2015-02-05 10:41:46 --> Output Class Initialized
[DEBUG] [system.Module] - 2015-02-05 10:41:46 --> Loading "HttpRequest" application component
[DEBUG] [application] - 2015-02-05 10:41:46 --> HttpRequest Class Initialized
[DEBUG] [system.Module] - 2015-02-05 10:41:46 --> Loading "Security" application component
[DEBUG] [application] - 2015-02-05 10:41:46 --> Security Class Initialized
[DEBUG] [application] - 2015-02-05 10:41:46 --> Global POST and COOKIE data sanitized
[DEBUG] [system.Module] - 2015-02-05 10:41:46 --> Loading "Router" application component
[DEBUG] [system.Module] - 2015-02-05 10:41:46 --> Loading "Uri" application component
[DEBUG] [application] - 2015-02-05 10:41:46 --> URI Class Initialized
[DEBUG] [application] - 2015-02-05 10:41:46 --> Router Class Initialized
[DEBUG] [application] - 2015-02-05 10:41:46 --> Config file loaded: /Users/geet/www/fly/framework/application/config/routes.php
[DEBUG] [application] - 2015-02-05 10:41:46 --> No URI present. Default controller set.
[DEBUG] [application] - 2015-02-05 11:08:32 --> Application Class Initialized
[DEBUG] [system.Module] - 2015-02-05 11:08:32 --> Loading "Log" application component
[DEBUG] [system.Module] - 2015-02-05 11:08:32 --> Loading "Utf8" application component
[DEBUG] [application] - 2015-02-05 11:08:32 --> Utf8 Class Initialized
[DEBUG] [application] - 2015-02-05 11:08:32 --> UTF-8 Support Enabled
[DEBUG] [system.Module] - 2015-02-05 11:08:32 --> Loading "Hooks" application component
[DEBUG] [application] - 2015-02-05 11:08:32 --> Hooks Class Initialized
[DEBUG] [system.Module] - 2015-02-05 11:08:32 --> Loading "Output" application component
[DEBUG] [application] - 2015-02-05 11:08:32 --> Config file loaded: /Users/geet/www/fly/framework/application/config/mimes.php
[DEBUG] [application] - 2015-02-05 11:08:32 --> Output Class Initialized
[DEBUG] [system.Module] - 2015-02-05 11:08:32 --> Loading "HttpRequest" application component
[DEBUG] [application] - 2015-02-05 11:08:32 --> HttpRequest Class Initialized
[DEBUG] [system.Module] - 2015-02-05 11:08:32 --> Loading "Security" application component
[DEBUG] [application] - 2015-02-05 11:08:32 --> Security Class Initialized
[DEBUG] [application] - 2015-02-05 11:08:32 --> Global POST and COOKIE data sanitized
[DEBUG] [system.Module] - 2015-02-05 11:08:32 --> Loading "Router" application component
[DEBUG] [system.Module] - 2015-02-05 11:08:32 --> Loading "Uri" application component
[DEBUG] [application] - 2015-02-05 11:08:32 --> URI Class Initialized
[DEBUG] [application] - 2015-02-05 11:08:32 --> Router Class Initialized
[DEBUG] [application] - 2015-02-05 11:08:32 --> Config file loaded: /Users/geet/www/fly/framework/application/config/routes.php
[DEBUG] [application] - 2015-02-05 11:08:32 --> No URI present. Default controller set.
[DEBUG] [application] - 2015-02-05 11:28:57 --> Application Class Initialized
[DEBUG] [system.Module] - 2015-02-05 11:28:58 --> Loading "Log" application component
[DEBUG] [system.Module] - 2015-02-05 11:28:58 --> Loading "Utf8" application component
[DEBUG] [application] - 2015-02-05 11:28:58 --> Utf8 Class Initialized
[DEBUG] [application] - 2015-02-05 11:28:58 --> UTF-8 Support Enabled
[DEBUG] [system.Module] - 2015-02-05 11:28:58 --> Loading "Hooks" application component
[DEBUG] [application] - 2015-02-05 11:28:58 --> Hooks Class Initialized
[DEBUG] [system.Module] - 2015-02-05 11:28:58 --> Loading "Output" application component
[DEBUG] [application] - 2015-02-05 11:28:58 --> Config file loaded: /Users/geet/www/fly/framework/application/config/mimes.php
[DEBUG] [application] - 2015-02-05 11:28:58 --> Output Class Initialized
[DEBUG] [system.Module] - 2015-02-05 11:28:58 --> Loading "HttpRequest" application component
[DEBUG] [application] - 2015-02-05 11:28:58 --> HttpRequest Class Initialized
[DEBUG] [system.Module] - 2015-02-05 11:28:58 --> Loading "Security" application component
[DEBUG] [application] - 2015-02-05 11:28:58 --> Security Class Initialized
[DEBUG] [application] - 2015-02-05 11:28:58 --> Global POST and COOKIE data sanitized
[DEBUG] [system.Module] - 2015-02-05 11:28:58 --> Loading "Router" application component
[DEBUG] [system.Module] - 2015-02-05 11:28:58 --> Loading "Uri" application component
[DEBUG] [application] - 2015-02-05 11:28:58 --> URI Class Initialized
[DEBUG] [application] - 2015-02-05 11:28:58 --> Router Class Initialized
[DEBUG] [application] - 2015-02-05 11:28:58 --> Config file loaded: /Users/geet/www/fly/framework/application/config/routes.php
[DEBUG] [application] - 2015-02-05 11:28:58 --> No URI present. Default controller set.
