[DEBUG] [application] - 2014-11-19 11:36:04 --> Application Class Initialized
[DEBUG] [application] - 2014-11-19 11:36:04 --> Utf8 Class Initialized
[DEBUG] [application] - 2014-11-19 11:36:04 --> UTF-8 Support Enabled
[DEBUG] [application] - 2014-11-19 11:36:04 --> Hooks Class Initialized
[DEBUG] [application] - 2014-11-19 11:36:04 --> URI Class Initialized
[DEBUG] [application] - 2014-11-19 11:36:04 --> Router Class Initialized
[DEBUG] [application] - 2014-11-19 11:36:04 --> Config file loaded: /Users/geet/www/fly/framework/application/config/routes.php
[ERROR] [application] - 2014-11-19 11:36:04 --> 404 Page Not Found --> welcome
[DEBUG] [application] - 2014-11-19 11:36:09 --> Application Class Initialized
[DEBUG] [application] - 2014-11-19 11:36:09 --> Utf8 Class Initialized
[DEBUG] [application] - 2014-11-19 11:36:09 --> UTF-8 Support Enabled
[DEBUG] [application] - 2014-11-19 11:36:09 --> Hooks Class Initialized
[DEBUG] [application] - 2014-11-19 11:36:09 --> URI Class Initialized
[DEBUG] [application] - 2014-11-19 11:36:09 --> Router Class Initialized
[DEBUG] [application] - 2014-11-19 11:36:09 --> Config file loaded: /Users/geet/www/fly/framework/application/config/routes.php
[DEBUG] [application] - 2014-11-19 11:36:15 --> Application Class Initialized
[DEBUG] [application] - 2014-11-19 11:36:15 --> Utf8 Class Initialized
[DEBUG] [application] - 2014-11-19 11:36:15 --> UTF-8 Support Enabled
[DEBUG] [application] - 2014-11-19 11:36:15 --> Hooks Class Initialized
[DEBUG] [application] - 2014-11-19 11:36:15 --> URI Class Initialized
[DEBUG] [application] - 2014-11-19 11:36:15 --> Router Class Initialized
[DEBUG] [application] - 2014-11-19 11:36:15 --> Config file loaded: /Users/geet/www/fly/framework/application/config/routes.php
[DEBUG] [application] - 2014-11-19 11:36:22 --> Application Class Initialized
[DEBUG] [application] - 2014-11-19 11:36:22 --> Utf8 Class Initialized
[DEBUG] [application] - 2014-11-19 11:36:22 --> UTF-8 Support Enabled
[DEBUG] [application] - 2014-11-19 11:36:22 --> Hooks Class Initialized
[DEBUG] [application] - 2014-11-19 11:36:22 --> URI Class Initialized
[DEBUG] [application] - 2014-11-19 11:36:22 --> Router Class Initialized
[DEBUG] [application] - 2014-11-19 11:36:22 --> Config file loaded: /Users/geet/www/fly/framework/application/config/routes.php
[DEBUG] [application] - 2014-11-19 11:36:29 --> Application Class Initialized
[DEBUG] [application] - 2014-11-19 11:36:29 --> Utf8 Class Initialized
[DEBUG] [application] - 2014-11-19 11:36:29 --> UTF-8 Support Enabled
[DEBUG] [application] - 2014-11-19 11:36:29 --> Hooks Class Initialized
[DEBUG] [application] - 2014-11-19 11:36:29 --> URI Class Initialized
[DEBUG] [application] - 2014-11-19 11:36:29 --> Router Class Initialized
[DEBUG] [application] - 2014-11-19 11:36:29 --> Config file loaded: /Users/geet/www/fly/framework/application/config/routes.php
[DEBUG] [application] - 2014-11-19 11:36:31 --> Application Class Initialized
[DEBUG] [application] - 2014-11-19 11:36:31 --> Utf8 Class Initialized
[DEBUG] [application] - 2014-11-19 11:36:31 --> UTF-8 Support Enabled
[DEBUG] [application] - 2014-11-19 11:36:31 --> Hooks Class Initialized
[DEBUG] [application] - 2014-11-19 11:36:31 --> URI Class Initialized
[DEBUG] [application] - 2014-11-19 11:36:31 --> Router Class Initialized
[DEBUG] [application] - 2014-11-19 11:36:31 --> Config file loaded: /Users/geet/www/fly/framework/application/config/routes.php
[DEBUG] [application] - 2014-11-19 11:36:33 --> Application Class Initialized
[DEBUG] [application] - 2014-11-19 11:36:33 --> Utf8 Class Initialized
[DEBUG] [application] - 2014-11-19 11:36:33 --> UTF-8 Support Enabled
[DEBUG] [application] - 2014-11-19 11:36:33 --> Hooks Class Initialized
[DEBUG] [application] - 2014-11-19 11:36:33 --> URI Class Initialized
[DEBUG] [application] - 2014-11-19 11:36:33 --> Router Class Initialized
[DEBUG] [application] - 2014-11-19 11:36:33 --> Config file loaded: /Users/geet/www/fly/framework/application/config/routes.php
[DEBUG] [application] - 2014-11-19 11:36:34 --> Application Class Initialized
[DEBUG] [application] - 2014-11-19 11:36:34 --> Utf8 Class Initialized
[DEBUG] [application] - 2014-11-19 11:36:34 --> UTF-8 Support Enabled
[DEBUG] [application] - 2014-11-19 11:36:34 --> Hooks Class Initialized
[DEBUG] [application] - 2014-11-19 11:36:34 --> URI Class Initialized
[DEBUG] [application] - 2014-11-19 11:36:34 --> Router Class Initialized
[DEBUG] [application] - 2014-11-19 11:36:34 --> Config file loaded: /Users/geet/www/fly/framework/application/config/routes.php
[DEBUG] [application] - 2014-11-19 11:37:02 --> Application Class Initialized
[DEBUG] [application] - 2014-11-19 11:37:02 --> Utf8 Class Initialized
[DEBUG] [application] - 2014-11-19 11:37:02 --> UTF-8 Support Enabled
[DEBUG] [application] - 2014-11-19 11:37:02 --> Hooks Class Initialized
[DEBUG] [application] - 2014-11-19 11:37:02 --> URI Class Initialized
[DEBUG] [application] - 2014-11-19 11:37:02 --> Router Class Initialized
[DEBUG] [application] - 2014-11-19 11:37:02 --> Config file loaded: /Users/geet/www/fly/framework/application/config/routes.php
[DEBUG] [application] - 2014-11-19 11:37:04 --> Application Class Initialized
[DEBUG] [application] - 2014-11-19 11:37:04 --> Utf8 Class Initialized
[DEBUG] [application] - 2014-11-19 11:37:04 --> UTF-8 Support Enabled
[DEBUG] [application] - 2014-11-19 11:37:04 --> Hooks Class Initialized
[DEBUG] [application] - 2014-11-19 11:37:04 --> URI Class Initialized
[DEBUG] [application] - 2014-11-19 11:37:04 --> Router Class Initialized
[DEBUG] [application] - 2014-11-19 11:37:04 --> Config file loaded: /Users/geet/www/fly/framework/application/config/routes.php
[DEBUG] [application] - 2014-11-19 16:06:27 --> Application Class Initialized
[DEBUG] [application] - 2014-11-19 16:06:27 --> Utf8 Class Initialized
[DEBUG] [application] - 2014-11-19 16:06:27 --> UTF-8 Support Enabled
[DEBUG] [application] - 2014-11-19 16:06:27 --> Hooks Class Initialized
[DEBUG] [application] - 2014-11-19 16:06:27 --> URI Class Initialized
[DEBUG] [application] - 2014-11-19 16:06:27 --> Router Class Initialized
[DEBUG] [application] - 2014-11-19 16:06:27 --> Config file loaded: /Users/geet/www/fly/framework/application/config/routes.php
[DEBUG] [application] - 2014-11-19 17:08:10 --> Application Class Initialized
[DEBUG] [application] - 2014-11-19 17:08:10 --> Utf8 Class Initialized
[DEBUG] [application] - 2014-11-19 17:08:10 --> UTF-8 Support Enabled
[DEBUG] [application] - 2014-11-19 17:08:10 --> Hooks Class Initialized
[DEBUG] [application] - 2014-11-19 17:12:51 --> Application Class Initialized
[DEBUG] [application] - 2014-11-19 17:12:51 --> Utf8 Class Initialized
[DEBUG] [application] - 2014-11-19 17:12:51 --> UTF-8 Support Enabled
[DEBUG] [application] - 2014-11-19 17:12:51 --> Hooks Class Initialized
[DEBUG] [application] - 2014-11-19 17:13:00 --> Application Class Initialized
[DEBUG] [application] - 2014-11-19 17:13:00 --> Utf8 Class Initialized
[DEBUG] [application] - 2014-11-19 17:13:00 --> UTF-8 Support Enabled
[DEBUG] [application] - 2014-11-19 17:13:00 --> Hooks Class Initialized
[DEBUG] [application] - 2014-11-19 17:13:32 --> Application Class Initialized
[DEBUG] [application] - 2014-11-19 17:13:32 --> Utf8 Class Initialized
[DEBUG] [application] - 2014-11-19 17:13:32 --> UTF-8 Support Enabled
[DEBUG] [application] - 2014-11-19 17:13:32 --> Hooks Class Initialized
[DEBUG] [application] - 2014-11-19 17:13:32 --> URI Class Initialized
[DEBUG] [application] - 2014-11-19 17:13:32 --> Router Class Initialized
[DEBUG] [application] - 2014-11-19 17:13:32 --> Config file loaded: /Users/geet/www/fly/framework/application/config/routes.php
[DEBUG] [application] - 2014-11-19 17:13:46 --> Application Class Initialized
[DEBUG] [application] - 2014-11-19 17:13:46 --> Utf8 Class Initialized
[DEBUG] [application] - 2014-11-19 17:13:47 --> UTF-8 Support Enabled
[DEBUG] [application] - 2014-11-19 17:13:47 --> Hooks Class Initialized
[DEBUG] [application] - 2014-11-19 17:13:47 --> URI Class Initialized
[DEBUG] [application] - 2014-11-19 17:13:47 --> Router Class Initialized
[DEBUG] [application] - 2014-11-19 17:13:47 --> Config file loaded: /Users/geet/www/fly/framework/application/config/routes.php
[DEBUG] [application] - 2014-11-19 17:13:50 --> Application Class Initialized
[DEBUG] [application] - 2014-11-19 17:13:50 --> Utf8 Class Initialized
[DEBUG] [application] - 2014-11-19 17:13:50 --> UTF-8 Support Enabled
[DEBUG] [application] - 2014-11-19 17:13:50 --> Hooks Class Initialized
[DEBUG] [application] - 2014-11-19 17:13:50 --> URI Class Initialized
[DEBUG] [application] - 2014-11-19 17:13:50 --> Router Class Initialized
[DEBUG] [application] - 2014-11-19 17:13:50 --> Config file loaded: /Users/geet/www/fly/framework/application/config/routes.php
[DEBUG] [application] - 2014-11-19 17:14:34 --> Application Class Initialized
[DEBUG] [application] - 2014-11-19 17:14:34 --> Utf8 Class Initialized
[DEBUG] [application] - 2014-11-19 17:14:34 --> UTF-8 Support Enabled
[DEBUG] [application] - 2014-11-19 17:14:34 --> Hooks Class Initialized
[DEBUG] [application] - 2014-11-19 17:14:52 --> Application Class Initialized
[DEBUG] [application] - 2014-11-19 17:14:52 --> Utf8 Class Initialized
[DEBUG] [application] - 2014-11-19 17:14:52 --> UTF-8 Support Enabled
[DEBUG] [application] - 2014-11-19 17:14:52 --> Hooks Class Initialized
[DEBUG] [application] - 2014-11-19 17:14:54 --> Application Class Initialized
[DEBUG] [application] - 2014-11-19 17:14:54 --> Utf8 Class Initialized
[DEBUG] [application] - 2014-11-19 17:14:54 --> UTF-8 Support Enabled
[DEBUG] [application] - 2014-11-19 17:14:55 --> Hooks Class Initialized
[DEBUG] [application] - 2014-11-19 17:15:07 --> Application Class Initialized
[DEBUG] [application] - 2014-11-19 17:15:07 --> Utf8 Class Initialized
[DEBUG] [application] - 2014-11-19 17:15:07 --> UTF-8 Support Enabled
[DEBUG] [application] - 2014-11-19 17:15:07 --> Hooks Class Initialized
[DEBUG] [application] - 2014-11-19 17:15:08 --> Application Class Initialized
[DEBUG] [application] - 2014-11-19 17:15:08 --> Utf8 Class Initialized
[DEBUG] [application] - 2014-11-19 17:15:08 --> UTF-8 Support Enabled
[DEBUG] [application] - 2014-11-19 17:15:08 --> Hooks Class Initialized
[DEBUG] [application] - 2014-11-19 17:15:17 --> Application Class Initialized
[DEBUG] [application] - 2014-11-19 17:15:17 --> Utf8 Class Initialized
[DEBUG] [application] - 2014-11-19 17:15:17 --> UTF-8 Support Enabled
[DEBUG] [application] - 2014-11-19 17:15:17 --> Hooks Class Initialized
[DEBUG] [application] - 2014-11-19 17:15:46 --> Application Class Initialized
[DEBUG] [application] - 2014-11-19 17:15:46 --> Utf8 Class Initialized
[DEBUG] [application] - 2014-11-19 17:15:46 --> UTF-8 Support Enabled
[DEBUG] [application] - 2014-11-19 17:15:46 --> Hooks Class Initialized
[DEBUG] [application] - 2014-11-19 17:15:48 --> Application Class Initialized
[DEBUG] [application] - 2014-11-19 17:15:48 --> Utf8 Class Initialized
[DEBUG] [application] - 2014-11-19 17:15:48 --> UTF-8 Support Enabled
[DEBUG] [application] - 2014-11-19 17:15:48 --> Hooks Class Initialized
[DEBUG] [application] - 2014-11-19 17:15:49 --> Application Class Initialized
[DEBUG] [application] - 2014-11-19 17:15:49 --> Utf8 Class Initialized
[DEBUG] [application] - 2014-11-19 17:15:49 --> UTF-8 Support Enabled
[DEBUG] [application] - 2014-11-19 17:15:49 --> Hooks Class Initialized
[DEBUG] [application] - 2014-11-19 17:16:08 --> Application Class Initialized
[DEBUG] [application] - 2014-11-19 17:16:08 --> Utf8 Class Initialized
[DEBUG] [application] - 2014-11-19 17:16:08 --> UTF-8 Support Enabled
[DEBUG] [application] - 2014-11-19 17:16:08 --> Hooks Class Initialized
[DEBUG] [application] - 2014-11-19 17:16:39 --> Application Class Initialized
[DEBUG] [application] - 2014-11-19 17:16:39 --> Utf8 Class Initialized
[DEBUG] [application] - 2014-11-19 17:16:39 --> UTF-8 Support Enabled
[DEBUG] [application] - 2014-11-19 17:16:39 --> Hooks Class Initialized
[DEBUG] [application] - 2014-11-19 17:16:41 --> Application Class Initialized
[DEBUG] [application] - 2014-11-19 17:16:41 --> Utf8 Class Initialized
[DEBUG] [application] - 2014-11-19 17:16:41 --> UTF-8 Support Enabled
[DEBUG] [application] - 2014-11-19 17:16:41 --> Hooks Class Initialized
[DEBUG] [application] - 2014-11-19 17:16:42 --> Application Class Initialized
[DEBUG] [application] - 2014-11-19 17:16:42 --> Utf8 Class Initialized
[DEBUG] [application] - 2014-11-19 17:16:42 --> UTF-8 Support Enabled
[DEBUG] [application] - 2014-11-19 17:16:42 --> Hooks Class Initialized
[DEBUG] [application] - 2014-11-19 17:16:43 --> Application Class Initialized
[DEBUG] [application] - 2014-11-19 17:16:43 --> Utf8 Class Initialized
[DEBUG] [application] - 2014-11-19 17:16:43 --> UTF-8 Support Enabled
[DEBUG] [application] - 2014-11-19 17:16:43 --> Hooks Class Initialized
[DEBUG] [application] - 2014-11-19 17:17:05 --> Application Class Initialized
[DEBUG] [application] - 2014-11-19 17:17:05 --> Utf8 Class Initialized
[DEBUG] [application] - 2014-11-19 17:17:05 --> UTF-8 Support Enabled
[DEBUG] [application] - 2014-11-19 17:17:05 --> Hooks Class Initialized
[DEBUG] [application] - 2014-11-19 17:17:07 --> Application Class Initialized
[DEBUG] [application] - 2014-11-19 17:17:07 --> Utf8 Class Initialized
[DEBUG] [application] - 2014-11-19 17:17:07 --> UTF-8 Support Enabled
[DEBUG] [application] - 2014-11-19 17:17:07 --> Hooks Class Initialized
[DEBUG] [application] - 2014-11-19 17:17:08 --> Application Class Initialized
[DEBUG] [application] - 2014-11-19 17:17:08 --> Utf8 Class Initialized
[DEBUG] [application] - 2014-11-19 17:17:08 --> UTF-8 Support Enabled
[DEBUG] [application] - 2014-11-19 17:17:08 --> Hooks Class Initialized
[DEBUG] [application] - 2014-11-19 17:17:30 --> Application Class Initialized
[DEBUG] [application] - 2014-11-19 17:17:30 --> Utf8 Class Initialized
[DEBUG] [application] - 2014-11-19 17:17:30 --> UTF-8 Support Enabled
[DEBUG] [application] - 2014-11-19 17:17:30 --> Hooks Class Initialized
[DEBUG] [application] - 2014-11-19 17:17:48 --> Application Class Initialized
[DEBUG] [application] - 2014-11-19 17:17:48 --> Utf8 Class Initialized
[DEBUG] [application] - 2014-11-19 17:17:48 --> UTF-8 Support Enabled
[DEBUG] [application] - 2014-11-19 17:17:48 --> Hooks Class Initialized
[DEBUG] [application] - 2014-11-19 17:17:49 --> Application Class Initialized
[DEBUG] [application] - 2014-11-19 17:17:49 --> Utf8 Class Initialized
[DEBUG] [application] - 2014-11-19 17:17:49 --> UTF-8 Support Enabled
[DEBUG] [application] - 2014-11-19 17:17:49 --> Hooks Class Initialized
[DEBUG] [application] - 2014-11-19 17:18:08 --> Application Class Initialized
[DEBUG] [application] - 2014-11-19 17:18:08 --> Utf8 Class Initialized
[DEBUG] [application] - 2014-11-19 17:18:08 --> UTF-8 Support Enabled
[DEBUG] [application] - 2014-11-19 17:18:08 --> Hooks Class Initialized
[DEBUG] [application] - 2014-11-19 17:18:10 --> Application Class Initialized
[DEBUG] [application] - 2014-11-19 17:18:10 --> Utf8 Class Initialized
[DEBUG] [application] - 2014-11-19 17:18:10 --> UTF-8 Support Enabled
[DEBUG] [application] - 2014-11-19 17:18:10 --> Hooks Class Initialized
[DEBUG] [application] - 2014-11-19 17:18:52 --> Application Class Initialized
[DEBUG] [application] - 2014-11-19 17:18:52 --> Utf8 Class Initialized
[DEBUG] [application] - 2014-11-19 17:18:52 --> UTF-8 Support Enabled
[DEBUG] [application] - 2014-11-19 17:18:52 --> Hooks Class Initialized
[DEBUG] [application] - 2014-11-19 17:18:54 --> Application Class Initialized
[DEBUG] [application] - 2014-11-19 17:18:54 --> Utf8 Class Initialized
[DEBUG] [application] - 2014-11-19 17:18:54 --> UTF-8 Support Enabled
[DEBUG] [application] - 2014-11-19 17:18:54 --> Hooks Class Initialized
[DEBUG] [application] - 2014-11-19 17:19:20 --> Application Class Initialized
[DEBUG] [application] - 2014-11-19 17:19:20 --> Utf8 Class Initialized
[DEBUG] [application] - 2014-11-19 17:19:20 --> UTF-8 Support Enabled
[DEBUG] [application] - 2014-11-19 17:19:20 --> Hooks Class Initialized
[DEBUG] [application] - 2014-11-19 17:20:57 --> Application Class Initialized
[DEBUG] [application] - 2014-11-19 17:20:57 --> Utf8 Class Initialized
[DEBUG] [application] - 2014-11-19 17:20:57 --> UTF-8 Support Enabled
[DEBUG] [application] - 2014-11-19 17:20:57 --> Hooks Class Initialized
[DEBUG] [application] - 2014-11-19 17:23:07 --> Application Class Initialized
[DEBUG] [application] - 2014-11-19 17:23:07 --> Utf8 Class Initialized
[DEBUG] [application] - 2014-11-19 17:23:07 --> UTF-8 Support Enabled
[DEBUG] [application] - 2014-11-19 17:23:07 --> Hooks Class Initialized
[DEBUG] [application] - 2014-11-19 17:23:29 --> Application Class Initialized
[DEBUG] [application] - 2014-11-19 17:23:29 --> Utf8 Class Initialized
[DEBUG] [application] - 2014-11-19 17:23:29 --> UTF-8 Support Enabled
[DEBUG] [application] - 2014-11-19 17:23:29 --> Hooks Class Initialized
[DEBUG] [application] - 2014-11-19 17:23:31 --> Application Class Initialized
[DEBUG] [application] - 2014-11-19 17:23:31 --> Utf8 Class Initialized
[DEBUG] [application] - 2014-11-19 17:23:31 --> UTF-8 Support Enabled
[DEBUG] [application] - 2014-11-19 17:23:31 --> Hooks Class Initialized
[DEBUG] [application] - 2014-11-19 17:23:32 --> Application Class Initialized
[DEBUG] [application] - 2014-11-19 17:23:32 --> Utf8 Class Initialized
[DEBUG] [application] - 2014-11-19 17:23:32 --> UTF-8 Support Enabled
[DEBUG] [application] - 2014-11-19 17:23:32 --> Hooks Class Initialized
[DEBUG] [application] - 2014-11-19 17:23:34 --> Application Class Initialized
[DEBUG] [application] - 2014-11-19 17:23:34 --> Utf8 Class Initialized
[DEBUG] [application] - 2014-11-19 17:23:34 --> UTF-8 Support Enabled
[DEBUG] [application] - 2014-11-19 17:23:34 --> Hooks Class Initialized
[DEBUG] [application] - 2014-11-19 17:23:35 --> Application Class Initialized
[DEBUG] [application] - 2014-11-19 17:23:35 --> Utf8 Class Initialized
[DEBUG] [application] - 2014-11-19 17:23:35 --> UTF-8 Support Enabled
[DEBUG] [application] - 2014-11-19 17:23:35 --> Hooks Class Initialized
[DEBUG] [application] - 2014-11-19 17:23:36 --> Application Class Initialized
[DEBUG] [application] - 2014-11-19 17:23:36 --> Utf8 Class Initialized
[DEBUG] [application] - 2014-11-19 17:23:36 --> UTF-8 Support Enabled
[DEBUG] [application] - 2014-11-19 17:23:36 --> Hooks Class Initialized
[DEBUG] [application] - 2014-11-19 17:23:38 --> Application Class Initialized
[DEBUG] [application] - 2014-11-19 17:23:38 --> Utf8 Class Initialized
[DEBUG] [application] - 2014-11-19 17:23:38 --> UTF-8 Support Enabled
[DEBUG] [application] - 2014-11-19 17:23:38 --> Hooks Class Initialized
[DEBUG] [application] - 2014-11-19 17:24:13 --> Application Class Initialized
[DEBUG] [application] - 2014-11-19 17:24:13 --> Utf8 Class Initialized
[DEBUG] [application] - 2014-11-19 17:24:13 --> UTF-8 Support Enabled
[DEBUG] [application] - 2014-11-19 17:24:13 --> Hooks Class Initialized
[DEBUG] [application] - 2014-11-19 17:24:15 --> Application Class Initialized
[DEBUG] [application] - 2014-11-19 17:24:15 --> Utf8 Class Initialized
[DEBUG] [application] - 2014-11-19 17:24:15 --> UTF-8 Support Enabled
[DEBUG] [application] - 2014-11-19 17:24:15 --> Hooks Class Initialized
[DEBUG] [application] - 2014-11-19 17:24:17 --> Application Class Initialized
[DEBUG] [application] - 2014-11-19 17:24:17 --> Utf8 Class Initialized
[DEBUG] [application] - 2014-11-19 17:24:17 --> UTF-8 Support Enabled
[DEBUG] [application] - 2014-11-19 17:24:17 --> Hooks Class Initialized
[DEBUG] [application] - 2014-11-19 17:27:00 --> Application Class Initialized
[DEBUG] [application] - 2014-11-19 17:27:00 --> Utf8 Class Initialized
[DEBUG] [application] - 2014-11-19 17:27:00 --> UTF-8 Support Enabled
[DEBUG] [application] - 2014-11-19 17:27:00 --> Hooks Class Initialized
[DEBUG] [application] - 2014-11-19 17:27:32 --> Application Class Initialized
[DEBUG] [application] - 2014-11-19 17:27:32 --> Utf8 Class Initialized
[DEBUG] [application] - 2014-11-19 17:27:32 --> UTF-8 Support Enabled
[DEBUG] [application] - 2014-11-19 17:27:32 --> Hooks Class Initialized
[DEBUG] [application] - 2014-11-19 17:27:34 --> Application Class Initialized
[DEBUG] [application] - 2014-11-19 17:27:34 --> Utf8 Class Initialized
[DEBUG] [application] - 2014-11-19 17:27:34 --> UTF-8 Support Enabled
[DEBUG] [application] - 2014-11-19 17:27:34 --> Hooks Class Initialized
[DEBUG] [application] - 2014-11-19 17:28:04 --> Application Class Initialized
[DEBUG] [application] - 2014-11-19 17:28:04 --> Utf8 Class Initialized
[DEBUG] [application] - 2014-11-19 17:28:04 --> UTF-8 Support Enabled
[DEBUG] [application] - 2014-11-19 17:28:04 --> Hooks Class Initialized
[DEBUG] [application] - 2014-11-19 17:29:04 --> Application Class Initialized
[DEBUG] [application] - 2014-11-19 17:29:04 --> Utf8 Class Initialized
[DEBUG] [application] - 2014-11-19 17:29:04 --> UTF-8 Support Enabled
[DEBUG] [application] - 2014-11-19 17:29:04 --> Hooks Class Initialized
[DEBUG] [application] - 2014-11-19 17:29:06 --> Application Class Initialized
[DEBUG] [application] - 2014-11-19 17:29:06 --> Utf8 Class Initialized
[DEBUG] [application] - 2014-11-19 17:29:06 --> UTF-8 Support Enabled
[DEBUG] [application] - 2014-11-19 17:29:06 --> Hooks Class Initialized
[DEBUG] [application] - 2014-11-19 17:29:11 --> Application Class Initialized
[DEBUG] [application] - 2014-11-19 17:29:11 --> Utf8 Class Initialized
[DEBUG] [application] - 2014-11-19 17:29:11 --> UTF-8 Support Enabled
[DEBUG] [application] - 2014-11-19 17:29:11 --> Hooks Class Initialized
[DEBUG] [application] - 2014-11-19 17:31:17 --> Application Class Initialized
[DEBUG] [application] - 2014-11-19 17:31:17 --> Utf8 Class Initialized
[DEBUG] [application] - 2014-11-19 17:31:17 --> UTF-8 Support Enabled
[DEBUG] [application] - 2014-11-19 17:31:17 --> Hooks Class Initialized
[DEBUG] [application] - 2014-11-19 17:31:19 --> Application Class Initialized
[DEBUG] [application] - 2014-11-19 17:31:19 --> Utf8 Class Initialized
[DEBUG] [application] - 2014-11-19 17:31:19 --> UTF-8 Support Enabled
[DEBUG] [application] - 2014-11-19 17:31:19 --> Hooks Class Initialized
[DEBUG] [application] - 2014-11-19 17:32:32 --> Application Class Initialized
[DEBUG] [application] - 2014-11-19 17:32:32 --> Utf8 Class Initialized
[DEBUG] [application] - 2014-11-19 17:32:32 --> UTF-8 Support Enabled
[DEBUG] [application] - 2014-11-19 17:32:32 --> Hooks Class Initialized
[DEBUG] [application] - 2014-11-19 17:32:52 --> Application Class Initialized
[DEBUG] [application] - 2014-11-19 17:32:52 --> Utf8 Class Initialized
[DEBUG] [application] - 2014-11-19 17:32:52 --> UTF-8 Support Enabled
[DEBUG] [application] - 2014-11-19 17:32:52 --> Hooks Class Initialized
[DEBUG] [application] - 2014-11-19 17:32:54 --> Application Class Initialized
[DEBUG] [application] - 2014-11-19 17:32:54 --> Utf8 Class Initialized
[DEBUG] [application] - 2014-11-19 17:32:54 --> UTF-8 Support Enabled
[DEBUG] [application] - 2014-11-19 17:32:54 --> Hooks Class Initialized
[DEBUG] [application] - 2014-11-19 18:00:38 --> Application Class Initialized
[DEBUG] [application] - 2014-11-19 18:00:38 --> Utf8 Class Initialized
[DEBUG] [application] - 2014-11-19 18:00:38 --> UTF-8 Support Enabled
[DEBUG] [application] - 2014-11-19 18:00:38 --> Hooks Class Initialized
[DEBUG] [application] - 2014-11-19 18:00:40 --> Application Class Initialized
[DEBUG] [application] - 2014-11-19 18:00:40 --> Utf8 Class Initialized
[DEBUG] [application] - 2014-11-19 18:00:40 --> UTF-8 Support Enabled
[DEBUG] [application] - 2014-11-19 18:00:40 --> Hooks Class Initialized
[DEBUG] [application] - 2014-11-19 18:01:02 --> Application Class Initialized
[DEBUG] [application] - 2014-11-19 18:01:02 --> Utf8 Class Initialized
[DEBUG] [application] - 2014-11-19 18:01:02 --> UTF-8 Support Enabled
[DEBUG] [application] - 2014-11-19 18:01:02 --> Hooks Class Initialized
[DEBUG] [application] - 2014-11-19 18:01:02 --> URI Class Initialized
[DEBUG] [application] - 2014-11-19 18:01:02 --> Router Class Initialized
[DEBUG] [application] - 2014-11-19 18:01:02 --> Config file loaded: /Users/geet/www/fly/framework/application/config/routes.php
[DEBUG] [application] - 2014-11-19 18:01:03 --> Application Class Initialized
[DEBUG] [application] - 2014-11-19 18:01:03 --> Utf8 Class Initialized
[DEBUG] [application] - 2014-11-19 18:01:03 --> UTF-8 Support Enabled
[DEBUG] [application] - 2014-11-19 18:01:03 --> Hooks Class Initialized
[DEBUG] [application] - 2014-11-19 18:01:03 --> URI Class Initialized
[DEBUG] [application] - 2014-11-19 18:01:03 --> Router Class Initialized
[DEBUG] [application] - 2014-11-19 18:01:03 --> Config file loaded: /Users/geet/www/fly/framework/application/config/routes.php
[DEBUG] [application] - 2014-11-19 18:01:05 --> Application Class Initialized
[DEBUG] [application] - 2014-11-19 18:01:05 --> Utf8 Class Initialized
[DEBUG] [application] - 2014-11-19 18:01:05 --> UTF-8 Support Enabled
[DEBUG] [application] - 2014-11-19 18:01:05 --> Hooks Class Initialized
[DEBUG] [application] - 2014-11-19 18:01:05 --> URI Class Initialized
[DEBUG] [application] - 2014-11-19 18:01:05 --> Router Class Initialized
[DEBUG] [application] - 2014-11-19 18:01:05 --> Config file loaded: /Users/geet/www/fly/framework/application/config/routes.php
[DEBUG] [application] - 2014-11-19 18:01:06 --> Application Class Initialized
[DEBUG] [application] - 2014-11-19 18:01:06 --> Utf8 Class Initialized
[DEBUG] [application] - 2014-11-19 18:01:06 --> UTF-8 Support Enabled
[DEBUG] [application] - 2014-11-19 18:01:06 --> Hooks Class Initialized
[DEBUG] [application] - 2014-11-19 18:01:06 --> URI Class Initialized
[DEBUG] [application] - 2014-11-19 18:01:06 --> Router Class Initialized
[DEBUG] [application] - 2014-11-19 18:01:06 --> Config file loaded: /Users/geet/www/fly/framework/application/config/routes.php
[DEBUG] [application] - 2014-11-19 18:01:54 --> Application Class Initialized
[DEBUG] [application] - 2014-11-19 18:01:54 --> Utf8 Class Initialized
[DEBUG] [application] - 2014-11-19 18:01:54 --> UTF-8 Support Enabled
[DEBUG] [application] - 2014-11-19 18:01:54 --> Hooks Class Initialized
[DEBUG] [application] - 2014-11-19 18:01:54 --> URI Class Initialized
[DEBUG] [application] - 2014-11-19 18:01:54 --> Router Class Initialized
[DEBUG] [application] - 2014-11-19 18:01:54 --> Config file loaded: /Users/geet/www/fly/framework/application/config/routes.php
[DEBUG] [application] - 2014-11-19 18:01:56 --> Application Class Initialized
[DEBUG] [application] - 2014-11-19 18:01:56 --> Utf8 Class Initialized
[DEBUG] [application] - 2014-11-19 18:01:56 --> UTF-8 Support Enabled
[DEBUG] [application] - 2014-11-19 18:01:56 --> Hooks Class Initialized
[DEBUG] [application] - 2014-11-19 18:01:56 --> URI Class Initialized
[DEBUG] [application] - 2014-11-19 18:01:56 --> Router Class Initialized
[DEBUG] [application] - 2014-11-19 18:01:56 --> Config file loaded: /Users/geet/www/fly/framework/application/config/routes.php
[DEBUG] [application] - 2014-11-19 18:02:02 --> Application Class Initialized
[DEBUG] [application] - 2014-11-19 18:02:02 --> Utf8 Class Initialized
[DEBUG] [application] - 2014-11-19 18:02:02 --> UTF-8 Support Enabled
[DEBUG] [application] - 2014-11-19 18:02:02 --> Hooks Class Initialized
[DEBUG] [application] - 2014-11-19 18:02:02 --> URI Class Initialized
[DEBUG] [application] - 2014-11-19 18:02:02 --> Router Class Initialized
[DEBUG] [application] - 2014-11-19 18:02:02 --> Config file loaded: /Users/geet/www/fly/framework/application/config/routes.php
[DEBUG] [application] - 2014-11-19 18:02:06 --> Application Class Initialized
[DEBUG] [application] - 2014-11-19 18:02:06 --> Utf8 Class Initialized
[DEBUG] [application] - 2014-11-19 18:02:06 --> UTF-8 Support Enabled
[DEBUG] [application] - 2014-11-19 18:02:06 --> Hooks Class Initialized
[DEBUG] [application] - 2014-11-19 18:02:06 --> URI Class Initialized
[DEBUG] [application] - 2014-11-19 18:02:06 --> Router Class Initialized
[DEBUG] [application] - 2014-11-19 18:02:06 --> Config file loaded: /Users/geet/www/fly/framework/application/config/routes.php
[DEBUG] [application] - 2014-11-19 18:02:37 --> Application Class Initialized
[DEBUG] [application] - 2014-11-19 18:02:37 --> Utf8 Class Initialized
[DEBUG] [application] - 2014-11-19 18:02:37 --> UTF-8 Support Enabled
[DEBUG] [application] - 2014-11-19 18:02:37 --> Hooks Class Initialized
[DEBUG] [application] - 2014-11-19 18:02:37 --> URI Class Initialized
[DEBUG] [application] - 2014-11-19 18:02:37 --> Router Class Initialized
[DEBUG] [application] - 2014-11-19 18:02:37 --> Config file loaded: /Users/geet/www/fly/framework/application/config/routes.php
[DEBUG] [application] - 2014-11-19 18:02:38 --> Application Class Initialized
[DEBUG] [application] - 2014-11-19 18:02:38 --> Utf8 Class Initialized
[DEBUG] [application] - 2014-11-19 18:02:38 --> UTF-8 Support Enabled
[DEBUG] [application] - 2014-11-19 18:02:38 --> Hooks Class Initialized
[DEBUG] [application] - 2014-11-19 18:02:38 --> URI Class Initialized
[DEBUG] [application] - 2014-11-19 18:02:38 --> Router Class Initialized
[DEBUG] [application] - 2014-11-19 18:02:38 --> Config file loaded: /Users/geet/www/fly/framework/application/config/routes.php
[DEBUG] [application] - 2014-11-19 18:02:40 --> Application Class Initialized
[DEBUG] [application] - 2014-11-19 18:02:40 --> Utf8 Class Initialized
[DEBUG] [application] - 2014-11-19 18:02:40 --> UTF-8 Support Enabled
[DEBUG] [application] - 2014-11-19 18:02:40 --> Hooks Class Initialized
[DEBUG] [application] - 2014-11-19 18:02:40 --> URI Class Initialized
[DEBUG] [application] - 2014-11-19 18:02:40 --> Router Class Initialized
[DEBUG] [application] - 2014-11-19 18:02:40 --> Config file loaded: /Users/geet/www/fly/framework/application/config/routes.php
[DEBUG] [application] - 2014-11-19 18:02:54 --> Application Class Initialized
[DEBUG] [application] - 2014-11-19 18:02:54 --> Utf8 Class Initialized
[DEBUG] [application] - 2014-11-19 18:02:54 --> UTF-8 Support Enabled
[DEBUG] [application] - 2014-11-19 18:02:54 --> Hooks Class Initialized
[DEBUG] [application] - 2014-11-19 18:02:54 --> URI Class Initialized
[DEBUG] [application] - 2014-11-19 18:02:54 --> Router Class Initialized
[DEBUG] [application] - 2014-11-19 18:02:54 --> Config file loaded: /Users/geet/www/fly/framework/application/config/routes.php
[DEBUG] [application] - 2014-11-19 18:02:56 --> Application Class Initialized
[DEBUG] [application] - 2014-11-19 18:02:56 --> Utf8 Class Initialized
[DEBUG] [application] - 2014-11-19 18:02:56 --> UTF-8 Support Enabled
[DEBUG] [application] - 2014-11-19 18:02:56 --> Hooks Class Initialized
[DEBUG] [application] - 2014-11-19 18:02:56 --> URI Class Initialized
[DEBUG] [application] - 2014-11-19 18:02:56 --> Router Class Initialized
[DEBUG] [application] - 2014-11-19 18:02:56 --> Config file loaded: /Users/geet/www/fly/framework/application/config/routes.php
[DEBUG] [application] - 2014-11-19 18:03:03 --> Application Class Initialized
[DEBUG] [application] - 2014-11-19 18:03:03 --> Utf8 Class Initialized
[DEBUG] [application] - 2014-11-19 18:03:03 --> UTF-8 Support Enabled
[DEBUG] [application] - 2014-11-19 18:03:03 --> Hooks Class Initialized
[DEBUG] [application] - 2014-11-19 18:03:03 --> URI Class Initialized
[DEBUG] [application] - 2014-11-19 18:03:03 --> Router Class Initialized
[DEBUG] [application] - 2014-11-19 18:03:03 --> Config file loaded: /Users/geet/www/fly/framework/application/config/routes.php
[DEBUG] [application] - 2014-11-19 18:03:04 --> Application Class Initialized
[DEBUG] [application] - 2014-11-19 18:03:04 --> Utf8 Class Initialized
[DEBUG] [application] - 2014-11-19 18:03:04 --> UTF-8 Support Enabled
[DEBUG] [application] - 2014-11-19 18:03:04 --> Hooks Class Initialized
[DEBUG] [application] - 2014-11-19 18:03:04 --> URI Class Initialized
[DEBUG] [application] - 2014-11-19 18:03:04 --> Router Class Initialized
[DEBUG] [application] - 2014-11-19 18:03:04 --> Config file loaded: /Users/geet/www/fly/framework/application/config/routes.php
