[DEBUG] [application] - 2014-12-16 15:55:40 --> Application Class Initialized
[DEBUG] [system.Module] - 2014-12-16 15:55:40 --> Loading "Log" application component
[DEBUG] [system.Module] - 2014-12-16 15:55:40 --> Loading "Utf8" application component
[DEBUG] [application] - 2014-12-16 15:55:40 --> Utf8 Class Initialized
[DEBUG] [application] - 2014-12-16 15:55:40 --> UTF-8 Support Enabled
[DEBUG] [system.Module] - 2014-12-16 15:55:40 --> Loading "Hooks" application component
[DEBUG] [application] - 2014-12-16 15:55:41 --> Hooks Class Initialized
[DEBUG] [system.Module] - 2014-12-16 15:55:41 --> Loading "Router" application component
[DEBUG] [system.Module] - 2014-12-16 15:55:41 --> Loading "Uri" application component
[DEBUG] [application] - 2014-12-16 15:55:41 --> URI Class Initialized
[DEBUG] [application] - 2014-12-16 15:55:41 --> Router Class Initialized
[DEBUG] [application] - 2014-12-16 15:55:41 --> Config file loaded: /Users/geet/www/fly/framework/application/config/routes.php
[DEBUG] [application] - 2014-12-16 15:55:41 --> No URI present. Default controller set.
[DEBUG] [system.Module] - 2014-12-16 15:55:41 --> Loading "Lang" application component
[DEBUG] [application] - 2014-12-16 15:55:41 --> Language Class Initialized
[ERROR] [application] - 2014-12-16 15:55:41 --> Language file contains no data: language/english/fly_lang.php
[DEBUG] [system.Module] - 2014-12-16 15:55:41 --> Loading "ExceptionHandler" application component
[ERROR] [application] - 2014-12-16 15:55:41 --> Severity: Warning  --> Missing argument 2 for Application::handleException() /Users/geet/www/fly/framework/system/core/Application.php 375
[ERROR] [application] - 2014-12-16 15:55:41 --> Severity: Warning  --> Missing argument 3 for Application::handleException() /Users/geet/www/fly/framework/system/core/Application.php 375
[ERROR] [application] - 2014-12-16 15:55:41 --> Severity: Warning  --> Missing argument 4 for Application::handleException() /Users/geet/www/fly/framework/system/core/Application.php 375
[ERROR] [application] - 2014-12-16 15:55:41 --> Severity: Notice  --> Object of class Exceptions could not be converted to int /Users/geet/www/fly/framework/system/core/Application.php 381
[ERROR] [application] - 2014-12-16 15:55:41 --> Severity: Notice  --> Object of class Exceptions could not be converted to int /Users/geet/www/fly/framework/system/core/Application.php 381
[ERROR] [application] - 2014-12-16 15:55:41 --> Severity: Notice  --> Undefined variable: message /Users/geet/www/fly/framework/system/core/Application.php 382
[ERROR] [application] - 2014-12-16 15:55:41 --> Severity: Notice  --> Undefined variable: filepath /Users/geet/www/fly/framework/system/core/Application.php 382
[ERROR] [application] - 2014-12-16 15:55:41 --> Severity: Notice  --> Undefined variable: line /Users/geet/www/fly/framework/system/core/Application.php 382
[ERROR] [application] - 2014-12-16 15:55:41 --> Severity: Warning  --> Illegal offset type in isset or empty /Users/geet/www/fly/framework/system/core/ExceptionHandler.php 166
[ERROR] [application] - 2014-12-16 15:55:41 --> Severity: Notice  --> Undefined variable: message /Users/geet/www/fly/framework/system/core/Application.php 390
[ERROR] [application] - 2014-12-16 15:55:41 --> Severity: Notice  --> Undefined variable: filepath /Users/geet/www/fly/framework/system/core/Application.php 390
[ERROR] [application] - 2014-12-16 15:55:41 --> Severity: Notice  --> Undefined variable: line /Users/geet/www/fly/framework/system/core/Application.php 390
[ERROR] [application] - 2014-12-16 15:55:41 --> Severity: Warning  --> Illegal offset type in isset or empty /Users/geet/www/fly/framework/system/core/ExceptionHandler.php 93
[ERROR] [application] - 2014-12-16 15:55:41 --> Severity: exception 'Exceptions' with message 'Property "IndexController.Request" is not defined.' in /Users/geet/www/fly/framework/system/core/Component.php:39
Stack trace:
#0 /Users/geet/www/fly/framework/application/controllers/IndexController.php(40): Component->__get('Request')
#1 /Users/geet/www/fly/framework/system/core/Controller.php(79): IndexController->actionIndex()
#2 /Users/geet/www/fly/framework/system/core/WebApplication.php(145): Controller->run('index')
#3 /Users/geet/www/fly/framework/system/core/WebApplication.php(77): WebApplication->runController('index/index')
#4 /Users/geet/www/fly/framework/system/core/Application.php(94): WebApplication->processRequest()
#5 /Users/geet/www/fly/framework/index.php(43): Application->run()
#6 {main}  -->   
[DEBUG] [application] - 2014-12-16 15:56:06 --> Application Class Initialized
[DEBUG] [system.Module] - 2014-12-16 15:56:06 --> Loading "Log" application component
[DEBUG] [system.Module] - 2014-12-16 15:56:06 --> Loading "Utf8" application component
[DEBUG] [application] - 2014-12-16 15:56:06 --> Utf8 Class Initialized
[DEBUG] [application] - 2014-12-16 15:56:06 --> UTF-8 Support Enabled
[DEBUG] [system.Module] - 2014-12-16 15:56:06 --> Loading "Hooks" application component
[DEBUG] [application] - 2014-12-16 15:56:06 --> Hooks Class Initialized
[DEBUG] [system.Module] - 2014-12-16 15:56:06 --> Loading "Router" application component
[DEBUG] [system.Module] - 2014-12-16 15:56:06 --> Loading "Uri" application component
[DEBUG] [application] - 2014-12-16 15:56:06 --> URI Class Initialized
[DEBUG] [application] - 2014-12-16 15:56:06 --> Router Class Initialized
[DEBUG] [application] - 2014-12-16 15:56:06 --> Config file loaded: /Users/geet/www/fly/framework/application/config/routes.php
[DEBUG] [application] - 2014-12-16 15:56:06 --> No URI present. Default controller set.
[DEBUG] [system.Module] - 2014-12-16 15:56:06 --> Loading "HttpRequest" application component
[DEBUG] [application] - 2014-12-16 15:56:06 --> HttpRequest Class Initialized
[DEBUG] [system.Module] - 2014-12-16 15:56:06 --> Loading "Security" application component
[DEBUG] [application] - 2014-12-16 15:56:06 --> Security Class Initialized
[DEBUG] [application] - 2014-12-16 15:56:06 --> XSS Filtering completed
[DEBUG] [application] - 2014-12-16 15:56:06 --> XSS Filtering completed
[DEBUG] [application] - 2014-12-16 15:56:06 --> XSS Filtering completed
[DEBUG] [application] - 2014-12-16 15:56:06 --> XSS Filtering completed
[DEBUG] [application] - 2014-12-16 15:56:06 --> XSS Filtering completed
[DEBUG] [application] - 2014-12-16 15:56:06 --> XSS Filtering completed
[DEBUG] [application] - 2014-12-16 15:56:06 --> XSS Filtering completed
[DEBUG] [application] - 2014-12-16 15:56:06 --> XSS Filtering completed
[DEBUG] [application] - 2014-12-16 15:56:06 --> XSS Filtering completed
[DEBUG] [application] - 2014-12-16 15:56:06 --> XSS Filtering completed
[DEBUG] [application] - 2014-12-16 15:56:06 --> XSS Filtering completed
[DEBUG] [application] - 2014-12-16 15:56:06 --> XSS Filtering completed
[DEBUG] [application] - 2014-12-16 15:56:06 --> XSS Filtering completed
[DEBUG] [application] - 2014-12-16 15:56:06 --> XSS Filtering completed
[DEBUG] [application] - 2014-12-16 15:56:06 --> XSS Filtering completed
[DEBUG] [application] - 2014-12-16 15:56:06 --> XSS Filtering completed
[DEBUG] [application] - 2014-12-16 15:56:06 --> XSS Filtering completed
[DEBUG] [application] - 2014-12-16 15:56:06 --> Global POST and COOKIE data sanitized
[DEBUG] [application] - 2014-12-16 15:56:08 --> Application Class Initialized
[DEBUG] [system.Module] - 2014-12-16 15:56:08 --> Loading "Log" application component
[DEBUG] [system.Module] - 2014-12-16 15:56:08 --> Loading "Utf8" application component
[DEBUG] [application] - 2014-12-16 15:56:08 --> Utf8 Class Initialized
[DEBUG] [application] - 2014-12-16 15:56:08 --> UTF-8 Support Enabled
[DEBUG] [system.Module] - 2014-12-16 15:56:08 --> Loading "Hooks" application component
[DEBUG] [application] - 2014-12-16 15:56:08 --> Hooks Class Initialized
[DEBUG] [system.Module] - 2014-12-16 15:56:08 --> Loading "Router" application component
[DEBUG] [system.Module] - 2014-12-16 15:56:08 --> Loading "Uri" application component
[DEBUG] [application] - 2014-12-16 15:56:08 --> URI Class Initialized
[DEBUG] [application] - 2014-12-16 15:56:08 --> Router Class Initialized
[DEBUG] [application] - 2014-12-16 15:56:08 --> Config file loaded: /Users/geet/www/fly/framework/application/config/routes.php
[DEBUG] [application] - 2014-12-16 15:56:08 --> No URI present. Default controller set.
[DEBUG] [system.Module] - 2014-12-16 15:56:08 --> Loading "HttpRequest" application component
[DEBUG] [application] - 2014-12-16 15:56:08 --> HttpRequest Class Initialized
[DEBUG] [system.Module] - 2014-12-16 15:56:08 --> Loading "Security" application component
[DEBUG] [application] - 2014-12-16 15:56:08 --> Security Class Initialized
[DEBUG] [application] - 2014-12-16 15:56:08 --> XSS Filtering completed
[DEBUG] [application] - 2014-12-16 15:56:08 --> XSS Filtering completed
[DEBUG] [application] - 2014-12-16 15:56:08 --> XSS Filtering completed
[DEBUG] [application] - 2014-12-16 15:56:08 --> XSS Filtering completed
[DEBUG] [application] - 2014-12-16 15:56:08 --> XSS Filtering completed
[DEBUG] [application] - 2014-12-16 15:56:08 --> XSS Filtering completed
[DEBUG] [application] - 2014-12-16 15:56:08 --> XSS Filtering completed
[DEBUG] [application] - 2014-12-16 15:56:08 --> XSS Filtering completed
[DEBUG] [application] - 2014-12-16 15:56:08 --> XSS Filtering completed
[DEBUG] [application] - 2014-12-16 15:56:08 --> XSS Filtering completed
[DEBUG] [application] - 2014-12-16 15:56:08 --> XSS Filtering completed
[DEBUG] [application] - 2014-12-16 15:56:08 --> XSS Filtering completed
[DEBUG] [application] - 2014-12-16 15:56:08 --> XSS Filtering completed
[DEBUG] [application] - 2014-12-16 15:56:08 --> XSS Filtering completed
[DEBUG] [application] - 2014-12-16 15:56:08 --> XSS Filtering completed
[DEBUG] [application] - 2014-12-16 15:56:08 --> XSS Filtering completed
[DEBUG] [application] - 2014-12-16 15:56:08 --> XSS Filtering completed
[DEBUG] [application] - 2014-12-16 15:56:08 --> Global POST and COOKIE data sanitized
[DEBUG] [application] - 2014-12-16 16:42:10 --> Application Class Initialized
[DEBUG] [system.Module] - 2014-12-16 16:42:10 --> Loading "Log" application component
[DEBUG] [system.Module] - 2014-12-16 16:42:10 --> Loading "Utf8" application component
[DEBUG] [application] - 2014-12-16 16:42:10 --> Utf8 Class Initialized
[DEBUG] [application] - 2014-12-16 16:42:10 --> UTF-8 Support Enabled
[DEBUG] [system.Module] - 2014-12-16 16:42:10 --> Loading "Hooks" application component
[DEBUG] [application] - 2014-12-16 16:42:10 --> Hooks Class Initialized
[DEBUG] [system.Module] - 2014-12-16 16:42:10 --> Loading "Router" application component
[DEBUG] [system.Module] - 2014-12-16 16:42:10 --> Loading "Uri" application component
[DEBUG] [application] - 2014-12-16 16:42:10 --> URI Class Initialized
[DEBUG] [application] - 2014-12-16 16:42:10 --> Router Class Initialized
[DEBUG] [application] - 2014-12-16 16:42:10 --> Config file loaded: /Users/geet/www/fly/framework/application/config/routes.php
[DEBUG] [application] - 2014-12-16 16:42:10 --> No URI present. Default controller set.
[DEBUG] [system.Module] - 2014-12-16 16:42:10 --> Loading "HttpRequest" application component
[DEBUG] [application] - 2014-12-16 16:42:10 --> HttpRequest Class Initialized
[DEBUG] [system.Module] - 2014-12-16 16:42:10 --> Loading "Security" application component
[DEBUG] [application] - 2014-12-16 16:42:10 --> Security Class Initialized
[DEBUG] [application] - 2014-12-16 16:42:10 --> XSS Filtering completed
[DEBUG] [application] - 2014-12-16 16:42:10 --> XSS Filtering completed
[DEBUG] [application] - 2014-12-16 16:42:10 --> XSS Filtering completed
[DEBUG] [application] - 2014-12-16 16:42:10 --> XSS Filtering completed
[DEBUG] [application] - 2014-12-16 16:42:10 --> XSS Filtering completed
[DEBUG] [application] - 2014-12-16 16:42:10 --> XSS Filtering completed
[DEBUG] [application] - 2014-12-16 16:42:10 --> XSS Filtering completed
[DEBUG] [application] - 2014-12-16 16:42:10 --> XSS Filtering completed
[DEBUG] [application] - 2014-12-16 16:42:10 --> XSS Filtering completed
[DEBUG] [application] - 2014-12-16 16:42:10 --> XSS Filtering completed
[DEBUG] [application] - 2014-12-16 16:42:10 --> XSS Filtering completed
[DEBUG] [application] - 2014-12-16 16:42:10 --> XSS Filtering completed
[DEBUG] [application] - 2014-12-16 16:42:10 --> XSS Filtering completed
[DEBUG] [application] - 2014-12-16 16:42:10 --> XSS Filtering completed
[DEBUG] [application] - 2014-12-16 16:42:10 --> XSS Filtering completed
[DEBUG] [application] - 2014-12-16 16:42:10 --> XSS Filtering completed
[DEBUG] [application] - 2014-12-16 16:42:10 --> XSS Filtering completed
[DEBUG] [application] - 2014-12-16 16:42:10 --> Global POST and COOKIE data sanitized
[DEBUG] [application] - 2014-12-16 16:59:33 --> Application Class Initialized
[DEBUG] [system.Module] - 2014-12-16 16:59:33 --> Loading "Log" application component
[DEBUG] [system.Module] - 2014-12-16 16:59:33 --> Loading "Utf8" application component
[DEBUG] [application] - 2014-12-16 16:59:33 --> Utf8 Class Initialized
[DEBUG] [application] - 2014-12-16 16:59:33 --> UTF-8 Support Enabled
[DEBUG] [system.Module] - 2014-12-16 16:59:33 --> Loading "Hooks" application component
[DEBUG] [application] - 2014-12-16 16:59:33 --> Hooks Class Initialized
[DEBUG] [system.Module] - 2014-12-16 16:59:33 --> Loading "Router" application component
[DEBUG] [system.Module] - 2014-12-16 16:59:33 --> Loading "Uri" application component
[DEBUG] [application] - 2014-12-16 16:59:33 --> URI Class Initialized
[DEBUG] [application] - 2014-12-16 16:59:33 --> Router Class Initialized
[DEBUG] [application] - 2014-12-16 16:59:33 --> Config file loaded: /Users/geet/www/fly/framework/application/config/routes.php
[DEBUG] [application] - 2014-12-16 16:59:33 --> No URI present. Default controller set.
[DEBUG] [system.Module] - 2014-12-16 16:59:33 --> Loading "HttpRequest" application component
[DEBUG] [application] - 2014-12-16 16:59:33 --> HttpRequest Class Initialized
[DEBUG] [system.Module] - 2014-12-16 16:59:33 --> Loading "Security" application component
[DEBUG] [application] - 2014-12-16 16:59:33 --> Security Class Initialized
[DEBUG] [application] - 2014-12-16 16:59:33 --> XSS Filtering completed
[DEBUG] [application] - 2014-12-16 16:59:33 --> XSS Filtering completed
[DEBUG] [application] - 2014-12-16 16:59:33 --> XSS Filtering completed
[DEBUG] [application] - 2014-12-16 16:59:33 --> XSS Filtering completed
[DEBUG] [application] - 2014-12-16 16:59:33 --> XSS Filtering completed
[DEBUG] [application] - 2014-12-16 16:59:33 --> XSS Filtering completed
[DEBUG] [application] - 2014-12-16 16:59:33 --> XSS Filtering completed
[DEBUG] [application] - 2014-12-16 16:59:33 --> XSS Filtering completed
[DEBUG] [application] - 2014-12-16 16:59:33 --> XSS Filtering completed
[DEBUG] [application] - 2014-12-16 16:59:33 --> XSS Filtering completed
[DEBUG] [application] - 2014-12-16 16:59:33 --> XSS Filtering completed
[DEBUG] [application] - 2014-12-16 16:59:33 --> XSS Filtering completed
[DEBUG] [application] - 2014-12-16 16:59:33 --> XSS Filtering completed
[DEBUG] [application] - 2014-12-16 16:59:33 --> XSS Filtering completed
[DEBUG] [application] - 2014-12-16 16:59:33 --> XSS Filtering completed
[DEBUG] [application] - 2014-12-16 16:59:33 --> XSS Filtering completed
[DEBUG] [application] - 2014-12-16 16:59:33 --> XSS Filtering completed
[DEBUG] [application] - 2014-12-16 16:59:33 --> Global POST and COOKIE data sanitized
[DEBUG] [application] - 2014-12-16 17:05:13 --> Application Class Initialized
[DEBUG] [system.Module] - 2014-12-16 17:05:13 --> Loading "Log" application component
[DEBUG] [system.Module] - 2014-12-16 17:05:13 --> Loading "Utf8" application component
[DEBUG] [application] - 2014-12-16 17:05:13 --> Utf8 Class Initialized
[DEBUG] [application] - 2014-12-16 17:05:13 --> UTF-8 Support Enabled
[DEBUG] [system.Module] - 2014-12-16 17:05:13 --> Loading "Hooks" application component
[DEBUG] [application] - 2014-12-16 17:05:13 --> Hooks Class Initialized
[DEBUG] [system.Module] - 2014-12-16 17:05:13 --> Loading "Router" application component
[DEBUG] [system.Module] - 2014-12-16 17:05:13 --> Loading "Uri" application component
[DEBUG] [application] - 2014-12-16 17:05:13 --> URI Class Initialized
[DEBUG] [application] - 2014-12-16 17:05:13 --> Router Class Initialized
[DEBUG] [application] - 2014-12-16 17:05:13 --> Config file loaded: /Users/geet/www/fly/framework/application/config/routes.php
[DEBUG] [application] - 2014-12-16 17:05:13 --> No URI present. Default controller set.
[DEBUG] [system.Module] - 2014-12-16 17:05:13 --> Loading "HttpRequest" application component
[DEBUG] [application] - 2014-12-16 17:05:13 --> HttpRequest Class Initialized
[DEBUG] [system.Module] - 2014-12-16 17:05:13 --> Loading "Security" application component
[DEBUG] [application] - 2014-12-16 17:05:13 --> Security Class Initialized
[DEBUG] [application] - 2014-12-16 17:05:13 --> XSS Filtering completed
[DEBUG] [application] - 2014-12-16 17:05:13 --> XSS Filtering completed
[DEBUG] [application] - 2014-12-16 17:05:13 --> XSS Filtering completed
[DEBUG] [application] - 2014-12-16 17:05:13 --> XSS Filtering completed
[DEBUG] [application] - 2014-12-16 17:05:13 --> XSS Filtering completed
[DEBUG] [application] - 2014-12-16 17:05:13 --> XSS Filtering completed
[DEBUG] [application] - 2014-12-16 17:05:13 --> XSS Filtering completed
[DEBUG] [application] - 2014-12-16 17:05:13 --> XSS Filtering completed
[DEBUG] [application] - 2014-12-16 17:05:13 --> XSS Filtering completed
[DEBUG] [application] - 2014-12-16 17:05:13 --> XSS Filtering completed
[DEBUG] [application] - 2014-12-16 17:05:13 --> XSS Filtering completed
[DEBUG] [application] - 2014-12-16 17:05:13 --> XSS Filtering completed
[DEBUG] [application] - 2014-12-16 17:05:13 --> XSS Filtering completed
[DEBUG] [application] - 2014-12-16 17:05:13 --> XSS Filtering completed
[DEBUG] [application] - 2014-12-16 17:05:13 --> XSS Filtering completed
[DEBUG] [application] - 2014-12-16 17:05:13 --> XSS Filtering completed
[DEBUG] [application] - 2014-12-16 17:05:13 --> XSS Filtering completed
[DEBUG] [application] - 2014-12-16 17:05:13 --> Global POST and COOKIE data sanitized
[DEBUG] [application] - 2014-12-16 17:05:26 --> Application Class Initialized
[DEBUG] [system.Module] - 2014-12-16 17:05:26 --> Loading "Log" application component
[DEBUG] [system.Module] - 2014-12-16 17:05:26 --> Loading "Utf8" application component
[DEBUG] [application] - 2014-12-16 17:05:26 --> Utf8 Class Initialized
[DEBUG] [application] - 2014-12-16 17:05:26 --> UTF-8 Support Enabled
[DEBUG] [system.Module] - 2014-12-16 17:05:26 --> Loading "Hooks" application component
[DEBUG] [application] - 2014-12-16 17:05:26 --> Hooks Class Initialized
[DEBUG] [system.Module] - 2014-12-16 17:05:26 --> Loading "Router" application component
[DEBUG] [system.Module] - 2014-12-16 17:05:26 --> Loading "Uri" application component
[DEBUG] [application] - 2014-12-16 17:05:26 --> URI Class Initialized
[DEBUG] [application] - 2014-12-16 17:05:26 --> Router Class Initialized
[DEBUG] [application] - 2014-12-16 17:05:26 --> Config file loaded: /Users/geet/www/fly/framework/application/config/routes.php
[DEBUG] [application] - 2014-12-16 17:05:26 --> No URI present. Default controller set.
[DEBUG] [system.Module] - 2014-12-16 17:05:26 --> Loading "HttpRequest" application component
[DEBUG] [application] - 2014-12-16 17:05:26 --> HttpRequest Class Initialized
[DEBUG] [system.Module] - 2014-12-16 17:05:26 --> Loading "Security" application component
[DEBUG] [application] - 2014-12-16 17:05:26 --> Security Class Initialized
[DEBUG] [application] - 2014-12-16 17:05:26 --> XSS Filtering completed
[DEBUG] [application] - 2014-12-16 17:05:26 --> XSS Filtering completed
[DEBUG] [application] - 2014-12-16 17:05:26 --> XSS Filtering completed
[DEBUG] [application] - 2014-12-16 17:05:26 --> XSS Filtering completed
[DEBUG] [application] - 2014-12-16 17:05:26 --> XSS Filtering completed
[DEBUG] [application] - 2014-12-16 17:05:26 --> XSS Filtering completed
[DEBUG] [application] - 2014-12-16 17:05:26 --> XSS Filtering completed
[DEBUG] [application] - 2014-12-16 17:05:26 --> XSS Filtering completed
[DEBUG] [application] - 2014-12-16 17:05:26 --> XSS Filtering completed
[DEBUG] [application] - 2014-12-16 17:05:26 --> XSS Filtering completed
[DEBUG] [application] - 2014-12-16 17:05:26 --> XSS Filtering completed
[DEBUG] [application] - 2014-12-16 17:05:26 --> XSS Filtering completed
[DEBUG] [application] - 2014-12-16 17:05:26 --> XSS Filtering completed
[DEBUG] [application] - 2014-12-16 17:05:26 --> XSS Filtering completed
[DEBUG] [application] - 2014-12-16 17:05:26 --> XSS Filtering completed
[DEBUG] [application] - 2014-12-16 17:05:26 --> XSS Filtering completed
[DEBUG] [application] - 2014-12-16 17:05:26 --> XSS Filtering completed
[DEBUG] [application] - 2014-12-16 17:05:26 --> Global POST and COOKIE data sanitized
[DEBUG] [application] - 2014-12-16 17:05:33 --> Application Class Initialized
[DEBUG] [system.Module] - 2014-12-16 17:05:33 --> Loading "Log" application component
[DEBUG] [system.Module] - 2014-12-16 17:05:33 --> Loading "Utf8" application component
[DEBUG] [application] - 2014-12-16 17:05:33 --> Utf8 Class Initialized
[DEBUG] [application] - 2014-12-16 17:05:33 --> UTF-8 Support Enabled
[DEBUG] [system.Module] - 2014-12-16 17:05:33 --> Loading "Hooks" application component
[DEBUG] [application] - 2014-12-16 17:05:33 --> Hooks Class Initialized
[DEBUG] [system.Module] - 2014-12-16 17:05:33 --> Loading "Router" application component
[DEBUG] [system.Module] - 2014-12-16 17:05:33 --> Loading "Uri" application component
[DEBUG] [application] - 2014-12-16 17:05:33 --> URI Class Initialized
[DEBUG] [application] - 2014-12-16 17:05:33 --> Router Class Initialized
[DEBUG] [application] - 2014-12-16 17:05:33 --> Config file loaded: /Users/geet/www/fly/framework/application/config/routes.php
[DEBUG] [application] - 2014-12-16 17:05:33 --> No URI present. Default controller set.
[DEBUG] [system.Module] - 2014-12-16 17:05:33 --> Loading "HttpRequest" application component
[DEBUG] [application] - 2014-12-16 17:05:33 --> HttpRequest Class Initialized
[DEBUG] [system.Module] - 2014-12-16 17:05:33 --> Loading "Security" application component
[DEBUG] [application] - 2014-12-16 17:05:33 --> Security Class Initialized
[DEBUG] [application] - 2014-12-16 17:05:33 --> XSS Filtering completed
[DEBUG] [application] - 2014-12-16 17:05:33 --> XSS Filtering completed
[DEBUG] [application] - 2014-12-16 17:05:33 --> XSS Filtering completed
[DEBUG] [application] - 2014-12-16 17:05:33 --> XSS Filtering completed
[DEBUG] [application] - 2014-12-16 17:05:33 --> XSS Filtering completed
[DEBUG] [application] - 2014-12-16 17:05:33 --> XSS Filtering completed
[DEBUG] [application] - 2014-12-16 17:05:33 --> XSS Filtering completed
[DEBUG] [application] - 2014-12-16 17:05:33 --> XSS Filtering completed
[DEBUG] [application] - 2014-12-16 17:05:33 --> XSS Filtering completed
[DEBUG] [application] - 2014-12-16 17:05:33 --> XSS Filtering completed
[DEBUG] [application] - 2014-12-16 17:05:33 --> XSS Filtering completed
[DEBUG] [application] - 2014-12-16 17:05:33 --> XSS Filtering completed
[DEBUG] [application] - 2014-12-16 17:05:33 --> XSS Filtering completed
[DEBUG] [application] - 2014-12-16 17:05:33 --> XSS Filtering completed
[DEBUG] [application] - 2014-12-16 17:05:33 --> XSS Filtering completed
[DEBUG] [application] - 2014-12-16 17:05:33 --> XSS Filtering completed
[DEBUG] [application] - 2014-12-16 17:05:33 --> XSS Filtering completed
[DEBUG] [application] - 2014-12-16 17:05:33 --> Global POST and COOKIE data sanitized
[DEBUG] [application] - 2014-12-16 17:05:35 --> Application Class Initialized
[DEBUG] [system.Module] - 2014-12-16 17:05:35 --> Loading "Log" application component
[DEBUG] [system.Module] - 2014-12-16 17:05:35 --> Loading "Utf8" application component
[DEBUG] [application] - 2014-12-16 17:05:35 --> Utf8 Class Initialized
[DEBUG] [application] - 2014-12-16 17:05:35 --> UTF-8 Support Enabled
[DEBUG] [system.Module] - 2014-12-16 17:05:35 --> Loading "Hooks" application component
[DEBUG] [application] - 2014-12-16 17:05:35 --> Hooks Class Initialized
[DEBUG] [system.Module] - 2014-12-16 17:05:35 --> Loading "Router" application component
[DEBUG] [system.Module] - 2014-12-16 17:05:35 --> Loading "Uri" application component
[DEBUG] [application] - 2014-12-16 17:05:35 --> URI Class Initialized
[DEBUG] [application] - 2014-12-16 17:05:35 --> Router Class Initialized
[DEBUG] [application] - 2014-12-16 17:05:35 --> Config file loaded: /Users/geet/www/fly/framework/application/config/routes.php
[DEBUG] [application] - 2014-12-16 17:05:35 --> No URI present. Default controller set.
[DEBUG] [system.Module] - 2014-12-16 17:05:35 --> Loading "HttpRequest" application component
[DEBUG] [application] - 2014-12-16 17:05:35 --> HttpRequest Class Initialized
[DEBUG] [system.Module] - 2014-12-16 17:05:35 --> Loading "Security" application component
[DEBUG] [application] - 2014-12-16 17:05:35 --> Security Class Initialized
[DEBUG] [application] - 2014-12-16 17:05:35 --> XSS Filtering completed
[DEBUG] [application] - 2014-12-16 17:05:35 --> XSS Filtering completed
[DEBUG] [application] - 2014-12-16 17:05:35 --> XSS Filtering completed
[DEBUG] [application] - 2014-12-16 17:05:35 --> XSS Filtering completed
[DEBUG] [application] - 2014-12-16 17:05:35 --> XSS Filtering completed
[DEBUG] [application] - 2014-12-16 17:05:35 --> XSS Filtering completed
[DEBUG] [application] - 2014-12-16 17:05:35 --> XSS Filtering completed
[DEBUG] [application] - 2014-12-16 17:05:35 --> XSS Filtering completed
[DEBUG] [application] - 2014-12-16 17:05:35 --> XSS Filtering completed
[DEBUG] [application] - 2014-12-16 17:05:35 --> XSS Filtering completed
[DEBUG] [application] - 2014-12-16 17:05:35 --> XSS Filtering completed
[DEBUG] [application] - 2014-12-16 17:05:35 --> XSS Filtering completed
[DEBUG] [application] - 2014-12-16 17:05:35 --> XSS Filtering completed
[DEBUG] [application] - 2014-12-16 17:05:35 --> XSS Filtering completed
[DEBUG] [application] - 2014-12-16 17:05:35 --> XSS Filtering completed
[DEBUG] [application] - 2014-12-16 17:05:35 --> XSS Filtering completed
[DEBUG] [application] - 2014-12-16 17:05:35 --> XSS Filtering completed
[DEBUG] [application] - 2014-12-16 17:05:35 --> Global POST and COOKIE data sanitized
[DEBUG] [application] - 2014-12-16 17:16:40 --> Application Class Initialized
[DEBUG] [system.Module] - 2014-12-16 17:16:40 --> Loading "Log" application component
[DEBUG] [system.Module] - 2014-12-16 17:16:40 --> Loading "Utf8" application component
[DEBUG] [application] - 2014-12-16 17:16:40 --> Utf8 Class Initialized
[DEBUG] [application] - 2014-12-16 17:16:40 --> UTF-8 Support Enabled
[DEBUG] [system.Module] - 2014-12-16 17:16:40 --> Loading "Hooks" application component
[DEBUG] [application] - 2014-12-16 17:16:40 --> Hooks Class Initialized
[DEBUG] [system.Module] - 2014-12-16 17:16:40 --> Loading "Router" application component
[DEBUG] [system.Module] - 2014-12-16 17:16:40 --> Loading "Uri" application component
[DEBUG] [application] - 2014-12-16 17:16:40 --> URI Class Initialized
[DEBUG] [application] - 2014-12-16 17:16:40 --> Router Class Initialized
[DEBUG] [application] - 2014-12-16 17:16:40 --> Config file loaded: /Users/geet/www/fly/framework/application/config/routes.php
[DEBUG] [application] - 2014-12-16 17:16:40 --> No URI present. Default controller set.
[DEBUG] [system.Module] - 2014-12-16 17:16:40 --> Loading "HttpRequest" application component
[DEBUG] [application] - 2014-12-16 17:16:40 --> HttpRequest Class Initialized
[DEBUG] [system.Module] - 2014-12-16 17:16:40 --> Loading "Security" application component
[DEBUG] [application] - 2014-12-16 17:16:40 --> Security Class Initialized
[DEBUG] [application] - 2014-12-16 17:16:40 --> XSS Filtering completed
[DEBUG] [application] - 2014-12-16 17:16:40 --> XSS Filtering completed
[DEBUG] [application] - 2014-12-16 17:16:40 --> XSS Filtering completed
[DEBUG] [application] - 2014-12-16 17:16:40 --> XSS Filtering completed
[DEBUG] [application] - 2014-12-16 17:16:40 --> XSS Filtering completed
[DEBUG] [application] - 2014-12-16 17:16:40 --> XSS Filtering completed
[DEBUG] [application] - 2014-12-16 17:16:40 --> XSS Filtering completed
[DEBUG] [application] - 2014-12-16 17:16:40 --> XSS Filtering completed
[DEBUG] [application] - 2014-12-16 17:16:40 --> XSS Filtering completed
[DEBUG] [application] - 2014-12-16 17:16:40 --> XSS Filtering completed
[DEBUG] [application] - 2014-12-16 17:16:40 --> XSS Filtering completed
[DEBUG] [application] - 2014-12-16 17:16:40 --> XSS Filtering completed
[DEBUG] [application] - 2014-12-16 17:16:40 --> XSS Filtering completed
[DEBUG] [application] - 2014-12-16 17:16:40 --> XSS Filtering completed
[DEBUG] [application] - 2014-12-16 17:16:40 --> XSS Filtering completed
[DEBUG] [application] - 2014-12-16 17:16:40 --> XSS Filtering completed
[DEBUG] [application] - 2014-12-16 17:16:40 --> XSS Filtering completed
[DEBUG] [application] - 2014-12-16 17:16:40 --> Global POST and COOKIE data sanitized
[DEBUG] [application] - 2014-12-16 17:20:42 --> Application Class Initialized
[DEBUG] [system.Module] - 2014-12-16 17:20:42 --> Loading "Log" application component
[DEBUG] [system.Module] - 2014-12-16 17:20:42 --> Loading "Utf8" application component
[DEBUG] [application] - 2014-12-16 17:20:42 --> Utf8 Class Initialized
[DEBUG] [application] - 2014-12-16 17:20:42 --> UTF-8 Support Enabled
[DEBUG] [system.Module] - 2014-12-16 17:20:42 --> Loading "Hooks" application component
[DEBUG] [application] - 2014-12-16 17:20:42 --> Hooks Class Initialized
[DEBUG] [system.Module] - 2014-12-16 17:20:42 --> Loading "Router" application component
[DEBUG] [system.Module] - 2014-12-16 17:20:42 --> Loading "Uri" application component
[DEBUG] [application] - 2014-12-16 17:20:42 --> URI Class Initialized
[DEBUG] [application] - 2014-12-16 17:20:42 --> Router Class Initialized
[DEBUG] [application] - 2014-12-16 17:20:42 --> Config file loaded: /Users/geet/www/fly/framework/application/config/routes.php
[DEBUG] [application] - 2014-12-16 17:20:42 --> No URI present. Default controller set.
[DEBUG] [system.Module] - 2014-12-16 17:20:42 --> Loading "HttpRequest" application component
[DEBUG] [application] - 2014-12-16 17:20:42 --> HttpRequest Class Initialized
[DEBUG] [system.Module] - 2014-12-16 17:20:42 --> Loading "Security" application component
[DEBUG] [application] - 2014-12-16 17:20:42 --> Security Class Initialized
[DEBUG] [application] - 2014-12-16 17:20:42 --> XSS Filtering completed
[DEBUG] [application] - 2014-12-16 17:20:42 --> XSS Filtering completed
[DEBUG] [application] - 2014-12-16 17:20:42 --> XSS Filtering completed
[DEBUG] [application] - 2014-12-16 17:20:42 --> XSS Filtering completed
[DEBUG] [application] - 2014-12-16 17:20:42 --> XSS Filtering completed
[DEBUG] [application] - 2014-12-16 17:20:42 --> XSS Filtering completed
[DEBUG] [application] - 2014-12-16 17:20:42 --> XSS Filtering completed
[DEBUG] [application] - 2014-12-16 17:20:42 --> XSS Filtering completed
[DEBUG] [application] - 2014-12-16 17:20:42 --> XSS Filtering completed
[DEBUG] [application] - 2014-12-16 17:20:42 --> XSS Filtering completed
[DEBUG] [application] - 2014-12-16 17:20:42 --> XSS Filtering completed
[DEBUG] [application] - 2014-12-16 17:20:42 --> XSS Filtering completed
[DEBUG] [application] - 2014-12-16 17:20:42 --> XSS Filtering completed
[DEBUG] [application] - 2014-12-16 17:20:42 --> XSS Filtering completed
[DEBUG] [application] - 2014-12-16 17:20:42 --> XSS Filtering completed
[DEBUG] [application] - 2014-12-16 17:20:42 --> XSS Filtering completed
[DEBUG] [application] - 2014-12-16 17:20:42 --> XSS Filtering completed
[DEBUG] [application] - 2014-12-16 17:20:42 --> Global POST and COOKIE data sanitized
[DEBUG] [application] - 2014-12-16 17:22:05 --> Application Class Initialized
[DEBUG] [system.Module] - 2014-12-16 17:22:05 --> Loading "Log" application component
[DEBUG] [system.Module] - 2014-12-16 17:22:05 --> Loading "Utf8" application component
[DEBUG] [application] - 2014-12-16 17:22:05 --> Utf8 Class Initialized
[DEBUG] [application] - 2014-12-16 17:22:05 --> UTF-8 Support Enabled
[DEBUG] [system.Module] - 2014-12-16 17:22:05 --> Loading "Hooks" application component
[DEBUG] [application] - 2014-12-16 17:22:05 --> Hooks Class Initialized
[DEBUG] [system.Module] - 2014-12-16 17:22:05 --> Loading "Router" application component
[DEBUG] [system.Module] - 2014-12-16 17:22:05 --> Loading "Uri" application component
[DEBUG] [application] - 2014-12-16 17:22:05 --> URI Class Initialized
[DEBUG] [application] - 2014-12-16 17:22:05 --> Router Class Initialized
[DEBUG] [application] - 2014-12-16 17:22:05 --> Config file loaded: /Users/geet/www/fly/framework/application/config/routes.php
[DEBUG] [application] - 2014-12-16 17:22:05 --> No URI present. Default controller set.
[DEBUG] [system.Module] - 2014-12-16 17:22:05 --> Loading "HttpRequest" application component
[DEBUG] [application] - 2014-12-16 17:22:05 --> HttpRequest Class Initialized
[DEBUG] [system.Module] - 2014-12-16 17:22:05 --> Loading "Security" application component
[DEBUG] [application] - 2014-12-16 17:22:05 --> Security Class Initialized
[DEBUG] [application] - 2014-12-16 17:22:05 --> XSS Filtering completed
[DEBUG] [application] - 2014-12-16 17:22:05 --> XSS Filtering completed
[DEBUG] [application] - 2014-12-16 17:22:05 --> XSS Filtering completed
[DEBUG] [application] - 2014-12-16 17:22:05 --> XSS Filtering completed
[DEBUG] [application] - 2014-12-16 17:22:05 --> XSS Filtering completed
[DEBUG] [application] - 2014-12-16 17:22:05 --> XSS Filtering completed
[DEBUG] [application] - 2014-12-16 17:22:05 --> XSS Filtering completed
[DEBUG] [application] - 2014-12-16 17:22:05 --> XSS Filtering completed
[DEBUG] [application] - 2014-12-16 17:22:05 --> XSS Filtering completed
[DEBUG] [application] - 2014-12-16 17:22:05 --> XSS Filtering completed
[DEBUG] [application] - 2014-12-16 17:22:05 --> XSS Filtering completed
[DEBUG] [application] - 2014-12-16 17:22:05 --> XSS Filtering completed
[DEBUG] [application] - 2014-12-16 17:22:05 --> XSS Filtering completed
[DEBUG] [application] - 2014-12-16 17:22:05 --> XSS Filtering completed
[DEBUG] [application] - 2014-12-16 17:22:05 --> XSS Filtering completed
[DEBUG] [application] - 2014-12-16 17:22:05 --> XSS Filtering completed
[DEBUG] [application] - 2014-12-16 17:22:05 --> XSS Filtering completed
[DEBUG] [application] - 2014-12-16 17:22:05 --> Global POST and COOKIE data sanitized
[DEBUG] [application] - 2014-12-16 17:24:46 --> Application Class Initialized
[DEBUG] [system.Module] - 2014-12-16 17:24:46 --> Loading "Log" application component
[DEBUG] [system.Module] - 2014-12-16 17:24:47 --> Loading "Utf8" application component
[DEBUG] [application] - 2014-12-16 17:24:47 --> Utf8 Class Initialized
[DEBUG] [application] - 2014-12-16 17:24:47 --> UTF-8 Support Enabled
[DEBUG] [system.Module] - 2014-12-16 17:24:47 --> Loading "Hooks" application component
[DEBUG] [application] - 2014-12-16 17:24:47 --> Hooks Class Initialized
[DEBUG] [system.Module] - 2014-12-16 17:24:47 --> Loading "Router" application component
[DEBUG] [system.Module] - 2014-12-16 17:24:47 --> Loading "Uri" application component
[DEBUG] [application] - 2014-12-16 17:24:47 --> URI Class Initialized
[DEBUG] [application] - 2014-12-16 17:24:47 --> Router Class Initialized
[DEBUG] [application] - 2014-12-16 17:24:47 --> Config file loaded: /Users/geet/www/fly/framework/application/config/routes.php
[DEBUG] [application] - 2014-12-16 17:24:47 --> No URI present. Default controller set.
[DEBUG] [system.Module] - 2014-12-16 17:24:47 --> Loading "HttpRequest" application component
[DEBUG] [application] - 2014-12-16 17:24:47 --> HttpRequest Class Initialized
[DEBUG] [system.Module] - 2014-12-16 17:24:47 --> Loading "Security" application component
[DEBUG] [application] - 2014-12-16 17:24:47 --> Security Class Initialized
[DEBUG] [application] - 2014-12-16 17:24:47 --> XSS Filtering completed
[DEBUG] [application] - 2014-12-16 17:24:47 --> XSS Filtering completed
[DEBUG] [application] - 2014-12-16 17:24:47 --> XSS Filtering completed
[DEBUG] [application] - 2014-12-16 17:24:47 --> XSS Filtering completed
[DEBUG] [application] - 2014-12-16 17:24:47 --> XSS Filtering completed
[DEBUG] [application] - 2014-12-16 17:24:47 --> XSS Filtering completed
[DEBUG] [application] - 2014-12-16 17:24:47 --> XSS Filtering completed
[DEBUG] [application] - 2014-12-16 17:24:47 --> XSS Filtering completed
[DEBUG] [application] - 2014-12-16 17:24:47 --> XSS Filtering completed
[DEBUG] [application] - 2014-12-16 17:24:47 --> XSS Filtering completed
[DEBUG] [application] - 2014-12-16 17:24:47 --> XSS Filtering completed
[DEBUG] [application] - 2014-12-16 17:24:47 --> XSS Filtering completed
[DEBUG] [application] - 2014-12-16 17:24:47 --> XSS Filtering completed
[DEBUG] [application] - 2014-12-16 17:24:47 --> XSS Filtering completed
[DEBUG] [application] - 2014-12-16 17:24:47 --> XSS Filtering completed
[DEBUG] [application] - 2014-12-16 17:24:47 --> XSS Filtering completed
[DEBUG] [application] - 2014-12-16 17:24:47 --> XSS Filtering completed
[DEBUG] [application] - 2014-12-16 17:24:47 --> Global POST and COOKIE data sanitized
