[DEBUG] [application] - 2014-12-15 21:17:13 --> Application Class Initialized
[DEBUG] [system.Module] - 2014-12-15 21:17:13 --> Loading "Log" application component
[DEBUG] [system.Module] - 2014-12-15 21:17:13 --> Loading "Utf8" application component
[DEBUG] [application] - 2014-12-15 21:17:13 --> Utf8 Class Initialized
[DEBUG] [application] - 2014-12-15 21:17:13 --> UTF-8 Support Enabled
[DEBUG] [system.Module] - 2014-12-15 21:17:13 --> Loading "Hooks" application component
[DEBUG] [application] - 2014-12-15 21:17:14 --> Hooks Class Initialized
[DEBUG] [system.Module] - 2014-12-15 21:17:14 --> Loading "Router" application component
[DEBUG] [system.Module] - 2014-12-15 21:17:14 --> Loading "Uri" application component
[DEBUG] [application] - 2014-12-15 21:17:14 --> URI Class Initialized
[DEBUG] [application] - 2014-12-15 21:17:14 --> Router Class Initialized
[DEBUG] [application] - 2014-12-15 21:17:14 --> Config file loaded: /Users/geet/www/fly/framework/application/config/routes.php
[DEBUG] [application] - 2014-12-15 21:17:14 --> No URI present. Default controller set.
[DEBUG] [application] - 2014-12-15 21:17:17 --> Application Class Initialized
[DEBUG] [system.Module] - 2014-12-15 21:17:17 --> Loading "Log" application component
[DEBUG] [system.Module] - 2014-12-15 21:17:17 --> Loading "Utf8" application component
[DEBUG] [application] - 2014-12-15 21:17:17 --> Utf8 Class Initialized
[DEBUG] [application] - 2014-12-15 21:17:17 --> UTF-8 Support Enabled
[DEBUG] [system.Module] - 2014-12-15 21:17:17 --> Loading "Hooks" application component
[DEBUG] [application] - 2014-12-15 21:17:17 --> Hooks Class Initialized
[DEBUG] [system.Module] - 2014-12-15 21:17:17 --> Loading "Router" application component
[DEBUG] [system.Module] - 2014-12-15 21:17:17 --> Loading "Uri" application component
[DEBUG] [application] - 2014-12-15 21:17:17 --> URI Class Initialized
[DEBUG] [application] - 2014-12-15 21:17:17 --> Router Class Initialized
[DEBUG] [application] - 2014-12-15 21:17:17 --> Config file loaded: /Users/geet/www/fly/framework/application/config/routes.php
[DEBUG] [application] - 2014-12-15 21:17:17 --> No URI present. Default controller set.
[DEBUG] [application] - 2014-12-15 21:25:15 --> Application Class Initialized
[DEBUG] [system.Module] - 2014-12-15 21:25:15 --> Loading "Log" application component
[DEBUG] [system.Module] - 2014-12-15 21:25:15 --> Loading "Utf8" application component
[DEBUG] [application] - 2014-12-15 21:25:15 --> Utf8 Class Initialized
[DEBUG] [application] - 2014-12-15 21:25:15 --> UTF-8 Support Enabled
[DEBUG] [system.Module] - 2014-12-15 21:25:15 --> Loading "Hooks" application component
[DEBUG] [application] - 2014-12-15 21:25:15 --> Hooks Class Initialized
[DEBUG] [system.Module] - 2014-12-15 21:25:15 --> Loading "Router" application component
[DEBUG] [system.Module] - 2014-12-15 21:25:15 --> Loading "Uri" application component
[DEBUG] [application] - 2014-12-15 21:25:15 --> URI Class Initialized
[DEBUG] [application] - 2014-12-15 21:25:15 --> Router Class Initialized
[DEBUG] [application] - 2014-12-15 21:25:15 --> Config file loaded: /Users/geet/www/fly/framework/application/config/routes.php
[DEBUG] [application] - 2014-12-15 21:25:15 --> No URI present. Default controller set.
[DEBUG] [system.Module] - 2014-12-15 21:25:15 --> Loading "Lang" application component
[DEBUG] [application] - 2014-12-15 21:25:16 --> Language Class Initialized
[DEBUG] [application] - 2014-12-15 21:25:16 --> Language file loaded: language/english/number_lang.php
[DEBUG] [application] - 2014-12-15 21:25:35 --> Application Class Initialized
[DEBUG] [system.Module] - 2014-12-15 21:25:35 --> Loading "Log" application component
[DEBUG] [system.Module] - 2014-12-15 21:25:35 --> Loading "Utf8" application component
[DEBUG] [application] - 2014-12-15 21:25:35 --> Utf8 Class Initialized
[DEBUG] [application] - 2014-12-15 21:25:35 --> UTF-8 Support Enabled
[DEBUG] [system.Module] - 2014-12-15 21:25:35 --> Loading "Hooks" application component
[DEBUG] [application] - 2014-12-15 21:25:35 --> Hooks Class Initialized
[DEBUG] [system.Module] - 2014-12-15 21:25:35 --> Loading "Router" application component
[DEBUG] [system.Module] - 2014-12-15 21:25:35 --> Loading "Uri" application component
[DEBUG] [application] - 2014-12-15 21:25:35 --> URI Class Initialized
[DEBUG] [application] - 2014-12-15 21:25:35 --> Router Class Initialized
[DEBUG] [application] - 2014-12-15 21:25:35 --> Config file loaded: /Users/geet/www/fly/framework/application/config/routes.php
[DEBUG] [application] - 2014-12-15 21:25:35 --> No URI present. Default controller set.
[DEBUG] [system.Module] - 2014-12-15 21:25:35 --> Loading "Lang" application component
[DEBUG] [application] - 2014-12-15 21:25:35 --> Language Class Initialized
[DEBUG] [application] - 2014-12-15 21:25:35 --> Language file loaded: language/english/number_lang.php
[DEBUG] [application] - 2014-12-15 21:25:37 --> Application Class Initialized
[DEBUG] [system.Module] - 2014-12-15 21:25:37 --> Loading "Log" application component
[DEBUG] [system.Module] - 2014-12-15 21:25:37 --> Loading "Utf8" application component
[DEBUG] [application] - 2014-12-15 21:25:37 --> Utf8 Class Initialized
[DEBUG] [application] - 2014-12-15 21:25:37 --> UTF-8 Support Enabled
[DEBUG] [system.Module] - 2014-12-15 21:25:37 --> Loading "Hooks" application component
[DEBUG] [application] - 2014-12-15 21:25:37 --> Hooks Class Initialized
[DEBUG] [system.Module] - 2014-12-15 21:25:37 --> Loading "Router" application component
[DEBUG] [system.Module] - 2014-12-15 21:25:37 --> Loading "Uri" application component
[DEBUG] [application] - 2014-12-15 21:25:37 --> URI Class Initialized
[DEBUG] [application] - 2014-12-15 21:25:37 --> Router Class Initialized
[DEBUG] [application] - 2014-12-15 21:25:37 --> Config file loaded: /Users/geet/www/fly/framework/application/config/routes.php
[DEBUG] [application] - 2014-12-15 21:25:37 --> No URI present. Default controller set.
[DEBUG] [system.Module] - 2014-12-15 21:25:37 --> Loading "Lang" application component
[DEBUG] [application] - 2014-12-15 21:25:37 --> Language Class Initialized
[DEBUG] [application] - 2014-12-15 21:25:37 --> Language file loaded: language/english/number_lang.php
[DEBUG] [application] - 2014-12-15 21:41:10 --> Application Class Initialized
[DEBUG] [system.Module] - 2014-12-15 21:41:10 --> Loading "Log" application component
[DEBUG] [system.Module] - 2014-12-15 21:41:10 --> Loading "Utf8" application component
[DEBUG] [application] - 2014-12-15 21:41:10 --> Utf8 Class Initialized
[DEBUG] [application] - 2014-12-15 21:41:10 --> UTF-8 Support Enabled
[DEBUG] [system.Module] - 2014-12-15 21:41:10 --> Loading "Hooks" application component
[DEBUG] [application] - 2014-12-15 21:41:10 --> Hooks Class Initialized
[DEBUG] [system.Module] - 2014-12-15 21:41:10 --> Loading "Router" application component
[DEBUG] [system.Module] - 2014-12-15 21:41:10 --> Loading "Uri" application component
[DEBUG] [application] - 2014-12-15 21:41:10 --> URI Class Initialized
[DEBUG] [application] - 2014-12-15 21:41:10 --> Router Class Initialized
[DEBUG] [application] - 2014-12-15 21:41:10 --> Config file loaded: /Users/geet/www/fly/framework/application/config/routes.php
[DEBUG] [application] - 2014-12-15 21:41:10 --> No URI present. Default controller set.
[DEBUG] [application] - 2014-12-15 21:41:47 --> Application Class Initialized
[DEBUG] [system.Module] - 2014-12-15 21:41:47 --> Loading "Log" application component
[DEBUG] [system.Module] - 2014-12-15 21:41:47 --> Loading "Utf8" application component
[DEBUG] [application] - 2014-12-15 21:41:47 --> Utf8 Class Initialized
[DEBUG] [application] - 2014-12-15 21:41:47 --> UTF-8 Support Enabled
[DEBUG] [system.Module] - 2014-12-15 21:41:47 --> Loading "Hooks" application component
[DEBUG] [application] - 2014-12-15 21:41:47 --> Hooks Class Initialized
[DEBUG] [system.Module] - 2014-12-15 21:41:47 --> Loading "Router" application component
[DEBUG] [system.Module] - 2014-12-15 21:41:47 --> Loading "Uri" application component
[DEBUG] [application] - 2014-12-15 21:41:47 --> URI Class Initialized
[DEBUG] [application] - 2014-12-15 21:41:47 --> Router Class Initialized
[DEBUG] [application] - 2014-12-15 21:41:47 --> Config file loaded: /Users/geet/www/fly/framework/application/config/routes.php
[DEBUG] [application] - 2014-12-15 21:41:47 --> No URI present. Default controller set.
[DEBUG] [application] - 2014-12-15 21:41:49 --> Application Class Initialized
[DEBUG] [system.Module] - 2014-12-15 21:41:49 --> Loading "Log" application component
[DEBUG] [system.Module] - 2014-12-15 21:41:49 --> Loading "Utf8" application component
[DEBUG] [application] - 2014-12-15 21:41:49 --> Utf8 Class Initialized
[DEBUG] [application] - 2014-12-15 21:41:49 --> UTF-8 Support Enabled
[DEBUG] [system.Module] - 2014-12-15 21:41:49 --> Loading "Hooks" application component
[DEBUG] [application] - 2014-12-15 21:41:49 --> Hooks Class Initialized
[DEBUG] [system.Module] - 2014-12-15 21:41:49 --> Loading "Router" application component
[DEBUG] [system.Module] - 2014-12-15 21:41:49 --> Loading "Uri" application component
[DEBUG] [application] - 2014-12-15 21:41:49 --> URI Class Initialized
[DEBUG] [application] - 2014-12-15 21:41:49 --> Router Class Initialized
[DEBUG] [application] - 2014-12-15 21:41:49 --> Config file loaded: /Users/geet/www/fly/framework/application/config/routes.php
[DEBUG] [application] - 2014-12-15 21:41:49 --> No URI present. Default controller set.
[DEBUG] [application] - 2014-12-15 21:42:07 --> Application Class Initialized
[DEBUG] [system.Module] - 2014-12-15 21:42:07 --> Loading "Log" application component
[DEBUG] [system.Module] - 2014-12-15 21:42:07 --> Loading "Utf8" application component
[DEBUG] [application] - 2014-12-15 21:42:07 --> Utf8 Class Initialized
[DEBUG] [application] - 2014-12-15 21:42:07 --> UTF-8 Support Enabled
[DEBUG] [system.Module] - 2014-12-15 21:42:07 --> Loading "Hooks" application component
[DEBUG] [application] - 2014-12-15 21:42:07 --> Hooks Class Initialized
[DEBUG] [system.Module] - 2014-12-15 21:42:07 --> Loading "Router" application component
[DEBUG] [system.Module] - 2014-12-15 21:42:07 --> Loading "Uri" application component
[DEBUG] [application] - 2014-12-15 21:42:07 --> URI Class Initialized
[DEBUG] [application] - 2014-12-15 21:42:07 --> Router Class Initialized
[DEBUG] [application] - 2014-12-15 21:42:07 --> Config file loaded: /Users/geet/www/fly/framework/application/config/routes.php
[DEBUG] [application] - 2014-12-15 21:42:07 --> No URI present. Default controller set.
[DEBUG] [application] - 2014-12-15 21:42:42 --> Application Class Initialized
[DEBUG] [system.Module] - 2014-12-15 21:42:42 --> Loading "Log" application component
[DEBUG] [system.Module] - 2014-12-15 21:42:42 --> Loading "Utf8" application component
[DEBUG] [application] - 2014-12-15 21:42:42 --> Utf8 Class Initialized
[DEBUG] [application] - 2014-12-15 21:42:42 --> UTF-8 Support Enabled
[DEBUG] [system.Module] - 2014-12-15 21:42:42 --> Loading "Hooks" application component
[DEBUG] [application] - 2014-12-15 21:42:42 --> Hooks Class Initialized
[DEBUG] [system.Module] - 2014-12-15 21:42:42 --> Loading "Router" application component
[DEBUG] [system.Module] - 2014-12-15 21:42:42 --> Loading "Uri" application component
[DEBUG] [application] - 2014-12-15 21:42:42 --> URI Class Initialized
[DEBUG] [application] - 2014-12-15 21:42:42 --> Router Class Initialized
[DEBUG] [application] - 2014-12-15 21:42:42 --> Config file loaded: /Users/geet/www/fly/framework/application/config/routes.php
[DEBUG] [application] - 2014-12-15 21:42:42 --> No URI present. Default controller set.
[DEBUG] [system.Module] - 2014-12-15 21:42:42 --> Loading "Lang" application component
[DEBUG] [application] - 2014-12-15 21:42:42 --> Language Class Initialized
[DEBUG] [application] - 2014-12-15 21:42:42 --> Language file loaded: language/english/number_lang.php
[DEBUG] [application] - 2014-12-15 21:47:22 --> Application Class Initialized
[DEBUG] [system.Module] - 2014-12-15 21:47:22 --> Loading "Log" application component
[DEBUG] [system.Module] - 2014-12-15 21:47:22 --> Loading "Utf8" application component
[DEBUG] [application] - 2014-12-15 21:47:22 --> Utf8 Class Initialized
[DEBUG] [application] - 2014-12-15 21:47:22 --> UTF-8 Support Enabled
[DEBUG] [system.Module] - 2014-12-15 21:47:22 --> Loading "Hooks" application component
[DEBUG] [application] - 2014-12-15 21:47:22 --> Hooks Class Initialized
[DEBUG] [system.Module] - 2014-12-15 21:47:22 --> Loading "Router" application component
[DEBUG] [system.Module] - 2014-12-15 21:47:22 --> Loading "Uri" application component
[DEBUG] [application] - 2014-12-15 21:47:22 --> URI Class Initialized
[DEBUG] [application] - 2014-12-15 21:47:22 --> Router Class Initialized
[DEBUG] [application] - 2014-12-15 21:47:22 --> Config file loaded: /Users/geet/www/fly/framework/application/config/routes.php
[DEBUG] [application] - 2014-12-15 21:47:22 --> No URI present. Default controller set.
[DEBUG] [system.Module] - 2014-12-15 21:47:22 --> Loading "Lang" application component
[DEBUG] [application] - 2014-12-15 21:47:22 --> Language Class Initialized
[DEBUG] [application] - 2014-12-15 21:47:22 --> Language file loaded: language/english/number_lang.php
[DEBUG] [application] - 2014-12-15 21:51:13 --> Application Class Initialized
[DEBUG] [system.Module] - 2014-12-15 21:51:13 --> Loading "Log" application component
[DEBUG] [system.Module] - 2014-12-15 21:51:13 --> Loading "Utf8" application component
[DEBUG] [application] - 2014-12-15 21:51:13 --> Utf8 Class Initialized
[DEBUG] [application] - 2014-12-15 21:51:13 --> UTF-8 Support Enabled
[DEBUG] [system.Module] - 2014-12-15 21:51:13 --> Loading "Hooks" application component
[DEBUG] [application] - 2014-12-15 21:51:13 --> Hooks Class Initialized
[DEBUG] [system.Module] - 2014-12-15 21:51:13 --> Loading "Router" application component
[DEBUG] [system.Module] - 2014-12-15 21:51:13 --> Loading "Uri" application component
[DEBUG] [application] - 2014-12-15 21:51:13 --> URI Class Initialized
[DEBUG] [application] - 2014-12-15 21:51:13 --> Router Class Initialized
[DEBUG] [application] - 2014-12-15 21:51:13 --> Config file loaded: /Users/geet/www/fly/framework/application/config/routes.php
[DEBUG] [application] - 2014-12-15 21:51:13 --> No URI present. Default controller set.
[DEBUG] [application] - 2014-12-15 21:52:03 --> Application Class Initialized
[DEBUG] [system.Module] - 2014-12-15 21:52:03 --> Loading "Log" application component
[DEBUG] [system.Module] - 2014-12-15 21:52:03 --> Loading "Utf8" application component
[DEBUG] [application] - 2014-12-15 21:52:03 --> Utf8 Class Initialized
[DEBUG] [application] - 2014-12-15 21:52:03 --> UTF-8 Support Enabled
[DEBUG] [system.Module] - 2014-12-15 21:52:03 --> Loading "Hooks" application component
[DEBUG] [application] - 2014-12-15 21:52:03 --> Hooks Class Initialized
[DEBUG] [system.Module] - 2014-12-15 21:52:03 --> Loading "Router" application component
[DEBUG] [system.Module] - 2014-12-15 21:52:03 --> Loading "Uri" application component
[DEBUG] [application] - 2014-12-15 21:52:03 --> URI Class Initialized
[DEBUG] [application] - 2014-12-15 21:52:03 --> Router Class Initialized
[DEBUG] [application] - 2014-12-15 21:52:03 --> Config file loaded: /Users/geet/www/fly/framework/application/config/routes.php
[DEBUG] [application] - 2014-12-15 21:52:03 --> No URI present. Default controller set.
[DEBUG] [application] - 2014-12-15 21:52:05 --> Application Class Initialized
[DEBUG] [system.Module] - 2014-12-15 21:52:05 --> Loading "Log" application component
[DEBUG] [system.Module] - 2014-12-15 21:52:05 --> Loading "Utf8" application component
[DEBUG] [application] - 2014-12-15 21:52:05 --> Utf8 Class Initialized
[DEBUG] [application] - 2014-12-15 21:52:05 --> UTF-8 Support Enabled
[DEBUG] [system.Module] - 2014-12-15 21:52:05 --> Loading "Hooks" application component
[DEBUG] [application] - 2014-12-15 21:52:05 --> Hooks Class Initialized
[DEBUG] [system.Module] - 2014-12-15 21:52:05 --> Loading "Router" application component
[DEBUG] [system.Module] - 2014-12-15 21:52:05 --> Loading "Uri" application component
[DEBUG] [application] - 2014-12-15 21:52:05 --> URI Class Initialized
[DEBUG] [application] - 2014-12-15 21:52:05 --> Router Class Initialized
[DEBUG] [application] - 2014-12-15 21:52:05 --> Config file loaded: /Users/geet/www/fly/framework/application/config/routes.php
[DEBUG] [application] - 2014-12-15 21:52:05 --> No URI present. Default controller set.
[DEBUG] [application] - 2014-12-15 21:52:49 --> Application Class Initialized
[DEBUG] [system.Module] - 2014-12-15 21:52:49 --> Loading "Log" application component
[DEBUG] [system.Module] - 2014-12-15 21:52:49 --> Loading "Utf8" application component
[DEBUG] [application] - 2014-12-15 21:52:49 --> Utf8 Class Initialized
[DEBUG] [application] - 2014-12-15 21:52:49 --> UTF-8 Support Enabled
[DEBUG] [system.Module] - 2014-12-15 21:52:49 --> Loading "Hooks" application component
[DEBUG] [application] - 2014-12-15 21:52:49 --> Hooks Class Initialized
[DEBUG] [system.Module] - 2014-12-15 21:52:49 --> Loading "Router" application component
[DEBUG] [system.Module] - 2014-12-15 21:52:49 --> Loading "Uri" application component
[DEBUG] [application] - 2014-12-15 21:52:49 --> URI Class Initialized
[DEBUG] [application] - 2014-12-15 21:52:49 --> Router Class Initialized
[DEBUG] [application] - 2014-12-15 21:52:49 --> Config file loaded: /Users/geet/www/fly/framework/application/config/routes.php
[DEBUG] [application] - 2014-12-15 21:52:49 --> No URI present. Default controller set.
[DEBUG] [application] - 2014-12-15 21:54:18 --> Application Class Initialized
[DEBUG] [system.Module] - 2014-12-15 21:54:18 --> Loading "Log" application component
[DEBUG] [system.Module] - 2014-12-15 21:54:18 --> Loading "Utf8" application component
[DEBUG] [application] - 2014-12-15 21:54:18 --> Utf8 Class Initialized
[DEBUG] [application] - 2014-12-15 21:54:18 --> UTF-8 Support Enabled
[DEBUG] [system.Module] - 2014-12-15 21:54:18 --> Loading "Hooks" application component
[DEBUG] [application] - 2014-12-15 21:54:18 --> Hooks Class Initialized
[DEBUG] [system.Module] - 2014-12-15 21:54:18 --> Loading "Router" application component
[DEBUG] [system.Module] - 2014-12-15 21:54:18 --> Loading "Uri" application component
[DEBUG] [application] - 2014-12-15 21:54:18 --> URI Class Initialized
[DEBUG] [application] - 2014-12-15 21:54:18 --> Router Class Initialized
[DEBUG] [application] - 2014-12-15 21:54:18 --> Config file loaded: /Users/geet/www/fly/framework/application/config/routes.php
[DEBUG] [application] - 2014-12-15 21:54:18 --> No URI present. Default controller set.
[DEBUG] [application] - 2014-12-15 21:54:32 --> Application Class Initialized
[DEBUG] [system.Module] - 2014-12-15 21:54:32 --> Loading "Log" application component
[DEBUG] [system.Module] - 2014-12-15 21:54:32 --> Loading "Utf8" application component
[DEBUG] [application] - 2014-12-15 21:54:32 --> Utf8 Class Initialized
[DEBUG] [application] - 2014-12-15 21:54:32 --> UTF-8 Support Enabled
[DEBUG] [system.Module] - 2014-12-15 21:54:32 --> Loading "Hooks" application component
[DEBUG] [application] - 2014-12-15 21:54:32 --> Hooks Class Initialized
[DEBUG] [system.Module] - 2014-12-15 21:54:32 --> Loading "Router" application component
[DEBUG] [system.Module] - 2014-12-15 21:54:32 --> Loading "Uri" application component
[DEBUG] [application] - 2014-12-15 21:54:32 --> URI Class Initialized
[DEBUG] [application] - 2014-12-15 21:54:32 --> Router Class Initialized
[DEBUG] [application] - 2014-12-15 21:54:32 --> Config file loaded: /Users/geet/www/fly/framework/application/config/routes.php
[DEBUG] [application] - 2014-12-15 21:54:32 --> No URI present. Default controller set.
[DEBUG] [application] - 2014-12-15 21:55:40 --> Application Class Initialized
[DEBUG] [system.Module] - 2014-12-15 21:55:40 --> Loading "Log" application component
[DEBUG] [system.Module] - 2014-12-15 21:55:40 --> Loading "Utf8" application component
[DEBUG] [application] - 2014-12-15 21:55:40 --> Utf8 Class Initialized
[DEBUG] [application] - 2014-12-15 21:55:40 --> UTF-8 Support Enabled
[DEBUG] [system.Module] - 2014-12-15 21:55:40 --> Loading "Hooks" application component
[DEBUG] [application] - 2014-12-15 21:55:40 --> Hooks Class Initialized
[DEBUG] [system.Module] - 2014-12-15 21:55:40 --> Loading "Router" application component
[DEBUG] [system.Module] - 2014-12-15 21:55:40 --> Loading "Uri" application component
[DEBUG] [application] - 2014-12-15 21:55:40 --> URI Class Initialized
[DEBUG] [application] - 2014-12-15 21:55:40 --> Router Class Initialized
[DEBUG] [application] - 2014-12-15 21:55:40 --> Config file loaded: /Users/geet/www/fly/framework/application/config/routes.php
[DEBUG] [application] - 2014-12-15 21:55:40 --> No URI present. Default controller set.
[DEBUG] [application] - 2014-12-15 21:55:43 --> Application Class Initialized
[DEBUG] [system.Module] - 2014-12-15 21:55:43 --> Loading "Log" application component
[DEBUG] [system.Module] - 2014-12-15 21:55:43 --> Loading "Utf8" application component
[DEBUG] [application] - 2014-12-15 21:55:43 --> Utf8 Class Initialized
[DEBUG] [application] - 2014-12-15 21:55:43 --> UTF-8 Support Enabled
[DEBUG] [system.Module] - 2014-12-15 21:55:43 --> Loading "Hooks" application component
[DEBUG] [application] - 2014-12-15 21:55:43 --> Hooks Class Initialized
[DEBUG] [system.Module] - 2014-12-15 21:55:43 --> Loading "Router" application component
[DEBUG] [system.Module] - 2014-12-15 21:55:43 --> Loading "Uri" application component
[DEBUG] [application] - 2014-12-15 21:55:43 --> URI Class Initialized
[DEBUG] [application] - 2014-12-15 21:55:43 --> Router Class Initialized
[DEBUG] [application] - 2014-12-15 21:55:43 --> Config file loaded: /Users/geet/www/fly/framework/application/config/routes.php
[DEBUG] [application] - 2014-12-15 21:55:43 --> No URI present. Default controller set.
[DEBUG] [application] - 2014-12-15 21:55:45 --> Application Class Initialized
[DEBUG] [system.Module] - 2014-12-15 21:55:45 --> Loading "Log" application component
[DEBUG] [system.Module] - 2014-12-15 21:55:45 --> Loading "Utf8" application component
[DEBUG] [application] - 2014-12-15 21:55:45 --> Utf8 Class Initialized
[DEBUG] [application] - 2014-12-15 21:55:45 --> UTF-8 Support Enabled
[DEBUG] [system.Module] - 2014-12-15 21:55:45 --> Loading "Hooks" application component
[DEBUG] [application] - 2014-12-15 21:55:45 --> Hooks Class Initialized
[DEBUG] [system.Module] - 2014-12-15 21:55:45 --> Loading "Router" application component
[DEBUG] [system.Module] - 2014-12-15 21:55:45 --> Loading "Uri" application component
[DEBUG] [application] - 2014-12-15 21:55:45 --> URI Class Initialized
[DEBUG] [application] - 2014-12-15 21:55:45 --> Router Class Initialized
[DEBUG] [application] - 2014-12-15 21:55:45 --> Config file loaded: /Users/geet/www/fly/framework/application/config/routes.php
[DEBUG] [application] - 2014-12-15 21:55:45 --> No URI present. Default controller set.
[DEBUG] [application] - 2014-12-15 21:55:47 --> Application Class Initialized
[DEBUG] [system.Module] - 2014-12-15 21:55:47 --> Loading "Log" application component
[DEBUG] [system.Module] - 2014-12-15 21:55:47 --> Loading "Utf8" application component
[DEBUG] [application] - 2014-12-15 21:55:47 --> Utf8 Class Initialized
[DEBUG] [application] - 2014-12-15 21:55:47 --> UTF-8 Support Enabled
[DEBUG] [system.Module] - 2014-12-15 21:55:47 --> Loading "Hooks" application component
[DEBUG] [application] - 2014-12-15 21:55:47 --> Hooks Class Initialized
[DEBUG] [system.Module] - 2014-12-15 21:55:47 --> Loading "Router" application component
[DEBUG] [system.Module] - 2014-12-15 21:55:47 --> Loading "Uri" application component
[DEBUG] [application] - 2014-12-15 21:55:47 --> URI Class Initialized
[DEBUG] [application] - 2014-12-15 21:55:47 --> Router Class Initialized
[DEBUG] [application] - 2014-12-15 21:55:47 --> Config file loaded: /Users/geet/www/fly/framework/application/config/routes.php
[DEBUG] [application] - 2014-12-15 21:55:47 --> No URI present. Default controller set.
[DEBUG] [application] - 2014-12-15 22:48:15 --> Application Class Initialized
[DEBUG] [system.Module] - 2014-12-15 22:48:15 --> Loading "Log" application component
[DEBUG] [system.Module] - 2014-12-15 22:48:15 --> Loading "Utf8" application component
[DEBUG] [application] - 2014-12-15 22:48:15 --> Utf8 Class Initialized
[DEBUG] [application] - 2014-12-15 22:48:15 --> UTF-8 Support Enabled
[DEBUG] [system.Module] - 2014-12-15 22:48:15 --> Loading "Hooks" application component
[DEBUG] [application] - 2014-12-15 22:48:15 --> Hooks Class Initialized
[DEBUG] [system.Module] - 2014-12-15 22:48:15 --> Loading "Router" application component
[DEBUG] [system.Module] - 2014-12-15 22:48:15 --> Loading "Uri" application component
[DEBUG] [application] - 2014-12-15 22:48:15 --> URI Class Initialized
[DEBUG] [application] - 2014-12-15 22:48:15 --> Router Class Initialized
[DEBUG] [application] - 2014-12-15 22:48:15 --> Config file loaded: /Users/geet/www/fly/framework/application/config/routes.php
[DEBUG] [application] - 2014-12-15 22:48:15 --> No URI present. Default controller set.
[DEBUG] [application] - 2014-12-15 22:48:17 --> Application Class Initialized
[DEBUG] [system.Module] - 2014-12-15 22:48:17 --> Loading "Log" application component
[DEBUG] [system.Module] - 2014-12-15 22:48:17 --> Loading "Utf8" application component
[DEBUG] [application] - 2014-12-15 22:48:17 --> Utf8 Class Initialized
[DEBUG] [application] - 2014-12-15 22:48:17 --> UTF-8 Support Enabled
[DEBUG] [system.Module] - 2014-12-15 22:48:17 --> Loading "Hooks" application component
[DEBUG] [application] - 2014-12-15 22:48:17 --> Hooks Class Initialized
[DEBUG] [system.Module] - 2014-12-15 22:48:17 --> Loading "Router" application component
[DEBUG] [system.Module] - 2014-12-15 22:48:17 --> Loading "Uri" application component
[DEBUG] [application] - 2014-12-15 22:48:17 --> URI Class Initialized
[DEBUG] [application] - 2014-12-15 22:48:17 --> Router Class Initialized
[DEBUG] [application] - 2014-12-15 22:48:17 --> Config file loaded: /Users/geet/www/fly/framework/application/config/routes.php
[DEBUG] [application] - 2014-12-15 22:48:17 --> No URI present. Default controller set.
[DEBUG] [application] - 2014-12-15 22:48:19 --> Application Class Initialized
[DEBUG] [system.Module] - 2014-12-15 22:48:19 --> Loading "Log" application component
[DEBUG] [system.Module] - 2014-12-15 22:48:19 --> Loading "Utf8" application component
[DEBUG] [application] - 2014-12-15 22:48:19 --> Utf8 Class Initialized
[DEBUG] [application] - 2014-12-15 22:48:19 --> UTF-8 Support Enabled
[DEBUG] [system.Module] - 2014-12-15 22:48:19 --> Loading "Hooks" application component
[DEBUG] [application] - 2014-12-15 22:48:19 --> Hooks Class Initialized
[DEBUG] [system.Module] - 2014-12-15 22:48:19 --> Loading "Router" application component
[DEBUG] [system.Module] - 2014-12-15 22:48:19 --> Loading "Uri" application component
[DEBUG] [application] - 2014-12-15 22:48:19 --> URI Class Initialized
[DEBUG] [application] - 2014-12-15 22:48:19 --> Router Class Initialized
[DEBUG] [application] - 2014-12-15 22:48:19 --> Config file loaded: /Users/geet/www/fly/framework/application/config/routes.php
[DEBUG] [application] - 2014-12-15 22:48:19 --> No URI present. Default controller set.
[DEBUG] [application] - 2014-12-15 22:48:21 --> Application Class Initialized
[DEBUG] [system.Module] - 2014-12-15 22:48:21 --> Loading "Log" application component
[DEBUG] [system.Module] - 2014-12-15 22:48:21 --> Loading "Utf8" application component
[DEBUG] [application] - 2014-12-15 22:48:21 --> Utf8 Class Initialized
[DEBUG] [application] - 2014-12-15 22:48:21 --> UTF-8 Support Enabled
[DEBUG] [system.Module] - 2014-12-15 22:48:21 --> Loading "Hooks" application component
[DEBUG] [application] - 2014-12-15 22:48:21 --> Hooks Class Initialized
[DEBUG] [system.Module] - 2014-12-15 22:48:21 --> Loading "Router" application component
[DEBUG] [system.Module] - 2014-12-15 22:48:21 --> Loading "Uri" application component
[DEBUG] [application] - 2014-12-15 22:48:21 --> URI Class Initialized
[DEBUG] [application] - 2014-12-15 22:48:21 --> Router Class Initialized
[DEBUG] [application] - 2014-12-15 22:48:21 --> Config file loaded: /Users/geet/www/fly/framework/application/config/routes.php
[DEBUG] [application] - 2014-12-15 22:48:21 --> No URI present. Default controller set.
[DEBUG] [application] - 2014-12-15 22:57:44 --> Application Class Initialized
[DEBUG] [system.Module] - 2014-12-15 22:57:44 --> Loading "Log" application component
[DEBUG] [system.Module] - 2014-12-15 22:57:44 --> Loading "Utf8" application component
[DEBUG] [application] - 2014-12-15 22:57:44 --> Utf8 Class Initialized
[DEBUG] [application] - 2014-12-15 22:57:44 --> UTF-8 Support Enabled
[DEBUG] [system.Module] - 2014-12-15 22:57:44 --> Loading "Hooks" application component
[DEBUG] [application] - 2014-12-15 22:57:44 --> Hooks Class Initialized
[DEBUG] [system.Module] - 2014-12-15 22:57:44 --> Loading "Router" application component
[DEBUG] [system.Module] - 2014-12-15 22:57:44 --> Loading "Uri" application component
[DEBUG] [application] - 2014-12-15 22:57:44 --> URI Class Initialized
[DEBUG] [application] - 2014-12-15 22:57:44 --> Router Class Initialized
[DEBUG] [application] - 2014-12-15 22:57:44 --> Config file loaded: /Users/geet/www/fly/framework/application/config/routes.php
[DEBUG] [application] - 2014-12-15 22:57:44 --> No URI present. Default controller set.
[DEBUG] [application] - 2014-12-15 22:58:11 --> Application Class Initialized
[DEBUG] [system.Module] - 2014-12-15 22:58:11 --> Loading "Log" application component
[DEBUG] [system.Module] - 2014-12-15 22:58:11 --> Loading "Utf8" application component
[DEBUG] [application] - 2014-12-15 22:58:11 --> Utf8 Class Initialized
[DEBUG] [application] - 2014-12-15 22:58:11 --> UTF-8 Support Enabled
[DEBUG] [system.Module] - 2014-12-15 22:58:11 --> Loading "Hooks" application component
[DEBUG] [application] - 2014-12-15 22:58:11 --> Hooks Class Initialized
[DEBUG] [system.Module] - 2014-12-15 22:58:11 --> Loading "Router" application component
[DEBUG] [system.Module] - 2014-12-15 22:58:11 --> Loading "Uri" application component
[DEBUG] [application] - 2014-12-15 22:58:11 --> URI Class Initialized
[DEBUG] [application] - 2014-12-15 22:58:11 --> Router Class Initialized
[DEBUG] [application] - 2014-12-15 22:58:11 --> Config file loaded: /Users/geet/www/fly/framework/application/config/routes.php
[DEBUG] [application] - 2014-12-15 22:58:11 --> No URI present. Default controller set.
[DEBUG] [application] - 2014-12-15 22:58:13 --> Application Class Initialized
[DEBUG] [system.Module] - 2014-12-15 22:58:13 --> Loading "Log" application component
[DEBUG] [system.Module] - 2014-12-15 22:58:13 --> Loading "Utf8" application component
[DEBUG] [application] - 2014-12-15 22:58:13 --> Utf8 Class Initialized
[DEBUG] [application] - 2014-12-15 22:58:13 --> UTF-8 Support Enabled
[DEBUG] [system.Module] - 2014-12-15 22:58:13 --> Loading "Hooks" application component
[DEBUG] [application] - 2014-12-15 22:58:13 --> Hooks Class Initialized
[DEBUG] [system.Module] - 2014-12-15 22:58:13 --> Loading "Router" application component
[DEBUG] [system.Module] - 2014-12-15 22:58:13 --> Loading "Uri" application component
[DEBUG] [application] - 2014-12-15 22:58:13 --> URI Class Initialized
[DEBUG] [application] - 2014-12-15 22:58:13 --> Router Class Initialized
[DEBUG] [application] - 2014-12-15 22:58:13 --> Config file loaded: /Users/geet/www/fly/framework/application/config/routes.php
[DEBUG] [application] - 2014-12-15 22:58:13 --> No URI present. Default controller set.
[DEBUG] [application] - 2014-12-15 22:58:46 --> Application Class Initialized
[DEBUG] [system.Module] - 2014-12-15 22:58:46 --> Loading "Log" application component
[DEBUG] [system.Module] - 2014-12-15 22:58:46 --> Loading "Utf8" application component
[DEBUG] [application] - 2014-12-15 22:58:46 --> Utf8 Class Initialized
[DEBUG] [application] - 2014-12-15 22:58:46 --> UTF-8 Support Enabled
[DEBUG] [system.Module] - 2014-12-15 22:58:46 --> Loading "Hooks" application component
[DEBUG] [application] - 2014-12-15 22:58:46 --> Hooks Class Initialized
[DEBUG] [system.Module] - 2014-12-15 22:58:46 --> Loading "Router" application component
[DEBUG] [system.Module] - 2014-12-15 22:58:46 --> Loading "Uri" application component
[DEBUG] [application] - 2014-12-15 22:58:46 --> URI Class Initialized
[DEBUG] [application] - 2014-12-15 22:58:46 --> Router Class Initialized
[DEBUG] [application] - 2014-12-15 22:58:46 --> Config file loaded: /Users/geet/www/fly/framework/application/config/routes.php
[DEBUG] [application] - 2014-12-15 22:58:46 --> No URI present. Default controller set.
[DEBUG] [application] - 2014-12-15 22:59:17 --> Application Class Initialized
[DEBUG] [system.Module] - 2014-12-15 22:59:17 --> Loading "Log" application component
[DEBUG] [system.Module] - 2014-12-15 22:59:17 --> Loading "Utf8" application component
[DEBUG] [application] - 2014-12-15 22:59:17 --> Utf8 Class Initialized
[DEBUG] [application] - 2014-12-15 22:59:17 --> UTF-8 Support Enabled
[DEBUG] [system.Module] - 2014-12-15 22:59:17 --> Loading "Hooks" application component
[DEBUG] [application] - 2014-12-15 22:59:17 --> Hooks Class Initialized
[DEBUG] [system.Module] - 2014-12-15 22:59:17 --> Loading "Router" application component
[DEBUG] [system.Module] - 2014-12-15 22:59:17 --> Loading "Uri" application component
[DEBUG] [application] - 2014-12-15 22:59:17 --> URI Class Initialized
[DEBUG] [application] - 2014-12-15 22:59:17 --> Router Class Initialized
[DEBUG] [application] - 2014-12-15 22:59:17 --> Config file loaded: /Users/geet/www/fly/framework/application/config/routes.php
[DEBUG] [application] - 2014-12-15 22:59:17 --> No URI present. Default controller set.
[DEBUG] [application] - 2014-12-15 22:59:19 --> Application Class Initialized
[DEBUG] [system.Module] - 2014-12-15 22:59:19 --> Loading "Log" application component
[DEBUG] [system.Module] - 2014-12-15 22:59:19 --> Loading "Utf8" application component
[DEBUG] [application] - 2014-12-15 22:59:19 --> Utf8 Class Initialized
[DEBUG] [application] - 2014-12-15 22:59:19 --> UTF-8 Support Enabled
[DEBUG] [system.Module] - 2014-12-15 22:59:19 --> Loading "Hooks" application component
[DEBUG] [application] - 2014-12-15 22:59:19 --> Hooks Class Initialized
[DEBUG] [system.Module] - 2014-12-15 22:59:19 --> Loading "Router" application component
[DEBUG] [system.Module] - 2014-12-15 22:59:19 --> Loading "Uri" application component
[DEBUG] [application] - 2014-12-15 22:59:19 --> URI Class Initialized
[DEBUG] [application] - 2014-12-15 22:59:19 --> Router Class Initialized
[DEBUG] [application] - 2014-12-15 22:59:19 --> Config file loaded: /Users/geet/www/fly/framework/application/config/routes.php
[DEBUG] [application] - 2014-12-15 22:59:19 --> No URI present. Default controller set.
[DEBUG] [application] - 2014-12-15 23:02:53 --> Application Class Initialized
[DEBUG] [system.Module] - 2014-12-15 23:02:53 --> Loading "Log" application component
[DEBUG] [system.Module] - 2014-12-15 23:02:53 --> Loading "Utf8" application component
[DEBUG] [application] - 2014-12-15 23:02:53 --> Utf8 Class Initialized
[DEBUG] [application] - 2014-12-15 23:02:53 --> UTF-8 Support Enabled
[DEBUG] [system.Module] - 2014-12-15 23:02:53 --> Loading "Hooks" application component
[DEBUG] [application] - 2014-12-15 23:02:53 --> Hooks Class Initialized
[DEBUG] [system.Module] - 2014-12-15 23:02:53 --> Loading "Router" application component
[DEBUG] [system.Module] - 2014-12-15 23:02:53 --> Loading "Uri" application component
[DEBUG] [application] - 2014-12-15 23:02:53 --> URI Class Initialized
[DEBUG] [application] - 2014-12-15 23:02:53 --> Router Class Initialized
[DEBUG] [application] - 2014-12-15 23:02:53 --> Config file loaded: /Users/geet/www/fly/framework/application/config/routes.php
[DEBUG] [application] - 2014-12-15 23:02:53 --> No URI present. Default controller set.
[DEBUG] [application] - 2014-12-15 23:03:25 --> Application Class Initialized
[DEBUG] [system.Module] - 2014-12-15 23:03:25 --> Loading "Log" application component
[DEBUG] [system.Module] - 2014-12-15 23:03:25 --> Loading "Utf8" application component
[DEBUG] [application] - 2014-12-15 23:03:25 --> Utf8 Class Initialized
[DEBUG] [application] - 2014-12-15 23:03:25 --> UTF-8 Support Enabled
[DEBUG] [system.Module] - 2014-12-15 23:03:25 --> Loading "Hooks" application component
[DEBUG] [application] - 2014-12-15 23:03:25 --> Hooks Class Initialized
[DEBUG] [system.Module] - 2014-12-15 23:03:25 --> Loading "Router" application component
[DEBUG] [system.Module] - 2014-12-15 23:03:25 --> Loading "Uri" application component
[DEBUG] [application] - 2014-12-15 23:03:25 --> URI Class Initialized
[DEBUG] [application] - 2014-12-15 23:03:25 --> Router Class Initialized
[DEBUG] [application] - 2014-12-15 23:03:25 --> Config file loaded: /Users/geet/www/fly/framework/application/config/routes.php
[DEBUG] [application] - 2014-12-15 23:03:25 --> No URI present. Default controller set.
[DEBUG] [application] - 2014-12-15 23:03:47 --> Application Class Initialized
[DEBUG] [system.Module] - 2014-12-15 23:03:47 --> Loading "Log" application component
[DEBUG] [system.Module] - 2014-12-15 23:03:47 --> Loading "Utf8" application component
[DEBUG] [application] - 2014-12-15 23:03:47 --> Utf8 Class Initialized
[DEBUG] [application] - 2014-12-15 23:03:47 --> UTF-8 Support Enabled
[DEBUG] [system.Module] - 2014-12-15 23:03:47 --> Loading "Hooks" application component
[DEBUG] [application] - 2014-12-15 23:03:47 --> Hooks Class Initialized
[DEBUG] [system.Module] - 2014-12-15 23:03:47 --> Loading "Router" application component
[DEBUG] [system.Module] - 2014-12-15 23:03:47 --> Loading "Uri" application component
[DEBUG] [application] - 2014-12-15 23:03:47 --> URI Class Initialized
[DEBUG] [application] - 2014-12-15 23:03:47 --> Router Class Initialized
[DEBUG] [application] - 2014-12-15 23:03:47 --> Config file loaded: /Users/geet/www/fly/framework/application/config/routes.php
[DEBUG] [application] - 2014-12-15 23:03:47 --> No URI present. Default controller set.
