[DEBUG] [application] - 2014-12-26 09:44:06 --> Application Class Initialized
[DEBUG] [system.Module] - 2014-12-26 09:44:06 --> Loading "Log" application component
[DEBUG] [system.Module] - 2014-12-26 09:44:06 --> Loading "Utf8" application component
[DEBUG] [application] - 2014-12-26 09:44:06 --> Utf8 Class Initialized
[DEBUG] [application] - 2014-12-26 09:44:06 --> UTF-8 Support Enabled
[DEBUG] [system.Module] - 2014-12-26 09:44:06 --> Loading "Hooks" application component
[DEBUG] [application] - 2014-12-26 09:44:06 --> Hooks Class Initialized
[DEBUG] [system.Module] - 2014-12-26 09:44:06 --> Loading "Router" application component
[DEBUG] [system.Module] - 2014-12-26 09:44:06 --> Loading "Uri" application component
[DEBUG] [application] - 2014-12-26 09:44:06 --> URI Class Initialized
[DEBUG] [application] - 2014-12-26 09:44:06 --> Router Class Initialized
[DEBUG] [application] - 2014-12-26 09:44:06 --> Config file loaded: /Users/geet/www/fly/framework/application/config/routes.php
[DEBUG] [application] - 2014-12-26 09:44:06 --> No URI present. Default controller set.
[DEBUG] [application] - 2014-12-26 09:44:06 --> Email Class Initialized
[DEBUG] [system.Module] - 2014-12-26 09:44:06 --> Loading "Lang" application component
[DEBUG] [application] - 2014-12-26 09:44:06 --> Language Class Initialized
[ERROR] [application] - 2014-12-26 09:44:06 --> Language file contains no data: language/english/fly_lang.php
[DEBUG] [system.Module] - 2014-12-26 09:44:06 --> Loading "ExceptionHandler" application component
[ERROR] [application] - 2014-12-26 09:44:06 --> Severity: Warning  --> Missing argument 2 for Application::handleException() /Users/geet/www/fly/framework/system/core/Application.php 375
[ERROR] [application] - 2014-12-26 09:44:06 --> Severity: Warning  --> Missing argument 3 for Application::handleException() /Users/geet/www/fly/framework/system/core/Application.php 375
[ERROR] [application] - 2014-12-26 09:44:06 --> Severity: Warning  --> Missing argument 4 for Application::handleException() /Users/geet/www/fly/framework/system/core/Application.php 375
[ERROR] [application] - 2014-12-26 09:44:06 --> Severity: Notice  --> Object of class Exceptions could not be converted to int /Users/geet/www/fly/framework/system/core/Application.php 381
[ERROR] [application] - 2014-12-26 09:44:06 --> Severity: Notice  --> Object of class Exceptions could not be converted to int /Users/geet/www/fly/framework/system/core/Application.php 381
[ERROR] [application] - 2014-12-26 09:44:06 --> Severity: Notice  --> Undefined variable: message /Users/geet/www/fly/framework/system/core/Application.php 382
[ERROR] [application] - 2014-12-26 09:44:06 --> Severity: Notice  --> Undefined variable: filepath /Users/geet/www/fly/framework/system/core/Application.php 382
[ERROR] [application] - 2014-12-26 09:44:06 --> Severity: Notice  --> Undefined variable: line /Users/geet/www/fly/framework/system/core/Application.php 382
[ERROR] [application] - 2014-12-26 09:44:06 --> Severity: Warning  --> Illegal offset type in isset or empty /Users/geet/www/fly/framework/system/core/ExceptionHandler.php 166
[ERROR] [application] - 2014-12-26 09:44:06 --> Severity: Notice  --> Undefined variable: message /Users/geet/www/fly/framework/system/core/Application.php 390
[ERROR] [application] - 2014-12-26 09:44:06 --> Severity: Notice  --> Undefined variable: filepath /Users/geet/www/fly/framework/system/core/Application.php 390
[ERROR] [application] - 2014-12-26 09:44:06 --> Severity: Notice  --> Undefined variable: line /Users/geet/www/fly/framework/system/core/Application.php 390
[ERROR] [application] - 2014-12-26 09:44:06 --> Severity: Warning  --> Illegal offset type in isset or empty /Users/geet/www/fly/framework/system/core/ExceptionHandler.php 93
[ERROR] [application] - 2014-12-26 09:44:06 --> Severity: exception 'Exceptions' with message 'Property "IndexController.email" is not defined.' in /Users/geet/www/fly/framework/system/core/Component.php:39
Stack trace:
#0 /Users/geet/www/fly/framework/application/controllers/IndexController.php(69): Component->__get('email')
#1 /Users/geet/www/fly/framework/system/core/Controller.php(79): IndexController->actionIndex()
#2 /Users/geet/www/fly/framework/system/core/WebApplication.php(145): Controller->run('index')
#3 /Users/geet/www/fly/framework/system/core/WebApplication.php(77): WebApplication->runController('index/index')
#4 /Users/geet/www/fly/framework/system/core/Application.php(94): WebApplication->processRequest()
#5 /Users/geet/www/fly/framework/index.php(44): Application->run()
#6 {main}  -->   
[DEBUG] [application] - 2014-12-26 09:44:45 --> Application Class Initialized
[DEBUG] [system.Module] - 2014-12-26 09:44:45 --> Loading "Log" application component
[DEBUG] [system.Module] - 2014-12-26 09:44:46 --> Loading "Utf8" application component
[DEBUG] [application] - 2014-12-26 09:44:46 --> Utf8 Class Initialized
[DEBUG] [application] - 2014-12-26 09:44:46 --> UTF-8 Support Enabled
[DEBUG] [system.Module] - 2014-12-26 09:44:46 --> Loading "Hooks" application component
[DEBUG] [application] - 2014-12-26 09:44:46 --> Hooks Class Initialized
[DEBUG] [system.Module] - 2014-12-26 09:44:46 --> Loading "Router" application component
[DEBUG] [system.Module] - 2014-12-26 09:44:46 --> Loading "Uri" application component
[DEBUG] [application] - 2014-12-26 09:44:46 --> URI Class Initialized
[DEBUG] [application] - 2014-12-26 09:44:46 --> Router Class Initialized
[DEBUG] [application] - 2014-12-26 09:44:46 --> Config file loaded: /Users/geet/www/fly/framework/application/config/routes.php
[DEBUG] [application] - 2014-12-26 09:44:46 --> No URI present. Default controller set.
[DEBUG] [application] - 2014-12-26 09:44:46 --> Email Class Initialized
[DEBUG] [system.Module] - 2014-12-26 09:44:46 --> Loading "Lang" application component
[DEBUG] [application] - 2014-12-26 09:44:46 --> Language Class Initialized
[ERROR] [application] - 2014-12-26 09:44:46 --> Language file contains no data: language/english/fly_lang.php
[DEBUG] [system.Module] - 2014-12-26 09:44:46 --> Loading "ExceptionHandler" application component
[ERROR] [application] - 2014-12-26 09:44:46 --> Severity: Warning  --> Missing argument 2 for Application::handleException() /Users/geet/www/fly/framework/system/core/Application.php 375
[ERROR] [application] - 2014-12-26 09:44:46 --> Severity: Warning  --> Missing argument 3 for Application::handleException() /Users/geet/www/fly/framework/system/core/Application.php 375
[ERROR] [application] - 2014-12-26 09:44:46 --> Severity: Warning  --> Missing argument 4 for Application::handleException() /Users/geet/www/fly/framework/system/core/Application.php 375
[ERROR] [application] - 2014-12-26 09:44:46 --> Severity: Notice  --> Object of class Exceptions could not be converted to int /Users/geet/www/fly/framework/system/core/Application.php 381
[ERROR] [application] - 2014-12-26 09:44:46 --> Severity: Notice  --> Object of class Exceptions could not be converted to int /Users/geet/www/fly/framework/system/core/Application.php 381
[ERROR] [application] - 2014-12-26 09:44:46 --> Severity: Notice  --> Undefined variable: message /Users/geet/www/fly/framework/system/core/Application.php 382
[ERROR] [application] - 2014-12-26 09:44:46 --> Severity: Notice  --> Undefined variable: filepath /Users/geet/www/fly/framework/system/core/Application.php 382
[ERROR] [application] - 2014-12-26 09:44:46 --> Severity: Notice  --> Undefined variable: line /Users/geet/www/fly/framework/system/core/Application.php 382
[ERROR] [application] - 2014-12-26 09:44:46 --> Severity: Warning  --> Illegal offset type in isset or empty /Users/geet/www/fly/framework/system/core/ExceptionHandler.php 166
[ERROR] [application] - 2014-12-26 09:44:46 --> Severity: Notice  --> Undefined variable: message /Users/geet/www/fly/framework/system/core/Application.php 390
[ERROR] [application] - 2014-12-26 09:44:46 --> Severity: Notice  --> Undefined variable: filepath /Users/geet/www/fly/framework/system/core/Application.php 390
[ERROR] [application] - 2014-12-26 09:44:46 --> Severity: Notice  --> Undefined variable: line /Users/geet/www/fly/framework/system/core/Application.php 390
[ERROR] [application] - 2014-12-26 09:44:46 --> Severity: Warning  --> Illegal offset type in isset or empty /Users/geet/www/fly/framework/system/core/ExceptionHandler.php 93
[ERROR] [application] - 2014-12-26 09:44:46 --> Severity: exception 'Exceptions' with message 'Property "IndexController.email" is not defined.' in /Users/geet/www/fly/framework/system/core/Component.php:39
Stack trace:
#0 /Users/geet/www/fly/framework/application/controllers/IndexController.php(77): Component->__get('email')
#1 /Users/geet/www/fly/framework/system/core/Controller.php(79): IndexController->actionIndex()
#2 /Users/geet/www/fly/framework/system/core/WebApplication.php(145): Controller->run('index')
#3 /Users/geet/www/fly/framework/system/core/WebApplication.php(77): WebApplication->runController('index/index')
#4 /Users/geet/www/fly/framework/system/core/Application.php(94): WebApplication->processRequest()
#5 /Users/geet/www/fly/framework/index.php(44): Application->run()
#6 {main}  -->   
[DEBUG] [application] - 2014-12-26 09:45:21 --> Application Class Initialized
[DEBUG] [system.Module] - 2014-12-26 09:45:21 --> Loading "Log" application component
[DEBUG] [system.Module] - 2014-12-26 09:45:21 --> Loading "Utf8" application component
[DEBUG] [application] - 2014-12-26 09:45:21 --> Utf8 Class Initialized
[DEBUG] [application] - 2014-12-26 09:45:21 --> UTF-8 Support Enabled
[DEBUG] [system.Module] - 2014-12-26 09:45:21 --> Loading "Hooks" application component
[DEBUG] [application] - 2014-12-26 09:45:21 --> Hooks Class Initialized
[DEBUG] [system.Module] - 2014-12-26 09:45:21 --> Loading "Router" application component
[DEBUG] [system.Module] - 2014-12-26 09:45:21 --> Loading "Uri" application component
[DEBUG] [application] - 2014-12-26 09:45:21 --> URI Class Initialized
[DEBUG] [application] - 2014-12-26 09:45:21 --> Router Class Initialized
[DEBUG] [application] - 2014-12-26 09:45:21 --> Config file loaded: /Users/geet/www/fly/framework/application/config/routes.php
[DEBUG] [application] - 2014-12-26 09:45:21 --> No URI present. Default controller set.
[DEBUG] [application] - 2014-12-26 09:45:21 --> Email Class Initialized
[DEBUG] [system.Module] - 2014-12-26 09:45:22 --> Loading "Lang" application component
[DEBUG] [application] - 2014-12-26 09:45:22 --> Language Class Initialized
[DEBUG] [application] - 2014-12-26 09:45:22 --> Language file loaded: language/english/email_lang.php
[DEBUG] [application] - 2014-12-26 09:47:51 --> Application Class Initialized
[DEBUG] [system.Module] - 2014-12-26 09:47:51 --> Loading "Log" application component
[DEBUG] [system.Module] - 2014-12-26 09:47:51 --> Loading "Utf8" application component
[DEBUG] [application] - 2014-12-26 09:47:51 --> Utf8 Class Initialized
[DEBUG] [application] - 2014-12-26 09:47:51 --> UTF-8 Support Enabled
[DEBUG] [system.Module] - 2014-12-26 09:47:51 --> Loading "Hooks" application component
[DEBUG] [application] - 2014-12-26 09:47:51 --> Hooks Class Initialized
[DEBUG] [system.Module] - 2014-12-26 09:47:51 --> Loading "Router" application component
[DEBUG] [system.Module] - 2014-12-26 09:47:51 --> Loading "Uri" application component
[DEBUG] [application] - 2014-12-26 09:47:51 --> URI Class Initialized
[DEBUG] [application] - 2014-12-26 09:47:51 --> Router Class Initialized
[DEBUG] [application] - 2014-12-26 09:47:51 --> Config file loaded: /Users/geet/www/fly/framework/application/config/routes.php
[DEBUG] [application] - 2014-12-26 09:47:51 --> No URI present. Default controller set.
[DEBUG] [application] - 2014-12-26 09:49:07 --> Application Class Initialized
[DEBUG] [system.Module] - 2014-12-26 09:49:07 --> Loading "Log" application component
[DEBUG] [system.Module] - 2014-12-26 09:49:07 --> Loading "Utf8" application component
[DEBUG] [application] - 2014-12-26 09:49:07 --> Utf8 Class Initialized
[DEBUG] [application] - 2014-12-26 09:49:07 --> UTF-8 Support Enabled
[DEBUG] [system.Module] - 2014-12-26 09:49:07 --> Loading "Hooks" application component
[DEBUG] [application] - 2014-12-26 09:49:07 --> Hooks Class Initialized
[DEBUG] [system.Module] - 2014-12-26 09:49:07 --> Loading "Router" application component
[DEBUG] [system.Module] - 2014-12-26 09:49:07 --> Loading "Uri" application component
[DEBUG] [application] - 2014-12-26 09:49:07 --> URI Class Initialized
[DEBUG] [application] - 2014-12-26 09:49:07 --> Router Class Initialized
[DEBUG] [application] - 2014-12-26 09:49:07 --> Config file loaded: /Users/geet/www/fly/framework/application/config/routes.php
[DEBUG] [application] - 2014-12-26 09:49:07 --> No URI present. Default controller set.
[DEBUG] [application] - 2014-12-26 09:49:07 --> Email Class Initialized
[DEBUG] [system.Module] - 2014-12-26 09:49:07 --> Loading "Lang" application component
[DEBUG] [application] - 2014-12-26 09:49:07 --> Language Class Initialized
[DEBUG] [application] - 2014-12-26 09:49:07 --> Language file loaded: language/english/email_lang.php
[DEBUG] [application] - 2014-12-26 11:06:00 --> Application Class Initialized
[DEBUG] [system.Module] - 2014-12-26 11:06:00 --> Loading "Log" application component
[DEBUG] [system.Module] - 2014-12-26 11:06:00 --> Loading "Utf8" application component
[DEBUG] [application] - 2014-12-26 11:06:00 --> Utf8 Class Initialized
[DEBUG] [application] - 2014-12-26 11:06:00 --> UTF-8 Support Enabled
[DEBUG] [system.Module] - 2014-12-26 11:06:00 --> Loading "Hooks" application component
[DEBUG] [application] - 2014-12-26 11:06:00 --> Hooks Class Initialized
[DEBUG] [system.Module] - 2014-12-26 11:06:00 --> Loading "Router" application component
[DEBUG] [system.Module] - 2014-12-26 11:06:00 --> Loading "Uri" application component
[DEBUG] [application] - 2014-12-26 11:06:00 --> URI Class Initialized
[DEBUG] [application] - 2014-12-26 11:06:00 --> Router Class Initialized
[DEBUG] [application] - 2014-12-26 11:06:00 --> Config file loaded: /Users/geet/www/fly/framework/application/config/routes.php
[DEBUG] [application] - 2014-12-26 11:06:00 --> No URI present. Default controller set.
[DEBUG] [application] - 2014-12-26 11:06:00 --> Email Class Initialized
[DEBUG] [system.Module] - 2014-12-26 11:06:00 --> Loading "Lang" application component
[DEBUG] [application] - 2014-12-26 11:06:00 --> Language Class Initialized
[DEBUG] [application] - 2014-12-26 11:06:00 --> Language file loaded: language/english/email_lang.php
[DEBUG] [application] - 2014-12-26 11:12:04 --> Application Class Initialized
[DEBUG] [system.Module] - 2014-12-26 11:12:04 --> Loading "Log" application component
[DEBUG] [system.Module] - 2014-12-26 11:12:04 --> Loading "Utf8" application component
[DEBUG] [application] - 2014-12-26 11:12:04 --> Utf8 Class Initialized
[DEBUG] [application] - 2014-12-26 11:12:04 --> UTF-8 Support Enabled
[DEBUG] [system.Module] - 2014-12-26 11:12:04 --> Loading "Hooks" application component
[DEBUG] [application] - 2014-12-26 11:12:04 --> Hooks Class Initialized
[DEBUG] [system.Module] - 2014-12-26 11:12:04 --> Loading "Router" application component
[DEBUG] [system.Module] - 2014-12-26 11:12:04 --> Loading "Uri" application component
[DEBUG] [application] - 2014-12-26 11:12:04 --> URI Class Initialized
[DEBUG] [application] - 2014-12-26 11:12:04 --> Router Class Initialized
[DEBUG] [application] - 2014-12-26 11:12:04 --> Config file loaded: /Users/geet/www/fly/framework/application/config/routes.php
[DEBUG] [application] - 2014-12-26 11:12:04 --> No URI present. Default controller set.
[DEBUG] [application] - 2014-12-26 11:12:04 --> Email Class Initialized
[DEBUG] [system.Module] - 2014-12-26 11:12:04 --> Loading "Lang" application component
[DEBUG] [application] - 2014-12-26 11:12:04 --> Language Class Initialized
[DEBUG] [application] - 2014-12-26 11:12:04 --> Language file loaded: language/english/email_lang.php
[DEBUG] [application] - 2014-12-26 11:31:36 --> Application Class Initialized
[DEBUG] [system.Module] - 2014-12-26 11:31:36 --> Loading "Log" application component
[DEBUG] [system.Module] - 2014-12-26 11:31:36 --> Loading "Utf8" application component
[DEBUG] [application] - 2014-12-26 11:31:36 --> Utf8 Class Initialized
[DEBUG] [application] - 2014-12-26 11:31:36 --> UTF-8 Support Enabled
[DEBUG] [system.Module] - 2014-12-26 11:31:36 --> Loading "Hooks" application component
[DEBUG] [application] - 2014-12-26 11:31:36 --> Hooks Class Initialized
[DEBUG] [system.Module] - 2014-12-26 11:31:36 --> Loading "Router" application component
[DEBUG] [system.Module] - 2014-12-26 11:31:36 --> Loading "Uri" application component
[DEBUG] [application] - 2014-12-26 11:31:36 --> URI Class Initialized
[DEBUG] [application] - 2014-12-26 11:31:36 --> Router Class Initialized
[DEBUG] [application] - 2014-12-26 11:31:36 --> Config file loaded: /Users/geet/www/fly/framework/application/config/routes.php
[DEBUG] [application] - 2014-12-26 11:31:36 --> No URI present. Default controller set.
[DEBUG] [application] - 2014-12-26 11:31:36 --> Email Class Initialized
[DEBUG] [system.Module] - 2014-12-26 11:31:36 --> Loading "Lang" application component
[DEBUG] [application] - 2014-12-26 11:31:36 --> Language Class Initialized
[DEBUG] [application] - 2014-12-26 11:31:36 --> Language file loaded: language/english/email_lang.php
[DEBUG] [application] - 2014-12-26 13:44:44 --> Application Class Initialized
[DEBUG] [system.Module] - 2014-12-26 13:44:44 --> Loading "Log" application component
[DEBUG] [system.Module] - 2014-12-26 13:44:44 --> Loading "Utf8" application component
[DEBUG] [application] - 2014-12-26 13:44:44 --> Utf8 Class Initialized
[DEBUG] [application] - 2014-12-26 13:44:44 --> UTF-8 Support Enabled
[DEBUG] [system.Module] - 2014-12-26 13:44:44 --> Loading "Hooks" application component
[DEBUG] [application] - 2014-12-26 13:44:44 --> Hooks Class Initialized
[DEBUG] [system.Module] - 2014-12-26 13:44:44 --> Loading "Router" application component
[DEBUG] [system.Module] - 2014-12-26 13:44:44 --> Loading "Uri" application component
[DEBUG] [application] - 2014-12-26 13:44:44 --> URI Class Initialized
[DEBUG] [application] - 2014-12-26 13:44:44 --> Router Class Initialized
[DEBUG] [application] - 2014-12-26 13:44:44 --> Config file loaded: /Users/geet/www/fly/framework/application/config/routes.php
[DEBUG] [application] - 2014-12-26 13:44:44 --> No URI present. Default controller set.
[DEBUG] [application] - 2014-12-26 13:44:44 --> Email Class Initialized
[DEBUG] [system.Module] - 2014-12-26 13:44:45 --> Loading "Lang" application component
[DEBUG] [application] - 2014-12-26 13:44:45 --> Language Class Initialized
[DEBUG] [application] - 2014-12-26 13:44:45 --> Language file loaded: language/english/email_lang.php
[DEBUG] [application] - 2014-12-26 20:35:13 --> Application Class Initialized
[DEBUG] [system.Module] - 2014-12-26 20:35:13 --> Loading "Log" application component
[DEBUG] [system.Module] - 2014-12-26 20:35:13 --> Loading "Utf8" application component
[DEBUG] [application] - 2014-12-26 20:35:13 --> Utf8 Class Initialized
[DEBUG] [application] - 2014-12-26 20:35:13 --> UTF-8 Support Enabled
[DEBUG] [system.Module] - 2014-12-26 20:35:13 --> Loading "Hooks" application component
[DEBUG] [application] - 2014-12-26 20:35:13 --> Hooks Class Initialized
[DEBUG] [system.Module] - 2014-12-26 20:35:13 --> Loading "Router" application component
[DEBUG] [system.Module] - 2014-12-26 20:35:13 --> Loading "Uri" application component
[DEBUG] [application] - 2014-12-26 20:35:13 --> URI Class Initialized
[DEBUG] [application] - 2014-12-26 20:35:13 --> Router Class Initialized
[DEBUG] [application] - 2014-12-26 20:35:13 --> Config file loaded: /Users/geet/www/fly/framework/application/config/routes.php
[DEBUG] [application] - 2014-12-26 20:35:13 --> No URI present. Default controller set.
[DEBUG] [application] - 2014-12-26 20:35:13 --> Email Class Initialized
[DEBUG] [system.Module] - 2014-12-26 20:35:13 --> Loading "Lang" application component
[DEBUG] [application] - 2014-12-26 20:35:13 --> Language Class Initialized
[DEBUG] [application] - 2014-12-26 20:35:13 --> Language file loaded: language/english/email_lang.php
[DEBUG] [application] - 2014-12-26 20:52:19 --> Application Class Initialized
[DEBUG] [system.Module] - 2014-12-26 20:52:19 --> Loading "Log" application component
[DEBUG] [system.Module] - 2014-12-26 20:52:19 --> Loading "Utf8" application component
[DEBUG] [application] - 2014-12-26 20:52:19 --> Utf8 Class Initialized
[DEBUG] [application] - 2014-12-26 20:52:19 --> UTF-8 Support Enabled
[DEBUG] [system.Module] - 2014-12-26 20:52:19 --> Loading "Hooks" application component
[DEBUG] [application] - 2014-12-26 20:52:19 --> Hooks Class Initialized
[DEBUG] [system.Module] - 2014-12-26 20:52:19 --> Loading "Router" application component
[DEBUG] [system.Module] - 2014-12-26 20:52:19 --> Loading "Uri" application component
[DEBUG] [application] - 2014-12-26 20:52:19 --> URI Class Initialized
[DEBUG] [application] - 2014-12-26 20:52:19 --> Router Class Initialized
[DEBUG] [application] - 2014-12-26 20:52:19 --> Config file loaded: /Users/geet/www/fly/framework/application/config/routes.php
[DEBUG] [application] - 2014-12-26 20:52:19 --> No URI present. Default controller set.
[DEBUG] [application] - 2014-12-26 20:52:19 --> Email Class Initialized
[DEBUG] [system.Module] - 2014-12-26 20:52:19 --> Loading "Lang" application component
[DEBUG] [application] - 2014-12-26 20:52:19 --> Language Class Initialized
[DEBUG] [application] - 2014-12-26 20:52:19 --> Language file loaded: language/english/email_lang.php
[DEBUG] [application] - 2014-12-26 20:52:23 --> Application Class Initialized
[DEBUG] [system.Module] - 2014-12-26 20:52:23 --> Loading "Log" application component
[DEBUG] [system.Module] - 2014-12-26 20:52:23 --> Loading "Utf8" application component
[DEBUG] [application] - 2014-12-26 20:52:23 --> Utf8 Class Initialized
[DEBUG] [application] - 2014-12-26 20:52:23 --> UTF-8 Support Enabled
[DEBUG] [system.Module] - 2014-12-26 20:52:23 --> Loading "Hooks" application component
[DEBUG] [application] - 2014-12-26 20:52:23 --> Hooks Class Initialized
[DEBUG] [system.Module] - 2014-12-26 20:52:23 --> Loading "Router" application component
[DEBUG] [system.Module] - 2014-12-26 20:52:23 --> Loading "Uri" application component
[DEBUG] [application] - 2014-12-26 20:52:23 --> URI Class Initialized
[DEBUG] [application] - 2014-12-26 20:52:23 --> Router Class Initialized
[DEBUG] [application] - 2014-12-26 20:52:23 --> Config file loaded: /Users/geet/www/fly/framework/application/config/routes.php
[DEBUG] [application] - 2014-12-26 20:52:23 --> No URI present. Default controller set.
[DEBUG] [application] - 2014-12-26 20:52:23 --> Email Class Initialized
[DEBUG] [system.Module] - 2014-12-26 20:52:24 --> Loading "Lang" application component
[DEBUG] [application] - 2014-12-26 20:52:24 --> Language Class Initialized
[DEBUG] [application] - 2014-12-26 20:52:24 --> Language file loaded: language/english/email_lang.php
[DEBUG] [application] - 2014-12-26 20:53:33 --> Application Class Initialized
[DEBUG] [system.Module] - 2014-12-26 20:53:33 --> Loading "Log" application component
[DEBUG] [system.Module] - 2014-12-26 20:53:33 --> Loading "Utf8" application component
[DEBUG] [application] - 2014-12-26 20:53:33 --> Utf8 Class Initialized
[DEBUG] [application] - 2014-12-26 20:53:33 --> UTF-8 Support Enabled
[DEBUG] [system.Module] - 2014-12-26 20:53:33 --> Loading "Hooks" application component
[DEBUG] [application] - 2014-12-26 20:53:33 --> Hooks Class Initialized
[DEBUG] [system.Module] - 2014-12-26 20:53:33 --> Loading "Router" application component
[DEBUG] [system.Module] - 2014-12-26 20:53:33 --> Loading "Uri" application component
[DEBUG] [application] - 2014-12-26 20:53:33 --> URI Class Initialized
[DEBUG] [application] - 2014-12-26 20:53:33 --> Router Class Initialized
[DEBUG] [application] - 2014-12-26 20:53:33 --> Config file loaded: /Users/geet/www/fly/framework/application/config/routes.php
[DEBUG] [application] - 2014-12-26 20:53:33 --> No URI present. Default controller set.
[DEBUG] [application] - 2014-12-26 20:53:33 --> Email Class Initialized
[DEBUG] [system.Module] - 2014-12-26 20:53:33 --> Loading "Lang" application component
[DEBUG] [application] - 2014-12-26 20:53:33 --> Language Class Initialized
[DEBUG] [application] - 2014-12-26 20:53:33 --> Language file loaded: language/english/email_lang.php
[DEBUG] [application] - 2014-12-26 21:07:47 --> Application Class Initialized
[DEBUG] [system.Module] - 2014-12-26 21:07:47 --> Loading "Log" application component
[DEBUG] [system.Module] - 2014-12-26 21:07:47 --> Loading "Utf8" application component
[DEBUG] [application] - 2014-12-26 21:07:47 --> Utf8 Class Initialized
[DEBUG] [application] - 2014-12-26 21:07:47 --> UTF-8 Support Enabled
[DEBUG] [system.Module] - 2014-12-26 21:07:47 --> Loading "Hooks" application component
[DEBUG] [application] - 2014-12-26 21:07:47 --> Hooks Class Initialized
[DEBUG] [system.Module] - 2014-12-26 21:07:47 --> Loading "Router" application component
[DEBUG] [system.Module] - 2014-12-26 21:07:47 --> Loading "Uri" application component
[DEBUG] [application] - 2014-12-26 21:07:47 --> URI Class Initialized
[DEBUG] [application] - 2014-12-26 21:07:47 --> Router Class Initialized
[DEBUG] [application] - 2014-12-26 21:07:47 --> Config file loaded: /Users/geet/www/fly/framework/application/config/routes.php
[DEBUG] [application] - 2014-12-26 21:07:47 --> No URI present. Default controller set.
[DEBUG] [application] - 2014-12-26 21:07:47 --> Email Class Initialized
[DEBUG] [system.Module] - 2014-12-26 21:07:47 --> Loading "Lang" application component
[DEBUG] [application] - 2014-12-26 21:07:47 --> Language Class Initialized
[DEBUG] [application] - 2014-12-26 21:07:47 --> Language file loaded: language/english/email_lang.php
[DEBUG] [application] - 2014-12-26 21:22:29 --> Application Class Initialized
[DEBUG] [system.Module] - 2014-12-26 21:22:29 --> Loading "Log" application component
[DEBUG] [system.Module] - 2014-12-26 21:22:29 --> Loading "Utf8" application component
[DEBUG] [application] - 2014-12-26 21:22:29 --> Utf8 Class Initialized
[DEBUG] [application] - 2014-12-26 21:22:29 --> UTF-8 Support Enabled
[DEBUG] [system.Module] - 2014-12-26 21:22:29 --> Loading "Hooks" application component
[DEBUG] [application] - 2014-12-26 21:22:29 --> Hooks Class Initialized
[DEBUG] [system.Module] - 2014-12-26 21:22:29 --> Loading "Router" application component
[DEBUG] [system.Module] - 2014-12-26 21:22:29 --> Loading "Uri" application component
[DEBUG] [application] - 2014-12-26 21:22:29 --> URI Class Initialized
[DEBUG] [application] - 2014-12-26 21:22:29 --> Router Class Initialized
[DEBUG] [application] - 2014-12-26 21:22:29 --> Config file loaded: /Users/geet/www/fly/framework/application/config/routes.php
[DEBUG] [application] - 2014-12-26 21:22:29 --> No URI present. Default controller set.
[DEBUG] [application] - 2014-12-26 21:22:29 --> Email Class Initialized
[DEBUG] [system.Module] - 2014-12-26 21:22:30 --> Loading "Lang" application component
[DEBUG] [application] - 2014-12-26 21:22:30 --> Language Class Initialized
[DEBUG] [application] - 2014-12-26 21:22:30 --> Language file loaded: language/english/email_lang.php
[DEBUG] [application] - 2014-12-26 22:38:11 --> Application Class Initialized
[DEBUG] [system.Module] - 2014-12-26 22:38:11 --> Loading "Log" application component
[DEBUG] [system.Module] - 2014-12-26 22:38:11 --> Loading "Utf8" application component
[DEBUG] [application] - 2014-12-26 22:38:11 --> Utf8 Class Initialized
[DEBUG] [application] - 2014-12-26 22:38:11 --> UTF-8 Support Enabled
[DEBUG] [system.Module] - 2014-12-26 22:38:11 --> Loading "Hooks" application component
[DEBUG] [application] - 2014-12-26 22:38:11 --> Hooks Class Initialized
[DEBUG] [system.Module] - 2014-12-26 22:38:11 --> Loading "Router" application component
[DEBUG] [system.Module] - 2014-12-26 22:38:11 --> Loading "Uri" application component
[DEBUG] [application] - 2014-12-26 22:38:11 --> URI Class Initialized
[DEBUG] [application] - 2014-12-26 22:38:11 --> Router Class Initialized
[DEBUG] [application] - 2014-12-26 22:38:11 --> Config file loaded: /Users/geet/www/fly/framework/application/config/routes.php
[DEBUG] [application] - 2014-12-26 22:38:11 --> No URI present. Default controller set.
[DEBUG] [application] - 2014-12-26 22:38:11 --> SHA1 Class Initialized
[DEBUG] [application] - 2014-12-26 22:38:14 --> Application Class Initialized
[DEBUG] [system.Module] - 2014-12-26 22:38:14 --> Loading "Log" application component
[DEBUG] [system.Module] - 2014-12-26 22:38:14 --> Loading "Utf8" application component
[DEBUG] [application] - 2014-12-26 22:38:14 --> Utf8 Class Initialized
[DEBUG] [application] - 2014-12-26 22:38:14 --> UTF-8 Support Enabled
[DEBUG] [system.Module] - 2014-12-26 22:38:14 --> Loading "Hooks" application component
[DEBUG] [application] - 2014-12-26 22:38:14 --> Hooks Class Initialized
[DEBUG] [system.Module] - 2014-12-26 22:38:14 --> Loading "Router" application component
[DEBUG] [system.Module] - 2014-12-26 22:38:14 --> Loading "Uri" application component
[DEBUG] [application] - 2014-12-26 22:38:14 --> URI Class Initialized
[DEBUG] [application] - 2014-12-26 22:38:14 --> Router Class Initialized
[DEBUG] [application] - 2014-12-26 22:38:14 --> Config file loaded: /Users/geet/www/fly/framework/application/config/routes.php
[DEBUG] [application] - 2014-12-26 22:38:14 --> No URI present. Default controller set.
[DEBUG] [application] - 2014-12-26 22:38:14 --> SHA1 Class Initialized
[DEBUG] [application] - 2014-12-26 22:38:16 --> Application Class Initialized
[DEBUG] [system.Module] - 2014-12-26 22:38:16 --> Loading "Log" application component
[DEBUG] [system.Module] - 2014-12-26 22:38:16 --> Loading "Utf8" application component
[DEBUG] [application] - 2014-12-26 22:38:16 --> Utf8 Class Initialized
[DEBUG] [application] - 2014-12-26 22:38:16 --> UTF-8 Support Enabled
[DEBUG] [system.Module] - 2014-12-26 22:38:16 --> Loading "Hooks" application component
[DEBUG] [application] - 2014-12-26 22:38:16 --> Hooks Class Initialized
[DEBUG] [system.Module] - 2014-12-26 22:38:16 --> Loading "Router" application component
[DEBUG] [system.Module] - 2014-12-26 22:38:16 --> Loading "Uri" application component
[DEBUG] [application] - 2014-12-26 22:38:16 --> URI Class Initialized
[DEBUG] [application] - 2014-12-26 22:38:16 --> Router Class Initialized
[DEBUG] [application] - 2014-12-26 22:38:16 --> Config file loaded: /Users/geet/www/fly/framework/application/config/routes.php
[DEBUG] [application] - 2014-12-26 22:38:16 --> No URI present. Default controller set.
[DEBUG] [application] - 2014-12-26 22:38:16 --> SHA1 Class Initialized
[DEBUG] [application] - 2014-12-26 22:38:18 --> Application Class Initialized
[DEBUG] [system.Module] - 2014-12-26 22:38:18 --> Loading "Log" application component
[DEBUG] [system.Module] - 2014-12-26 22:38:18 --> Loading "Utf8" application component
[DEBUG] [application] - 2014-12-26 22:38:18 --> Utf8 Class Initialized
[DEBUG] [application] - 2014-12-26 22:38:18 --> UTF-8 Support Enabled
[DEBUG] [system.Module] - 2014-12-26 22:38:18 --> Loading "Hooks" application component
[DEBUG] [application] - 2014-12-26 22:38:18 --> Hooks Class Initialized
[DEBUG] [system.Module] - 2014-12-26 22:38:18 --> Loading "Router" application component
[DEBUG] [system.Module] - 2014-12-26 22:38:18 --> Loading "Uri" application component
[DEBUG] [application] - 2014-12-26 22:38:18 --> URI Class Initialized
[DEBUG] [application] - 2014-12-26 22:38:18 --> Router Class Initialized
[DEBUG] [application] - 2014-12-26 22:38:18 --> Config file loaded: /Users/geet/www/fly/framework/application/config/routes.php
[DEBUG] [application] - 2014-12-26 22:38:18 --> No URI present. Default controller set.
[DEBUG] [application] - 2014-12-26 22:38:18 --> SHA1 Class Initialized
[DEBUG] [application] - 2014-12-26 22:38:19 --> Application Class Initialized
[DEBUG] [system.Module] - 2014-12-26 22:38:19 --> Loading "Log" application component
[DEBUG] [system.Module] - 2014-12-26 22:38:19 --> Loading "Utf8" application component
[DEBUG] [application] - 2014-12-26 22:38:19 --> Utf8 Class Initialized
[DEBUG] [application] - 2014-12-26 22:38:19 --> UTF-8 Support Enabled
[DEBUG] [system.Module] - 2014-12-26 22:38:19 --> Loading "Hooks" application component
[DEBUG] [application] - 2014-12-26 22:38:19 --> Hooks Class Initialized
[DEBUG] [system.Module] - 2014-12-26 22:38:19 --> Loading "Router" application component
[DEBUG] [system.Module] - 2014-12-26 22:38:19 --> Loading "Uri" application component
[DEBUG] [application] - 2014-12-26 22:38:19 --> URI Class Initialized
[DEBUG] [application] - 2014-12-26 22:38:19 --> Router Class Initialized
[DEBUG] [application] - 2014-12-26 22:38:19 --> Config file loaded: /Users/geet/www/fly/framework/application/config/routes.php
[DEBUG] [application] - 2014-12-26 22:38:19 --> No URI present. Default controller set.
[DEBUG] [application] - 2014-12-26 22:38:19 --> SHA1 Class Initialized
[DEBUG] [application] - 2014-12-26 22:38:36 --> Application Class Initialized
[DEBUG] [system.Module] - 2014-12-26 22:38:36 --> Loading "Log" application component
[DEBUG] [system.Module] - 2014-12-26 22:38:36 --> Loading "Utf8" application component
[DEBUG] [application] - 2014-12-26 22:38:36 --> Utf8 Class Initialized
[DEBUG] [application] - 2014-12-26 22:38:36 --> UTF-8 Support Enabled
[DEBUG] [system.Module] - 2014-12-26 22:38:36 --> Loading "Hooks" application component
[DEBUG] [application] - 2014-12-26 22:38:36 --> Hooks Class Initialized
[DEBUG] [system.Module] - 2014-12-26 22:38:36 --> Loading "Router" application component
[DEBUG] [system.Module] - 2014-12-26 22:38:36 --> Loading "Uri" application component
[DEBUG] [application] - 2014-12-26 22:38:36 --> URI Class Initialized
[DEBUG] [application] - 2014-12-26 22:38:36 --> Router Class Initialized
[DEBUG] [application] - 2014-12-26 22:38:36 --> Config file loaded: /Users/geet/www/fly/framework/application/config/routes.php
[DEBUG] [application] - 2014-12-26 22:38:36 --> No URI present. Default controller set.
[DEBUG] [application] - 2014-12-26 22:38:36 --> SHA1 Class Initialized
[DEBUG] [application] - 2014-12-26 22:38:39 --> Application Class Initialized
[DEBUG] [system.Module] - 2014-12-26 22:38:39 --> Loading "Log" application component
[DEBUG] [system.Module] - 2014-12-26 22:38:39 --> Loading "Utf8" application component
[DEBUG] [application] - 2014-12-26 22:38:39 --> Utf8 Class Initialized
[DEBUG] [application] - 2014-12-26 22:38:39 --> UTF-8 Support Enabled
[DEBUG] [system.Module] - 2014-12-26 22:38:39 --> Loading "Hooks" application component
[DEBUG] [application] - 2014-12-26 22:38:39 --> Hooks Class Initialized
[DEBUG] [system.Module] - 2014-12-26 22:38:39 --> Loading "Router" application component
[DEBUG] [system.Module] - 2014-12-26 22:38:39 --> Loading "Uri" application component
[DEBUG] [application] - 2014-12-26 22:38:39 --> URI Class Initialized
[DEBUG] [application] - 2014-12-26 22:38:39 --> Router Class Initialized
[DEBUG] [application] - 2014-12-26 22:38:39 --> Config file loaded: /Users/geet/www/fly/framework/application/config/routes.php
[DEBUG] [application] - 2014-12-26 22:38:39 --> No URI present. Default controller set.
[DEBUG] [application] - 2014-12-26 22:38:39 --> SHA1 Class Initialized
[DEBUG] [application] - 2014-12-26 22:42:11 --> Application Class Initialized
[DEBUG] [system.Module] - 2014-12-26 22:42:11 --> Loading "Log" application component
[DEBUG] [system.Module] - 2014-12-26 22:42:11 --> Loading "Utf8" application component
[DEBUG] [application] - 2014-12-26 22:42:11 --> Utf8 Class Initialized
[DEBUG] [application] - 2014-12-26 22:42:11 --> UTF-8 Support Enabled
[DEBUG] [system.Module] - 2014-12-26 22:42:11 --> Loading "Hooks" application component
[DEBUG] [application] - 2014-12-26 22:42:11 --> Hooks Class Initialized
[DEBUG] [system.Module] - 2014-12-26 22:42:11 --> Loading "Router" application component
[DEBUG] [system.Module] - 2014-12-26 22:42:11 --> Loading "Uri" application component
[DEBUG] [application] - 2014-12-26 22:42:11 --> URI Class Initialized
[DEBUG] [application] - 2014-12-26 22:42:11 --> Router Class Initialized
[DEBUG] [application] - 2014-12-26 22:42:11 --> Config file loaded: /Users/geet/www/fly/framework/application/config/routes.php
[DEBUG] [application] - 2014-12-26 22:42:11 --> No URI present. Default controller set.
[DEBUG] [system.Module] - 2014-12-26 22:42:11 --> Loading "ExceptionHandler" application component
[DEBUG] [application] - 2014-12-26 22:42:14 --> Application Class Initialized
[DEBUG] [system.Module] - 2014-12-26 22:42:14 --> Loading "Log" application component
[DEBUG] [system.Module] - 2014-12-26 22:42:14 --> Loading "Utf8" application component
[DEBUG] [application] - 2014-12-26 22:42:14 --> Utf8 Class Initialized
[DEBUG] [application] - 2014-12-26 22:42:14 --> UTF-8 Support Enabled
[DEBUG] [system.Module] - 2014-12-26 22:42:14 --> Loading "Hooks" application component
[DEBUG] [application] - 2014-12-26 22:42:14 --> Hooks Class Initialized
[DEBUG] [system.Module] - 2014-12-26 22:42:14 --> Loading "Router" application component
[DEBUG] [system.Module] - 2014-12-26 22:42:14 --> Loading "Uri" application component
[DEBUG] [application] - 2014-12-26 22:42:14 --> URI Class Initialized
[DEBUG] [application] - 2014-12-26 22:42:14 --> Router Class Initialized
[DEBUG] [application] - 2014-12-26 22:42:14 --> Config file loaded: /Users/geet/www/fly/framework/application/config/routes.php
[DEBUG] [application] - 2014-12-26 22:42:14 --> No URI present. Default controller set.
[DEBUG] [system.Module] - 2014-12-26 22:42:14 --> Loading "ExceptionHandler" application component
[DEBUG] [application] - 2014-12-26 23:28:36 --> Application Class Initialized
[DEBUG] [system.Module] - 2014-12-26 23:28:36 --> Loading "Log" application component
[DEBUG] [system.Module] - 2014-12-26 23:28:36 --> Loading "Utf8" application component
[DEBUG] [application] - 2014-12-26 23:28:36 --> Utf8 Class Initialized
[DEBUG] [application] - 2014-12-26 23:28:36 --> UTF-8 Support Enabled
[DEBUG] [system.Module] - 2014-12-26 23:28:36 --> Loading "Hooks" application component
[DEBUG] [application] - 2014-12-26 23:28:36 --> Hooks Class Initialized
[DEBUG] [system.Module] - 2014-12-26 23:28:36 --> Loading "Router" application component
[DEBUG] [system.Module] - 2014-12-26 23:28:36 --> Loading "Uri" application component
[DEBUG] [application] - 2014-12-26 23:28:36 --> URI Class Initialized
[DEBUG] [application] - 2014-12-26 23:28:36 --> Router Class Initialized
[DEBUG] [application] - 2014-12-26 23:28:36 --> Config file loaded: /Users/geet/www/fly/framework/application/config/routes.php
[DEBUG] [application] - 2014-12-26 23:28:36 --> No URI present. Default controller set.
[DEBUG] [system.Module] - 2014-12-26 23:28:36 --> Loading "ExceptionHandler" application component
[DEBUG] [application] - 2014-12-26 23:39:39 --> Application Class Initialized
[DEBUG] [system.Module] - 2014-12-26 23:39:39 --> Loading "Log" application component
[DEBUG] [system.Module] - 2014-12-26 23:39:39 --> Loading "Utf8" application component
[DEBUG] [application] - 2014-12-26 23:39:39 --> Utf8 Class Initialized
[DEBUG] [application] - 2014-12-26 23:39:39 --> UTF-8 Support Enabled
[DEBUG] [system.Module] - 2014-12-26 23:39:39 --> Loading "Hooks" application component
[DEBUG] [application] - 2014-12-26 23:39:39 --> Hooks Class Initialized
[DEBUG] [system.Module] - 2014-12-26 23:39:39 --> Loading "Router" application component
[DEBUG] [system.Module] - 2014-12-26 23:39:39 --> Loading "Uri" application component
[DEBUG] [application] - 2014-12-26 23:39:39 --> URI Class Initialized
[DEBUG] [application] - 2014-12-26 23:39:39 --> Router Class Initialized
[DEBUG] [application] - 2014-12-26 23:39:39 --> Config file loaded: /Users/geet/www/fly/framework/application/config/routes.php
[DEBUG] [application] - 2014-12-26 23:39:39 --> No URI present. Default controller set.
[DEBUG] [system.Module] - 2014-12-26 23:39:39 --> Loading "ExceptionHandler" application component
[DEBUG] [application] - 2014-12-26 23:41:42 --> Application Class Initialized
[DEBUG] [system.Module] - 2014-12-26 23:41:42 --> Loading "Log" application component
[DEBUG] [system.Module] - 2014-12-26 23:41:42 --> Loading "Utf8" application component
[DEBUG] [application] - 2014-12-26 23:41:42 --> Utf8 Class Initialized
[DEBUG] [application] - 2014-12-26 23:41:42 --> UTF-8 Support Enabled
[DEBUG] [system.Module] - 2014-12-26 23:41:42 --> Loading "Hooks" application component
[DEBUG] [application] - 2014-12-26 23:41:42 --> Hooks Class Initialized
[DEBUG] [system.Module] - 2014-12-26 23:41:42 --> Loading "Router" application component
[DEBUG] [system.Module] - 2014-12-26 23:41:42 --> Loading "Uri" application component
[DEBUG] [application] - 2014-12-26 23:41:42 --> URI Class Initialized
[DEBUG] [application] - 2014-12-26 23:41:42 --> Router Class Initialized
[DEBUG] [application] - 2014-12-26 23:41:42 --> Config file loaded: /Users/geet/www/fly/framework/application/config/routes.php
[DEBUG] [application] - 2014-12-26 23:41:42 --> No URI present. Default controller set.
[DEBUG] [system.Module] - 2014-12-26 23:41:42 --> Loading "ExceptionHandler" application component
[DEBUG] [application] - 2014-12-26 23:51:36 --> Application Class Initialized
[DEBUG] [system.Module] - 2014-12-26 23:51:36 --> Loading "Log" application component
[DEBUG] [system.Module] - 2014-12-26 23:51:36 --> Loading "Utf8" application component
[DEBUG] [application] - 2014-12-26 23:51:36 --> Utf8 Class Initialized
[DEBUG] [application] - 2014-12-26 23:51:36 --> UTF-8 Support Enabled
[DEBUG] [system.Module] - 2014-12-26 23:51:36 --> Loading "Hooks" application component
[DEBUG] [application] - 2014-12-26 23:51:36 --> Hooks Class Initialized
[DEBUG] [system.Module] - 2014-12-26 23:51:36 --> Loading "Router" application component
[DEBUG] [system.Module] - 2014-12-26 23:51:36 --> Loading "Uri" application component
[DEBUG] [application] - 2014-12-26 23:51:36 --> URI Class Initialized
[DEBUG] [application] - 2014-12-26 23:51:36 --> Router Class Initialized
[DEBUG] [application] - 2014-12-26 23:51:36 --> Config file loaded: /Users/geet/www/fly/framework/application/config/routes.php
[DEBUG] [application] - 2014-12-26 23:51:36 --> No URI present. Default controller set.
[DEBUG] [system.Module] - 2014-12-26 23:51:36 --> Loading "ExceptionHandler" application component
