[DEBUG] [application] - 2014-12-17 16:08:01 --> Application Class Initialized
[DEBUG] [system.Module] - 2014-12-17 16:08:01 --> Loading "Log" application component
[DEBUG] [system.Module] - 2014-12-17 16:08:01 --> Loading "Utf8" application component
[DEBUG] [application] - 2014-12-17 16:08:01 --> Utf8 Class Initialized
[DEBUG] [application] - 2014-12-17 16:08:01 --> UTF-8 Support Enabled
[DEBUG] [system.Module] - 2014-12-17 16:08:01 --> Loading "Hooks" application component
[DEBUG] [application] - 2014-12-17 16:08:01 --> Hooks Class Initialized
[DEBUG] [system.Module] - 2014-12-17 16:08:01 --> Loading "Router" application component
[DEBUG] [system.Module] - 2014-12-17 16:08:01 --> Loading "Uri" application component
[DEBUG] [application] - 2014-12-17 16:08:01 --> URI Class Initialized
[DEBUG] [application] - 2014-12-17 16:08:01 --> Router Class Initialized
[DEBUG] [application] - 2014-12-17 16:08:01 --> Config file loaded: /Users/geet/www/fly/framework/application/config/routes.php
[DEBUG] [application] - 2014-12-17 16:08:01 --> No URI present. Default controller set.
[DEBUG] [system.Module] - 2014-12-17 16:08:01 --> Loading "HttpRequest" application component
[DEBUG] [application] - 2014-12-17 16:08:01 --> HttpRequest Class Initialized
[DEBUG] [system.Module] - 2014-12-17 16:08:01 --> Loading "Security" application component
[DEBUG] [application] - 2014-12-17 16:08:01 --> Security Class Initialized
[DEBUG] [application] - 2014-12-17 16:08:01 --> XSS Filtering completed
[DEBUG] [application] - 2014-12-17 16:08:01 --> XSS Filtering completed
[DEBUG] [application] - 2014-12-17 16:08:01 --> XSS Filtering completed
[DEBUG] [application] - 2014-12-17 16:08:01 --> XSS Filtering completed
[DEBUG] [application] - 2014-12-17 16:08:01 --> XSS Filtering completed
[DEBUG] [application] - 2014-12-17 16:08:01 --> XSS Filtering completed
[DEBUG] [application] - 2014-12-17 16:08:01 --> XSS Filtering completed
[DEBUG] [application] - 2014-12-17 16:08:01 --> XSS Filtering completed
[DEBUG] [application] - 2014-12-17 16:08:01 --> XSS Filtering completed
[DEBUG] [application] - 2014-12-17 16:08:01 --> XSS Filtering completed
[DEBUG] [application] - 2014-12-17 16:08:01 --> XSS Filtering completed
[DEBUG] [application] - 2014-12-17 16:08:01 --> XSS Filtering completed
[DEBUG] [application] - 2014-12-17 16:08:01 --> XSS Filtering completed
[DEBUG] [application] - 2014-12-17 16:08:01 --> XSS Filtering completed
[DEBUG] [application] - 2014-12-17 16:08:01 --> XSS Filtering completed
[DEBUG] [application] - 2014-12-17 16:08:01 --> XSS Filtering completed
[DEBUG] [application] - 2014-12-17 16:08:01 --> XSS Filtering completed
[DEBUG] [application] - 2014-12-17 16:08:01 --> Global POST and COOKIE data sanitized
[DEBUG] [application] - 2014-12-17 16:08:03 --> Application Class Initialized
[DEBUG] [system.Module] - 2014-12-17 16:08:03 --> Loading "Log" application component
[DEBUG] [system.Module] - 2014-12-17 16:08:03 --> Loading "Utf8" application component
[DEBUG] [application] - 2014-12-17 16:08:03 --> Utf8 Class Initialized
[DEBUG] [application] - 2014-12-17 16:08:03 --> UTF-8 Support Enabled
[DEBUG] [system.Module] - 2014-12-17 16:08:03 --> Loading "Hooks" application component
[DEBUG] [application] - 2014-12-17 16:08:03 --> Hooks Class Initialized
[DEBUG] [system.Module] - 2014-12-17 16:08:03 --> Loading "Router" application component
[DEBUG] [system.Module] - 2014-12-17 16:08:03 --> Loading "Uri" application component
[DEBUG] [application] - 2014-12-17 16:08:03 --> URI Class Initialized
[DEBUG] [application] - 2014-12-17 16:08:03 --> Router Class Initialized
[DEBUG] [application] - 2014-12-17 16:08:03 --> Config file loaded: /Users/geet/www/fly/framework/application/config/routes.php
[DEBUG] [application] - 2014-12-17 16:08:03 --> No URI present. Default controller set.
[DEBUG] [system.Module] - 2014-12-17 16:08:03 --> Loading "HttpRequest" application component
[DEBUG] [application] - 2014-12-17 16:08:03 --> HttpRequest Class Initialized
[DEBUG] [system.Module] - 2014-12-17 16:08:03 --> Loading "Security" application component
[DEBUG] [application] - 2014-12-17 16:08:03 --> Security Class Initialized
[DEBUG] [application] - 2014-12-17 16:08:03 --> XSS Filtering completed
[DEBUG] [application] - 2014-12-17 16:08:03 --> XSS Filtering completed
[DEBUG] [application] - 2014-12-17 16:08:03 --> XSS Filtering completed
[DEBUG] [application] - 2014-12-17 16:08:03 --> XSS Filtering completed
[DEBUG] [application] - 2014-12-17 16:08:03 --> XSS Filtering completed
[DEBUG] [application] - 2014-12-17 16:08:03 --> XSS Filtering completed
[DEBUG] [application] - 2014-12-17 16:08:03 --> XSS Filtering completed
[DEBUG] [application] - 2014-12-17 16:08:03 --> XSS Filtering completed
[DEBUG] [application] - 2014-12-17 16:08:03 --> XSS Filtering completed
[DEBUG] [application] - 2014-12-17 16:08:03 --> XSS Filtering completed
[DEBUG] [application] - 2014-12-17 16:08:03 --> XSS Filtering completed
[DEBUG] [application] - 2014-12-17 16:08:03 --> XSS Filtering completed
[DEBUG] [application] - 2014-12-17 16:08:03 --> XSS Filtering completed
[DEBUG] [application] - 2014-12-17 16:08:03 --> XSS Filtering completed
[DEBUG] [application] - 2014-12-17 16:08:03 --> XSS Filtering completed
[DEBUG] [application] - 2014-12-17 16:08:03 --> XSS Filtering completed
[DEBUG] [application] - 2014-12-17 16:08:03 --> XSS Filtering completed
[DEBUG] [application] - 2014-12-17 16:08:03 --> Global POST and COOKIE data sanitized
[DEBUG] [application] - 2014-12-17 16:10:35 --> Application Class Initialized
[DEBUG] [system.Module] - 2014-12-17 16:10:35 --> Loading "Log" application component
[DEBUG] [system.Module] - 2014-12-17 16:10:35 --> Loading "Utf8" application component
[DEBUG] [application] - 2014-12-17 16:10:35 --> Utf8 Class Initialized
[DEBUG] [application] - 2014-12-17 16:10:35 --> UTF-8 Support Enabled
[DEBUG] [system.Module] - 2014-12-17 16:10:35 --> Loading "Hooks" application component
[DEBUG] [application] - 2014-12-17 16:10:35 --> Hooks Class Initialized
[DEBUG] [system.Module] - 2014-12-17 16:10:35 --> Loading "Router" application component
[DEBUG] [system.Module] - 2014-12-17 16:10:35 --> Loading "Uri" application component
[DEBUG] [application] - 2014-12-17 16:10:35 --> URI Class Initialized
[DEBUG] [application] - 2014-12-17 16:10:35 --> Router Class Initialized
[DEBUG] [application] - 2014-12-17 16:10:35 --> Config file loaded: /Users/geet/www/fly/framework/application/config/routes.php
[DEBUG] [application] - 2014-12-17 16:10:35 --> No URI present. Default controller set.
[DEBUG] [system.Module] - 2014-12-17 16:10:35 --> Loading "HttpRequest" application component
[DEBUG] [application] - 2014-12-17 16:10:35 --> HttpRequest Class Initialized
[DEBUG] [system.Module] - 2014-12-17 16:10:35 --> Loading "Security" application component
[DEBUG] [application] - 2014-12-17 16:10:35 --> Security Class Initialized
[DEBUG] [application] - 2014-12-17 16:10:35 --> XSS Filtering completed
[DEBUG] [application] - 2014-12-17 16:10:35 --> XSS Filtering completed
[DEBUG] [application] - 2014-12-17 16:10:35 --> XSS Filtering completed
[DEBUG] [application] - 2014-12-17 16:10:35 --> XSS Filtering completed
[DEBUG] [application] - 2014-12-17 16:10:35 --> XSS Filtering completed
[DEBUG] [application] - 2014-12-17 16:10:35 --> XSS Filtering completed
[DEBUG] [application] - 2014-12-17 16:10:35 --> XSS Filtering completed
[DEBUG] [application] - 2014-12-17 16:10:35 --> XSS Filtering completed
[DEBUG] [application] - 2014-12-17 16:10:35 --> XSS Filtering completed
[DEBUG] [application] - 2014-12-17 16:10:35 --> XSS Filtering completed
[DEBUG] [application] - 2014-12-17 16:10:35 --> XSS Filtering completed
[DEBUG] [application] - 2014-12-17 16:10:35 --> XSS Filtering completed
[DEBUG] [application] - 2014-12-17 16:10:35 --> XSS Filtering completed
[DEBUG] [application] - 2014-12-17 16:10:35 --> XSS Filtering completed
[DEBUG] [application] - 2014-12-17 16:10:35 --> XSS Filtering completed
[DEBUG] [application] - 2014-12-17 16:10:35 --> XSS Filtering completed
[DEBUG] [application] - 2014-12-17 16:10:35 --> XSS Filtering completed
[DEBUG] [application] - 2014-12-17 16:10:35 --> Global POST and COOKIE data sanitized
[DEBUG] [application] - 2014-12-17 16:52:22 --> Application Class Initialized
[DEBUG] [system.Module] - 2014-12-17 16:52:22 --> Loading "Log" application component
[DEBUG] [system.Module] - 2014-12-17 16:52:22 --> Loading "Utf8" application component
[DEBUG] [application] - 2014-12-17 16:52:22 --> Utf8 Class Initialized
[DEBUG] [application] - 2014-12-17 16:52:22 --> UTF-8 Support Enabled
[DEBUG] [system.Module] - 2014-12-17 16:52:22 --> Loading "Hooks" application component
[DEBUG] [application] - 2014-12-17 16:52:22 --> Hooks Class Initialized
[DEBUG] [system.Module] - 2014-12-17 16:52:22 --> Loading "Router" application component
[DEBUG] [system.Module] - 2014-12-17 16:52:22 --> Loading "Uri" application component
[DEBUG] [application] - 2014-12-17 16:52:22 --> URI Class Initialized
[DEBUG] [application] - 2014-12-17 16:52:22 --> Router Class Initialized
[DEBUG] [application] - 2014-12-17 16:52:22 --> Config file loaded: /Users/geet/www/fly/framework/application/config/routes.php
[DEBUG] [application] - 2014-12-17 16:52:22 --> No URI present. Default controller set.
[DEBUG] [application] - 2014-12-17 16:55:02 --> Application Class Initialized
[DEBUG] [system.Module] - 2014-12-17 16:55:02 --> Loading "Log" application component
[DEBUG] [system.Module] - 2014-12-17 16:55:02 --> Loading "Utf8" application component
[DEBUG] [application] - 2014-12-17 16:55:02 --> Utf8 Class Initialized
[DEBUG] [application] - 2014-12-17 16:55:02 --> UTF-8 Support Enabled
[DEBUG] [system.Module] - 2014-12-17 16:55:02 --> Loading "Hooks" application component
[DEBUG] [application] - 2014-12-17 16:55:02 --> Hooks Class Initialized
[DEBUG] [system.Module] - 2014-12-17 16:55:02 --> Loading "Router" application component
[DEBUG] [system.Module] - 2014-12-17 16:55:02 --> Loading "Uri" application component
[DEBUG] [application] - 2014-12-17 16:55:02 --> URI Class Initialized
[DEBUG] [application] - 2014-12-17 16:55:02 --> Router Class Initialized
[DEBUG] [application] - 2014-12-17 16:55:02 --> Config file loaded: /Users/geet/www/fly/framework/application/config/routes.php
[DEBUG] [application] - 2014-12-17 16:55:02 --> No URI present. Default controller set.
[DEBUG] [application] - 2014-12-17 16:55:42 --> Application Class Initialized
[DEBUG] [system.Module] - 2014-12-17 16:55:42 --> Loading "Log" application component
[DEBUG] [system.Module] - 2014-12-17 16:55:42 --> Loading "Utf8" application component
[DEBUG] [application] - 2014-12-17 16:55:42 --> Utf8 Class Initialized
[DEBUG] [application] - 2014-12-17 16:55:42 --> UTF-8 Support Enabled
[DEBUG] [system.Module] - 2014-12-17 16:55:42 --> Loading "Hooks" application component
[DEBUG] [application] - 2014-12-17 16:55:42 --> Hooks Class Initialized
[DEBUG] [system.Module] - 2014-12-17 16:55:42 --> Loading "Router" application component
[DEBUG] [system.Module] - 2014-12-17 16:55:42 --> Loading "Uri" application component
[DEBUG] [application] - 2014-12-17 16:55:42 --> URI Class Initialized
[DEBUG] [application] - 2014-12-17 16:55:42 --> Router Class Initialized
[DEBUG] [application] - 2014-12-17 16:55:42 --> Config file loaded: /Users/geet/www/fly/framework/application/config/routes.php
[DEBUG] [application] - 2014-12-17 16:55:42 --> No URI present. Default controller set.
[DEBUG] [application] - 2014-12-17 16:56:47 --> Application Class Initialized
[DEBUG] [system.Module] - 2014-12-17 16:56:47 --> Loading "Log" application component
[DEBUG] [system.Module] - 2014-12-17 16:56:47 --> Loading "Utf8" application component
[DEBUG] [application] - 2014-12-17 16:56:47 --> Utf8 Class Initialized
[DEBUG] [application] - 2014-12-17 16:56:47 --> UTF-8 Support Enabled
[DEBUG] [system.Module] - 2014-12-17 16:56:47 --> Loading "Hooks" application component
[DEBUG] [application] - 2014-12-17 16:56:47 --> Hooks Class Initialized
[DEBUG] [system.Module] - 2014-12-17 16:56:47 --> Loading "Router" application component
[DEBUG] [system.Module] - 2014-12-17 16:56:47 --> Loading "Uri" application component
[DEBUG] [application] - 2014-12-17 16:56:47 --> URI Class Initialized
[DEBUG] [application] - 2014-12-17 16:56:47 --> Router Class Initialized
[DEBUG] [application] - 2014-12-17 16:56:47 --> Config file loaded: /Users/geet/www/fly/framework/application/config/routes.php
[DEBUG] [application] - 2014-12-17 16:56:47 --> No URI present. Default controller set.
[DEBUG] [application] - 2014-12-17 16:56:55 --> Application Class Initialized
[DEBUG] [system.Module] - 2014-12-17 16:56:55 --> Loading "Log" application component
[DEBUG] [system.Module] - 2014-12-17 16:56:55 --> Loading "Utf8" application component
[DEBUG] [application] - 2014-12-17 16:56:55 --> Utf8 Class Initialized
[DEBUG] [application] - 2014-12-17 16:56:55 --> UTF-8 Support Enabled
[DEBUG] [system.Module] - 2014-12-17 16:56:55 --> Loading "Hooks" application component
[DEBUG] [application] - 2014-12-17 16:56:55 --> Hooks Class Initialized
[DEBUG] [system.Module] - 2014-12-17 16:56:55 --> Loading "Router" application component
[DEBUG] [system.Module] - 2014-12-17 16:56:55 --> Loading "Uri" application component
[DEBUG] [application] - 2014-12-17 16:56:55 --> URI Class Initialized
[DEBUG] [application] - 2014-12-17 16:56:55 --> Router Class Initialized
[DEBUG] [application] - 2014-12-17 16:56:55 --> Config file loaded: /Users/geet/www/fly/framework/application/config/routes.php
[DEBUG] [application] - 2014-12-17 16:56:55 --> No URI present. Default controller set.
[DEBUG] [application] - 2014-12-17 16:59:09 --> Application Class Initialized
[DEBUG] [system.Module] - 2014-12-17 16:59:09 --> Loading "Log" application component
[DEBUG] [system.Module] - 2014-12-17 16:59:09 --> Loading "Utf8" application component
[DEBUG] [application] - 2014-12-17 16:59:09 --> Utf8 Class Initialized
[DEBUG] [application] - 2014-12-17 16:59:09 --> UTF-8 Support Enabled
[DEBUG] [system.Module] - 2014-12-17 16:59:09 --> Loading "Hooks" application component
[DEBUG] [application] - 2014-12-17 16:59:09 --> Hooks Class Initialized
[DEBUG] [system.Module] - 2014-12-17 16:59:09 --> Loading "Router" application component
[DEBUG] [system.Module] - 2014-12-17 16:59:09 --> Loading "Uri" application component
[DEBUG] [application] - 2014-12-17 16:59:09 --> URI Class Initialized
[DEBUG] [application] - 2014-12-17 16:59:09 --> Router Class Initialized
[DEBUG] [application] - 2014-12-17 16:59:09 --> Config file loaded: /Users/geet/www/fly/framework/application/config/routes.php
[DEBUG] [application] - 2014-12-17 16:59:09 --> No URI present. Default controller set.
[DEBUG] [application] - 2014-12-17 17:09:16 --> Application Class Initialized
[DEBUG] [system.Module] - 2014-12-17 17:09:16 --> Loading "Log" application component
[DEBUG] [system.Module] - 2014-12-17 17:09:16 --> Loading "Utf8" application component
[DEBUG] [application] - 2014-12-17 17:09:16 --> Utf8 Class Initialized
[DEBUG] [application] - 2014-12-17 17:09:16 --> UTF-8 Support Enabled
[DEBUG] [system.Module] - 2014-12-17 17:09:16 --> Loading "Hooks" application component
[DEBUG] [application] - 2014-12-17 17:09:16 --> Hooks Class Initialized
[DEBUG] [system.Module] - 2014-12-17 17:09:16 --> Loading "Router" application component
[DEBUG] [system.Module] - 2014-12-17 17:09:16 --> Loading "Uri" application component
[DEBUG] [application] - 2014-12-17 17:09:16 --> URI Class Initialized
[DEBUG] [application] - 2014-12-17 17:09:16 --> Router Class Initialized
[DEBUG] [application] - 2014-12-17 17:09:16 --> Config file loaded: /Users/geet/www/fly/framework/application/config/routes.php
[DEBUG] [application] - 2014-12-17 17:09:16 --> No URI present. Default controller set.
[DEBUG] [application] - 2014-12-17 17:09:44 --> Application Class Initialized
[DEBUG] [system.Module] - 2014-12-17 17:09:44 --> Loading "Log" application component
[DEBUG] [system.Module] - 2014-12-17 17:09:44 --> Loading "Utf8" application component
[DEBUG] [application] - 2014-12-17 17:09:45 --> Utf8 Class Initialized
[DEBUG] [application] - 2014-12-17 17:09:45 --> UTF-8 Support Enabled
[DEBUG] [system.Module] - 2014-12-17 17:09:45 --> Loading "Hooks" application component
[DEBUG] [application] - 2014-12-17 17:09:45 --> Hooks Class Initialized
[DEBUG] [system.Module] - 2014-12-17 17:09:45 --> Loading "Router" application component
[DEBUG] [system.Module] - 2014-12-17 17:09:45 --> Loading "Uri" application component
[DEBUG] [application] - 2014-12-17 17:09:45 --> URI Class Initialized
[DEBUG] [application] - 2014-12-17 17:09:45 --> Router Class Initialized
[DEBUG] [application] - 2014-12-17 17:09:45 --> Config file loaded: /Users/geet/www/fly/framework/application/config/routes.php
[DEBUG] [application] - 2014-12-17 17:09:45 --> No URI present. Default controller set.
[DEBUG] [application] - 2014-12-17 17:11:02 --> Application Class Initialized
[DEBUG] [system.Module] - 2014-12-17 17:11:02 --> Loading "Log" application component
[DEBUG] [system.Module] - 2014-12-17 17:11:02 --> Loading "Utf8" application component
[DEBUG] [application] - 2014-12-17 17:11:02 --> Utf8 Class Initialized
[DEBUG] [application] - 2014-12-17 17:11:02 --> UTF-8 Support Enabled
[DEBUG] [system.Module] - 2014-12-17 17:11:02 --> Loading "Hooks" application component
[DEBUG] [application] - 2014-12-17 17:11:02 --> Hooks Class Initialized
[DEBUG] [system.Module] - 2014-12-17 17:11:02 --> Loading "Router" application component
[DEBUG] [system.Module] - 2014-12-17 17:11:02 --> Loading "Uri" application component
[DEBUG] [application] - 2014-12-17 17:11:02 --> URI Class Initialized
[DEBUG] [application] - 2014-12-17 17:11:02 --> Router Class Initialized
[DEBUG] [application] - 2014-12-17 17:11:02 --> Config file loaded: /Users/geet/www/fly/framework/application/config/routes.php
[DEBUG] [application] - 2014-12-17 17:11:02 --> No URI present. Default controller set.
[DEBUG] [application] - 2014-12-17 17:12:15 --> Application Class Initialized
[DEBUG] [system.Module] - 2014-12-17 17:12:15 --> Loading "Log" application component
[DEBUG] [system.Module] - 2014-12-17 17:12:15 --> Loading "Utf8" application component
[DEBUG] [application] - 2014-12-17 17:12:15 --> Utf8 Class Initialized
[DEBUG] [application] - 2014-12-17 17:12:15 --> UTF-8 Support Enabled
[DEBUG] [system.Module] - 2014-12-17 17:12:15 --> Loading "Hooks" application component
[DEBUG] [application] - 2014-12-17 17:12:15 --> Hooks Class Initialized
[DEBUG] [system.Module] - 2014-12-17 17:12:15 --> Loading "Router" application component
[DEBUG] [system.Module] - 2014-12-17 17:12:15 --> Loading "Uri" application component
[DEBUG] [application] - 2014-12-17 17:12:15 --> URI Class Initialized
[DEBUG] [application] - 2014-12-17 17:12:15 --> Router Class Initialized
[DEBUG] [application] - 2014-12-17 17:12:15 --> Config file loaded: /Users/geet/www/fly/framework/application/config/routes.php
[DEBUG] [application] - 2014-12-17 17:12:15 --> No URI present. Default controller set.
[DEBUG] [application] - 2014-12-17 17:15:28 --> Application Class Initialized
[DEBUG] [system.Module] - 2014-12-17 17:15:28 --> Loading "Log" application component
[DEBUG] [system.Module] - 2014-12-17 17:15:28 --> Loading "Utf8" application component
[DEBUG] [application] - 2014-12-17 17:15:28 --> Utf8 Class Initialized
[DEBUG] [application] - 2014-12-17 17:15:28 --> UTF-8 Support Enabled
[DEBUG] [system.Module] - 2014-12-17 17:15:28 --> Loading "Hooks" application component
[DEBUG] [application] - 2014-12-17 17:15:28 --> Hooks Class Initialized
[DEBUG] [system.Module] - 2014-12-17 17:15:28 --> Loading "Router" application component
[DEBUG] [system.Module] - 2014-12-17 17:15:28 --> Loading "Uri" application component
[DEBUG] [application] - 2014-12-17 17:15:28 --> URI Class Initialized
[DEBUG] [application] - 2014-12-17 17:15:28 --> Router Class Initialized
[DEBUG] [application] - 2014-12-17 17:15:28 --> Config file loaded: /Users/geet/www/fly/framework/application/config/routes.php
[DEBUG] [application] - 2014-12-17 17:15:28 --> No URI present. Default controller set.
[DEBUG] [system.Module] - 2014-12-17 17:15:28 --> Loading "HttpRequest" application component
[DEBUG] [application] - 2014-12-17 17:15:28 --> HttpRequest Class Initialized
[DEBUG] [system.Module] - 2014-12-17 17:15:28 --> Loading "Security" application component
[DEBUG] [application] - 2014-12-17 17:15:28 --> Security Class Initialized
[DEBUG] [application] - 2014-12-17 17:15:28 --> XSS Filtering completed
[DEBUG] [application] - 2014-12-17 17:15:28 --> XSS Filtering completed
[DEBUG] [application] - 2014-12-17 17:15:28 --> XSS Filtering completed
[DEBUG] [application] - 2014-12-17 17:15:28 --> XSS Filtering completed
[DEBUG] [application] - 2014-12-17 17:15:28 --> XSS Filtering completed
[DEBUG] [application] - 2014-12-17 17:15:28 --> XSS Filtering completed
[DEBUG] [application] - 2014-12-17 17:15:28 --> XSS Filtering completed
[DEBUG] [application] - 2014-12-17 17:15:28 --> XSS Filtering completed
[DEBUG] [application] - 2014-12-17 17:15:28 --> XSS Filtering completed
[DEBUG] [application] - 2014-12-17 17:15:28 --> XSS Filtering completed
[DEBUG] [application] - 2014-12-17 17:15:28 --> XSS Filtering completed
[DEBUG] [application] - 2014-12-17 17:15:28 --> XSS Filtering completed
[DEBUG] [application] - 2014-12-17 17:15:28 --> XSS Filtering completed
[DEBUG] [application] - 2014-12-17 17:15:28 --> XSS Filtering completed
[DEBUG] [application] - 2014-12-17 17:15:28 --> XSS Filtering completed
[DEBUG] [application] - 2014-12-17 17:15:28 --> XSS Filtering completed
[DEBUG] [application] - 2014-12-17 17:15:28 --> XSS Filtering completed
[DEBUG] [application] - 2014-12-17 17:15:28 --> CRSF cookie Set
[DEBUG] [application] - 2014-12-17 17:15:28 --> Global POST and COOKIE data sanitized
[DEBUG] [application] - 2014-12-17 17:15:51 --> Application Class Initialized
[DEBUG] [system.Module] - 2014-12-17 17:15:51 --> Loading "Log" application component
[DEBUG] [system.Module] - 2014-12-17 17:15:51 --> Loading "Utf8" application component
[DEBUG] [application] - 2014-12-17 17:15:51 --> Utf8 Class Initialized
[DEBUG] [application] - 2014-12-17 17:15:51 --> UTF-8 Support Enabled
[DEBUG] [system.Module] - 2014-12-17 17:15:51 --> Loading "Hooks" application component
[DEBUG] [application] - 2014-12-17 17:15:51 --> Hooks Class Initialized
[DEBUG] [system.Module] - 2014-12-17 17:15:51 --> Loading "Router" application component
[DEBUG] [system.Module] - 2014-12-17 17:15:51 --> Loading "Uri" application component
[DEBUG] [application] - 2014-12-17 17:15:51 --> URI Class Initialized
[DEBUG] [application] - 2014-12-17 17:15:51 --> Router Class Initialized
[DEBUG] [application] - 2014-12-17 17:15:51 --> Config file loaded: /Users/geet/www/fly/framework/application/config/routes.php
[DEBUG] [application] - 2014-12-17 17:15:51 --> No URI present. Default controller set.
[DEBUG] [application] - 2014-12-17 17:17:07 --> Application Class Initialized
[DEBUG] [system.Module] - 2014-12-17 17:17:07 --> Loading "Log" application component
[DEBUG] [system.Module] - 2014-12-17 17:17:07 --> Loading "Utf8" application component
[DEBUG] [application] - 2014-12-17 17:17:07 --> Utf8 Class Initialized
[DEBUG] [application] - 2014-12-17 17:17:07 --> UTF-8 Support Enabled
[DEBUG] [system.Module] - 2014-12-17 17:17:07 --> Loading "Hooks" application component
[DEBUG] [application] - 2014-12-17 17:17:07 --> Hooks Class Initialized
[DEBUG] [system.Module] - 2014-12-17 17:17:07 --> Loading "Router" application component
[DEBUG] [system.Module] - 2014-12-17 17:17:07 --> Loading "Uri" application component
[DEBUG] [application] - 2014-12-17 17:17:07 --> URI Class Initialized
[DEBUG] [application] - 2014-12-17 17:17:07 --> Router Class Initialized
[DEBUG] [application] - 2014-12-17 17:17:07 --> Config file loaded: /Users/geet/www/fly/framework/application/config/routes.php
[DEBUG] [application] - 2014-12-17 17:17:07 --> No URI present. Default controller set.
[DEBUG] [application] - 2014-12-17 17:22:55 --> Application Class Initialized
[DEBUG] [system.Module] - 2014-12-17 17:22:55 --> Loading "Log" application component
[DEBUG] [system.Module] - 2014-12-17 17:22:55 --> Loading "Utf8" application component
[DEBUG] [application] - 2014-12-17 17:22:55 --> Utf8 Class Initialized
[DEBUG] [application] - 2014-12-17 17:22:55 --> UTF-8 Support Enabled
[DEBUG] [system.Module] - 2014-12-17 17:22:55 --> Loading "Hooks" application component
[DEBUG] [application] - 2014-12-17 17:22:55 --> Hooks Class Initialized
[DEBUG] [system.Module] - 2014-12-17 17:22:55 --> Loading "Router" application component
[DEBUG] [system.Module] - 2014-12-17 17:22:55 --> Loading "Uri" application component
[DEBUG] [application] - 2014-12-17 17:22:55 --> URI Class Initialized
[DEBUG] [application] - 2014-12-17 17:22:55 --> Router Class Initialized
[DEBUG] [application] - 2014-12-17 17:22:55 --> Config file loaded: /Users/geet/www/fly/framework/application/config/routes.php
[DEBUG] [application] - 2014-12-17 17:22:55 --> No URI present. Default controller set.
[DEBUG] [application] - 2014-12-17 17:24:36 --> Application Class Initialized
[DEBUG] [system.Module] - 2014-12-17 17:24:36 --> Loading "Log" application component
[DEBUG] [system.Module] - 2014-12-17 17:24:36 --> Loading "Utf8" application component
[DEBUG] [application] - 2014-12-17 17:24:36 --> Utf8 Class Initialized
[DEBUG] [application] - 2014-12-17 17:24:36 --> UTF-8 Support Enabled
[DEBUG] [system.Module] - 2014-12-17 17:24:36 --> Loading "Hooks" application component
[DEBUG] [application] - 2014-12-17 17:24:36 --> Hooks Class Initialized
[DEBUG] [system.Module] - 2014-12-17 17:24:36 --> Loading "Router" application component
[DEBUG] [system.Module] - 2014-12-17 17:24:36 --> Loading "Uri" application component
[DEBUG] [application] - 2014-12-17 17:24:36 --> URI Class Initialized
[DEBUG] [application] - 2014-12-17 17:24:36 --> Router Class Initialized
[DEBUG] [application] - 2014-12-17 17:24:36 --> Config file loaded: /Users/geet/www/fly/framework/application/config/routes.php
[DEBUG] [application] - 2014-12-17 17:24:36 --> No URI present. Default controller set.
[DEBUG] [application] - 2014-12-17 17:25:11 --> Application Class Initialized
[DEBUG] [system.Module] - 2014-12-17 17:25:11 --> Loading "Log" application component
[DEBUG] [system.Module] - 2014-12-17 17:25:11 --> Loading "Utf8" application component
[DEBUG] [application] - 2014-12-17 17:25:11 --> Utf8 Class Initialized
[DEBUG] [application] - 2014-12-17 17:25:11 --> UTF-8 Support Enabled
[DEBUG] [system.Module] - 2014-12-17 17:25:11 --> Loading "Hooks" application component
[DEBUG] [application] - 2014-12-17 17:25:11 --> Hooks Class Initialized
[DEBUG] [system.Module] - 2014-12-17 17:25:11 --> Loading "Router" application component
[DEBUG] [system.Module] - 2014-12-17 17:25:11 --> Loading "Uri" application component
[DEBUG] [application] - 2014-12-17 17:25:11 --> URI Class Initialized
[DEBUG] [application] - 2014-12-17 17:25:11 --> Router Class Initialized
[DEBUG] [application] - 2014-12-17 17:25:11 --> Config file loaded: /Users/geet/www/fly/framework/application/config/routes.php
[DEBUG] [application] - 2014-12-17 17:25:11 --> No URI present. Default controller set.
[DEBUG] [application] - 2014-12-17 17:25:31 --> Application Class Initialized
[DEBUG] [system.Module] - 2014-12-17 17:25:31 --> Loading "Log" application component
[DEBUG] [system.Module] - 2014-12-17 17:25:31 --> Loading "Utf8" application component
[DEBUG] [application] - 2014-12-17 17:25:31 --> Utf8 Class Initialized
[DEBUG] [application] - 2014-12-17 17:25:31 --> UTF-8 Support Enabled
[DEBUG] [system.Module] - 2014-12-17 17:25:31 --> Loading "Hooks" application component
[DEBUG] [application] - 2014-12-17 17:25:31 --> Hooks Class Initialized
[DEBUG] [system.Module] - 2014-12-17 17:25:31 --> Loading "Router" application component
[DEBUG] [system.Module] - 2014-12-17 17:25:31 --> Loading "Uri" application component
[DEBUG] [application] - 2014-12-17 17:25:31 --> URI Class Initialized
[DEBUG] [application] - 2014-12-17 17:25:31 --> Router Class Initialized
[DEBUG] [application] - 2014-12-17 17:25:31 --> Config file loaded: /Users/geet/www/fly/framework/application/config/routes.php
[DEBUG] [application] - 2014-12-17 17:25:31 --> No URI present. Default controller set.
[DEBUG] [application] - 2014-12-17 17:26:00 --> Application Class Initialized
[DEBUG] [system.Module] - 2014-12-17 17:26:00 --> Loading "Log" application component
[DEBUG] [system.Module] - 2014-12-17 17:26:00 --> Loading "Utf8" application component
[DEBUG] [application] - 2014-12-17 17:26:00 --> Utf8 Class Initialized
[DEBUG] [application] - 2014-12-17 17:26:00 --> UTF-8 Support Enabled
[DEBUG] [system.Module] - 2014-12-17 17:26:00 --> Loading "Hooks" application component
[DEBUG] [application] - 2014-12-17 17:26:00 --> Hooks Class Initialized
[DEBUG] [system.Module] - 2014-12-17 17:26:00 --> Loading "Router" application component
[DEBUG] [system.Module] - 2014-12-17 17:26:00 --> Loading "Uri" application component
[DEBUG] [application] - 2014-12-17 17:26:00 --> URI Class Initialized
[DEBUG] [application] - 2014-12-17 17:26:00 --> Router Class Initialized
[DEBUG] [application] - 2014-12-17 17:26:00 --> Config file loaded: /Users/geet/www/fly/framework/application/config/routes.php
[DEBUG] [application] - 2014-12-17 17:26:00 --> No URI present. Default controller set.
[DEBUG] [application] - 2014-12-17 17:26:25 --> Application Class Initialized
[DEBUG] [system.Module] - 2014-12-17 17:26:25 --> Loading "Log" application component
[DEBUG] [system.Module] - 2014-12-17 17:26:25 --> Loading "Utf8" application component
[DEBUG] [application] - 2014-12-17 17:26:25 --> Utf8 Class Initialized
[DEBUG] [application] - 2014-12-17 17:26:25 --> UTF-8 Support Enabled
[DEBUG] [system.Module] - 2014-12-17 17:26:25 --> Loading "Hooks" application component
[DEBUG] [application] - 2014-12-17 17:26:25 --> Hooks Class Initialized
[DEBUG] [system.Module] - 2014-12-17 17:26:25 --> Loading "Router" application component
[DEBUG] [system.Module] - 2014-12-17 17:26:25 --> Loading "Uri" application component
[DEBUG] [application] - 2014-12-17 17:26:25 --> URI Class Initialized
[DEBUG] [application] - 2014-12-17 17:26:25 --> Router Class Initialized
[DEBUG] [application] - 2014-12-17 17:26:25 --> Config file loaded: /Users/geet/www/fly/framework/application/config/routes.php
[DEBUG] [application] - 2014-12-17 17:26:25 --> No URI present. Default controller set.
[DEBUG] [application] - 2014-12-17 17:27:04 --> Application Class Initialized
[DEBUG] [system.Module] - 2014-12-17 17:27:04 --> Loading "Log" application component
[DEBUG] [system.Module] - 2014-12-17 17:27:04 --> Loading "Utf8" application component
[DEBUG] [application] - 2014-12-17 17:27:04 --> Utf8 Class Initialized
[DEBUG] [application] - 2014-12-17 17:27:04 --> UTF-8 Support Enabled
[DEBUG] [system.Module] - 2014-12-17 17:27:04 --> Loading "Hooks" application component
[DEBUG] [application] - 2014-12-17 17:27:04 --> Hooks Class Initialized
[DEBUG] [system.Module] - 2014-12-17 17:27:04 --> Loading "Router" application component
[DEBUG] [system.Module] - 2014-12-17 17:27:04 --> Loading "Uri" application component
[DEBUG] [application] - 2014-12-17 17:27:04 --> URI Class Initialized
[DEBUG] [application] - 2014-12-17 17:27:04 --> Router Class Initialized
[DEBUG] [application] - 2014-12-17 17:27:04 --> Config file loaded: /Users/geet/www/fly/framework/application/config/routes.php
[DEBUG] [application] - 2014-12-17 17:27:04 --> No URI present. Default controller set.
[DEBUG] [application] - 2014-12-17 17:28:29 --> Application Class Initialized
[DEBUG] [system.Module] - 2014-12-17 17:28:29 --> Loading "Log" application component
[DEBUG] [system.Module] - 2014-12-17 17:28:29 --> Loading "Utf8" application component
[DEBUG] [application] - 2014-12-17 17:28:29 --> Utf8 Class Initialized
[DEBUG] [application] - 2014-12-17 17:28:29 --> UTF-8 Support Enabled
[DEBUG] [system.Module] - 2014-12-17 17:28:29 --> Loading "Hooks" application component
[DEBUG] [application] - 2014-12-17 17:28:29 --> Hooks Class Initialized
[DEBUG] [system.Module] - 2014-12-17 17:28:29 --> Loading "Router" application component
[DEBUG] [system.Module] - 2014-12-17 17:28:29 --> Loading "Uri" application component
[DEBUG] [application] - 2014-12-17 17:28:29 --> URI Class Initialized
[DEBUG] [application] - 2014-12-17 17:28:29 --> Router Class Initialized
[DEBUG] [application] - 2014-12-17 17:28:29 --> Config file loaded: /Users/geet/www/fly/framework/application/config/routes.php
[DEBUG] [application] - 2014-12-17 17:28:29 --> No URI present. Default controller set.
[DEBUG] [application] - 2014-12-17 17:28:43 --> Application Class Initialized
[DEBUG] [system.Module] - 2014-12-17 17:28:43 --> Loading "Log" application component
[DEBUG] [system.Module] - 2014-12-17 17:28:43 --> Loading "Utf8" application component
[DEBUG] [application] - 2014-12-17 17:28:43 --> Utf8 Class Initialized
[DEBUG] [application] - 2014-12-17 17:28:43 --> UTF-8 Support Enabled
[DEBUG] [system.Module] - 2014-12-17 17:28:43 --> Loading "Hooks" application component
[DEBUG] [application] - 2014-12-17 17:28:43 --> Hooks Class Initialized
[DEBUG] [system.Module] - 2014-12-17 17:28:43 --> Loading "Router" application component
[DEBUG] [system.Module] - 2014-12-17 17:28:43 --> Loading "Uri" application component
[DEBUG] [application] - 2014-12-17 17:28:43 --> URI Class Initialized
[DEBUG] [application] - 2014-12-17 17:28:43 --> Router Class Initialized
[DEBUG] [application] - 2014-12-17 17:28:43 --> Config file loaded: /Users/geet/www/fly/framework/application/config/routes.php
[DEBUG] [application] - 2014-12-17 17:28:43 --> No URI present. Default controller set.
[DEBUG] [application] - 2014-12-17 17:28:46 --> Application Class Initialized
[DEBUG] [system.Module] - 2014-12-17 17:28:46 --> Loading "Log" application component
[DEBUG] [system.Module] - 2014-12-17 17:28:46 --> Loading "Utf8" application component
[DEBUG] [application] - 2014-12-17 17:28:46 --> Utf8 Class Initialized
[DEBUG] [application] - 2014-12-17 17:28:46 --> UTF-8 Support Enabled
[DEBUG] [system.Module] - 2014-12-17 17:28:46 --> Loading "Hooks" application component
[DEBUG] [application] - 2014-12-17 17:28:46 --> Hooks Class Initialized
[DEBUG] [system.Module] - 2014-12-17 17:28:46 --> Loading "Router" application component
[DEBUG] [system.Module] - 2014-12-17 17:28:46 --> Loading "Uri" application component
[DEBUG] [application] - 2014-12-17 17:28:46 --> URI Class Initialized
[DEBUG] [application] - 2014-12-17 17:28:46 --> Router Class Initialized
[DEBUG] [application] - 2014-12-17 17:28:46 --> Config file loaded: /Users/geet/www/fly/framework/application/config/routes.php
[DEBUG] [application] - 2014-12-17 17:28:46 --> No URI present. Default controller set.
[DEBUG] [application] - 2014-12-17 17:36:20 --> Application Class Initialized
[DEBUG] [system.Module] - 2014-12-17 17:36:20 --> Loading "Log" application component
[DEBUG] [system.Module] - 2014-12-17 17:36:20 --> Loading "Utf8" application component
[DEBUG] [application] - 2014-12-17 17:36:20 --> Utf8 Class Initialized
[DEBUG] [application] - 2014-12-17 17:36:20 --> UTF-8 Support Enabled
[DEBUG] [system.Module] - 2014-12-17 17:36:20 --> Loading "Hooks" application component
[DEBUG] [application] - 2014-12-17 17:36:20 --> Hooks Class Initialized
[DEBUG] [system.Module] - 2014-12-17 17:36:20 --> Loading "Router" application component
[DEBUG] [system.Module] - 2014-12-17 17:36:20 --> Loading "Uri" application component
[DEBUG] [application] - 2014-12-17 17:36:20 --> URI Class Initialized
[DEBUG] [application] - 2014-12-17 17:36:20 --> Router Class Initialized
[DEBUG] [application] - 2014-12-17 17:36:20 --> Config file loaded: /Users/geet/www/fly/framework/application/config/routes.php
[DEBUG] [application] - 2014-12-17 17:36:20 --> No URI present. Default controller set.
[DEBUG] [application] - 2014-12-17 17:39:22 --> Application Class Initialized
[DEBUG] [system.Module] - 2014-12-17 17:39:22 --> Loading "Log" application component
[DEBUG] [system.Module] - 2014-12-17 17:39:22 --> Loading "Utf8" application component
[DEBUG] [application] - 2014-12-17 17:39:22 --> Utf8 Class Initialized
[DEBUG] [application] - 2014-12-17 17:39:22 --> UTF-8 Support Enabled
[DEBUG] [system.Module] - 2014-12-17 17:39:22 --> Loading "Hooks" application component
[DEBUG] [application] - 2014-12-17 17:39:22 --> Hooks Class Initialized
[DEBUG] [system.Module] - 2014-12-17 17:39:22 --> Loading "Router" application component
[DEBUG] [system.Module] - 2014-12-17 17:39:22 --> Loading "Uri" application component
[DEBUG] [application] - 2014-12-17 17:39:22 --> URI Class Initialized
[DEBUG] [application] - 2014-12-17 17:39:22 --> Router Class Initialized
[DEBUG] [application] - 2014-12-17 17:39:22 --> Config file loaded: /Users/geet/www/fly/framework/application/config/routes.php
[DEBUG] [application] - 2014-12-17 17:39:22 --> No URI present. Default controller set.
[DEBUG] [application] - 2014-12-17 17:39:24 --> Application Class Initialized
[DEBUG] [system.Module] - 2014-12-17 17:39:24 --> Loading "Log" application component
[DEBUG] [system.Module] - 2014-12-17 17:39:24 --> Loading "Utf8" application component
[DEBUG] [application] - 2014-12-17 17:39:24 --> Utf8 Class Initialized
[DEBUG] [application] - 2014-12-17 17:39:24 --> UTF-8 Support Enabled
[DEBUG] [system.Module] - 2014-12-17 17:39:24 --> Loading "Hooks" application component
[DEBUG] [application] - 2014-12-17 17:39:24 --> Hooks Class Initialized
[DEBUG] [system.Module] - 2014-12-17 17:39:24 --> Loading "Router" application component
[DEBUG] [system.Module] - 2014-12-17 17:39:24 --> Loading "Uri" application component
[DEBUG] [application] - 2014-12-17 17:39:24 --> URI Class Initialized
[DEBUG] [application] - 2014-12-17 17:39:24 --> Router Class Initialized
[DEBUG] [application] - 2014-12-17 17:39:24 --> Config file loaded: /Users/geet/www/fly/framework/application/config/routes.php
[DEBUG] [application] - 2014-12-17 17:39:24 --> No URI present. Default controller set.
[DEBUG] [application] - 2014-12-17 17:40:07 --> Application Class Initialized
[DEBUG] [system.Module] - 2014-12-17 17:40:07 --> Loading "Log" application component
[DEBUG] [system.Module] - 2014-12-17 17:40:07 --> Loading "Utf8" application component
[DEBUG] [application] - 2014-12-17 17:40:07 --> Utf8 Class Initialized
[DEBUG] [application] - 2014-12-17 17:40:07 --> UTF-8 Support Enabled
[DEBUG] [system.Module] - 2014-12-17 17:40:07 --> Loading "Hooks" application component
[DEBUG] [application] - 2014-12-17 17:40:07 --> Hooks Class Initialized
[DEBUG] [system.Module] - 2014-12-17 17:40:07 --> Loading "Router" application component
[DEBUG] [system.Module] - 2014-12-17 17:40:07 --> Loading "Uri" application component
[DEBUG] [application] - 2014-12-17 17:40:07 --> URI Class Initialized
[DEBUG] [application] - 2014-12-17 17:40:07 --> Router Class Initialized
[DEBUG] [application] - 2014-12-17 17:40:07 --> Config file loaded: /Users/geet/www/fly/framework/application/config/routes.php
[DEBUG] [application] - 2014-12-17 17:40:07 --> No URI present. Default controller set.
[DEBUG] [application] - 2014-12-17 17:43:52 --> Application Class Initialized
[DEBUG] [system.Module] - 2014-12-17 17:43:52 --> Loading "Log" application component
[DEBUG] [system.Module] - 2014-12-17 17:43:52 --> Loading "Utf8" application component
[DEBUG] [application] - 2014-12-17 17:43:52 --> Utf8 Class Initialized
[DEBUG] [application] - 2014-12-17 17:43:52 --> UTF-8 Support Enabled
[DEBUG] [system.Module] - 2014-12-17 17:43:52 --> Loading "Hooks" application component
[DEBUG] [application] - 2014-12-17 17:43:52 --> Hooks Class Initialized
[DEBUG] [system.Module] - 2014-12-17 17:43:52 --> Loading "Router" application component
[DEBUG] [system.Module] - 2014-12-17 17:43:52 --> Loading "Uri" application component
[DEBUG] [application] - 2014-12-17 17:43:52 --> URI Class Initialized
[DEBUG] [application] - 2014-12-17 17:43:52 --> Router Class Initialized
[DEBUG] [application] - 2014-12-17 17:43:52 --> Config file loaded: /Users/geet/www/fly/framework/application/config/routes.php
[DEBUG] [application] - 2014-12-17 17:43:52 --> No URI present. Default controller set.
[DEBUG] [application] - 2014-12-17 17:46:21 --> Application Class Initialized
[DEBUG] [system.Module] - 2014-12-17 17:46:21 --> Loading "Log" application component
[DEBUG] [system.Module] - 2014-12-17 17:46:21 --> Loading "Utf8" application component
[DEBUG] [application] - 2014-12-17 17:46:21 --> Utf8 Class Initialized
[DEBUG] [application] - 2014-12-17 17:46:21 --> UTF-8 Support Enabled
[DEBUG] [system.Module] - 2014-12-17 17:46:21 --> Loading "Hooks" application component
[DEBUG] [application] - 2014-12-17 17:46:21 --> Hooks Class Initialized
[DEBUG] [system.Module] - 2014-12-17 17:46:21 --> Loading "Router" application component
[DEBUG] [system.Module] - 2014-12-17 17:46:21 --> Loading "Uri" application component
[DEBUG] [application] - 2014-12-17 17:46:21 --> URI Class Initialized
[DEBUG] [application] - 2014-12-17 17:46:21 --> Router Class Initialized
[DEBUG] [application] - 2014-12-17 17:46:21 --> Config file loaded: /Users/geet/www/fly/framework/application/config/routes.php
[DEBUG] [application] - 2014-12-17 17:46:21 --> No URI present. Default controller set.
[DEBUG] [application] - 2014-12-17 17:46:23 --> Application Class Initialized
[DEBUG] [system.Module] - 2014-12-17 17:46:23 --> Loading "Log" application component
[DEBUG] [system.Module] - 2014-12-17 17:46:23 --> Loading "Utf8" application component
[DEBUG] [application] - 2014-12-17 17:46:23 --> Utf8 Class Initialized
[DEBUG] [application] - 2014-12-17 17:46:23 --> UTF-8 Support Enabled
[DEBUG] [system.Module] - 2014-12-17 17:46:23 --> Loading "Hooks" application component
[DEBUG] [application] - 2014-12-17 17:46:23 --> Hooks Class Initialized
[DEBUG] [system.Module] - 2014-12-17 17:46:23 --> Loading "Router" application component
[DEBUG] [system.Module] - 2014-12-17 17:46:23 --> Loading "Uri" application component
[DEBUG] [application] - 2014-12-17 17:46:23 --> URI Class Initialized
[DEBUG] [application] - 2014-12-17 17:46:23 --> Router Class Initialized
[DEBUG] [application] - 2014-12-17 17:46:23 --> Config file loaded: /Users/geet/www/fly/framework/application/config/routes.php
[DEBUG] [application] - 2014-12-17 17:46:23 --> No URI present. Default controller set.
[DEBUG] [application] - 2014-12-17 17:48:55 --> Application Class Initialized
[DEBUG] [system.Module] - 2014-12-17 17:48:55 --> Loading "Log" application component
[DEBUG] [system.Module] - 2014-12-17 17:48:55 --> Loading "Utf8" application component
[DEBUG] [application] - 2014-12-17 17:48:55 --> Utf8 Class Initialized
[DEBUG] [application] - 2014-12-17 17:48:55 --> UTF-8 Support Enabled
[DEBUG] [system.Module] - 2014-12-17 17:48:55 --> Loading "Hooks" application component
[DEBUG] [application] - 2014-12-17 17:48:55 --> Hooks Class Initialized
[DEBUG] [system.Module] - 2014-12-17 17:48:55 --> Loading "Router" application component
[DEBUG] [system.Module] - 2014-12-17 17:48:55 --> Loading "Uri" application component
[DEBUG] [application] - 2014-12-17 17:48:55 --> URI Class Initialized
[DEBUG] [application] - 2014-12-17 17:48:55 --> Router Class Initialized
[DEBUG] [application] - 2014-12-17 17:48:55 --> Config file loaded: /Users/geet/www/fly/framework/application/config/routes.php
[DEBUG] [application] - 2014-12-17 17:48:55 --> No URI present. Default controller set.
[DEBUG] [application] - 2014-12-17 17:52:43 --> Application Class Initialized
[DEBUG] [system.Module] - 2014-12-17 17:52:43 --> Loading "Log" application component
[DEBUG] [system.Module] - 2014-12-17 17:52:43 --> Loading "Utf8" application component
[DEBUG] [application] - 2014-12-17 17:52:43 --> Utf8 Class Initialized
[DEBUG] [application] - 2014-12-17 17:52:43 --> UTF-8 Support Enabled
[DEBUG] [system.Module] - 2014-12-17 17:52:43 --> Loading "Hooks" application component
[DEBUG] [application] - 2014-12-17 17:52:43 --> Hooks Class Initialized
[DEBUG] [system.Module] - 2014-12-17 17:52:43 --> Loading "Router" application component
[DEBUG] [system.Module] - 2014-12-17 17:52:43 --> Loading "Uri" application component
[DEBUG] [application] - 2014-12-17 17:52:43 --> URI Class Initialized
[DEBUG] [application] - 2014-12-17 17:52:43 --> Router Class Initialized
[DEBUG] [application] - 2014-12-17 17:52:43 --> Config file loaded: /Users/geet/www/fly/framework/application/config/routes.php
[DEBUG] [application] - 2014-12-17 17:52:43 --> No URI present. Default controller set.
[DEBUG] [application] - 2014-12-17 17:55:35 --> Application Class Initialized
[DEBUG] [system.Module] - 2014-12-17 17:55:35 --> Loading "Log" application component
[DEBUG] [system.Module] - 2014-12-17 17:55:35 --> Loading "Utf8" application component
[DEBUG] [application] - 2014-12-17 17:55:35 --> Utf8 Class Initialized
[DEBUG] [application] - 2014-12-17 17:55:35 --> UTF-8 Support Enabled
[DEBUG] [system.Module] - 2014-12-17 17:55:35 --> Loading "Hooks" application component
[DEBUG] [application] - 2014-12-17 17:55:35 --> Hooks Class Initialized
[DEBUG] [system.Module] - 2014-12-17 17:55:35 --> Loading "Router" application component
[DEBUG] [system.Module] - 2014-12-17 17:55:35 --> Loading "Uri" application component
[DEBUG] [application] - 2014-12-17 17:55:35 --> URI Class Initialized
[DEBUG] [application] - 2014-12-17 17:55:35 --> Router Class Initialized
[DEBUG] [application] - 2014-12-17 17:55:35 --> Config file loaded: /Users/geet/www/fly/framework/application/config/routes.php
[DEBUG] [application] - 2014-12-17 17:55:35 --> No URI present. Default controller set.
[DEBUG] [application] - 2014-12-17 17:56:03 --> Application Class Initialized
[DEBUG] [system.Module] - 2014-12-17 17:56:03 --> Loading "Log" application component
[DEBUG] [system.Module] - 2014-12-17 17:56:03 --> Loading "Utf8" application component
[DEBUG] [application] - 2014-12-17 17:56:03 --> Utf8 Class Initialized
[DEBUG] [application] - 2014-12-17 17:56:03 --> UTF-8 Support Enabled
[DEBUG] [system.Module] - 2014-12-17 17:56:03 --> Loading "Hooks" application component
[DEBUG] [application] - 2014-12-17 17:56:03 --> Hooks Class Initialized
[DEBUG] [system.Module] - 2014-12-17 17:56:03 --> Loading "Router" application component
[DEBUG] [system.Module] - 2014-12-17 17:56:03 --> Loading "Uri" application component
[DEBUG] [application] - 2014-12-17 17:56:03 --> URI Class Initialized
[DEBUG] [application] - 2014-12-17 17:56:03 --> Router Class Initialized
[DEBUG] [application] - 2014-12-17 17:56:03 --> Config file loaded: /Users/geet/www/fly/framework/application/config/routes.php
[DEBUG] [application] - 2014-12-17 17:56:03 --> No URI present. Default controller set.
[DEBUG] [application] - 2014-12-17 17:56:14 --> Application Class Initialized
[DEBUG] [system.Module] - 2014-12-17 17:56:14 --> Loading "Log" application component
[DEBUG] [system.Module] - 2014-12-17 17:56:14 --> Loading "Utf8" application component
[DEBUG] [application] - 2014-12-17 17:56:14 --> Utf8 Class Initialized
[DEBUG] [application] - 2014-12-17 17:56:14 --> UTF-8 Support Enabled
[DEBUG] [system.Module] - 2014-12-17 17:56:14 --> Loading "Hooks" application component
[DEBUG] [application] - 2014-12-17 17:56:14 --> Hooks Class Initialized
[DEBUG] [system.Module] - 2014-12-17 17:56:14 --> Loading "Router" application component
[DEBUG] [system.Module] - 2014-12-17 17:56:14 --> Loading "Uri" application component
[DEBUG] [application] - 2014-12-17 17:56:14 --> URI Class Initialized
[DEBUG] [application] - 2014-12-17 17:56:14 --> Router Class Initialized
[DEBUG] [application] - 2014-12-17 17:56:14 --> Config file loaded: /Users/geet/www/fly/framework/application/config/routes.php
[DEBUG] [application] - 2014-12-17 17:56:14 --> No URI present. Default controller set.
[DEBUG] [application] - 2014-12-17 17:56:15 --> Application Class Initialized
[DEBUG] [system.Module] - 2014-12-17 17:56:15 --> Loading "Log" application component
[DEBUG] [system.Module] - 2014-12-17 17:56:15 --> Loading "Utf8" application component
[DEBUG] [application] - 2014-12-17 17:56:15 --> Utf8 Class Initialized
[DEBUG] [application] - 2014-12-17 17:56:15 --> UTF-8 Support Enabled
[DEBUG] [system.Module] - 2014-12-17 17:56:15 --> Loading "Hooks" application component
[DEBUG] [application] - 2014-12-17 17:56:15 --> Hooks Class Initialized
[DEBUG] [system.Module] - 2014-12-17 17:56:15 --> Loading "Router" application component
[DEBUG] [system.Module] - 2014-12-17 17:56:15 --> Loading "Uri" application component
[DEBUG] [application] - 2014-12-17 17:56:15 --> URI Class Initialized
[DEBUG] [application] - 2014-12-17 17:56:15 --> Router Class Initialized
[DEBUG] [application] - 2014-12-17 17:56:15 --> Config file loaded: /Users/geet/www/fly/framework/application/config/routes.php
[DEBUG] [application] - 2014-12-17 17:56:15 --> No URI present. Default controller set.
[DEBUG] [application] - 2014-12-17 17:56:17 --> Application Class Initialized
[DEBUG] [system.Module] - 2014-12-17 17:56:17 --> Loading "Log" application component
[DEBUG] [system.Module] - 2014-12-17 17:56:17 --> Loading "Utf8" application component
[DEBUG] [application] - 2014-12-17 17:56:17 --> Utf8 Class Initialized
[DEBUG] [application] - 2014-12-17 17:56:17 --> UTF-8 Support Enabled
[DEBUG] [system.Module] - 2014-12-17 17:56:17 --> Loading "Hooks" application component
[DEBUG] [application] - 2014-12-17 17:56:17 --> Hooks Class Initialized
[DEBUG] [system.Module] - 2014-12-17 17:56:17 --> Loading "Router" application component
[DEBUG] [system.Module] - 2014-12-17 17:56:17 --> Loading "Uri" application component
[DEBUG] [application] - 2014-12-17 17:56:17 --> URI Class Initialized
[DEBUG] [application] - 2014-12-17 17:56:17 --> Router Class Initialized
[DEBUG] [application] - 2014-12-17 17:56:17 --> Config file loaded: /Users/geet/www/fly/framework/application/config/routes.php
[DEBUG] [application] - 2014-12-17 17:56:17 --> No URI present. Default controller set.
[DEBUG] [application] - 2014-12-17 17:56:41 --> Application Class Initialized
[DEBUG] [system.Module] - 2014-12-17 17:56:41 --> Loading "Log" application component
[DEBUG] [system.Module] - 2014-12-17 17:56:41 --> Loading "Utf8" application component
[DEBUG] [application] - 2014-12-17 17:56:41 --> Utf8 Class Initialized
[DEBUG] [application] - 2014-12-17 17:56:41 --> UTF-8 Support Enabled
[DEBUG] [system.Module] - 2014-12-17 17:56:41 --> Loading "Hooks" application component
[DEBUG] [application] - 2014-12-17 17:56:41 --> Hooks Class Initialized
[DEBUG] [system.Module] - 2014-12-17 17:56:41 --> Loading "Router" application component
[DEBUG] [system.Module] - 2014-12-17 17:56:41 --> Loading "Uri" application component
[DEBUG] [application] - 2014-12-17 17:56:41 --> URI Class Initialized
[DEBUG] [application] - 2014-12-17 17:56:41 --> Router Class Initialized
[DEBUG] [application] - 2014-12-17 17:56:41 --> Config file loaded: /Users/geet/www/fly/framework/application/config/routes.php
[DEBUG] [application] - 2014-12-17 17:56:41 --> No URI present. Default controller set.
[DEBUG] [application] - 2014-12-17 17:57:09 --> Application Class Initialized
[DEBUG] [system.Module] - 2014-12-17 17:57:09 --> Loading "Log" application component
[DEBUG] [system.Module] - 2014-12-17 17:57:09 --> Loading "Utf8" application component
[DEBUG] [application] - 2014-12-17 17:57:09 --> Utf8 Class Initialized
[DEBUG] [application] - 2014-12-17 17:57:09 --> UTF-8 Support Enabled
[DEBUG] [system.Module] - 2014-12-17 17:57:09 --> Loading "Hooks" application component
[DEBUG] [application] - 2014-12-17 17:57:09 --> Hooks Class Initialized
[DEBUG] [system.Module] - 2014-12-17 17:57:09 --> Loading "Router" application component
[DEBUG] [system.Module] - 2014-12-17 17:57:09 --> Loading "Uri" application component
[DEBUG] [application] - 2014-12-17 17:57:09 --> URI Class Initialized
[DEBUG] [application] - 2014-12-17 17:57:09 --> Router Class Initialized
[DEBUG] [application] - 2014-12-17 17:57:09 --> Config file loaded: /Users/geet/www/fly/framework/application/config/routes.php
[DEBUG] [application] - 2014-12-17 17:57:09 --> No URI present. Default controller set.
[DEBUG] [application] - 2014-12-17 17:57:23 --> Application Class Initialized
[DEBUG] [system.Module] - 2014-12-17 17:57:23 --> Loading "Log" application component
[DEBUG] [system.Module] - 2014-12-17 17:57:23 --> Loading "Utf8" application component
[DEBUG] [application] - 2014-12-17 17:57:23 --> Utf8 Class Initialized
[DEBUG] [application] - 2014-12-17 17:57:23 --> UTF-8 Support Enabled
[DEBUG] [system.Module] - 2014-12-17 17:57:23 --> Loading "Hooks" application component
[DEBUG] [application] - 2014-12-17 17:57:23 --> Hooks Class Initialized
[DEBUG] [system.Module] - 2014-12-17 17:57:23 --> Loading "Router" application component
[DEBUG] [system.Module] - 2014-12-17 17:57:23 --> Loading "Uri" application component
[DEBUG] [application] - 2014-12-17 17:57:23 --> URI Class Initialized
[DEBUG] [application] - 2014-12-17 17:57:23 --> Router Class Initialized
[DEBUG] [application] - 2014-12-17 17:57:23 --> Config file loaded: /Users/geet/www/fly/framework/application/config/routes.php
[DEBUG] [application] - 2014-12-17 17:57:23 --> No URI present. Default controller set.
[DEBUG] [application] - 2014-12-17 17:57:24 --> Application Class Initialized
[DEBUG] [system.Module] - 2014-12-17 17:57:24 --> Loading "Log" application component
[DEBUG] [system.Module] - 2014-12-17 17:57:24 --> Loading "Utf8" application component
[DEBUG] [application] - 2014-12-17 17:57:24 --> Utf8 Class Initialized
[DEBUG] [application] - 2014-12-17 17:57:24 --> UTF-8 Support Enabled
[DEBUG] [system.Module] - 2014-12-17 17:57:24 --> Loading "Hooks" application component
[DEBUG] [application] - 2014-12-17 17:57:24 --> Hooks Class Initialized
[DEBUG] [system.Module] - 2014-12-17 17:57:24 --> Loading "Router" application component
[DEBUG] [system.Module] - 2014-12-17 17:57:24 --> Loading "Uri" application component
[DEBUG] [application] - 2014-12-17 17:57:24 --> URI Class Initialized
[DEBUG] [application] - 2014-12-17 17:57:24 --> Router Class Initialized
[DEBUG] [application] - 2014-12-17 17:57:24 --> Config file loaded: /Users/geet/www/fly/framework/application/config/routes.php
[DEBUG] [application] - 2014-12-17 17:57:24 --> No URI present. Default controller set.
[DEBUG] [application] - 2014-12-17 17:57:25 --> Application Class Initialized
[DEBUG] [system.Module] - 2014-12-17 17:57:25 --> Loading "Log" application component
[DEBUG] [system.Module] - 2014-12-17 17:57:25 --> Loading "Utf8" application component
[DEBUG] [application] - 2014-12-17 17:57:25 --> Utf8 Class Initialized
[DEBUG] [application] - 2014-12-17 17:57:25 --> UTF-8 Support Enabled
[DEBUG] [system.Module] - 2014-12-17 17:57:25 --> Loading "Hooks" application component
[DEBUG] [application] - 2014-12-17 17:57:25 --> Hooks Class Initialized
[DEBUG] [system.Module] - 2014-12-17 17:57:25 --> Loading "Router" application component
[DEBUG] [system.Module] - 2014-12-17 17:57:25 --> Loading "Uri" application component
[DEBUG] [application] - 2014-12-17 17:57:25 --> URI Class Initialized
[DEBUG] [application] - 2014-12-17 17:57:25 --> Router Class Initialized
[DEBUG] [application] - 2014-12-17 17:57:25 --> Config file loaded: /Users/geet/www/fly/framework/application/config/routes.php
[DEBUG] [application] - 2014-12-17 17:57:25 --> No URI present. Default controller set.
[DEBUG] [application] - 2014-12-17 17:57:27 --> Application Class Initialized
[DEBUG] [system.Module] - 2014-12-17 17:57:27 --> Loading "Log" application component
[DEBUG] [system.Module] - 2014-12-17 17:57:27 --> Loading "Utf8" application component
[DEBUG] [application] - 2014-12-17 17:57:27 --> Utf8 Class Initialized
[DEBUG] [application] - 2014-12-17 17:57:27 --> UTF-8 Support Enabled
[DEBUG] [system.Module] - 2014-12-17 17:57:27 --> Loading "Hooks" application component
[DEBUG] [application] - 2014-12-17 17:57:27 --> Hooks Class Initialized
[DEBUG] [system.Module] - 2014-12-17 17:57:27 --> Loading "Router" application component
[DEBUG] [system.Module] - 2014-12-17 17:57:27 --> Loading "Uri" application component
[DEBUG] [application] - 2014-12-17 17:57:27 --> URI Class Initialized
[DEBUG] [application] - 2014-12-17 17:57:27 --> Router Class Initialized
[DEBUG] [application] - 2014-12-17 17:57:27 --> Config file loaded: /Users/geet/www/fly/framework/application/config/routes.php
[DEBUG] [application] - 2014-12-17 17:57:27 --> No URI present. Default controller set.
[DEBUG] [application] - 2014-12-17 17:57:29 --> Application Class Initialized
[DEBUG] [system.Module] - 2014-12-17 17:57:29 --> Loading "Log" application component
[DEBUG] [system.Module] - 2014-12-17 17:57:29 --> Loading "Utf8" application component
[DEBUG] [application] - 2014-12-17 17:57:29 --> Utf8 Class Initialized
[DEBUG] [application] - 2014-12-17 17:57:29 --> UTF-8 Support Enabled
[DEBUG] [system.Module] - 2014-12-17 17:57:29 --> Loading "Hooks" application component
[DEBUG] [application] - 2014-12-17 17:57:29 --> Hooks Class Initialized
[DEBUG] [system.Module] - 2014-12-17 17:57:29 --> Loading "Router" application component
[DEBUG] [system.Module] - 2014-12-17 17:57:29 --> Loading "Uri" application component
[DEBUG] [application] - 2014-12-17 17:57:29 --> URI Class Initialized
[DEBUG] [application] - 2014-12-17 17:57:29 --> Router Class Initialized
[DEBUG] [application] - 2014-12-17 17:57:29 --> Config file loaded: /Users/geet/www/fly/framework/application/config/routes.php
[DEBUG] [application] - 2014-12-17 17:57:29 --> No URI present. Default controller set.
[DEBUG] [application] - 2014-12-17 17:58:55 --> Application Class Initialized
[DEBUG] [system.Module] - 2014-12-17 17:58:55 --> Loading "Log" application component
[DEBUG] [system.Module] - 2014-12-17 17:58:55 --> Loading "Utf8" application component
[DEBUG] [application] - 2014-12-17 17:58:55 --> Utf8 Class Initialized
[DEBUG] [application] - 2014-12-17 17:58:55 --> UTF-8 Support Enabled
[DEBUG] [system.Module] - 2014-12-17 17:58:55 --> Loading "Hooks" application component
[DEBUG] [application] - 2014-12-17 17:58:55 --> Hooks Class Initialized
[DEBUG] [system.Module] - 2014-12-17 17:58:55 --> Loading "Router" application component
[DEBUG] [system.Module] - 2014-12-17 17:58:55 --> Loading "Uri" application component
[DEBUG] [application] - 2014-12-17 17:58:55 --> URI Class Initialized
[DEBUG] [application] - 2014-12-17 17:58:55 --> Router Class Initialized
[DEBUG] [application] - 2014-12-17 17:58:55 --> Config file loaded: /Users/geet/www/fly/framework/application/config/routes.php
[DEBUG] [application] - 2014-12-17 17:58:55 --> No URI present. Default controller set.
[DEBUG] [application] - 2014-12-17 17:59:36 --> Application Class Initialized
[DEBUG] [system.Module] - 2014-12-17 17:59:36 --> Loading "Log" application component
[DEBUG] [system.Module] - 2014-12-17 17:59:36 --> Loading "Utf8" application component
[DEBUG] [application] - 2014-12-17 17:59:36 --> Utf8 Class Initialized
[DEBUG] [application] - 2014-12-17 17:59:36 --> UTF-8 Support Enabled
[DEBUG] [system.Module] - 2014-12-17 17:59:36 --> Loading "Hooks" application component
[DEBUG] [application] - 2014-12-17 17:59:36 --> Hooks Class Initialized
[DEBUG] [system.Module] - 2014-12-17 17:59:36 --> Loading "Router" application component
[DEBUG] [system.Module] - 2014-12-17 17:59:36 --> Loading "Uri" application component
[DEBUG] [application] - 2014-12-17 17:59:36 --> URI Class Initialized
[DEBUG] [application] - 2014-12-17 17:59:36 --> Router Class Initialized
[DEBUG] [application] - 2014-12-17 17:59:36 --> Config file loaded: /Users/geet/www/fly/framework/application/config/routes.php
[DEBUG] [application] - 2014-12-17 17:59:36 --> No URI present. Default controller set.
[DEBUG] [application] - 2014-12-17 18:02:54 --> Application Class Initialized
[DEBUG] [system.Module] - 2014-12-17 18:02:54 --> Loading "Log" application component
[DEBUG] [system.Module] - 2014-12-17 18:02:54 --> Loading "Utf8" application component
[DEBUG] [application] - 2014-12-17 18:02:54 --> Utf8 Class Initialized
[DEBUG] [application] - 2014-12-17 18:02:54 --> UTF-8 Support Enabled
[DEBUG] [system.Module] - 2014-12-17 18:02:54 --> Loading "Hooks" application component
[DEBUG] [application] - 2014-12-17 18:02:54 --> Hooks Class Initialized
[DEBUG] [system.Module] - 2014-12-17 18:02:54 --> Loading "Router" application component
[DEBUG] [system.Module] - 2014-12-17 18:02:54 --> Loading "Uri" application component
[DEBUG] [application] - 2014-12-17 18:02:54 --> URI Class Initialized
[DEBUG] [application] - 2014-12-17 18:02:54 --> Router Class Initialized
[DEBUG] [application] - 2014-12-17 18:02:54 --> Config file loaded: /Users/geet/www/fly/framework/application/config/routes.php
[DEBUG] [application] - 2014-12-17 18:02:54 --> No URI present. Default controller set.
[DEBUG] [application] - 2014-12-17 18:03:06 --> Application Class Initialized
[DEBUG] [system.Module] - 2014-12-17 18:03:06 --> Loading "Log" application component
[DEBUG] [system.Module] - 2014-12-17 18:03:06 --> Loading "Utf8" application component
[DEBUG] [application] - 2014-12-17 18:03:06 --> Utf8 Class Initialized
[DEBUG] [application] - 2014-12-17 18:03:06 --> UTF-8 Support Enabled
[DEBUG] [system.Module] - 2014-12-17 18:03:06 --> Loading "Hooks" application component
[DEBUG] [application] - 2014-12-17 18:03:06 --> Hooks Class Initialized
[DEBUG] [system.Module] - 2014-12-17 18:03:06 --> Loading "Router" application component
[DEBUG] [system.Module] - 2014-12-17 18:03:06 --> Loading "Uri" application component
[DEBUG] [application] - 2014-12-17 18:03:06 --> URI Class Initialized
[DEBUG] [application] - 2014-12-17 18:03:06 --> Router Class Initialized
[DEBUG] [application] - 2014-12-17 18:03:06 --> Config file loaded: /Users/geet/www/fly/framework/application/config/routes.php
[DEBUG] [application] - 2014-12-17 18:03:06 --> No URI present. Default controller set.
[DEBUG] [application] - 2014-12-17 18:05:44 --> Application Class Initialized
[DEBUG] [system.Module] - 2014-12-17 18:05:44 --> Loading "Log" application component
[DEBUG] [system.Module] - 2014-12-17 18:05:44 --> Loading "Utf8" application component
[DEBUG] [application] - 2014-12-17 18:05:44 --> Utf8 Class Initialized
[DEBUG] [application] - 2014-12-17 18:05:44 --> UTF-8 Support Enabled
[DEBUG] [system.Module] - 2014-12-17 18:05:44 --> Loading "Hooks" application component
[DEBUG] [application] - 2014-12-17 18:05:44 --> Hooks Class Initialized
[DEBUG] [system.Module] - 2014-12-17 18:05:44 --> Loading "Router" application component
[DEBUG] [system.Module] - 2014-12-17 18:05:44 --> Loading "Uri" application component
[DEBUG] [application] - 2014-12-17 18:05:44 --> URI Class Initialized
[DEBUG] [application] - 2014-12-17 18:05:44 --> Router Class Initialized
[DEBUG] [application] - 2014-12-17 18:05:44 --> Config file loaded: /Users/geet/www/fly/framework/application/config/routes.php
[DEBUG] [application] - 2014-12-17 18:05:44 --> No URI present. Default controller set.
[DEBUG] [application] - 2014-12-17 18:05:56 --> Application Class Initialized
[DEBUG] [system.Module] - 2014-12-17 18:05:56 --> Loading "Log" application component
[DEBUG] [system.Module] - 2014-12-17 18:05:56 --> Loading "Utf8" application component
[DEBUG] [application] - 2014-12-17 18:05:56 --> Utf8 Class Initialized
[DEBUG] [application] - 2014-12-17 18:05:56 --> UTF-8 Support Enabled
[DEBUG] [system.Module] - 2014-12-17 18:05:56 --> Loading "Hooks" application component
[DEBUG] [application] - 2014-12-17 18:05:56 --> Hooks Class Initialized
[DEBUG] [system.Module] - 2014-12-17 18:05:56 --> Loading "Router" application component
[DEBUG] [system.Module] - 2014-12-17 18:05:56 --> Loading "Uri" application component
[DEBUG] [application] - 2014-12-17 18:05:56 --> URI Class Initialized
[DEBUG] [application] - 2014-12-17 18:05:56 --> Router Class Initialized
[DEBUG] [application] - 2014-12-17 18:05:56 --> Config file loaded: /Users/geet/www/fly/framework/application/config/routes.php
[DEBUG] [application] - 2014-12-17 18:05:56 --> No URI present. Default controller set.
[DEBUG] [application] - 2014-12-17 18:07:26 --> Application Class Initialized
[DEBUG] [system.Module] - 2014-12-17 18:07:26 --> Loading "Log" application component
[DEBUG] [system.Module] - 2014-12-17 18:07:26 --> Loading "Utf8" application component
[DEBUG] [application] - 2014-12-17 18:07:26 --> Utf8 Class Initialized
[DEBUG] [application] - 2014-12-17 18:07:26 --> UTF-8 Support Enabled
[DEBUG] [system.Module] - 2014-12-17 18:07:26 --> Loading "Hooks" application component
[DEBUG] [application] - 2014-12-17 18:07:26 --> Hooks Class Initialized
[DEBUG] [system.Module] - 2014-12-17 18:07:26 --> Loading "Router" application component
[DEBUG] [system.Module] - 2014-12-17 18:07:26 --> Loading "Uri" application component
[DEBUG] [application] - 2014-12-17 18:07:26 --> URI Class Initialized
[DEBUG] [application] - 2014-12-17 18:07:26 --> Router Class Initialized
[DEBUG] [application] - 2014-12-17 18:07:26 --> Config file loaded: /Users/geet/www/fly/framework/application/config/routes.php
[DEBUG] [application] - 2014-12-17 18:07:26 --> No URI present. Default controller set.
[DEBUG] [application] - 2014-12-17 18:07:46 --> Application Class Initialized
[DEBUG] [system.Module] - 2014-12-17 18:07:46 --> Loading "Log" application component
[DEBUG] [system.Module] - 2014-12-17 18:07:46 --> Loading "Utf8" application component
[DEBUG] [application] - 2014-12-17 18:07:46 --> Utf8 Class Initialized
[DEBUG] [application] - 2014-12-17 18:07:46 --> UTF-8 Support Enabled
[DEBUG] [system.Module] - 2014-12-17 18:07:46 --> Loading "Hooks" application component
[DEBUG] [application] - 2014-12-17 18:07:46 --> Hooks Class Initialized
[DEBUG] [system.Module] - 2014-12-17 18:07:46 --> Loading "Router" application component
[DEBUG] [system.Module] - 2014-12-17 18:07:46 --> Loading "Uri" application component
[DEBUG] [application] - 2014-12-17 18:07:46 --> URI Class Initialized
[DEBUG] [application] - 2014-12-17 18:07:46 --> Router Class Initialized
[DEBUG] [application] - 2014-12-17 18:07:46 --> Config file loaded: /Users/geet/www/fly/framework/application/config/routes.php
[DEBUG] [application] - 2014-12-17 18:07:46 --> No URI present. Default controller set.
[DEBUG] [application] - 2014-12-17 18:08:43 --> Application Class Initialized
[DEBUG] [system.Module] - 2014-12-17 18:08:43 --> Loading "Log" application component
[DEBUG] [system.Module] - 2014-12-17 18:08:43 --> Loading "Utf8" application component
[DEBUG] [application] - 2014-12-17 18:08:43 --> Utf8 Class Initialized
[DEBUG] [application] - 2014-12-17 18:08:43 --> UTF-8 Support Enabled
[DEBUG] [system.Module] - 2014-12-17 18:08:43 --> Loading "Hooks" application component
[DEBUG] [application] - 2014-12-17 18:08:43 --> Hooks Class Initialized
[DEBUG] [system.Module] - 2014-12-17 18:08:43 --> Loading "Router" application component
[DEBUG] [system.Module] - 2014-12-17 18:08:43 --> Loading "Uri" application component
[DEBUG] [application] - 2014-12-17 18:08:43 --> URI Class Initialized
[DEBUG] [application] - 2014-12-17 18:08:43 --> Router Class Initialized
[DEBUG] [application] - 2014-12-17 18:08:43 --> Config file loaded: /Users/geet/www/fly/framework/application/config/routes.php
[DEBUG] [application] - 2014-12-17 18:08:43 --> No URI present. Default controller set.
[DEBUG] [application] - 2014-12-17 18:09:09 --> Application Class Initialized
[DEBUG] [system.Module] - 2014-12-17 18:09:09 --> Loading "Log" application component
[DEBUG] [system.Module] - 2014-12-17 18:09:09 --> Loading "Utf8" application component
[DEBUG] [application] - 2014-12-17 18:09:09 --> Utf8 Class Initialized
[DEBUG] [application] - 2014-12-17 18:09:09 --> UTF-8 Support Enabled
[DEBUG] [system.Module] - 2014-12-17 18:09:09 --> Loading "Hooks" application component
[DEBUG] [application] - 2014-12-17 18:09:09 --> Hooks Class Initialized
[DEBUG] [system.Module] - 2014-12-17 18:09:09 --> Loading "Router" application component
[DEBUG] [system.Module] - 2014-12-17 18:09:09 --> Loading "Uri" application component
[DEBUG] [application] - 2014-12-17 18:09:09 --> URI Class Initialized
[DEBUG] [application] - 2014-12-17 18:09:09 --> Router Class Initialized
[DEBUG] [application] - 2014-12-17 18:09:09 --> Config file loaded: /Users/geet/www/fly/framework/application/config/routes.php
[DEBUG] [application] - 2014-12-17 18:09:09 --> No URI present. Default controller set.
[DEBUG] [application] - 2014-12-17 18:09:35 --> Application Class Initialized
[DEBUG] [system.Module] - 2014-12-17 18:09:35 --> Loading "Log" application component
[DEBUG] [system.Module] - 2014-12-17 18:09:35 --> Loading "Utf8" application component
[DEBUG] [application] - 2014-12-17 18:09:35 --> Utf8 Class Initialized
[DEBUG] [application] - 2014-12-17 18:09:35 --> UTF-8 Support Enabled
[DEBUG] [system.Module] - 2014-12-17 18:09:35 --> Loading "Hooks" application component
[DEBUG] [application] - 2014-12-17 18:09:35 --> Hooks Class Initialized
[DEBUG] [system.Module] - 2014-12-17 18:09:35 --> Loading "Router" application component
[DEBUG] [system.Module] - 2014-12-17 18:09:35 --> Loading "Uri" application component
[DEBUG] [application] - 2014-12-17 18:09:35 --> URI Class Initialized
[DEBUG] [application] - 2014-12-17 18:09:35 --> Router Class Initialized
[DEBUG] [application] - 2014-12-17 18:09:35 --> Config file loaded: /Users/geet/www/fly/framework/application/config/routes.php
[DEBUG] [application] - 2014-12-17 18:09:35 --> No URI present. Default controller set.
[DEBUG] [application] - 2014-12-17 18:10:24 --> Application Class Initialized
[DEBUG] [system.Module] - 2014-12-17 18:10:24 --> Loading "Log" application component
[DEBUG] [system.Module] - 2014-12-17 18:10:24 --> Loading "Utf8" application component
[DEBUG] [application] - 2014-12-17 18:10:24 --> Utf8 Class Initialized
[DEBUG] [application] - 2014-12-17 18:10:24 --> UTF-8 Support Enabled
[DEBUG] [system.Module] - 2014-12-17 18:10:24 --> Loading "Hooks" application component
[DEBUG] [application] - 2014-12-17 18:10:24 --> Hooks Class Initialized
[DEBUG] [system.Module] - 2014-12-17 18:10:24 --> Loading "Router" application component
[DEBUG] [system.Module] - 2014-12-17 18:10:24 --> Loading "Uri" application component
[DEBUG] [application] - 2014-12-17 18:10:24 --> URI Class Initialized
[DEBUG] [application] - 2014-12-17 18:10:24 --> Router Class Initialized
[DEBUG] [application] - 2014-12-17 18:10:24 --> Config file loaded: /Users/geet/www/fly/framework/application/config/routes.php
[DEBUG] [application] - 2014-12-17 18:10:24 --> No URI present. Default controller set.
[DEBUG] [application] - 2014-12-17 18:11:21 --> Application Class Initialized
[DEBUG] [system.Module] - 2014-12-17 18:11:21 --> Loading "Log" application component
[DEBUG] [system.Module] - 2014-12-17 18:11:21 --> Loading "Utf8" application component
[DEBUG] [application] - 2014-12-17 18:11:22 --> Utf8 Class Initialized
[DEBUG] [application] - 2014-12-17 18:11:22 --> UTF-8 Support Enabled
[DEBUG] [system.Module] - 2014-12-17 18:11:22 --> Loading "Hooks" application component
[DEBUG] [application] - 2014-12-17 18:11:22 --> Hooks Class Initialized
[DEBUG] [system.Module] - 2014-12-17 18:11:22 --> Loading "Router" application component
[DEBUG] [system.Module] - 2014-12-17 18:11:22 --> Loading "Uri" application component
[DEBUG] [application] - 2014-12-17 18:11:22 --> URI Class Initialized
[DEBUG] [application] - 2014-12-17 18:11:22 --> Router Class Initialized
[DEBUG] [application] - 2014-12-17 18:11:22 --> Config file loaded: /Users/geet/www/fly/framework/application/config/routes.php
[DEBUG] [application] - 2014-12-17 18:11:22 --> No URI present. Default controller set.
[DEBUG] [application] - 2014-12-17 18:11:30 --> Application Class Initialized
[DEBUG] [system.Module] - 2014-12-17 18:11:30 --> Loading "Log" application component
[DEBUG] [system.Module] - 2014-12-17 18:11:30 --> Loading "Utf8" application component
[DEBUG] [application] - 2014-12-17 18:11:30 --> Utf8 Class Initialized
[DEBUG] [application] - 2014-12-17 18:11:30 --> UTF-8 Support Enabled
[DEBUG] [system.Module] - 2014-12-17 18:11:30 --> Loading "Hooks" application component
[DEBUG] [application] - 2014-12-17 18:11:30 --> Hooks Class Initialized
[DEBUG] [system.Module] - 2014-12-17 18:11:30 --> Loading "Router" application component
[DEBUG] [system.Module] - 2014-12-17 18:11:30 --> Loading "Uri" application component
[DEBUG] [application] - 2014-12-17 18:11:30 --> URI Class Initialized
[DEBUG] [application] - 2014-12-17 18:11:30 --> Router Class Initialized
[DEBUG] [application] - 2014-12-17 18:11:30 --> Config file loaded: /Users/geet/www/fly/framework/application/config/routes.php
[DEBUG] [application] - 2014-12-17 18:11:30 --> No URI present. Default controller set.
[DEBUG] [application] - 2014-12-17 18:11:45 --> Application Class Initialized
[DEBUG] [system.Module] - 2014-12-17 18:11:45 --> Loading "Log" application component
[DEBUG] [system.Module] - 2014-12-17 18:11:45 --> Loading "Utf8" application component
[DEBUG] [application] - 2014-12-17 18:11:45 --> Utf8 Class Initialized
[DEBUG] [application] - 2014-12-17 18:11:45 --> UTF-8 Support Enabled
[DEBUG] [system.Module] - 2014-12-17 18:11:45 --> Loading "Hooks" application component
[DEBUG] [application] - 2014-12-17 18:11:45 --> Hooks Class Initialized
[DEBUG] [system.Module] - 2014-12-17 18:11:45 --> Loading "Router" application component
[DEBUG] [system.Module] - 2014-12-17 18:11:45 --> Loading "Uri" application component
[DEBUG] [application] - 2014-12-17 18:11:45 --> URI Class Initialized
[DEBUG] [application] - 2014-12-17 18:11:45 --> Router Class Initialized
[DEBUG] [application] - 2014-12-17 18:11:45 --> Config file loaded: /Users/geet/www/fly/framework/application/config/routes.php
[DEBUG] [application] - 2014-12-17 18:11:45 --> No URI present. Default controller set.
[DEBUG] [application] - 2014-12-17 18:12:55 --> Application Class Initialized
[DEBUG] [system.Module] - 2014-12-17 18:12:55 --> Loading "Log" application component
[DEBUG] [system.Module] - 2014-12-17 18:12:55 --> Loading "Utf8" application component
[DEBUG] [application] - 2014-12-17 18:12:55 --> Utf8 Class Initialized
[DEBUG] [application] - 2014-12-17 18:12:55 --> UTF-8 Support Enabled
[DEBUG] [system.Module] - 2014-12-17 18:12:55 --> Loading "Hooks" application component
[DEBUG] [application] - 2014-12-17 18:12:55 --> Hooks Class Initialized
[DEBUG] [system.Module] - 2014-12-17 18:12:55 --> Loading "Router" application component
[DEBUG] [system.Module] - 2014-12-17 18:12:55 --> Loading "Uri" application component
[DEBUG] [application] - 2014-12-17 18:12:55 --> URI Class Initialized
[DEBUG] [application] - 2014-12-17 18:12:55 --> Router Class Initialized
[DEBUG] [application] - 2014-12-17 18:12:55 --> Config file loaded: /Users/geet/www/fly/framework/application/config/routes.php
[DEBUG] [application] - 2014-12-17 18:12:55 --> No URI present. Default controller set.
