[DEBUG] [application] - 2015-01-06 10:08:47 --> Application Class Initialized
[DEBUG] [system.Module] - 2015-01-06 10:08:47 --> Loading "Log" application component
[DEBUG] [system.Module] - 2015-01-06 10:08:47 --> Loading "Utf8" application component
[DEBUG] [application] - 2015-01-06 10:08:47 --> Utf8 Class Initialized
[DEBUG] [application] - 2015-01-06 10:08:47 --> UTF-8 Support Enabled
[DEBUG] [system.Module] - 2015-01-06 10:08:47 --> Loading "Hooks" application component
[DEBUG] [application] - 2015-01-06 10:08:47 --> Hooks Class Initialized
[DEBUG] [system.Module] - 2015-01-06 10:08:47 --> Loading "Router" application component
[DEBUG] [system.Module] - 2015-01-06 10:08:47 --> Loading "Uri" application component
[DEBUG] [application] - 2015-01-06 10:08:47 --> URI Class Initialized
[DEBUG] [application] - 2015-01-06 10:08:47 --> Router Class Initialized
[DEBUG] [application] - 2015-01-06 10:08:47 --> Config file loaded: /Users/geet/www/fly/framework/application/config/routes.php
[DEBUG] [application] - 2015-01-06 10:08:47 --> No URI present. Default controller set.
[DEBUG] [system.Module] - 2015-01-06 10:08:47 --> Loading "HttpRequest" application component
[DEBUG] [application] - 2015-01-06 10:08:47 --> HttpRequest Class Initialized
[DEBUG] [system.Module] - 2015-01-06 10:08:47 --> Loading "Security" application component
[DEBUG] [application] - 2015-01-06 10:08:47 --> Security Class Initialized
[DEBUG] [application] - 2015-01-06 10:08:47 --> XSS Filtering completed
[DEBUG] [application] - 2015-01-06 10:08:47 --> Global POST and COOKIE data sanitized
[DEBUG] [application] - 2015-01-06 10:08:50 --> Application Class Initialized
[DEBUG] [system.Module] - 2015-01-06 10:08:50 --> Loading "Log" application component
[DEBUG] [system.Module] - 2015-01-06 10:08:50 --> Loading "Utf8" application component
[DEBUG] [application] - 2015-01-06 10:08:50 --> Utf8 Class Initialized
[DEBUG] [application] - 2015-01-06 10:08:50 --> UTF-8 Support Enabled
[DEBUG] [system.Module] - 2015-01-06 10:08:50 --> Loading "Hooks" application component
[DEBUG] [application] - 2015-01-06 10:08:50 --> Hooks Class Initialized
[DEBUG] [system.Module] - 2015-01-06 10:08:50 --> Loading "Router" application component
[DEBUG] [system.Module] - 2015-01-06 10:08:50 --> Loading "Uri" application component
[DEBUG] [application] - 2015-01-06 10:08:50 --> URI Class Initialized
[DEBUG] [application] - 2015-01-06 10:08:50 --> Router Class Initialized
[DEBUG] [application] - 2015-01-06 10:08:50 --> Config file loaded: /Users/geet/www/fly/framework/application/config/routes.php
[DEBUG] [application] - 2015-01-06 10:08:50 --> No URI present. Default controller set.
[DEBUG] [system.Module] - 2015-01-06 10:08:50 --> Loading "HttpRequest" application component
[DEBUG] [application] - 2015-01-06 10:08:50 --> HttpRequest Class Initialized
[DEBUG] [system.Module] - 2015-01-06 10:08:50 --> Loading "Security" application component
[DEBUG] [application] - 2015-01-06 10:08:50 --> Security Class Initialized
[DEBUG] [application] - 2015-01-06 10:08:50 --> XSS Filtering completed
[DEBUG] [application] - 2015-01-06 10:08:50 --> Global POST and COOKIE data sanitized
[DEBUG] [application] - 2015-01-06 10:19:13 --> Application Class Initialized
[DEBUG] [system.Module] - 2015-01-06 10:19:13 --> Loading "Log" application component
[DEBUG] [system.Module] - 2015-01-06 10:19:13 --> Loading "Utf8" application component
[DEBUG] [application] - 2015-01-06 10:19:13 --> Utf8 Class Initialized
[DEBUG] [application] - 2015-01-06 10:19:13 --> UTF-8 Support Enabled
[DEBUG] [system.Module] - 2015-01-06 10:19:13 --> Loading "Hooks" application component
[DEBUG] [application] - 2015-01-06 10:19:13 --> Hooks Class Initialized
[DEBUG] [system.Module] - 2015-01-06 10:19:13 --> Loading "Router" application component
[DEBUG] [system.Module] - 2015-01-06 10:19:13 --> Loading "Uri" application component
[DEBUG] [application] - 2015-01-06 10:19:13 --> URI Class Initialized
[DEBUG] [application] - 2015-01-06 10:19:13 --> Router Class Initialized
[DEBUG] [application] - 2015-01-06 10:19:13 --> Config file loaded: /Users/geet/www/fly/framework/application/config/routes.php
[DEBUG] [application] - 2015-01-06 10:19:13 --> No URI present. Default controller set.
[DEBUG] [system.Module] - 2015-01-06 10:19:13 --> Loading "HttpRequest" application component
[DEBUG] [application] - 2015-01-06 10:19:13 --> HttpRequest Class Initialized
[DEBUG] [system.Module] - 2015-01-06 10:19:13 --> Loading "Security" application component
[DEBUG] [application] - 2015-01-06 10:19:13 --> Security Class Initialized
[DEBUG] [application] - 2015-01-06 10:19:13 --> XSS Filtering completed
[DEBUG] [application] - 2015-01-06 10:19:13 --> Global POST and COOKIE data sanitized
[DEBUG] [application] - 2015-01-06 10:19:15 --> Application Class Initialized
[DEBUG] [system.Module] - 2015-01-06 10:19:15 --> Loading "Log" application component
[DEBUG] [system.Module] - 2015-01-06 10:19:15 --> Loading "Utf8" application component
[DEBUG] [application] - 2015-01-06 10:19:15 --> Utf8 Class Initialized
[DEBUG] [application] - 2015-01-06 10:19:15 --> UTF-8 Support Enabled
[DEBUG] [system.Module] - 2015-01-06 10:19:15 --> Loading "Hooks" application component
[DEBUG] [application] - 2015-01-06 10:19:15 --> Hooks Class Initialized
[DEBUG] [system.Module] - 2015-01-06 10:19:15 --> Loading "Router" application component
[DEBUG] [system.Module] - 2015-01-06 10:19:15 --> Loading "Uri" application component
[DEBUG] [application] - 2015-01-06 10:19:15 --> URI Class Initialized
[DEBUG] [application] - 2015-01-06 10:19:15 --> Router Class Initialized
[DEBUG] [application] - 2015-01-06 10:19:15 --> Config file loaded: /Users/geet/www/fly/framework/application/config/routes.php
[DEBUG] [application] - 2015-01-06 10:19:15 --> No URI present. Default controller set.
[DEBUG] [system.Module] - 2015-01-06 10:19:15 --> Loading "HttpRequest" application component
[DEBUG] [application] - 2015-01-06 10:19:15 --> HttpRequest Class Initialized
[DEBUG] [system.Module] - 2015-01-06 10:19:15 --> Loading "Security" application component
[DEBUG] [application] - 2015-01-06 10:19:15 --> Security Class Initialized
[DEBUG] [application] - 2015-01-06 10:19:15 --> XSS Filtering completed
[DEBUG] [application] - 2015-01-06 10:19:15 --> Global POST and COOKIE data sanitized
[DEBUG] [application] - 2015-01-06 14:21:13 --> Application Class Initialized
[DEBUG] [system.Module] - 2015-01-06 14:21:13 --> Loading "Log" application component
[DEBUG] [system.Module] - 2015-01-06 14:21:13 --> Loading "Utf8" application component
[DEBUG] [application] - 2015-01-06 14:21:13 --> Utf8 Class Initialized
[DEBUG] [application] - 2015-01-06 14:21:13 --> UTF-8 Support Enabled
[DEBUG] [system.Module] - 2015-01-06 14:21:13 --> Loading "Hooks" application component
[DEBUG] [application] - 2015-01-06 14:21:13 --> Hooks Class Initialized
[DEBUG] [system.Module] - 2015-01-06 14:21:13 --> Loading "Router" application component
[DEBUG] [system.Module] - 2015-01-06 14:21:13 --> Loading "Uri" application component
[DEBUG] [application] - 2015-01-06 14:21:13 --> URI Class Initialized
[DEBUG] [application] - 2015-01-06 14:21:13 --> Router Class Initialized
[DEBUG] [application] - 2015-01-06 14:21:13 --> Config file loaded: /Users/geet/www/fly/framework/application/config/routes.php
[DEBUG] [application] - 2015-01-06 14:21:13 --> No URI present. Default controller set.
[DEBUG] [application] - 2015-01-06 14:21:15 --> Application Class Initialized
[DEBUG] [system.Module] - 2015-01-06 14:21:15 --> Loading "Log" application component
[DEBUG] [system.Module] - 2015-01-06 14:21:15 --> Loading "Utf8" application component
[DEBUG] [application] - 2015-01-06 14:21:15 --> Utf8 Class Initialized
[DEBUG] [application] - 2015-01-06 14:21:15 --> UTF-8 Support Enabled
[DEBUG] [system.Module] - 2015-01-06 14:21:15 --> Loading "Hooks" application component
[DEBUG] [application] - 2015-01-06 14:21:15 --> Hooks Class Initialized
[DEBUG] [system.Module] - 2015-01-06 14:21:15 --> Loading "Router" application component
[DEBUG] [system.Module] - 2015-01-06 14:21:15 --> Loading "Uri" application component
[DEBUG] [application] - 2015-01-06 14:21:15 --> URI Class Initialized
[DEBUG] [application] - 2015-01-06 14:21:15 --> Router Class Initialized
[DEBUG] [application] - 2015-01-06 14:21:15 --> Config file loaded: /Users/geet/www/fly/framework/application/config/routes.php
[DEBUG] [application] - 2015-01-06 14:21:15 --> No URI present. Default controller set.
[DEBUG] [application] - 2015-01-06 14:21:16 --> Application Class Initialized
[DEBUG] [system.Module] - 2015-01-06 14:21:16 --> Loading "Log" application component
[DEBUG] [system.Module] - 2015-01-06 14:21:16 --> Loading "Utf8" application component
[DEBUG] [application] - 2015-01-06 14:21:16 --> Utf8 Class Initialized
[DEBUG] [application] - 2015-01-06 14:21:16 --> UTF-8 Support Enabled
[DEBUG] [system.Module] - 2015-01-06 14:21:16 --> Loading "Hooks" application component
[DEBUG] [application] - 2015-01-06 14:21:16 --> Hooks Class Initialized
[DEBUG] [system.Module] - 2015-01-06 14:21:16 --> Loading "Router" application component
[DEBUG] [system.Module] - 2015-01-06 14:21:16 --> Loading "Uri" application component
[DEBUG] [application] - 2015-01-06 14:21:16 --> URI Class Initialized
[DEBUG] [application] - 2015-01-06 14:21:16 --> Router Class Initialized
[DEBUG] [application] - 2015-01-06 14:21:16 --> Config file loaded: /Users/geet/www/fly/framework/application/config/routes.php
[DEBUG] [application] - 2015-01-06 14:21:16 --> No URI present. Default controller set.
[DEBUG] [application] - 2015-01-06 14:21:18 --> Application Class Initialized
[DEBUG] [system.Module] - 2015-01-06 14:21:18 --> Loading "Log" application component
[DEBUG] [system.Module] - 2015-01-06 14:21:18 --> Loading "Utf8" application component
[DEBUG] [application] - 2015-01-06 14:21:18 --> Utf8 Class Initialized
[DEBUG] [application] - 2015-01-06 14:21:18 --> UTF-8 Support Enabled
[DEBUG] [system.Module] - 2015-01-06 14:21:18 --> Loading "Hooks" application component
[DEBUG] [application] - 2015-01-06 14:21:18 --> Hooks Class Initialized
[DEBUG] [system.Module] - 2015-01-06 14:21:18 --> Loading "Router" application component
[DEBUG] [system.Module] - 2015-01-06 14:21:18 --> Loading "Uri" application component
[DEBUG] [application] - 2015-01-06 14:21:18 --> URI Class Initialized
[DEBUG] [application] - 2015-01-06 14:21:18 --> Router Class Initialized
[DEBUG] [application] - 2015-01-06 14:21:18 --> Config file loaded: /Users/geet/www/fly/framework/application/config/routes.php
[DEBUG] [application] - 2015-01-06 14:21:18 --> No URI present. Default controller set.
[DEBUG] [application] - 2015-01-06 14:21:19 --> Application Class Initialized
[DEBUG] [system.Module] - 2015-01-06 14:21:19 --> Loading "Log" application component
[DEBUG] [system.Module] - 2015-01-06 14:21:19 --> Loading "Utf8" application component
[DEBUG] [application] - 2015-01-06 14:21:19 --> Utf8 Class Initialized
[DEBUG] [application] - 2015-01-06 14:21:19 --> UTF-8 Support Enabled
[DEBUG] [system.Module] - 2015-01-06 14:21:19 --> Loading "Hooks" application component
[DEBUG] [application] - 2015-01-06 14:21:19 --> Hooks Class Initialized
[DEBUG] [system.Module] - 2015-01-06 14:21:19 --> Loading "Router" application component
[DEBUG] [system.Module] - 2015-01-06 14:21:19 --> Loading "Uri" application component
[DEBUG] [application] - 2015-01-06 14:21:19 --> URI Class Initialized
[DEBUG] [application] - 2015-01-06 14:21:19 --> Router Class Initialized
[DEBUG] [application] - 2015-01-06 14:21:19 --> Config file loaded: /Users/geet/www/fly/framework/application/config/routes.php
[DEBUG] [application] - 2015-01-06 14:21:19 --> No URI present. Default controller set.
[DEBUG] [application] - 2015-01-06 14:21:55 --> Application Class Initialized
[DEBUG] [system.Module] - 2015-01-06 14:21:55 --> Loading "Log" application component
[DEBUG] [system.Module] - 2015-01-06 14:21:55 --> Loading "Utf8" application component
[DEBUG] [application] - 2015-01-06 14:21:55 --> Utf8 Class Initialized
[DEBUG] [application] - 2015-01-06 14:21:55 --> UTF-8 Support Enabled
[DEBUG] [system.Module] - 2015-01-06 14:21:55 --> Loading "Hooks" application component
[DEBUG] [application] - 2015-01-06 14:21:55 --> Hooks Class Initialized
[DEBUG] [system.Module] - 2015-01-06 14:21:55 --> Loading "Router" application component
[DEBUG] [system.Module] - 2015-01-06 14:21:55 --> Loading "Uri" application component
[DEBUG] [application] - 2015-01-06 14:21:55 --> URI Class Initialized
[DEBUG] [application] - 2015-01-06 14:21:55 --> Router Class Initialized
[DEBUG] [application] - 2015-01-06 14:21:55 --> Config file loaded: /Users/geet/www/fly/framework/application/config/routes.php
[DEBUG] [application] - 2015-01-06 14:21:55 --> No URI present. Default controller set.
[DEBUG] [application] - 2015-01-06 14:21:57 --> Application Class Initialized
[DEBUG] [system.Module] - 2015-01-06 14:21:57 --> Loading "Log" application component
[DEBUG] [system.Module] - 2015-01-06 14:21:57 --> Loading "Utf8" application component
[DEBUG] [application] - 2015-01-06 14:21:57 --> Utf8 Class Initialized
[DEBUG] [application] - 2015-01-06 14:21:57 --> UTF-8 Support Enabled
[DEBUG] [system.Module] - 2015-01-06 14:21:57 --> Loading "Hooks" application component
[DEBUG] [application] - 2015-01-06 14:21:57 --> Hooks Class Initialized
[DEBUG] [system.Module] - 2015-01-06 14:21:57 --> Loading "Router" application component
[DEBUG] [system.Module] - 2015-01-06 14:21:57 --> Loading "Uri" application component
[DEBUG] [application] - 2015-01-06 14:21:57 --> URI Class Initialized
[DEBUG] [application] - 2015-01-06 14:21:57 --> Router Class Initialized
[DEBUG] [application] - 2015-01-06 14:21:57 --> Config file loaded: /Users/geet/www/fly/framework/application/config/routes.php
[DEBUG] [application] - 2015-01-06 14:21:57 --> No URI present. Default controller set.
[DEBUG] [application] - 2015-01-06 14:47:16 --> Application Class Initialized
[DEBUG] [system.Module] - 2015-01-06 14:47:16 --> Loading "Log" application component
[DEBUG] [system.Module] - 2015-01-06 14:47:16 --> Loading "Utf8" application component
[DEBUG] [application] - 2015-01-06 14:47:16 --> Utf8 Class Initialized
[DEBUG] [application] - 2015-01-06 14:47:16 --> UTF-8 Support Enabled
[DEBUG] [system.Module] - 2015-01-06 14:47:16 --> Loading "Hooks" application component
[DEBUG] [application] - 2015-01-06 14:47:16 --> Hooks Class Initialized
[DEBUG] [system.Module] - 2015-01-06 14:47:16 --> Loading "Router" application component
[DEBUG] [system.Module] - 2015-01-06 14:47:16 --> Loading "Uri" application component
[DEBUG] [application] - 2015-01-06 14:47:16 --> URI Class Initialized
[DEBUG] [application] - 2015-01-06 14:47:16 --> Router Class Initialized
[DEBUG] [application] - 2015-01-06 14:47:16 --> Config file loaded: /Users/geet/www/fly/framework/application/config/routes.php
[DEBUG] [application] - 2015-01-06 14:47:16 --> No URI present. Default controller set.
[DEBUG] [application] - 2015-01-06 14:52:51 --> Application Class Initialized
[DEBUG] [system.Module] - 2015-01-06 14:52:51 --> Loading "Log" application component
[DEBUG] [system.Module] - 2015-01-06 14:52:51 --> Loading "Utf8" application component
[DEBUG] [application] - 2015-01-06 14:52:51 --> Utf8 Class Initialized
[DEBUG] [application] - 2015-01-06 14:52:51 --> UTF-8 Support Enabled
[DEBUG] [system.Module] - 2015-01-06 14:52:51 --> Loading "Hooks" application component
[DEBUG] [application] - 2015-01-06 14:52:51 --> Hooks Class Initialized
[DEBUG] [system.Module] - 2015-01-06 14:52:51 --> Loading "Router" application component
[DEBUG] [system.Module] - 2015-01-06 14:52:51 --> Loading "Uri" application component
[DEBUG] [application] - 2015-01-06 14:52:51 --> URI Class Initialized
[DEBUG] [application] - 2015-01-06 14:52:51 --> Router Class Initialized
[DEBUG] [application] - 2015-01-06 14:52:51 --> Config file loaded: /Users/geet/www/fly/framework/application/config/routes.php
[DEBUG] [application] - 2015-01-06 14:52:51 --> No URI present. Default controller set.
[DEBUG] [application] - 2015-01-06 14:55:23 --> Application Class Initialized
[DEBUG] [system.Module] - 2015-01-06 14:55:23 --> Loading "Log" application component
[DEBUG] [system.Module] - 2015-01-06 14:55:23 --> Loading "Utf8" application component
[DEBUG] [application] - 2015-01-06 14:55:23 --> Utf8 Class Initialized
[DEBUG] [application] - 2015-01-06 14:55:23 --> UTF-8 Support Enabled
[DEBUG] [system.Module] - 2015-01-06 14:55:23 --> Loading "Hooks" application component
[DEBUG] [application] - 2015-01-06 14:55:23 --> Hooks Class Initialized
[DEBUG] [system.Module] - 2015-01-06 14:55:23 --> Loading "Router" application component
[DEBUG] [system.Module] - 2015-01-06 14:55:23 --> Loading "Uri" application component
[DEBUG] [application] - 2015-01-06 14:55:23 --> URI Class Initialized
[DEBUG] [application] - 2015-01-06 14:55:23 --> Router Class Initialized
[DEBUG] [application] - 2015-01-06 14:55:23 --> Config file loaded: /Users/geet/www/fly/framework/application/config/routes.php
[DEBUG] [application] - 2015-01-06 14:55:23 --> No URI present. Default controller set.
[DEBUG] [system.Module] - 2015-01-06 14:55:23 --> Loading "HttpRequest" application component
[DEBUG] [application] - 2015-01-06 14:55:23 --> HttpRequest Class Initialized
[DEBUG] [system.Module] - 2015-01-06 14:55:23 --> Loading "Security" application component
[DEBUG] [application] - 2015-01-06 14:55:23 --> Security Class Initialized
[DEBUG] [application] - 2015-01-06 14:55:23 --> XSS Filtering completed
[DEBUG] [application] - 2015-01-06 14:55:23 --> Global POST and COOKIE data sanitized
[DEBUG] [system.Module] - 2015-01-06 14:55:23 --> Loading "ExceptionHandler" application component
[ERROR] [application] - 2015-01-06 14:55:23 --> Severity: Notice  --> Undefined property: Jquery::$CI /Users/geet/www/fly/framework/system/libraries/Javascript.php 623
[ERROR] [application] - 2015-01-06 14:55:23 --> Severity: Notice  --> Trying to get property of non-object /Users/geet/www/fly/framework/system/libraries/Javascript.php 623
[DEBUG] [application] - 2015-01-06 14:55:33 --> Application Class Initialized
[DEBUG] [system.Module] - 2015-01-06 14:55:33 --> Loading "Log" application component
[DEBUG] [system.Module] - 2015-01-06 14:55:33 --> Loading "Utf8" application component
[DEBUG] [application] - 2015-01-06 14:55:33 --> Utf8 Class Initialized
[DEBUG] [application] - 2015-01-06 14:55:33 --> UTF-8 Support Enabled
[DEBUG] [system.Module] - 2015-01-06 14:55:33 --> Loading "Hooks" application component
[DEBUG] [application] - 2015-01-06 14:55:33 --> Hooks Class Initialized
[DEBUG] [system.Module] - 2015-01-06 14:55:33 --> Loading "Router" application component
[DEBUG] [system.Module] - 2015-01-06 14:55:33 --> Loading "Uri" application component
[DEBUG] [application] - 2015-01-06 14:55:33 --> URI Class Initialized
[DEBUG] [application] - 2015-01-06 14:55:33 --> Router Class Initialized
[DEBUG] [application] - 2015-01-06 14:55:33 --> Config file loaded: /Users/geet/www/fly/framework/application/config/routes.php
[DEBUG] [application] - 2015-01-06 14:55:33 --> No URI present. Default controller set.
[DEBUG] [system.Module] - 2015-01-06 14:55:33 --> Loading "HttpRequest" application component
[DEBUG] [application] - 2015-01-06 14:55:33 --> HttpRequest Class Initialized
[DEBUG] [system.Module] - 2015-01-06 14:55:33 --> Loading "Security" application component
[DEBUG] [application] - 2015-01-06 14:55:33 --> Security Class Initialized
[DEBUG] [application] - 2015-01-06 14:55:33 --> XSS Filtering completed
[DEBUG] [application] - 2015-01-06 14:55:33 --> Global POST and COOKIE data sanitized
[DEBUG] [system.Module] - 2015-01-06 14:55:33 --> Loading "ExceptionHandler" application component
[ERROR] [application] - 2015-01-06 14:55:33 --> Severity: Notice  --> Undefined property: Jquery::$CI /Users/geet/www/fly/framework/system/libraries/Javascript.php 623
[ERROR] [application] - 2015-01-06 14:55:33 --> Severity: Notice  --> Trying to get property of non-object /Users/geet/www/fly/framework/system/libraries/Javascript.php 623
[DEBUG] [application] - 2015-01-06 14:57:29 --> Application Class Initialized
[DEBUG] [system.Module] - 2015-01-06 14:57:29 --> Loading "Log" application component
[DEBUG] [system.Module] - 2015-01-06 14:57:29 --> Loading "Utf8" application component
[DEBUG] [application] - 2015-01-06 14:57:29 --> Utf8 Class Initialized
[DEBUG] [application] - 2015-01-06 14:57:29 --> UTF-8 Support Enabled
[DEBUG] [system.Module] - 2015-01-06 14:57:29 --> Loading "Hooks" application component
[DEBUG] [application] - 2015-01-06 14:57:29 --> Hooks Class Initialized
[DEBUG] [system.Module] - 2015-01-06 14:57:29 --> Loading "Router" application component
[DEBUG] [system.Module] - 2015-01-06 14:57:29 --> Loading "Uri" application component
[DEBUG] [application] - 2015-01-06 14:57:29 --> URI Class Initialized
[DEBUG] [application] - 2015-01-06 14:57:29 --> Router Class Initialized
[DEBUG] [application] - 2015-01-06 14:57:29 --> Config file loaded: /Users/geet/www/fly/framework/application/config/routes.php
[DEBUG] [application] - 2015-01-06 14:57:29 --> No URI present. Default controller set.
[DEBUG] [system.Module] - 2015-01-06 14:57:29 --> Loading "HttpRequest" application component
[DEBUG] [application] - 2015-01-06 14:57:29 --> HttpRequest Class Initialized
[DEBUG] [system.Module] - 2015-01-06 14:57:29 --> Loading "Security" application component
[DEBUG] [application] - 2015-01-06 14:57:29 --> Security Class Initialized
[DEBUG] [application] - 2015-01-06 14:57:29 --> XSS Filtering completed
[DEBUG] [application] - 2015-01-06 14:57:29 --> Global POST and COOKIE data sanitized
[DEBUG] [application] - 2015-01-06 14:57:29 --> Jquery Class Initialized
[DEBUG] [application] - 2015-01-06 14:57:29 --> Javascript Class Initialized and loaded.  Driver used: jquery
[DEBUG] [application] - 2015-01-06 14:57:31 --> Application Class Initialized
[DEBUG] [system.Module] - 2015-01-06 14:57:31 --> Loading "Log" application component
[DEBUG] [system.Module] - 2015-01-06 14:57:31 --> Loading "Utf8" application component
[DEBUG] [application] - 2015-01-06 14:57:31 --> Utf8 Class Initialized
[DEBUG] [application] - 2015-01-06 14:57:31 --> UTF-8 Support Enabled
[DEBUG] [system.Module] - 2015-01-06 14:57:31 --> Loading "Hooks" application component
[DEBUG] [application] - 2015-01-06 14:57:31 --> Hooks Class Initialized
[DEBUG] [system.Module] - 2015-01-06 14:57:31 --> Loading "Router" application component
[DEBUG] [system.Module] - 2015-01-06 14:57:31 --> Loading "Uri" application component
[DEBUG] [application] - 2015-01-06 14:57:31 --> URI Class Initialized
[DEBUG] [application] - 2015-01-06 14:57:31 --> Router Class Initialized
[DEBUG] [application] - 2015-01-06 14:57:31 --> Config file loaded: /Users/geet/www/fly/framework/application/config/routes.php
[DEBUG] [application] - 2015-01-06 14:57:31 --> No URI present. Default controller set.
[DEBUG] [system.Module] - 2015-01-06 14:57:31 --> Loading "HttpRequest" application component
[DEBUG] [application] - 2015-01-06 14:57:31 --> HttpRequest Class Initialized
[DEBUG] [system.Module] - 2015-01-06 14:57:31 --> Loading "Security" application component
[DEBUG] [application] - 2015-01-06 14:57:31 --> Security Class Initialized
[DEBUG] [application] - 2015-01-06 14:57:31 --> XSS Filtering completed
[DEBUG] [application] - 2015-01-06 14:57:31 --> Global POST and COOKIE data sanitized
[DEBUG] [application] - 2015-01-06 14:57:31 --> Jquery Class Initialized
[DEBUG] [application] - 2015-01-06 14:57:31 --> Javascript Class Initialized and loaded.  Driver used: jquery
[DEBUG] [application] - 2015-01-06 14:57:46 --> Application Class Initialized
[DEBUG] [system.Module] - 2015-01-06 14:57:46 --> Loading "Log" application component
[DEBUG] [system.Module] - 2015-01-06 14:57:46 --> Loading "Utf8" application component
[DEBUG] [application] - 2015-01-06 14:57:46 --> Utf8 Class Initialized
[DEBUG] [application] - 2015-01-06 14:57:46 --> UTF-8 Support Enabled
[DEBUG] [system.Module] - 2015-01-06 14:57:46 --> Loading "Hooks" application component
[DEBUG] [application] - 2015-01-06 14:57:46 --> Hooks Class Initialized
[DEBUG] [system.Module] - 2015-01-06 14:57:46 --> Loading "Router" application component
[DEBUG] [system.Module] - 2015-01-06 14:57:46 --> Loading "Uri" application component
[DEBUG] [application] - 2015-01-06 14:57:46 --> URI Class Initialized
[DEBUG] [application] - 2015-01-06 14:57:46 --> Router Class Initialized
[DEBUG] [application] - 2015-01-06 14:57:46 --> Config file loaded: /Users/geet/www/fly/framework/application/config/routes.php
[DEBUG] [application] - 2015-01-06 14:57:46 --> No URI present. Default controller set.
[DEBUG] [system.Module] - 2015-01-06 14:57:46 --> Loading "HttpRequest" application component
[DEBUG] [application] - 2015-01-06 14:57:46 --> HttpRequest Class Initialized
[DEBUG] [system.Module] - 2015-01-06 14:57:46 --> Loading "Security" application component
[DEBUG] [application] - 2015-01-06 14:57:46 --> Security Class Initialized
[DEBUG] [application] - 2015-01-06 14:57:46 --> XSS Filtering completed
[DEBUG] [application] - 2015-01-06 14:57:46 --> Global POST and COOKIE data sanitized
[DEBUG] [application] - 2015-01-06 14:57:46 --> Jquery Class Initialized
[DEBUG] [application] - 2015-01-06 14:57:46 --> Javascript Class Initialized and loaded.  Driver used: jquery
[DEBUG] [application] - 2015-01-06 14:58:39 --> Application Class Initialized
[DEBUG] [system.Module] - 2015-01-06 14:58:39 --> Loading "Log" application component
[DEBUG] [system.Module] - 2015-01-06 14:58:39 --> Loading "Utf8" application component
[DEBUG] [application] - 2015-01-06 14:58:39 --> Utf8 Class Initialized
[DEBUG] [application] - 2015-01-06 14:58:39 --> UTF-8 Support Enabled
[DEBUG] [system.Module] - 2015-01-06 14:58:39 --> Loading "Hooks" application component
[DEBUG] [application] - 2015-01-06 14:58:39 --> Hooks Class Initialized
[DEBUG] [system.Module] - 2015-01-06 14:58:39 --> Loading "Router" application component
[DEBUG] [system.Module] - 2015-01-06 14:58:39 --> Loading "Uri" application component
[DEBUG] [application] - 2015-01-06 14:58:39 --> URI Class Initialized
[DEBUG] [application] - 2015-01-06 14:58:39 --> Router Class Initialized
[DEBUG] [application] - 2015-01-06 14:58:39 --> Config file loaded: /Users/geet/www/fly/framework/application/config/routes.php
[DEBUG] [application] - 2015-01-06 14:58:39 --> No URI present. Default controller set.
[DEBUG] [system.Module] - 2015-01-06 14:58:39 --> Loading "HttpRequest" application component
[DEBUG] [application] - 2015-01-06 14:58:39 --> HttpRequest Class Initialized
[DEBUG] [system.Module] - 2015-01-06 14:58:39 --> Loading "Security" application component
[DEBUG] [application] - 2015-01-06 14:58:39 --> Security Class Initialized
[DEBUG] [application] - 2015-01-06 14:58:39 --> XSS Filtering completed
[DEBUG] [application] - 2015-01-06 14:58:39 --> Global POST and COOKIE data sanitized
[DEBUG] [application] - 2015-01-06 14:58:39 --> Jquery Class Initialized
[DEBUG] [application] - 2015-01-06 14:58:39 --> Javascript Class Initialized and loaded.  Driver used: jquery
[DEBUG] [application] - 2015-01-06 14:58:41 --> Application Class Initialized
[DEBUG] [system.Module] - 2015-01-06 14:58:41 --> Loading "Log" application component
[DEBUG] [system.Module] - 2015-01-06 14:58:41 --> Loading "Utf8" application component
[DEBUG] [application] - 2015-01-06 14:58:41 --> Utf8 Class Initialized
[DEBUG] [application] - 2015-01-06 14:58:41 --> UTF-8 Support Enabled
[DEBUG] [system.Module] - 2015-01-06 14:58:41 --> Loading "Hooks" application component
[DEBUG] [application] - 2015-01-06 14:58:41 --> Hooks Class Initialized
[DEBUG] [system.Module] - 2015-01-06 14:58:41 --> Loading "Router" application component
[DEBUG] [system.Module] - 2015-01-06 14:58:41 --> Loading "Uri" application component
[DEBUG] [application] - 2015-01-06 14:58:41 --> URI Class Initialized
[DEBUG] [application] - 2015-01-06 14:58:41 --> Router Class Initialized
[DEBUG] [application] - 2015-01-06 14:58:41 --> Config file loaded: /Users/geet/www/fly/framework/application/config/routes.php
[DEBUG] [application] - 2015-01-06 14:58:41 --> No URI present. Default controller set.
[DEBUG] [system.Module] - 2015-01-06 14:58:41 --> Loading "HttpRequest" application component
[DEBUG] [application] - 2015-01-06 14:58:41 --> HttpRequest Class Initialized
[DEBUG] [system.Module] - 2015-01-06 14:58:41 --> Loading "Security" application component
[DEBUG] [application] - 2015-01-06 14:58:41 --> Security Class Initialized
[DEBUG] [application] - 2015-01-06 14:58:41 --> XSS Filtering completed
[DEBUG] [application] - 2015-01-06 14:58:41 --> Global POST and COOKIE data sanitized
[DEBUG] [application] - 2015-01-06 14:58:41 --> Jquery Class Initialized
[DEBUG] [application] - 2015-01-06 14:58:41 --> Javascript Class Initialized and loaded.  Driver used: jquery
[DEBUG] [application] - 2015-01-06 14:58:53 --> Application Class Initialized
[DEBUG] [system.Module] - 2015-01-06 14:58:53 --> Loading "Log" application component
[DEBUG] [system.Module] - 2015-01-06 14:58:53 --> Loading "Utf8" application component
[DEBUG] [application] - 2015-01-06 14:58:53 --> Utf8 Class Initialized
[DEBUG] [application] - 2015-01-06 14:58:53 --> UTF-8 Support Enabled
[DEBUG] [system.Module] - 2015-01-06 14:58:53 --> Loading "Hooks" application component
[DEBUG] [application] - 2015-01-06 14:58:53 --> Hooks Class Initialized
[DEBUG] [system.Module] - 2015-01-06 14:58:53 --> Loading "Router" application component
[DEBUG] [system.Module] - 2015-01-06 14:58:53 --> Loading "Uri" application component
[DEBUG] [application] - 2015-01-06 14:58:53 --> URI Class Initialized
[DEBUG] [application] - 2015-01-06 14:58:53 --> Router Class Initialized
[DEBUG] [application] - 2015-01-06 14:58:53 --> Config file loaded: /Users/geet/www/fly/framework/application/config/routes.php
[DEBUG] [application] - 2015-01-06 14:58:53 --> No URI present. Default controller set.
[DEBUG] [system.Module] - 2015-01-06 14:58:53 --> Loading "HttpRequest" application component
[DEBUG] [application] - 2015-01-06 14:58:53 --> HttpRequest Class Initialized
[DEBUG] [system.Module] - 2015-01-06 14:58:53 --> Loading "Security" application component
[DEBUG] [application] - 2015-01-06 14:58:53 --> Security Class Initialized
[DEBUG] [application] - 2015-01-06 14:58:53 --> XSS Filtering completed
[DEBUG] [application] - 2015-01-06 14:58:53 --> Global POST and COOKIE data sanitized
[DEBUG] [application] - 2015-01-06 14:58:53 --> Jquery Class Initialized
[DEBUG] [application] - 2015-01-06 14:58:53 --> Javascript Class Initialized and loaded.  Driver used: jquery
[DEBUG] [application] - 2015-01-06 14:58:55 --> Application Class Initialized
[DEBUG] [system.Module] - 2015-01-06 14:58:55 --> Loading "Log" application component
[DEBUG] [system.Module] - 2015-01-06 14:58:55 --> Loading "Utf8" application component
[DEBUG] [application] - 2015-01-06 14:58:55 --> Utf8 Class Initialized
[DEBUG] [application] - 2015-01-06 14:58:55 --> UTF-8 Support Enabled
[DEBUG] [system.Module] - 2015-01-06 14:58:55 --> Loading "Hooks" application component
[DEBUG] [application] - 2015-01-06 14:58:55 --> Hooks Class Initialized
[DEBUG] [system.Module] - 2015-01-06 14:58:55 --> Loading "Router" application component
[DEBUG] [system.Module] - 2015-01-06 14:58:55 --> Loading "Uri" application component
[DEBUG] [application] - 2015-01-06 14:58:55 --> URI Class Initialized
[DEBUG] [application] - 2015-01-06 14:58:55 --> Router Class Initialized
[DEBUG] [application] - 2015-01-06 14:58:55 --> Config file loaded: /Users/geet/www/fly/framework/application/config/routes.php
[DEBUG] [application] - 2015-01-06 14:58:55 --> No URI present. Default controller set.
[DEBUG] [system.Module] - 2015-01-06 14:58:55 --> Loading "HttpRequest" application component
[DEBUG] [application] - 2015-01-06 14:58:55 --> HttpRequest Class Initialized
[DEBUG] [system.Module] - 2015-01-06 14:58:55 --> Loading "Security" application component
[DEBUG] [application] - 2015-01-06 14:58:55 --> Security Class Initialized
[DEBUG] [application] - 2015-01-06 14:58:55 --> XSS Filtering completed
[DEBUG] [application] - 2015-01-06 14:58:55 --> Global POST and COOKIE data sanitized
[DEBUG] [application] - 2015-01-06 14:58:55 --> Jquery Class Initialized
[DEBUG] [application] - 2015-01-06 14:58:55 --> Javascript Class Initialized and loaded.  Driver used: jquery
