[DEBUG] [application] - 2015-02-15 10:00:29 --> Application Class Initialized
[DEBUG] [system.Module] - 2015-02-15 10:00:29 --> Loading "Log" application component
[DEBUG] [system.Module] - 2015-02-15 10:00:29 --> Loading "Utf8" application component
[DEBUG] [application] - 2015-02-15 10:00:29 --> Utf8 Class Initialized
[DEBUG] [application] - 2015-02-15 10:00:29 --> UTF-8 Support Enabled
[DEBUG] [system.Module] - 2015-02-15 10:00:29 --> Loading "Hooks" application component
[DEBUG] [application] - 2015-02-15 10:00:29 --> Hooks Class Initialized
[DEBUG] [system.Module] - 2015-02-15 10:00:29 --> Loading "Output" application component
[DEBUG] [application] - 2015-02-15 10:00:29 --> Config file loaded: /Users/geet/www/fly/framework/application/config/mimes.php
[DEBUG] [application] - 2015-02-15 10:00:29 --> Output Class Initialized
[DEBUG] [system.Module] - 2015-02-15 10:00:29 --> Loading "HttpRequest" application component
[DEBUG] [application] - 2015-02-15 10:00:29 --> HttpRequest Class Initialized
[DEBUG] [system.Module] - 2015-02-15 10:00:29 --> Loading "Security" application component
[DEBUG] [application] - 2015-02-15 10:00:29 --> Security Class Initialized
[DEBUG] [application] - 2015-02-15 10:00:29 --> Global POST and COOKIE data sanitized
[DEBUG] [system.Module] - 2015-02-15 10:00:29 --> Loading "Router" application component
[DEBUG] [system.Module] - 2015-02-15 10:00:29 --> Loading "Uri" application component
[DEBUG] [application] - 2015-02-15 10:00:29 --> URI Class Initialized
[DEBUG] [application] - 2015-02-15 10:00:29 --> Router Class Initialized
[DEBUG] [application] - 2015-02-15 10:00:29 --> Config file loaded: /Users/geet/www/fly/framework/application/config/routes.php
[DEBUG] [system.core.Module] - 2015-02-15 10:00:29 --> Loading "app" module
[ERROR] [system.HttpException.404] - 2015-02-15 10:00:29 --> exception 'HttpException' with message 'app/index/index2' in /Users/geet/www/fly/framework/system/core/WebApplication.php:276
Stack trace:
#0 /Users/geet/www/fly/framework/system/core/Controller.php(105): WebApplication->showPageNotFound()
#1 /Users/geet/www/fly/framework/system/core/Controller.php(86): Controller->missingActionMethod()
#2 /Users/geet/www/fly/framework/system/core/WebApplication.php(151): Controller->run('index2')
#3 /Users/geet/www/fly/framework/system/core/WebApplication.php(84): WebApplication->runController('app/index/index...')
#4 /Users/geet/www/fly/framework/system/core/Application.php(103): WebApplication->processRequest()
#5 /Users/geet/www/fly/framework/index.php(41): Application->run()
#6 {main}
REQUEST_URI=/fly/framework/index.php/app/index/index2
---
[DEBUG] [system.Module] - 2015-02-15 10:00:29 --> Loading "errorHandler" application component
[DEBUG] [system.Module] - 2015-02-15 10:00:29 --> Loading "DB" application component
[DEBUG] [application] - 2015-02-15 10:01:36 --> Application Class Initialized
[DEBUG] [system.Module] - 2015-02-15 10:01:36 --> Loading "Log" application component
[DEBUG] [system.Module] - 2015-02-15 10:01:36 --> Loading "Utf8" application component
[DEBUG] [application] - 2015-02-15 10:01:36 --> Utf8 Class Initialized
[DEBUG] [application] - 2015-02-15 10:01:36 --> UTF-8 Support Enabled
[DEBUG] [system.Module] - 2015-02-15 10:01:36 --> Loading "Hooks" application component
[DEBUG] [application] - 2015-02-15 10:01:36 --> Hooks Class Initialized
[DEBUG] [system.Module] - 2015-02-15 10:01:36 --> Loading "Output" application component
[DEBUG] [application] - 2015-02-15 10:01:36 --> Config file loaded: /Users/geet/www/fly/framework/application/config/mimes.php
[DEBUG] [application] - 2015-02-15 10:01:36 --> Output Class Initialized
[DEBUG] [system.Module] - 2015-02-15 10:01:36 --> Loading "HttpRequest" application component
[DEBUG] [application] - 2015-02-15 10:01:36 --> HttpRequest Class Initialized
[DEBUG] [system.Module] - 2015-02-15 10:01:36 --> Loading "Security" application component
[DEBUG] [application] - 2015-02-15 10:01:36 --> Security Class Initialized
[DEBUG] [application] - 2015-02-15 10:01:36 --> Global POST and COOKIE data sanitized
[DEBUG] [system.Module] - 2015-02-15 10:01:36 --> Loading "Router" application component
[DEBUG] [system.Module] - 2015-02-15 10:01:36 --> Loading "Uri" application component
[DEBUG] [application] - 2015-02-15 10:01:36 --> URI Class Initialized
[DEBUG] [application] - 2015-02-15 10:01:36 --> Router Class Initialized
[DEBUG] [application] - 2015-02-15 10:01:36 --> Config file loaded: /Users/geet/www/fly/framework/application/config/routes.php
[DEBUG] [system.core.Module] - 2015-02-15 10:01:36 --> Loading "app" module
[ERROR] [system.HttpException.404] - 2015-02-15 10:01:36 --> exception 'HttpException' with message 'app/index/index2' in /Users/geet/www/fly/framework/system/core/WebApplication.php:276
Stack trace:
#0 /Users/geet/www/fly/framework/system/core/Controller.php(105): WebApplication->showPageNotFound()
#1 /Users/geet/www/fly/framework/system/core/Controller.php(86): Controller->missingActionMethod()
#2 /Users/geet/www/fly/framework/system/core/WebApplication.php(151): Controller->run('index2')
#3 /Users/geet/www/fly/framework/system/core/WebApplication.php(84): WebApplication->runController('app/index/index...')
#4 /Users/geet/www/fly/framework/system/core/Application.php(103): WebApplication->processRequest()
#5 /Users/geet/www/fly/framework/index.php(41): Application->run()
#6 {main}
REQUEST_URI=/fly/framework/index.php/app/index/index2
---
[DEBUG] [system.Module] - 2015-02-15 10:01:36 --> Loading "errorHandler" application component
[DEBUG] [system.Module] - 2015-02-15 10:01:36 --> Loading "DB" application component
[DEBUG] [application] - 2015-02-15 10:01:42 --> Application Class Initialized
[DEBUG] [system.Module] - 2015-02-15 10:01:42 --> Loading "Log" application component
[DEBUG] [system.Module] - 2015-02-15 10:01:42 --> Loading "Utf8" application component
[DEBUG] [application] - 2015-02-15 10:01:42 --> Utf8 Class Initialized
[DEBUG] [application] - 2015-02-15 10:01:42 --> UTF-8 Support Enabled
[DEBUG] [system.Module] - 2015-02-15 10:01:42 --> Loading "Hooks" application component
[DEBUG] [application] - 2015-02-15 10:01:42 --> Hooks Class Initialized
[DEBUG] [system.Module] - 2015-02-15 10:01:42 --> Loading "Output" application component
[DEBUG] [application] - 2015-02-15 10:01:42 --> Config file loaded: /Users/geet/www/fly/framework/application/config/mimes.php
[DEBUG] [application] - 2015-02-15 10:01:42 --> Output Class Initialized
[DEBUG] [system.Module] - 2015-02-15 10:01:42 --> Loading "HttpRequest" application component
[DEBUG] [application] - 2015-02-15 10:01:42 --> HttpRequest Class Initialized
[DEBUG] [system.Module] - 2015-02-15 10:01:42 --> Loading "Security" application component
[DEBUG] [application] - 2015-02-15 10:01:42 --> Security Class Initialized
[DEBUG] [application] - 2015-02-15 10:01:42 --> Global POST and COOKIE data sanitized
[DEBUG] [system.Module] - 2015-02-15 10:01:42 --> Loading "Router" application component
[DEBUG] [system.Module] - 2015-02-15 10:01:42 --> Loading "Uri" application component
[DEBUG] [application] - 2015-02-15 10:01:42 --> URI Class Initialized
[DEBUG] [application] - 2015-02-15 10:01:42 --> Router Class Initialized
[DEBUG] [application] - 2015-02-15 10:01:42 --> Config file loaded: /Users/geet/www/fly/framework/application/config/routes.php
[DEBUG] [application] - 2015-02-15 10:01:42 --> No URI present. Default controller set.
[DEBUG] [system.Module] - 2015-02-15 10:01:42 --> Loading "DB" application component
[DEBUG] [application] - 2015-02-15 10:01:45 --> Application Class Initialized
[DEBUG] [system.Module] - 2015-02-15 10:01:45 --> Loading "Log" application component
[DEBUG] [system.Module] - 2015-02-15 10:01:45 --> Loading "Utf8" application component
[DEBUG] [application] - 2015-02-15 10:01:45 --> Utf8 Class Initialized
[DEBUG] [application] - 2015-02-15 10:01:45 --> UTF-8 Support Enabled
[DEBUG] [system.Module] - 2015-02-15 10:01:45 --> Loading "Hooks" application component
[DEBUG] [application] - 2015-02-15 10:01:45 --> Hooks Class Initialized
[DEBUG] [system.Module] - 2015-02-15 10:01:45 --> Loading "Output" application component
[DEBUG] [application] - 2015-02-15 10:01:45 --> Config file loaded: /Users/geet/www/fly/framework/application/config/mimes.php
[DEBUG] [application] - 2015-02-15 10:01:45 --> Output Class Initialized
[DEBUG] [system.Module] - 2015-02-15 10:01:45 --> Loading "HttpRequest" application component
[DEBUG] [application] - 2015-02-15 10:01:45 --> HttpRequest Class Initialized
[DEBUG] [system.Module] - 2015-02-15 10:01:45 --> Loading "Security" application component
[DEBUG] [application] - 2015-02-15 10:01:45 --> Security Class Initialized
[DEBUG] [application] - 2015-02-15 10:01:45 --> Global POST and COOKIE data sanitized
[DEBUG] [system.Module] - 2015-02-15 10:01:45 --> Loading "Router" application component
[DEBUG] [system.Module] - 2015-02-15 10:01:45 --> Loading "Uri" application component
[DEBUG] [application] - 2015-02-15 10:01:45 --> URI Class Initialized
[DEBUG] [application] - 2015-02-15 10:01:45 --> Router Class Initialized
[DEBUG] [application] - 2015-02-15 10:01:45 --> Config file loaded: /Users/geet/www/fly/framework/application/config/routes.php
[DEBUG] [application] - 2015-02-15 10:01:45 --> No URI present. Default controller set.
[DEBUG] [system.Module] - 2015-02-15 10:01:45 --> Loading "DB" application component
[DEBUG] [application] - 2015-02-15 10:02:37 --> Application Class Initialized
[DEBUG] [system.Module] - 2015-02-15 10:02:37 --> Loading "Log" application component
[DEBUG] [system.Module] - 2015-02-15 10:02:37 --> Loading "Utf8" application component
[DEBUG] [application] - 2015-02-15 10:02:37 --> Utf8 Class Initialized
[DEBUG] [application] - 2015-02-15 10:02:37 --> UTF-8 Support Enabled
[DEBUG] [system.Module] - 2015-02-15 10:02:37 --> Loading "Hooks" application component
[DEBUG] [application] - 2015-02-15 10:02:37 --> Hooks Class Initialized
[DEBUG] [system.Module] - 2015-02-15 10:02:37 --> Loading "Output" application component
[DEBUG] [application] - 2015-02-15 10:02:37 --> Config file loaded: /Users/geet/www/fly/framework/application/config/mimes.php
[DEBUG] [application] - 2015-02-15 10:02:37 --> Output Class Initialized
[DEBUG] [system.Module] - 2015-02-15 10:02:37 --> Loading "HttpRequest" application component
[DEBUG] [application] - 2015-02-15 10:02:37 --> HttpRequest Class Initialized
[DEBUG] [system.Module] - 2015-02-15 10:02:37 --> Loading "Security" application component
[DEBUG] [application] - 2015-02-15 10:02:37 --> Security Class Initialized
[DEBUG] [application] - 2015-02-15 10:02:37 --> Global POST and COOKIE data sanitized
[DEBUG] [system.Module] - 2015-02-15 10:02:37 --> Loading "Router" application component
[DEBUG] [system.Module] - 2015-02-15 10:02:37 --> Loading "Uri" application component
[DEBUG] [application] - 2015-02-15 10:02:37 --> URI Class Initialized
[DEBUG] [application] - 2015-02-15 10:02:37 --> Router Class Initialized
[DEBUG] [application] - 2015-02-15 10:02:37 --> Config file loaded: /Users/geet/www/fly/framework/application/config/routes.php
[DEBUG] [application] - 2015-02-15 10:02:37 --> Final output sent to browser
[DEBUG] [application] - 2015-02-15 10:02:37 --> Total execution time: 0.0629
[DEBUG] [system.Module] - 2015-02-15 10:02:37 --> Loading "DB" application component
[DEBUG] [application] - 2015-02-15 10:02:39 --> Application Class Initialized
[DEBUG] [system.Module] - 2015-02-15 10:02:39 --> Loading "Log" application component
[DEBUG] [system.Module] - 2015-02-15 10:02:39 --> Loading "Utf8" application component
[DEBUG] [application] - 2015-02-15 10:02:39 --> Utf8 Class Initialized
[DEBUG] [application] - 2015-02-15 10:02:39 --> UTF-8 Support Enabled
[DEBUG] [system.Module] - 2015-02-15 10:02:39 --> Loading "Hooks" application component
[DEBUG] [application] - 2015-02-15 10:02:39 --> Hooks Class Initialized
[DEBUG] [system.Module] - 2015-02-15 10:02:39 --> Loading "Output" application component
[DEBUG] [application] - 2015-02-15 10:02:39 --> Config file loaded: /Users/geet/www/fly/framework/application/config/mimes.php
[DEBUG] [application] - 2015-02-15 10:02:39 --> Output Class Initialized
[DEBUG] [system.Module] - 2015-02-15 10:02:39 --> Loading "HttpRequest" application component
[DEBUG] [application] - 2015-02-15 10:02:39 --> HttpRequest Class Initialized
[DEBUG] [system.Module] - 2015-02-15 10:02:39 --> Loading "Security" application component
[DEBUG] [application] - 2015-02-15 10:02:39 --> Security Class Initialized
[DEBUG] [application] - 2015-02-15 10:02:39 --> Global POST and COOKIE data sanitized
[DEBUG] [system.Module] - 2015-02-15 10:02:39 --> Loading "Router" application component
[DEBUG] [system.Module] - 2015-02-15 10:02:39 --> Loading "Uri" application component
[DEBUG] [application] - 2015-02-15 10:02:39 --> URI Class Initialized
[DEBUG] [application] - 2015-02-15 10:02:39 --> Router Class Initialized
[DEBUG] [application] - 2015-02-15 10:02:39 --> Config file loaded: /Users/geet/www/fly/framework/application/config/routes.php
[DEBUG] [application] - 2015-02-15 10:02:39 --> Final output sent to browser
[DEBUG] [application] - 2015-02-15 10:02:39 --> Total execution time: 0.0207
[DEBUG] [system.Module] - 2015-02-15 10:02:39 --> Loading "DB" application component
[DEBUG] [application] - 2015-02-15 10:06:20 --> Application Class Initialized
[DEBUG] [system.Module] - 2015-02-15 10:06:20 --> Loading "Log" application component
[DEBUG] [system.Module] - 2015-02-15 10:06:20 --> Loading "Utf8" application component
[DEBUG] [application] - 2015-02-15 10:06:20 --> Utf8 Class Initialized
[DEBUG] [application] - 2015-02-15 10:06:20 --> UTF-8 Support Enabled
[DEBUG] [system.Module] - 2015-02-15 10:06:20 --> Loading "Hooks" application component
[DEBUG] [application] - 2015-02-15 10:06:20 --> Hooks Class Initialized
[DEBUG] [system.Module] - 2015-02-15 10:06:20 --> Loading "Output" application component
[DEBUG] [application] - 2015-02-15 10:06:20 --> Config file loaded: /Users/geet/www/fly/framework/application/config/mimes.php
[DEBUG] [application] - 2015-02-15 10:06:20 --> Output Class Initialized
[DEBUG] [system.Module] - 2015-02-15 10:06:20 --> Loading "HttpRequest" application component
[DEBUG] [application] - 2015-02-15 10:06:20 --> HttpRequest Class Initialized
[DEBUG] [system.Module] - 2015-02-15 10:06:20 --> Loading "Security" application component
[DEBUG] [application] - 2015-02-15 10:06:20 --> Security Class Initialized
[DEBUG] [application] - 2015-02-15 10:06:20 --> Global POST and COOKIE data sanitized
[DEBUG] [system.Module] - 2015-02-15 10:06:20 --> Loading "Router" application component
[DEBUG] [system.Module] - 2015-02-15 10:06:20 --> Loading "Uri" application component
[DEBUG] [application] - 2015-02-15 10:06:20 --> URI Class Initialized
[DEBUG] [application] - 2015-02-15 10:06:20 --> Router Class Initialized
[DEBUG] [application] - 2015-02-15 10:06:20 --> Config file loaded: /Users/geet/www/fly/framework/application/config/routes.php
[DEBUG] [application] - 2015-02-15 10:06:20 --> Final output sent to browser
[DEBUG] [application] - 2015-02-15 10:06:20 --> Total execution time: 0.0206
[DEBUG] [system.Module] - 2015-02-15 10:06:20 --> Loading "DB" application component
[DEBUG] [application] - 2015-02-15 10:06:22 --> Application Class Initialized
[DEBUG] [system.Module] - 2015-02-15 10:06:22 --> Loading "Log" application component
[DEBUG] [system.Module] - 2015-02-15 10:06:22 --> Loading "Utf8" application component
[DEBUG] [application] - 2015-02-15 10:06:22 --> Utf8 Class Initialized
[DEBUG] [application] - 2015-02-15 10:06:22 --> UTF-8 Support Enabled
[DEBUG] [system.Module] - 2015-02-15 10:06:22 --> Loading "Hooks" application component
[DEBUG] [application] - 2015-02-15 10:06:22 --> Hooks Class Initialized
[DEBUG] [system.Module] - 2015-02-15 10:06:22 --> Loading "Output" application component
[DEBUG] [application] - 2015-02-15 10:06:22 --> Config file loaded: /Users/geet/www/fly/framework/application/config/mimes.php
[DEBUG] [application] - 2015-02-15 10:06:22 --> Output Class Initialized
[DEBUG] [system.Module] - 2015-02-15 10:06:22 --> Loading "HttpRequest" application component
[DEBUG] [application] - 2015-02-15 10:06:22 --> HttpRequest Class Initialized
[DEBUG] [system.Module] - 2015-02-15 10:06:22 --> Loading "Security" application component
[DEBUG] [application] - 2015-02-15 10:06:22 --> Security Class Initialized
[DEBUG] [application] - 2015-02-15 10:06:22 --> Global POST and COOKIE data sanitized
[DEBUG] [system.Module] - 2015-02-15 10:06:22 --> Loading "Router" application component
[DEBUG] [system.Module] - 2015-02-15 10:06:22 --> Loading "Uri" application component
[DEBUG] [application] - 2015-02-15 10:06:22 --> URI Class Initialized
[DEBUG] [application] - 2015-02-15 10:06:22 --> Router Class Initialized
[DEBUG] [application] - 2015-02-15 10:06:22 --> Config file loaded: /Users/geet/www/fly/framework/application/config/routes.php
[DEBUG] [application] - 2015-02-15 10:06:22 --> Final output sent to browser
[DEBUG] [application] - 2015-02-15 10:06:22 --> Total execution time: 0.0203
[DEBUG] [system.Module] - 2015-02-15 10:06:22 --> Loading "DB" application component
[DEBUG] [application] - 2015-02-15 10:06:26 --> Application Class Initialized
[DEBUG] [system.Module] - 2015-02-15 10:06:26 --> Loading "Log" application component
[DEBUG] [system.Module] - 2015-02-15 10:06:26 --> Loading "Utf8" application component
[DEBUG] [application] - 2015-02-15 10:06:26 --> Utf8 Class Initialized
[DEBUG] [application] - 2015-02-15 10:06:26 --> UTF-8 Support Enabled
[DEBUG] [system.Module] - 2015-02-15 10:06:26 --> Loading "Hooks" application component
[DEBUG] [application] - 2015-02-15 10:06:26 --> Hooks Class Initialized
[DEBUG] [system.Module] - 2015-02-15 10:06:26 --> Loading "Output" application component
[DEBUG] [application] - 2015-02-15 10:06:26 --> Config file loaded: /Users/geet/www/fly/framework/application/config/mimes.php
[DEBUG] [application] - 2015-02-15 10:06:26 --> Output Class Initialized
[DEBUG] [system.Module] - 2015-02-15 10:06:26 --> Loading "HttpRequest" application component
[DEBUG] [application] - 2015-02-15 10:06:26 --> HttpRequest Class Initialized
[DEBUG] [system.Module] - 2015-02-15 10:06:26 --> Loading "Security" application component
[DEBUG] [application] - 2015-02-15 10:06:26 --> Security Class Initialized
[DEBUG] [application] - 2015-02-15 10:06:26 --> XSS Filtering completed
[DEBUG] [application] - 2015-02-15 10:06:26 --> XSS Filtering completed
[DEBUG] [application] - 2015-02-15 10:06:26 --> Global POST and COOKIE data sanitized
[DEBUG] [system.Module] - 2015-02-15 10:06:26 --> Loading "Router" application component
[DEBUG] [system.Module] - 2015-02-15 10:06:26 --> Loading "Uri" application component
[DEBUG] [application] - 2015-02-15 10:06:26 --> URI Class Initialized
[DEBUG] [application] - 2015-02-15 10:06:26 --> Router Class Initialized
[DEBUG] [application] - 2015-02-15 10:06:26 --> Config file loaded: /Users/geet/www/fly/framework/application/config/routes.php
[DEBUG] [system.Module] - 2015-02-15 10:06:26 --> Loading "Validation" application component
[DEBUG] [application] - 2015-02-15 10:06:26 --> Form Validation Class Initialized
[DEBUG] [system.Module] - 2015-02-15 10:06:26 --> Loading "DB" application component
[DEBUG] [application] - 2015-02-15 10:06:30 --> Application Class Initialized
[DEBUG] [system.Module] - 2015-02-15 10:06:30 --> Loading "Log" application component
[DEBUG] [system.Module] - 2015-02-15 10:06:30 --> Loading "Utf8" application component
[DEBUG] [application] - 2015-02-15 10:06:30 --> Utf8 Class Initialized
[DEBUG] [application] - 2015-02-15 10:06:30 --> UTF-8 Support Enabled
[DEBUG] [system.Module] - 2015-02-15 10:06:30 --> Loading "Hooks" application component
[DEBUG] [application] - 2015-02-15 10:06:30 --> Hooks Class Initialized
[DEBUG] [system.Module] - 2015-02-15 10:06:30 --> Loading "Output" application component
[DEBUG] [application] - 2015-02-15 10:06:30 --> Config file loaded: /Users/geet/www/fly/framework/application/config/mimes.php
[DEBUG] [application] - 2015-02-15 10:06:30 --> Output Class Initialized
[DEBUG] [system.Module] - 2015-02-15 10:06:30 --> Loading "HttpRequest" application component
[DEBUG] [application] - 2015-02-15 10:06:30 --> HttpRequest Class Initialized
[DEBUG] [system.Module] - 2015-02-15 10:06:30 --> Loading "Security" application component
[DEBUG] [application] - 2015-02-15 10:06:30 --> Security Class Initialized
[DEBUG] [application] - 2015-02-15 10:06:30 --> XSS Filtering completed
[DEBUG] [application] - 2015-02-15 10:06:30 --> XSS Filtering completed
[DEBUG] [application] - 2015-02-15 10:06:30 --> Global POST and COOKIE data sanitized
[DEBUG] [system.Module] - 2015-02-15 10:06:30 --> Loading "Router" application component
[DEBUG] [system.Module] - 2015-02-15 10:06:30 --> Loading "Uri" application component
[DEBUG] [application] - 2015-02-15 10:06:30 --> URI Class Initialized
[DEBUG] [application] - 2015-02-15 10:06:30 --> Router Class Initialized
[DEBUG] [application] - 2015-02-15 10:06:30 --> Config file loaded: /Users/geet/www/fly/framework/application/config/routes.php
[DEBUG] [system.Module] - 2015-02-15 10:06:30 --> Loading "Validation" application component
[DEBUG] [application] - 2015-02-15 10:06:30 --> Form Validation Class Initialized
[DEBUG] [system.Module] - 2015-02-15 10:06:30 --> Loading "DB" application component
[DEBUG] [application] - 2015-02-15 16:42:26 --> Application Class Initialized
[DEBUG] [system.Module] - 2015-02-15 16:42:27 --> Loading "Log" application component
[DEBUG] [system.Module] - 2015-02-15 16:42:27 --> Loading "Utf8" application component
[DEBUG] [application] - 2015-02-15 16:42:27 --> Utf8 Class Initialized
[DEBUG] [application] - 2015-02-15 16:42:27 --> UTF-8 Support Enabled
[DEBUG] [system.Module] - 2015-02-15 16:42:27 --> Loading "Hooks" application component
[DEBUG] [application] - 2015-02-15 16:42:27 --> Hooks Class Initialized
[DEBUG] [system.Module] - 2015-02-15 16:42:27 --> Loading "Output" application component
[DEBUG] [application] - 2015-02-15 16:42:27 --> Config file loaded: /Users/geet/www/fly/framework/application/config/mimes.php
[DEBUG] [application] - 2015-02-15 16:42:27 --> Output Class Initialized
[DEBUG] [system.Module] - 2015-02-15 16:42:27 --> Loading "HttpRequest" application component
[DEBUG] [application] - 2015-02-15 16:42:27 --> HttpRequest Class Initialized
[DEBUG] [system.Module] - 2015-02-15 16:42:27 --> Loading "Security" application component
[DEBUG] [application] - 2015-02-15 16:42:27 --> Security Class Initialized
[DEBUG] [application] - 2015-02-15 16:42:27 --> XSS Filtering completed
[DEBUG] [application] - 2015-02-15 16:42:27 --> XSS Filtering completed
[DEBUG] [application] - 2015-02-15 16:42:27 --> Global POST and COOKIE data sanitized
[DEBUG] [system.Module] - 2015-02-15 16:42:27 --> Loading "Router" application component
[DEBUG] [system.Module] - 2015-02-15 16:42:27 --> Loading "Uri" application component
[DEBUG] [application] - 2015-02-15 16:42:27 --> URI Class Initialized
[DEBUG] [application] - 2015-02-15 16:42:27 --> Router Class Initialized
[DEBUG] [application] - 2015-02-15 16:42:27 --> Config file loaded: /Users/geet/www/fly/framework/application/config/routes.php
[DEBUG] [system.Module] - 2015-02-15 16:42:27 --> Loading "Validation" application component
[ERROR] [php] - 2015-02-15 16:42:27 --> include(Validation.php): failed to open stream: No such file or directory (/Users/geet/www/fly/framework/system/FlyBase.php:338)
Stack trace:
#0 /Users/geet/www/fly/framework/system/FlyBase.php(97): import()
#1 /Users/geet/www/fly/framework/system/core/Module.php(433): createComponent()
#2 /Users/geet/www/fly/framework/system/core/Application.php(516): AdminWebApplication->getComponent()
#3 /Users/geet/www/fly/framework/application/controllers/IndexController.php(41): AdminWebApplication->getValidation()
#4 /Users/geet/www/fly/framework/system/core/Controller.php(79): IndexController->actionIndex2()
#5 /Users/geet/www/fly/framework/system/core/WebApplication.php(151): IndexController->run()
#6 /Users/geet/www/fly/framework/system/core/WebApplication.php(84): AdminWebApplication->runController()
#7 /Users/geet/www/fly/framework/system/core/Application.php(103): AdminWebApplication->processRequest()
#8 /Users/geet/www/fly/framework/index.php(41): AdminWebApplication->run()
REQUEST_URI=/fly/framework/index.php/index/index2
[DEBUG] [system.Module] - 2015-02-15 16:42:27 --> Loading "errorHandler" application component
[DEBUG] [system.Module] - 2015-02-15 16:42:27 --> Loading "DB" application component
[DEBUG] [application] - 2015-02-15 16:45:55 --> Application Class Initialized
[DEBUG] [system.Module] - 2015-02-15 16:45:55 --> Loading "Log" application component
[DEBUG] [system.Module] - 2015-02-15 16:45:55 --> Loading "Utf8" application component
[DEBUG] [application] - 2015-02-15 16:45:55 --> Utf8 Class Initialized
[DEBUG] [application] - 2015-02-15 16:45:55 --> UTF-8 Support Enabled
[DEBUG] [system.Module] - 2015-02-15 16:45:55 --> Loading "Hooks" application component
[DEBUG] [application] - 2015-02-15 16:45:55 --> Hooks Class Initialized
[DEBUG] [system.Module] - 2015-02-15 16:45:55 --> Loading "Output" application component
[DEBUG] [application] - 2015-02-15 16:45:55 --> Config file loaded: /Users/geet/www/fly/framework/application/config/mimes.php
[DEBUG] [application] - 2015-02-15 16:45:55 --> Output Class Initialized
[DEBUG] [system.Module] - 2015-02-15 16:45:55 --> Loading "HttpRequest" application component
[DEBUG] [application] - 2015-02-15 16:45:55 --> HttpRequest Class Initialized
[DEBUG] [system.Module] - 2015-02-15 16:45:55 --> Loading "Security" application component
[DEBUG] [application] - 2015-02-15 16:45:55 --> Security Class Initialized
[DEBUG] [application] - 2015-02-15 16:45:55 --> XSS Filtering completed
[DEBUG] [application] - 2015-02-15 16:45:55 --> XSS Filtering completed
[DEBUG] [application] - 2015-02-15 16:45:55 --> Global POST and COOKIE data sanitized
[DEBUG] [system.Module] - 2015-02-15 16:45:55 --> Loading "Router" application component
[DEBUG] [system.Module] - 2015-02-15 16:45:55 --> Loading "Uri" application component
[DEBUG] [application] - 2015-02-15 16:45:55 --> URI Class Initialized
[DEBUG] [application] - 2015-02-15 16:45:55 --> Router Class Initialized
[DEBUG] [application] - 2015-02-15 16:45:55 --> Config file loaded: /Users/geet/www/fly/framework/application/config/routes.php
[DEBUG] [system.Module] - 2015-02-15 16:45:55 --> Loading "Lang" application component
[DEBUG] [application] - 2015-02-15 16:45:55 --> Language Class Initialized
[ERROR] [application] - 2015-02-15 16:45:55 --> Language file contains no data: language/en_us/fly_lang.php
[ERROR] [application] - 2015-02-15 16:45:55 --> Could not find the language line "{class} and its behaviors do not have a method or closure named "{name}"."
[ERROR] [system.FlyException] - 2015-02-15 16:45:55 --> exception 'FlyException' with message 'AdminWebApplication and its behaviors do not have a method or closure named "getValidation".' in /Users/geet/www/fly/framework/system/core/Component.php:185
Stack trace:
#0 /Users/geet/www/fly/framework/application/controllers/IndexController.php(41): Component->__call('getValidation', Array)
#1 /Users/geet/www/fly/framework/application/controllers/IndexController.php(41): AdminWebApplication->getValidation()
#2 /Users/geet/www/fly/framework/system/core/Controller.php(79): IndexController->actionIndex2()
#3 /Users/geet/www/fly/framework/system/core/WebApplication.php(151): Controller->run('index2')
#4 /Users/geet/www/fly/framework/system/core/WebApplication.php(84): WebApplication->runController('index/index2')
#5 /Users/geet/www/fly/framework/system/core/Application.php(103): WebApplication->processRequest()
#6 /Users/geet/www/fly/framework/index.php(41): Application->run()
#7 {main}
REQUEST_URI=/fly/framework/index.php/index/index2
HTTP_REFERER=http://localhost/fly/framework/index.php/index/index2
---
[DEBUG] [system.Module] - 2015-02-15 16:45:55 --> Loading "errorHandler" application component
[DEBUG] [system.Module] - 2015-02-15 16:45:55 --> Loading "DB" application component
[DEBUG] [application] - 2015-02-15 16:46:48 --> Application Class Initialized
[DEBUG] [system.Module] - 2015-02-15 16:46:48 --> Loading "Log" application component
[DEBUG] [system.Module] - 2015-02-15 16:46:48 --> Loading "Utf8" application component
[DEBUG] [application] - 2015-02-15 16:46:48 --> Utf8 Class Initialized
[DEBUG] [application] - 2015-02-15 16:46:48 --> UTF-8 Support Enabled
[DEBUG] [system.Module] - 2015-02-15 16:46:48 --> Loading "Hooks" application component
[DEBUG] [application] - 2015-02-15 16:46:48 --> Hooks Class Initialized
[DEBUG] [system.Module] - 2015-02-15 16:46:48 --> Loading "Output" application component
[DEBUG] [application] - 2015-02-15 16:46:48 --> Config file loaded: /Users/geet/www/fly/framework/application/config/mimes.php
[DEBUG] [application] - 2015-02-15 16:46:48 --> Output Class Initialized
[DEBUG] [system.Module] - 2015-02-15 16:46:48 --> Loading "HttpRequest" application component
[DEBUG] [application] - 2015-02-15 16:46:48 --> HttpRequest Class Initialized
[DEBUG] [system.Module] - 2015-02-15 16:46:48 --> Loading "Security" application component
[DEBUG] [application] - 2015-02-15 16:46:48 --> Security Class Initialized
[DEBUG] [application] - 2015-02-15 16:46:48 --> XSS Filtering completed
[DEBUG] [application] - 2015-02-15 16:46:48 --> XSS Filtering completed
[DEBUG] [application] - 2015-02-15 16:46:48 --> Global POST and COOKIE data sanitized
[DEBUG] [system.Module] - 2015-02-15 16:46:48 --> Loading "Router" application component
[DEBUG] [system.Module] - 2015-02-15 16:46:48 --> Loading "Uri" application component
[DEBUG] [application] - 2015-02-15 16:46:48 --> URI Class Initialized
[DEBUG] [application] - 2015-02-15 16:46:48 --> Router Class Initialized
[DEBUG] [application] - 2015-02-15 16:46:48 --> Config file loaded: /Users/geet/www/fly/framework/application/config/routes.php
[DEBUG] [system.Module] - 2015-02-15 16:46:48 --> Loading "Validator" application component
[ERROR] [php] - 2015-02-15 16:46:48 --> include(/Users/geet/www/fly/framework/system/core/Validator.php): failed to open stream: No such file or directory (/Users/geet/www/fly/framework/system/FlyBase.php:318)
Stack trace:
#0 /Users/geet/www/fly/framework/system/FlyBase.php(97): import()
#1 /Users/geet/www/fly/framework/system/core/Module.php(433): createComponent()
#2 /Users/geet/www/fly/framework/system/core/Application.php(516): AdminWebApplication->getComponent()
#3 /Users/geet/www/fly/framework/application/controllers/IndexController.php(41): AdminWebApplication->getValidator()
#4 /Users/geet/www/fly/framework/system/core/Controller.php(79): IndexController->actionIndex2()
#5 /Users/geet/www/fly/framework/system/core/WebApplication.php(151): IndexController->run()
#6 /Users/geet/www/fly/framework/system/core/WebApplication.php(84): AdminWebApplication->runController()
#7 /Users/geet/www/fly/framework/system/core/Application.php(103): AdminWebApplication->processRequest()
#8 /Users/geet/www/fly/framework/index.php(41): AdminWebApplication->run()
REQUEST_URI=/fly/framework/index.php/index/index2
[DEBUG] [system.Module] - 2015-02-15 16:46:48 --> Loading "errorHandler" application component
[DEBUG] [system.Module] - 2015-02-15 16:46:48 --> Loading "DB" application component
[DEBUG] [application] - 2015-02-15 16:47:23 --> Application Class Initialized
[DEBUG] [system.Module] - 2015-02-15 16:47:23 --> Loading "Log" application component
[DEBUG] [system.Module] - 2015-02-15 16:47:24 --> Loading "Utf8" application component
[DEBUG] [application] - 2015-02-15 16:47:24 --> Utf8 Class Initialized
[DEBUG] [application] - 2015-02-15 16:47:24 --> UTF-8 Support Enabled
[DEBUG] [system.Module] - 2015-02-15 16:47:24 --> Loading "Hooks" application component
[DEBUG] [application] - 2015-02-15 16:47:24 --> Hooks Class Initialized
[DEBUG] [system.Module] - 2015-02-15 16:47:24 --> Loading "Output" application component
[DEBUG] [application] - 2015-02-15 16:47:24 --> Config file loaded: /Users/geet/www/fly/framework/application/config/mimes.php
[DEBUG] [application] - 2015-02-15 16:47:24 --> Output Class Initialized
[DEBUG] [system.Module] - 2015-02-15 16:47:24 --> Loading "HttpRequest" application component
[DEBUG] [application] - 2015-02-15 16:47:24 --> HttpRequest Class Initialized
[DEBUG] [system.Module] - 2015-02-15 16:47:24 --> Loading "Security" application component
[DEBUG] [application] - 2015-02-15 16:47:24 --> Security Class Initialized
[DEBUG] [application] - 2015-02-15 16:47:24 --> XSS Filtering completed
[DEBUG] [application] - 2015-02-15 16:47:24 --> XSS Filtering completed
[DEBUG] [application] - 2015-02-15 16:47:24 --> Global POST and COOKIE data sanitized
[DEBUG] [system.Module] - 2015-02-15 16:47:24 --> Loading "Router" application component
[DEBUG] [system.Module] - 2015-02-15 16:47:24 --> Loading "Uri" application component
[DEBUG] [application] - 2015-02-15 16:47:24 --> URI Class Initialized
[DEBUG] [application] - 2015-02-15 16:47:24 --> Router Class Initialized
[DEBUG] [application] - 2015-02-15 16:47:24 --> Config file loaded: /Users/geet/www/fly/framework/application/config/routes.php
[DEBUG] [system.Module] - 2015-02-15 16:47:24 --> Loading "Validator" application component
[DEBUG] [application] - 2015-02-15 16:47:24 --> Form Validation Class Initialized
[DEBUG] [system.Module] - 2015-02-15 16:47:24 --> Loading "DB" application component
[DEBUG] [application] - 2015-02-15 16:47:27 --> Application Class Initialized
[DEBUG] [system.Module] - 2015-02-15 16:47:27 --> Loading "Log" application component
[DEBUG] [system.Module] - 2015-02-15 16:47:27 --> Loading "Utf8" application component
[DEBUG] [application] - 2015-02-15 16:47:27 --> Utf8 Class Initialized
[DEBUG] [application] - 2015-02-15 16:47:27 --> UTF-8 Support Enabled
[DEBUG] [system.Module] - 2015-02-15 16:47:27 --> Loading "Hooks" application component
[DEBUG] [application] - 2015-02-15 16:47:27 --> Hooks Class Initialized
[DEBUG] [system.Module] - 2015-02-15 16:47:27 --> Loading "Output" application component
[DEBUG] [application] - 2015-02-15 16:47:27 --> Config file loaded: /Users/geet/www/fly/framework/application/config/mimes.php
[DEBUG] [application] - 2015-02-15 16:47:27 --> Output Class Initialized
[DEBUG] [system.Module] - 2015-02-15 16:47:27 --> Loading "HttpRequest" application component
[DEBUG] [application] - 2015-02-15 16:47:27 --> HttpRequest Class Initialized
[DEBUG] [system.Module] - 2015-02-15 16:47:27 --> Loading "Security" application component
[DEBUG] [application] - 2015-02-15 16:47:27 --> Security Class Initialized
[DEBUG] [application] - 2015-02-15 16:47:27 --> XSS Filtering completed
[DEBUG] [application] - 2015-02-15 16:47:27 --> XSS Filtering completed
[DEBUG] [application] - 2015-02-15 16:47:27 --> Global POST and COOKIE data sanitized
[DEBUG] [system.Module] - 2015-02-15 16:47:27 --> Loading "Router" application component
[DEBUG] [system.Module] - 2015-02-15 16:47:27 --> Loading "Uri" application component
[DEBUG] [application] - 2015-02-15 16:47:28 --> URI Class Initialized
[DEBUG] [application] - 2015-02-15 16:47:28 --> Router Class Initialized
[DEBUG] [application] - 2015-02-15 16:47:28 --> Config file loaded: /Users/geet/www/fly/framework/application/config/routes.php
[DEBUG] [system.Module] - 2015-02-15 16:47:28 --> Loading "Validator" application component
[DEBUG] [application] - 2015-02-15 16:47:28 --> Form Validation Class Initialized
[DEBUG] [system.Module] - 2015-02-15 16:47:28 --> Loading "DB" application component
[DEBUG] [application] - 2015-02-15 16:47:48 --> Application Class Initialized
[DEBUG] [system.Module] - 2015-02-15 16:47:48 --> Loading "Log" application component
[DEBUG] [system.Module] - 2015-02-15 16:47:48 --> Loading "Utf8" application component
[DEBUG] [application] - 2015-02-15 16:47:48 --> Utf8 Class Initialized
[DEBUG] [application] - 2015-02-15 16:47:48 --> UTF-8 Support Enabled
[DEBUG] [system.Module] - 2015-02-15 16:47:48 --> Loading "Hooks" application component
[DEBUG] [application] - 2015-02-15 16:47:48 --> Hooks Class Initialized
[DEBUG] [system.Module] - 2015-02-15 16:47:48 --> Loading "Output" application component
[DEBUG] [application] - 2015-02-15 16:47:48 --> Config file loaded: /Users/geet/www/fly/framework/application/config/mimes.php
[DEBUG] [application] - 2015-02-15 16:47:48 --> Output Class Initialized
[DEBUG] [system.Module] - 2015-02-15 16:47:48 --> Loading "HttpRequest" application component
[DEBUG] [application] - 2015-02-15 16:47:48 --> HttpRequest Class Initialized
[DEBUG] [system.Module] - 2015-02-15 16:47:48 --> Loading "Security" application component
[DEBUG] [application] - 2015-02-15 16:47:48 --> Security Class Initialized
[DEBUG] [application] - 2015-02-15 16:47:48 --> XSS Filtering completed
[DEBUG] [application] - 2015-02-15 16:47:48 --> XSS Filtering completed
[DEBUG] [application] - 2015-02-15 16:47:48 --> Global POST and COOKIE data sanitized
[DEBUG] [system.Module] - 2015-02-15 16:47:48 --> Loading "Router" application component
[DEBUG] [system.Module] - 2015-02-15 16:47:48 --> Loading "Uri" application component
[DEBUG] [application] - 2015-02-15 16:47:48 --> URI Class Initialized
[DEBUG] [application] - 2015-02-15 16:47:48 --> Router Class Initialized
[DEBUG] [application] - 2015-02-15 16:47:48 --> Config file loaded: /Users/geet/www/fly/framework/application/config/routes.php
[DEBUG] [system.Module] - 2015-02-15 16:47:48 --> Loading "Validator" application component
[DEBUG] [application] - 2015-02-15 16:47:48 --> Form Validation Class Initialized
[DEBUG] [system.Module] - 2015-02-15 16:47:48 --> Loading "DB" application component
[DEBUG] [application] - 2015-02-15 16:47:52 --> Application Class Initialized
[DEBUG] [system.Module] - 2015-02-15 16:47:52 --> Loading "Log" application component
[DEBUG] [system.Module] - 2015-02-15 16:47:52 --> Loading "Utf8" application component
[DEBUG] [application] - 2015-02-15 16:47:52 --> Utf8 Class Initialized
[DEBUG] [application] - 2015-02-15 16:47:52 --> UTF-8 Support Enabled
[DEBUG] [system.Module] - 2015-02-15 16:47:52 --> Loading "Hooks" application component
[DEBUG] [application] - 2015-02-15 16:47:52 --> Hooks Class Initialized
[DEBUG] [system.Module] - 2015-02-15 16:47:52 --> Loading "Output" application component
[DEBUG] [application] - 2015-02-15 16:47:52 --> Config file loaded: /Users/geet/www/fly/framework/application/config/mimes.php
[DEBUG] [application] - 2015-02-15 16:47:52 --> Output Class Initialized
[DEBUG] [system.Module] - 2015-02-15 16:47:52 --> Loading "HttpRequest" application component
[DEBUG] [application] - 2015-02-15 16:47:52 --> HttpRequest Class Initialized
[DEBUG] [system.Module] - 2015-02-15 16:47:52 --> Loading "Security" application component
[DEBUG] [application] - 2015-02-15 16:47:52 --> Security Class Initialized
[DEBUG] [application] - 2015-02-15 16:47:52 --> XSS Filtering completed
[DEBUG] [application] - 2015-02-15 16:47:52 --> XSS Filtering completed
[DEBUG] [application] - 2015-02-15 16:47:52 --> Global POST and COOKIE data sanitized
[DEBUG] [system.Module] - 2015-02-15 16:47:52 --> Loading "Router" application component
[DEBUG] [system.Module] - 2015-02-15 16:47:52 --> Loading "Uri" application component
[DEBUG] [application] - 2015-02-15 16:47:52 --> URI Class Initialized
[DEBUG] [application] - 2015-02-15 16:47:52 --> Router Class Initialized
[DEBUG] [application] - 2015-02-15 16:47:52 --> Config file loaded: /Users/geet/www/fly/framework/application/config/routes.php
[DEBUG] [system.Module] - 2015-02-15 16:47:52 --> Loading "Validator" application component
[DEBUG] [application] - 2015-02-15 16:47:52 --> Form Validation Class Initialized
[DEBUG] [system.Module] - 2015-02-15 16:47:52 --> Loading "DB" application component
[DEBUG] [application] - 2015-02-15 16:48:01 --> Application Class Initialized
[DEBUG] [system.Module] - 2015-02-15 16:48:01 --> Loading "Log" application component
[DEBUG] [system.Module] - 2015-02-15 16:48:01 --> Loading "Utf8" application component
[DEBUG] [application] - 2015-02-15 16:48:01 --> Utf8 Class Initialized
[DEBUG] [application] - 2015-02-15 16:48:01 --> UTF-8 Support Enabled
[DEBUG] [system.Module] - 2015-02-15 16:48:01 --> Loading "Hooks" application component
[DEBUG] [application] - 2015-02-15 16:48:01 --> Hooks Class Initialized
[DEBUG] [system.Module] - 2015-02-15 16:48:01 --> Loading "Output" application component
[DEBUG] [application] - 2015-02-15 16:48:01 --> Config file loaded: /Users/geet/www/fly/framework/application/config/mimes.php
[DEBUG] [application] - 2015-02-15 16:48:01 --> Output Class Initialized
[DEBUG] [system.Module] - 2015-02-15 16:48:01 --> Loading "HttpRequest" application component
[DEBUG] [application] - 2015-02-15 16:48:01 --> HttpRequest Class Initialized
[DEBUG] [system.Module] - 2015-02-15 16:48:01 --> Loading "Security" application component
[DEBUG] [application] - 2015-02-15 16:48:01 --> Security Class Initialized
[DEBUG] [application] - 2015-02-15 16:48:01 --> Global POST and COOKIE data sanitized
[DEBUG] [system.Module] - 2015-02-15 16:48:01 --> Loading "Router" application component
[DEBUG] [system.Module] - 2015-02-15 16:48:01 --> Loading "Uri" application component
[DEBUG] [application] - 2015-02-15 16:48:01 --> URI Class Initialized
[DEBUG] [application] - 2015-02-15 16:48:01 --> Router Class Initialized
[DEBUG] [application] - 2015-02-15 16:48:01 --> Config file loaded: /Users/geet/www/fly/framework/application/config/routes.php
[DEBUG] [application] - 2015-02-15 16:48:01 --> Final output sent to browser
[DEBUG] [application] - 2015-02-15 16:48:01 --> Total execution time: 0.0188
[DEBUG] [system.Module] - 2015-02-15 16:48:01 --> Loading "DB" application component
[DEBUG] [application] - 2015-02-15 16:48:05 --> Application Class Initialized
[DEBUG] [system.Module] - 2015-02-15 16:48:05 --> Loading "Log" application component
[DEBUG] [system.Module] - 2015-02-15 16:48:05 --> Loading "Utf8" application component
[DEBUG] [application] - 2015-02-15 16:48:05 --> Utf8 Class Initialized
[DEBUG] [application] - 2015-02-15 16:48:05 --> UTF-8 Support Enabled
[DEBUG] [system.Module] - 2015-02-15 16:48:05 --> Loading "Hooks" application component
[DEBUG] [application] - 2015-02-15 16:48:05 --> Hooks Class Initialized
[DEBUG] [system.Module] - 2015-02-15 16:48:05 --> Loading "Output" application component
[DEBUG] [application] - 2015-02-15 16:48:05 --> Config file loaded: /Users/geet/www/fly/framework/application/config/mimes.php
[DEBUG] [application] - 2015-02-15 16:48:05 --> Output Class Initialized
[DEBUG] [system.Module] - 2015-02-15 16:48:05 --> Loading "HttpRequest" application component
[DEBUG] [application] - 2015-02-15 16:48:05 --> HttpRequest Class Initialized
[DEBUG] [system.Module] - 2015-02-15 16:48:05 --> Loading "Security" application component
[DEBUG] [application] - 2015-02-15 16:48:05 --> Security Class Initialized
[DEBUG] [application] - 2015-02-15 16:48:05 --> Global POST and COOKIE data sanitized
[DEBUG] [system.Module] - 2015-02-15 16:48:05 --> Loading "Router" application component
[DEBUG] [system.Module] - 2015-02-15 16:48:05 --> Loading "Uri" application component
[DEBUG] [application] - 2015-02-15 16:48:05 --> URI Class Initialized
[DEBUG] [application] - 2015-02-15 16:48:05 --> Router Class Initialized
[DEBUG] [application] - 2015-02-15 16:48:05 --> Config file loaded: /Users/geet/www/fly/framework/application/config/routes.php
[DEBUG] [application] - 2015-02-15 16:48:05 --> Final output sent to browser
[DEBUG] [application] - 2015-02-15 16:48:05 --> Total execution time: 0.0177
[DEBUG] [system.Module] - 2015-02-15 16:48:05 --> Loading "DB" application component
[DEBUG] [application] - 2015-02-15 16:48:07 --> Application Class Initialized
[DEBUG] [system.Module] - 2015-02-15 16:48:07 --> Loading "Log" application component
[DEBUG] [system.Module] - 2015-02-15 16:48:07 --> Loading "Utf8" application component
[DEBUG] [application] - 2015-02-15 16:48:07 --> Utf8 Class Initialized
[DEBUG] [application] - 2015-02-15 16:48:07 --> UTF-8 Support Enabled
[DEBUG] [system.Module] - 2015-02-15 16:48:07 --> Loading "Hooks" application component
[DEBUG] [application] - 2015-02-15 16:48:07 --> Hooks Class Initialized
[DEBUG] [system.Module] - 2015-02-15 16:48:07 --> Loading "Output" application component
[DEBUG] [application] - 2015-02-15 16:48:07 --> Config file loaded: /Users/geet/www/fly/framework/application/config/mimes.php
[DEBUG] [application] - 2015-02-15 16:48:07 --> Output Class Initialized
[DEBUG] [system.Module] - 2015-02-15 16:48:07 --> Loading "HttpRequest" application component
[DEBUG] [application] - 2015-02-15 16:48:07 --> HttpRequest Class Initialized
[DEBUG] [system.Module] - 2015-02-15 16:48:07 --> Loading "Security" application component
[DEBUG] [application] - 2015-02-15 16:48:07 --> Security Class Initialized
[DEBUG] [application] - 2015-02-15 16:48:07 --> XSS Filtering completed
[DEBUG] [application] - 2015-02-15 16:48:07 --> XSS Filtering completed
[DEBUG] [application] - 2015-02-15 16:48:07 --> Global POST and COOKIE data sanitized
[DEBUG] [system.Module] - 2015-02-15 16:48:07 --> Loading "Router" application component
[DEBUG] [system.Module] - 2015-02-15 16:48:07 --> Loading "Uri" application component
[DEBUG] [application] - 2015-02-15 16:48:07 --> URI Class Initialized
[DEBUG] [application] - 2015-02-15 16:48:07 --> Router Class Initialized
[DEBUG] [application] - 2015-02-15 16:48:07 --> Config file loaded: /Users/geet/www/fly/framework/application/config/routes.php
[DEBUG] [system.Module] - 2015-02-15 16:48:07 --> Loading "Validator" application component
[DEBUG] [application] - 2015-02-15 16:48:07 --> Form Validation Class Initialized
[DEBUG] [system.Module] - 2015-02-15 16:48:07 --> Loading "Lang" application component
[DEBUG] [application] - 2015-02-15 16:48:07 --> Language Class Initialized
[DEBUG] [application] - 2015-02-15 16:48:07 --> Language file loaded: language/en_us/form_validation_lang.php
[ERROR] [application] - 2015-02-15 16:48:07 --> Could not find the language line "checkUser"
[DEBUG] [system.Module] - 2015-02-15 16:48:07 --> Loading "DB" application component
[DEBUG] [application] - 2015-02-15 16:48:47 --> Application Class Initialized
[DEBUG] [system.Module] - 2015-02-15 16:48:47 --> Loading "Log" application component
[DEBUG] [system.Module] - 2015-02-15 16:48:47 --> Loading "Utf8" application component
[DEBUG] [application] - 2015-02-15 16:48:47 --> Utf8 Class Initialized
[DEBUG] [application] - 2015-02-15 16:48:47 --> UTF-8 Support Enabled
[DEBUG] [system.Module] - 2015-02-15 16:48:47 --> Loading "Hooks" application component
[DEBUG] [application] - 2015-02-15 16:48:47 --> Hooks Class Initialized
[DEBUG] [system.Module] - 2015-02-15 16:48:47 --> Loading "Output" application component
[DEBUG] [application] - 2015-02-15 16:48:47 --> Config file loaded: /Users/geet/www/fly/framework/application/config/mimes.php
[DEBUG] [application] - 2015-02-15 16:48:47 --> Output Class Initialized
[DEBUG] [system.Module] - 2015-02-15 16:48:47 --> Loading "HttpRequest" application component
[DEBUG] [application] - 2015-02-15 16:48:47 --> HttpRequest Class Initialized
[DEBUG] [system.Module] - 2015-02-15 16:48:47 --> Loading "Security" application component
[DEBUG] [application] - 2015-02-15 16:48:47 --> Security Class Initialized
[DEBUG] [application] - 2015-02-15 16:48:47 --> XSS Filtering completed
[DEBUG] [application] - 2015-02-15 16:48:47 --> XSS Filtering completed
[DEBUG] [application] - 2015-02-15 16:48:47 --> Global POST and COOKIE data sanitized
[DEBUG] [system.Module] - 2015-02-15 16:48:47 --> Loading "Router" application component
[DEBUG] [system.Module] - 2015-02-15 16:48:47 --> Loading "Uri" application component
[DEBUG] [application] - 2015-02-15 16:48:47 --> URI Class Initialized
[DEBUG] [application] - 2015-02-15 16:48:47 --> Router Class Initialized
[DEBUG] [application] - 2015-02-15 16:48:47 --> Config file loaded: /Users/geet/www/fly/framework/application/config/routes.php
[DEBUG] [system.Module] - 2015-02-15 16:48:47 --> Loading "Validator" application component
[DEBUG] [application] - 2015-02-15 16:48:47 --> Form Validation Class Initialized
[DEBUG] [system.Module] - 2015-02-15 16:48:47 --> Loading "DB" application component
[DEBUG] [application] - 2015-02-15 16:49:41 --> Application Class Initialized
[DEBUG] [system.Module] - 2015-02-15 16:49:41 --> Loading "Log" application component
[DEBUG] [system.Module] - 2015-02-15 16:49:41 --> Loading "Utf8" application component
[DEBUG] [application] - 2015-02-15 16:49:41 --> Utf8 Class Initialized
[DEBUG] [application] - 2015-02-15 16:49:41 --> UTF-8 Support Enabled
[DEBUG] [system.Module] - 2015-02-15 16:49:41 --> Loading "Hooks" application component
[DEBUG] [application] - 2015-02-15 16:49:41 --> Hooks Class Initialized
[DEBUG] [system.Module] - 2015-02-15 16:49:41 --> Loading "Output" application component
[DEBUG] [application] - 2015-02-15 16:49:41 --> Config file loaded: /Users/geet/www/fly/framework/application/config/mimes.php
[DEBUG] [application] - 2015-02-15 16:49:41 --> Output Class Initialized
[DEBUG] [system.Module] - 2015-02-15 16:49:41 --> Loading "HttpRequest" application component
[DEBUG] [application] - 2015-02-15 16:49:41 --> HttpRequest Class Initialized
[DEBUG] [system.Module] - 2015-02-15 16:49:41 --> Loading "Security" application component
[DEBUG] [application] - 2015-02-15 16:49:41 --> Security Class Initialized
[DEBUG] [application] - 2015-02-15 16:49:41 --> XSS Filtering completed
[DEBUG] [application] - 2015-02-15 16:49:41 --> XSS Filtering completed
[DEBUG] [application] - 2015-02-15 16:49:41 --> Global POST and COOKIE data sanitized
[DEBUG] [system.Module] - 2015-02-15 16:49:41 --> Loading "Router" application component
[DEBUG] [system.Module] - 2015-02-15 16:49:41 --> Loading "Uri" application component
[DEBUG] [application] - 2015-02-15 16:49:41 --> URI Class Initialized
[DEBUG] [application] - 2015-02-15 16:49:41 --> Router Class Initialized
[DEBUG] [application] - 2015-02-15 16:49:41 --> Config file loaded: /Users/geet/www/fly/framework/application/config/routes.php
[DEBUG] [system.Module] - 2015-02-15 16:49:41 --> Loading "Validator" application component
[DEBUG] [application] - 2015-02-15 16:49:41 --> Form Validation Class Initialized
[DEBUG] [system.Module] - 2015-02-15 16:49:41 --> Loading "DB" application component
[DEBUG] [application] - 2015-02-15 16:49:44 --> Application Class Initialized
[DEBUG] [system.Module] - 2015-02-15 16:49:44 --> Loading "Log" application component
[DEBUG] [system.Module] - 2015-02-15 16:49:44 --> Loading "Utf8" application component
[DEBUG] [application] - 2015-02-15 16:49:44 --> Utf8 Class Initialized
[DEBUG] [application] - 2015-02-15 16:49:44 --> UTF-8 Support Enabled
[DEBUG] [system.Module] - 2015-02-15 16:49:44 --> Loading "Hooks" application component
[DEBUG] [application] - 2015-02-15 16:49:44 --> Hooks Class Initialized
[DEBUG] [system.Module] - 2015-02-15 16:49:44 --> Loading "Output" application component
[DEBUG] [application] - 2015-02-15 16:49:44 --> Config file loaded: /Users/geet/www/fly/framework/application/config/mimes.php
[DEBUG] [application] - 2015-02-15 16:49:44 --> Output Class Initialized
[DEBUG] [system.Module] - 2015-02-15 16:49:44 --> Loading "HttpRequest" application component
[DEBUG] [application] - 2015-02-15 16:49:44 --> HttpRequest Class Initialized
[DEBUG] [system.Module] - 2015-02-15 16:49:44 --> Loading "Security" application component
[DEBUG] [application] - 2015-02-15 16:49:44 --> Security Class Initialized
[DEBUG] [application] - 2015-02-15 16:49:44 --> XSS Filtering completed
[DEBUG] [application] - 2015-02-15 16:49:44 --> XSS Filtering completed
[DEBUG] [application] - 2015-02-15 16:49:44 --> Global POST and COOKIE data sanitized
[DEBUG] [system.Module] - 2015-02-15 16:49:44 --> Loading "Router" application component
[DEBUG] [system.Module] - 2015-02-15 16:49:44 --> Loading "Uri" application component
[DEBUG] [application] - 2015-02-15 16:49:44 --> URI Class Initialized
[DEBUG] [application] - 2015-02-15 16:49:44 --> Router Class Initialized
[DEBUG] [application] - 2015-02-15 16:49:44 --> Config file loaded: /Users/geet/www/fly/framework/application/config/routes.php
[DEBUG] [system.Module] - 2015-02-15 16:49:44 --> Loading "Validator" application component
[DEBUG] [application] - 2015-02-15 16:49:44 --> Form Validation Class Initialized
[DEBUG] [system.Module] - 2015-02-15 16:49:44 --> Loading "DB" application component
[DEBUG] [application] - 2015-02-15 16:50:13 --> Application Class Initialized
[DEBUG] [system.Module] - 2015-02-15 16:50:13 --> Loading "Log" application component
[DEBUG] [system.Module] - 2015-02-15 16:50:13 --> Loading "Utf8" application component
[DEBUG] [application] - 2015-02-15 16:50:13 --> Utf8 Class Initialized
[DEBUG] [application] - 2015-02-15 16:50:13 --> UTF-8 Support Enabled
[DEBUG] [system.Module] - 2015-02-15 16:50:13 --> Loading "Hooks" application component
[DEBUG] [application] - 2015-02-15 16:50:13 --> Hooks Class Initialized
[DEBUG] [system.Module] - 2015-02-15 16:50:13 --> Loading "Output" application component
[DEBUG] [application] - 2015-02-15 16:50:13 --> Config file loaded: /Users/geet/www/fly/framework/application/config/mimes.php
[DEBUG] [application] - 2015-02-15 16:50:13 --> Output Class Initialized
[DEBUG] [system.Module] - 2015-02-15 16:50:13 --> Loading "HttpRequest" application component
[DEBUG] [application] - 2015-02-15 16:50:13 --> HttpRequest Class Initialized
[DEBUG] [system.Module] - 2015-02-15 16:50:13 --> Loading "Security" application component
[DEBUG] [application] - 2015-02-15 16:50:13 --> Security Class Initialized
[DEBUG] [application] - 2015-02-15 16:50:13 --> XSS Filtering completed
[DEBUG] [application] - 2015-02-15 16:50:13 --> XSS Filtering completed
[DEBUG] [application] - 2015-02-15 16:50:13 --> Global POST and COOKIE data sanitized
[DEBUG] [system.Module] - 2015-02-15 16:50:13 --> Loading "Router" application component
[DEBUG] [system.Module] - 2015-02-15 16:50:13 --> Loading "Uri" application component
[DEBUG] [application] - 2015-02-15 16:50:13 --> URI Class Initialized
[DEBUG] [application] - 2015-02-15 16:50:13 --> Router Class Initialized
[DEBUG] [application] - 2015-02-15 16:50:13 --> Config file loaded: /Users/geet/www/fly/framework/application/config/routes.php
[DEBUG] [system.Module] - 2015-02-15 16:50:13 --> Loading "Validator" application component
[DEBUG] [application] - 2015-02-15 16:50:13 --> Form Validation Class Initialized
[DEBUG] [system.Module] - 2015-02-15 16:50:13 --> Loading "DB" application component
[DEBUG] [application] - 2015-02-15 17:18:31 --> Application Class Initialized
[DEBUG] [system.Module] - 2015-02-15 17:18:31 --> Loading "Log" application component
[DEBUG] [system.Module] - 2015-02-15 17:18:31 --> Loading "Utf8" application component
[DEBUG] [application] - 2015-02-15 17:18:31 --> Utf8 Class Initialized
[DEBUG] [application] - 2015-02-15 17:18:31 --> UTF-8 Support Enabled
[DEBUG] [system.Module] - 2015-02-15 17:18:31 --> Loading "Hooks" application component
[DEBUG] [application] - 2015-02-15 17:18:31 --> Hooks Class Initialized
[DEBUG] [system.Module] - 2015-02-15 17:18:31 --> Loading "Output" application component
[DEBUG] [application] - 2015-02-15 17:18:31 --> Config file loaded: /Users/geet/www/fly/framework/application/config/mimes.php
[DEBUG] [application] - 2015-02-15 17:18:31 --> Output Class Initialized
[DEBUG] [system.Module] - 2015-02-15 17:18:31 --> Loading "HttpRequest" application component
[DEBUG] [application] - 2015-02-15 17:18:31 --> HttpRequest Class Initialized
[DEBUG] [system.Module] - 2015-02-15 17:18:31 --> Loading "Security" application component
[DEBUG] [application] - 2015-02-15 17:18:31 --> Security Class Initialized
[DEBUG] [application] - 2015-02-15 17:18:31 --> Global POST and COOKIE data sanitized
[DEBUG] [system.Module] - 2015-02-15 17:18:31 --> Loading "Router" application component
[DEBUG] [system.Module] - 2015-02-15 17:18:31 --> Loading "Uri" application component
[DEBUG] [application] - 2015-02-15 17:18:31 --> URI Class Initialized
[DEBUG] [application] - 2015-02-15 17:18:31 --> Router Class Initialized
[DEBUG] [application] - 2015-02-15 17:18:31 --> Config file loaded: /Users/geet/www/fly/framework/application/config/routes.php
[DEBUG] [application] - 2015-02-15 17:18:31 --> Final output sent to browser
[DEBUG] [application] - 2015-02-15 17:18:31 --> Total execution time: 0.0207
[DEBUG] [system.Module] - 2015-02-15 17:18:31 --> Loading "DB" application component
[DEBUG] [application] - 2015-02-15 20:38:34 --> Application Class Initialized
[DEBUG] [system.Module] - 2015-02-15 20:38:34 --> Loading "Log" application component
[DEBUG] [system.Module] - 2015-02-15 20:38:34 --> Loading "Utf8" application component
[DEBUG] [application] - 2015-02-15 20:38:34 --> Utf8 Class Initialized
[DEBUG] [application] - 2015-02-15 20:38:34 --> UTF-8 Support Enabled
[DEBUG] [system.Module] - 2015-02-15 20:38:34 --> Loading "Hooks" application component
[DEBUG] [application] - 2015-02-15 20:38:34 --> Hooks Class Initialized
[DEBUG] [system.Module] - 2015-02-15 20:38:34 --> Loading "Output" application component
[DEBUG] [application] - 2015-02-15 20:38:34 --> Config file loaded: /Users/geet/www/fly/framework/application/config/mimes.php
[DEBUG] [application] - 2015-02-15 20:38:34 --> Output Class Initialized
[DEBUG] [system.Module] - 2015-02-15 20:38:34 --> Loading "HttpRequest" application component
[DEBUG] [application] - 2015-02-15 20:38:34 --> HttpRequest Class Initialized
[DEBUG] [system.Module] - 2015-02-15 20:38:34 --> Loading "Security" application component
[DEBUG] [application] - 2015-02-15 20:38:34 --> Security Class Initialized
[DEBUG] [application] - 2015-02-15 20:38:34 --> Global POST and COOKIE data sanitized
[DEBUG] [system.Module] - 2015-02-15 20:38:34 --> Loading "Router" application component
[DEBUG] [system.Module] - 2015-02-15 20:38:34 --> Loading "Uri" application component
[DEBUG] [application] - 2015-02-15 20:38:34 --> URI Class Initialized
[DEBUG] [application] - 2015-02-15 20:38:34 --> Router Class Initialized
[DEBUG] [application] - 2015-02-15 20:38:34 --> Config file loaded: /Users/geet/www/fly/framework/application/config/routes.php
[DEBUG] [application] - 2015-02-15 20:38:34 --> No URI present. Default controller set.
[DEBUG] [system.Module] - 2015-02-15 20:38:34 --> Loading "DB" application component
[DEBUG] [application] - 2015-02-15 20:38:45 --> Application Class Initialized
[DEBUG] [system.Module] - 2015-02-15 20:38:45 --> Loading "Log" application component
[DEBUG] [system.Module] - 2015-02-15 20:38:45 --> Loading "Utf8" application component
[DEBUG] [application] - 2015-02-15 20:38:45 --> Utf8 Class Initialized
[DEBUG] [application] - 2015-02-15 20:38:45 --> UTF-8 Support Enabled
[DEBUG] [system.Module] - 2015-02-15 20:38:45 --> Loading "Hooks" application component
[DEBUG] [application] - 2015-02-15 20:38:45 --> Hooks Class Initialized
[DEBUG] [system.Module] - 2015-02-15 20:38:45 --> Loading "Output" application component
[DEBUG] [application] - 2015-02-15 20:38:45 --> Config file loaded: /Users/geet/www/fly/framework/application/config/mimes.php
[DEBUG] [application] - 2015-02-15 20:38:45 --> Output Class Initialized
[DEBUG] [system.Module] - 2015-02-15 20:38:45 --> Loading "HttpRequest" application component
[DEBUG] [application] - 2015-02-15 20:38:45 --> HttpRequest Class Initialized
[DEBUG] [system.Module] - 2015-02-15 20:38:45 --> Loading "Security" application component
[DEBUG] [application] - 2015-02-15 20:38:45 --> Security Class Initialized
[DEBUG] [application] - 2015-02-15 20:38:45 --> Global POST and COOKIE data sanitized
[DEBUG] [system.Module] - 2015-02-15 20:38:45 --> Loading "Router" application component
[DEBUG] [system.Module] - 2015-02-15 20:38:45 --> Loading "Uri" application component
[DEBUG] [application] - 2015-02-15 20:38:45 --> URI Class Initialized
[DEBUG] [application] - 2015-02-15 20:38:45 --> Router Class Initialized
[DEBUG] [application] - 2015-02-15 20:38:45 --> Config file loaded: /Users/geet/www/fly/framework/application/config/routes.php
[DEBUG] [application] - 2015-02-15 20:38:45 --> Final output sent to browser
[DEBUG] [application] - 2015-02-15 20:38:45 --> Total execution time: 0.2302
[DEBUG] [system.Module] - 2015-02-15 20:38:45 --> Loading "DB" application component
[DEBUG] [application] - 2015-02-15 20:38:48 --> Application Class Initialized
[DEBUG] [system.Module] - 2015-02-15 20:38:48 --> Loading "Log" application component
[DEBUG] [system.Module] - 2015-02-15 20:38:48 --> Loading "Utf8" application component
[DEBUG] [application] - 2015-02-15 20:38:48 --> Utf8 Class Initialized
[DEBUG] [application] - 2015-02-15 20:38:48 --> UTF-8 Support Enabled
[DEBUG] [system.Module] - 2015-02-15 20:38:48 --> Loading "Hooks" application component
[DEBUG] [application] - 2015-02-15 20:38:48 --> Hooks Class Initialized
[DEBUG] [system.Module] - 2015-02-15 20:38:48 --> Loading "Output" application component
[DEBUG] [application] - 2015-02-15 20:38:48 --> Config file loaded: /Users/geet/www/fly/framework/application/config/mimes.php
[DEBUG] [application] - 2015-02-15 20:38:48 --> Output Class Initialized
[DEBUG] [system.Module] - 2015-02-15 20:38:48 --> Loading "HttpRequest" application component
[DEBUG] [application] - 2015-02-15 20:38:48 --> HttpRequest Class Initialized
[DEBUG] [system.Module] - 2015-02-15 20:38:48 --> Loading "Security" application component
[DEBUG] [application] - 2015-02-15 20:38:48 --> Security Class Initialized
[DEBUG] [application] - 2015-02-15 20:38:48 --> Global POST and COOKIE data sanitized
[DEBUG] [system.Module] - 2015-02-15 20:38:48 --> Loading "Router" application component
[DEBUG] [system.Module] - 2015-02-15 20:38:48 --> Loading "Uri" application component
[DEBUG] [application] - 2015-02-15 20:38:48 --> URI Class Initialized
[DEBUG] [application] - 2015-02-15 20:38:48 --> Router Class Initialized
[DEBUG] [application] - 2015-02-15 20:38:48 --> Config file loaded: /Users/geet/www/fly/framework/application/config/routes.php
[DEBUG] [application] - 2015-02-15 20:38:48 --> Final output sent to browser
[DEBUG] [application] - 2015-02-15 20:38:48 --> Total execution time: 0.0644
[DEBUG] [system.Module] - 2015-02-15 20:38:48 --> Loading "DB" application component
[DEBUG] [application] - 2015-02-15 21:39:50 --> Application Class Initialized
[DEBUG] [system.Module] - 2015-02-15 21:39:50 --> Loading "Log" application component
[DEBUG] [system.Module] - 2015-02-15 21:39:50 --> Loading "Utf8" application component
[DEBUG] [application] - 2015-02-15 21:39:50 --> Utf8 Class Initialized
[DEBUG] [application] - 2015-02-15 21:39:50 --> UTF-8 Support Enabled
[DEBUG] [system.Module] - 2015-02-15 21:39:50 --> Loading "Hooks" application component
[DEBUG] [application] - 2015-02-15 21:39:50 --> Hooks Class Initialized
[DEBUG] [system.Module] - 2015-02-15 21:39:50 --> Loading "Output" application component
[DEBUG] [application] - 2015-02-15 21:39:50 --> Config file loaded: /Users/geet/www/fly/framework/application/config/mimes.php
[DEBUG] [application] - 2015-02-15 21:39:50 --> Output Class Initialized
[DEBUG] [system.Module] - 2015-02-15 21:39:50 --> Loading "HttpRequest" application component
[DEBUG] [application] - 2015-02-15 21:39:50 --> HttpRequest Class Initialized
[DEBUG] [system.Module] - 2015-02-15 21:39:50 --> Loading "Security" application component
[DEBUG] [application] - 2015-02-15 21:39:50 --> Security Class Initialized
[DEBUG] [application] - 2015-02-15 21:39:50 --> Global POST and COOKIE data sanitized
[DEBUG] [system.Module] - 2015-02-15 21:39:50 --> Loading "Router" application component
[DEBUG] [system.Module] - 2015-02-15 21:39:50 --> Loading "Uri" application component
[DEBUG] [application] - 2015-02-15 21:39:50 --> URI Class Initialized
[DEBUG] [application] - 2015-02-15 21:39:50 --> Router Class Initialized
[DEBUG] [application] - 2015-02-15 21:39:50 --> Config file loaded: /Users/geet/www/fly/framework/application/config/routes.php
[ERROR] [php] - 2015-02-15 21:39:50 --> include(TestModel.php): failed to open stream: No such file or directory (/Users/geet/www/fly/framework/system/FlyBase.php:338)
Stack trace:
#0 /Users/geet/www/fly/framework/application/controllers/IndexController.php(34): spl_autoload_call()
#1 /Users/geet/www/fly/framework/system/core/Controller.php(79): IndexController->actionIndex2()
#2 /Users/geet/www/fly/framework/system/core/WebApplication.php(151): IndexController->run()
#3 /Users/geet/www/fly/framework/system/core/WebApplication.php(84): AdminWebApplication->runController()
#4 /Users/geet/www/fly/framework/system/core/Application.php(103): AdminWebApplication->processRequest()
#5 /Users/geet/www/fly/framework/index.php(41): AdminWebApplication->run()
REQUEST_URI=/fly/framework/index.php/index/index2
[DEBUG] [system.Module] - 2015-02-15 21:39:50 --> Loading "errorHandler" application component
[DEBUG] [system.Module] - 2015-02-15 21:39:50 --> Loading "DB" application component
[DEBUG] [application] - 2015-02-15 21:40:43 --> Application Class Initialized
[DEBUG] [system.Module] - 2015-02-15 21:40:43 --> Loading "Log" application component
[DEBUG] [system.Module] - 2015-02-15 21:40:43 --> Loading "Utf8" application component
[DEBUG] [application] - 2015-02-15 21:40:43 --> Utf8 Class Initialized
[DEBUG] [application] - 2015-02-15 21:40:43 --> UTF-8 Support Enabled
[DEBUG] [system.Module] - 2015-02-15 21:40:43 --> Loading "Hooks" application component
[DEBUG] [application] - 2015-02-15 21:40:43 --> Hooks Class Initialized
[DEBUG] [system.Module] - 2015-02-15 21:40:43 --> Loading "Output" application component
[DEBUG] [application] - 2015-02-15 21:40:43 --> Config file loaded: /Users/geet/www/fly/framework/application/config/mimes.php
[DEBUG] [application] - 2015-02-15 21:40:43 --> Output Class Initialized
[DEBUG] [system.Module] - 2015-02-15 21:40:43 --> Loading "HttpRequest" application component
[DEBUG] [application] - 2015-02-15 21:40:43 --> HttpRequest Class Initialized
[DEBUG] [system.Module] - 2015-02-15 21:40:43 --> Loading "Security" application component
[DEBUG] [application] - 2015-02-15 21:40:43 --> Security Class Initialized
[DEBUG] [application] - 2015-02-15 21:40:43 --> Global POST and COOKIE data sanitized
[DEBUG] [system.Module] - 2015-02-15 21:40:43 --> Loading "Router" application component
[DEBUG] [system.Module] - 2015-02-15 21:40:43 --> Loading "Uri" application component
[DEBUG] [application] - 2015-02-15 21:40:43 --> URI Class Initialized
[DEBUG] [application] - 2015-02-15 21:40:43 --> Router Class Initialized
[DEBUG] [application] - 2015-02-15 21:40:43 --> Config file loaded: /Users/geet/www/fly/framework/application/config/routes.php
[DEBUG] [application] - 2015-02-15 21:40:43 --> Final output sent to browser
[DEBUG] [application] - 2015-02-15 21:40:43 --> Total execution time: 0.0186
[DEBUG] [system.Module] - 2015-02-15 21:40:43 --> Loading "DB" application component
[DEBUG] [application] - 2015-02-15 21:40:45 --> Application Class Initialized
[DEBUG] [system.Module] - 2015-02-15 21:40:45 --> Loading "Log" application component
[DEBUG] [system.Module] - 2015-02-15 21:40:45 --> Loading "Utf8" application component
[DEBUG] [application] - 2015-02-15 21:40:45 --> Utf8 Class Initialized
[DEBUG] [application] - 2015-02-15 21:40:45 --> UTF-8 Support Enabled
[DEBUG] [system.Module] - 2015-02-15 21:40:45 --> Loading "Hooks" application component
[DEBUG] [application] - 2015-02-15 21:40:45 --> Hooks Class Initialized
[DEBUG] [system.Module] - 2015-02-15 21:40:45 --> Loading "Output" application component
[DEBUG] [application] - 2015-02-15 21:40:45 --> Config file loaded: /Users/geet/www/fly/framework/application/config/mimes.php
[DEBUG] [application] - 2015-02-15 21:40:45 --> Output Class Initialized
[DEBUG] [system.Module] - 2015-02-15 21:40:45 --> Loading "HttpRequest" application component
[DEBUG] [application] - 2015-02-15 21:40:45 --> HttpRequest Class Initialized
[DEBUG] [system.Module] - 2015-02-15 21:40:45 --> Loading "Security" application component
[DEBUG] [application] - 2015-02-15 21:40:45 --> Security Class Initialized
[DEBUG] [application] - 2015-02-15 21:40:45 --> XSS Filtering completed
[DEBUG] [application] - 2015-02-15 21:40:45 --> XSS Filtering completed
[DEBUG] [application] - 2015-02-15 21:40:45 --> Global POST and COOKIE data sanitized
[DEBUG] [system.Module] - 2015-02-15 21:40:45 --> Loading "Router" application component
[DEBUG] [system.Module] - 2015-02-15 21:40:45 --> Loading "Uri" application component
[DEBUG] [application] - 2015-02-15 21:40:45 --> URI Class Initialized
[DEBUG] [application] - 2015-02-15 21:40:45 --> Router Class Initialized
[DEBUG] [application] - 2015-02-15 21:40:45 --> Config file loaded: /Users/geet/www/fly/framework/application/config/routes.php
[DEBUG] [system.Module] - 2015-02-15 21:40:45 --> Loading "Validator" application component
[DEBUG] [application] - 2015-02-15 21:40:45 --> Form Validation Class Initialized
[DEBUG] [application] - 2015-02-15 21:40:45 --> Final output sent to browser
[DEBUG] [application] - 2015-02-15 21:40:45 --> Total execution time: 0.0797
[DEBUG] [system.Module] - 2015-02-15 21:40:45 --> Loading "DB" application component
[DEBUG] [application] - 2015-02-15 21:41:08 --> Application Class Initialized
[DEBUG] [system.Module] - 2015-02-15 21:41:08 --> Loading "Log" application component
[DEBUG] [system.Module] - 2015-02-15 21:41:08 --> Loading "Utf8" application component
[DEBUG] [application] - 2015-02-15 21:41:08 --> Utf8 Class Initialized
[DEBUG] [application] - 2015-02-15 21:41:08 --> UTF-8 Support Enabled
[DEBUG] [system.Module] - 2015-02-15 21:41:08 --> Loading "Hooks" application component
[DEBUG] [application] - 2015-02-15 21:41:08 --> Hooks Class Initialized
[DEBUG] [system.Module] - 2015-02-15 21:41:08 --> Loading "Output" application component
[DEBUG] [application] - 2015-02-15 21:41:08 --> Config file loaded: /Users/geet/www/fly/framework/application/config/mimes.php
[DEBUG] [application] - 2015-02-15 21:41:08 --> Output Class Initialized
[DEBUG] [system.Module] - 2015-02-15 21:41:08 --> Loading "HttpRequest" application component
[DEBUG] [application] - 2015-02-15 21:41:08 --> HttpRequest Class Initialized
[DEBUG] [system.Module] - 2015-02-15 21:41:08 --> Loading "Security" application component
[DEBUG] [application] - 2015-02-15 21:41:08 --> Security Class Initialized
[DEBUG] [application] - 2015-02-15 21:41:08 --> XSS Filtering completed
[DEBUG] [application] - 2015-02-15 21:41:08 --> XSS Filtering completed
[DEBUG] [application] - 2015-02-15 21:41:08 --> Global POST and COOKIE data sanitized
[DEBUG] [system.Module] - 2015-02-15 21:41:08 --> Loading "Router" application component
[DEBUG] [system.Module] - 2015-02-15 21:41:08 --> Loading "Uri" application component
[DEBUG] [application] - 2015-02-15 21:41:08 --> URI Class Initialized
[DEBUG] [application] - 2015-02-15 21:41:08 --> Router Class Initialized
[DEBUG] [application] - 2015-02-15 21:41:08 --> Config file loaded: /Users/geet/www/fly/framework/application/config/routes.php
[DEBUG] [system.Module] - 2015-02-15 21:41:08 --> Loading "Validator" application component
[DEBUG] [application] - 2015-02-15 21:41:08 --> Form Validation Class Initialized
[DEBUG] [system.Module] - 2015-02-15 21:41:08 --> Loading "DB" application component
[DEBUG] [application] - 2015-02-15 21:41:12 --> Application Class Initialized
[DEBUG] [system.Module] - 2015-02-15 21:41:12 --> Loading "Log" application component
[DEBUG] [system.Module] - 2015-02-15 21:41:12 --> Loading "Utf8" application component
[DEBUG] [application] - 2015-02-15 21:41:12 --> Utf8 Class Initialized
[DEBUG] [application] - 2015-02-15 21:41:12 --> UTF-8 Support Enabled
[DEBUG] [system.Module] - 2015-02-15 21:41:12 --> Loading "Hooks" application component
[DEBUG] [application] - 2015-02-15 21:41:12 --> Hooks Class Initialized
[DEBUG] [system.Module] - 2015-02-15 21:41:12 --> Loading "Output" application component
[DEBUG] [application] - 2015-02-15 21:41:12 --> Config file loaded: /Users/geet/www/fly/framework/application/config/mimes.php
[DEBUG] [application] - 2015-02-15 21:41:12 --> Output Class Initialized
[DEBUG] [system.Module] - 2015-02-15 21:41:12 --> Loading "HttpRequest" application component
[DEBUG] [application] - 2015-02-15 21:41:12 --> HttpRequest Class Initialized
[DEBUG] [system.Module] - 2015-02-15 21:41:12 --> Loading "Security" application component
[DEBUG] [application] - 2015-02-15 21:41:12 --> Security Class Initialized
[DEBUG] [application] - 2015-02-15 21:41:12 --> XSS Filtering completed
[DEBUG] [application] - 2015-02-15 21:41:12 --> XSS Filtering completed
[DEBUG] [application] - 2015-02-15 21:41:12 --> Global POST and COOKIE data sanitized
[DEBUG] [system.Module] - 2015-02-15 21:41:12 --> Loading "Router" application component
[DEBUG] [system.Module] - 2015-02-15 21:41:12 --> Loading "Uri" application component
[DEBUG] [application] - 2015-02-15 21:41:12 --> URI Class Initialized
[DEBUG] [application] - 2015-02-15 21:41:12 --> Router Class Initialized
[DEBUG] [application] - 2015-02-15 21:41:12 --> Config file loaded: /Users/geet/www/fly/framework/application/config/routes.php
[DEBUG] [system.Module] - 2015-02-15 21:41:12 --> Loading "Validator" application component
[DEBUG] [application] - 2015-02-15 21:41:12 --> Form Validation Class Initialized
[DEBUG] [system.Module] - 2015-02-15 21:41:12 --> Loading "DB" application component
[DEBUG] [application] - 2015-02-15 21:49:08 --> Application Class Initialized
[DEBUG] [system.Module] - 2015-02-15 21:49:08 --> Loading "Log" application component
[DEBUG] [system.Module] - 2015-02-15 21:49:08 --> Loading "Utf8" application component
[DEBUG] [application] - 2015-02-15 21:49:08 --> Utf8 Class Initialized
[DEBUG] [application] - 2015-02-15 21:49:08 --> UTF-8 Support Enabled
[DEBUG] [system.Module] - 2015-02-15 21:49:08 --> Loading "Hooks" application component
[DEBUG] [application] - 2015-02-15 21:49:08 --> Hooks Class Initialized
[DEBUG] [system.Module] - 2015-02-15 21:49:08 --> Loading "Output" application component
[DEBUG] [application] - 2015-02-15 21:49:08 --> Config file loaded: /Users/geet/www/fly/framework/application/config/mimes.php
[DEBUG] [application] - 2015-02-15 21:49:08 --> Output Class Initialized
[DEBUG] [system.Module] - 2015-02-15 21:49:08 --> Loading "HttpRequest" application component
[DEBUG] [application] - 2015-02-15 21:49:08 --> HttpRequest Class Initialized
[DEBUG] [system.Module] - 2015-02-15 21:49:08 --> Loading "Security" application component
[DEBUG] [application] - 2015-02-15 21:49:08 --> Security Class Initialized
[DEBUG] [application] - 2015-02-15 21:49:08 --> XSS Filtering completed
[DEBUG] [application] - 2015-02-15 21:49:08 --> XSS Filtering completed
[DEBUG] [application] - 2015-02-15 21:49:08 --> Global POST and COOKIE data sanitized
[DEBUG] [system.Module] - 2015-02-15 21:49:08 --> Loading "Router" application component
[DEBUG] [system.Module] - 2015-02-15 21:49:08 --> Loading "Uri" application component
[DEBUG] [application] - 2015-02-15 21:49:08 --> URI Class Initialized
[DEBUG] [application] - 2015-02-15 21:49:08 --> Router Class Initialized
[DEBUG] [application] - 2015-02-15 21:49:08 --> Config file loaded: /Users/geet/www/fly/framework/application/config/routes.php
[DEBUG] [system.Module] - 2015-02-15 21:49:08 --> Loading "Validator" application component
[DEBUG] [application] - 2015-02-15 21:49:08 --> Form Validation Class Initialized
[DEBUG] [system.Module] - 2015-02-15 21:49:08 --> Loading "Lang" application component
[DEBUG] [application] - 2015-02-15 21:49:08 --> Language Class Initialized
[DEBUG] [application] - 2015-02-15 21:49:08 --> Language file loaded: language/en_us/form_validation_lang.php
[ERROR] [application] - 2015-02-15 21:49:08 --> Could not find the language line "checkUser"
[DEBUG] [system.Module] - 2015-02-15 21:49:08 --> Loading "DB" application component
[DEBUG] [application] - 2015-02-15 21:49:36 --> Application Class Initialized
[DEBUG] [system.Module] - 2015-02-15 21:49:36 --> Loading "Log" application component
[DEBUG] [system.Module] - 2015-02-15 21:49:36 --> Loading "Utf8" application component
[DEBUG] [application] - 2015-02-15 21:49:36 --> Utf8 Class Initialized
[DEBUG] [application] - 2015-02-15 21:49:36 --> UTF-8 Support Enabled
[DEBUG] [system.Module] - 2015-02-15 21:49:36 --> Loading "Hooks" application component
[DEBUG] [application] - 2015-02-15 21:49:36 --> Hooks Class Initialized
[DEBUG] [system.Module] - 2015-02-15 21:49:36 --> Loading "Output" application component
[DEBUG] [application] - 2015-02-15 21:49:36 --> Config file loaded: /Users/geet/www/fly/framework/application/config/mimes.php
[DEBUG] [application] - 2015-02-15 21:49:36 --> Output Class Initialized
[DEBUG] [system.Module] - 2015-02-15 21:49:36 --> Loading "HttpRequest" application component
[DEBUG] [application] - 2015-02-15 21:49:36 --> HttpRequest Class Initialized
[DEBUG] [system.Module] - 2015-02-15 21:49:36 --> Loading "Security" application component
[DEBUG] [application] - 2015-02-15 21:49:36 --> Security Class Initialized
[DEBUG] [application] - 2015-02-15 21:49:36 --> XSS Filtering completed
[DEBUG] [application] - 2015-02-15 21:49:36 --> XSS Filtering completed
[DEBUG] [application] - 2015-02-15 21:49:36 --> Global POST and COOKIE data sanitized
[DEBUG] [system.Module] - 2015-02-15 21:49:36 --> Loading "Router" application component
[DEBUG] [system.Module] - 2015-02-15 21:49:36 --> Loading "Uri" application component
[DEBUG] [application] - 2015-02-15 21:49:36 --> URI Class Initialized
[DEBUG] [application] - 2015-02-15 21:49:36 --> Router Class Initialized
[DEBUG] [application] - 2015-02-15 21:49:36 --> Config file loaded: /Users/geet/www/fly/framework/application/config/routes.php
[DEBUG] [system.Module] - 2015-02-15 21:49:36 --> Loading "DB" application component
[DEBUG] [application] - 2015-02-15 21:49:50 --> Application Class Initialized
[DEBUG] [system.Module] - 2015-02-15 21:49:50 --> Loading "Log" application component
[DEBUG] [system.Module] - 2015-02-15 21:49:50 --> Loading "Utf8" application component
[DEBUG] [application] - 2015-02-15 21:49:50 --> Utf8 Class Initialized
[DEBUG] [application] - 2015-02-15 21:49:50 --> UTF-8 Support Enabled
[DEBUG] [system.Module] - 2015-02-15 21:49:50 --> Loading "Hooks" application component
[DEBUG] [application] - 2015-02-15 21:49:50 --> Hooks Class Initialized
[DEBUG] [system.Module] - 2015-02-15 21:49:50 --> Loading "Output" application component
[DEBUG] [application] - 2015-02-15 21:49:50 --> Config file loaded: /Users/geet/www/fly/framework/application/config/mimes.php
[DEBUG] [application] - 2015-02-15 21:49:50 --> Output Class Initialized
[DEBUG] [system.Module] - 2015-02-15 21:49:50 --> Loading "HttpRequest" application component
[DEBUG] [application] - 2015-02-15 21:49:50 --> HttpRequest Class Initialized
[DEBUG] [system.Module] - 2015-02-15 21:49:50 --> Loading "Security" application component
[DEBUG] [application] - 2015-02-15 21:49:50 --> Security Class Initialized
[DEBUG] [application] - 2015-02-15 21:49:50 --> XSS Filtering completed
[DEBUG] [application] - 2015-02-15 21:49:50 --> XSS Filtering completed
[DEBUG] [application] - 2015-02-15 21:49:50 --> Global POST and COOKIE data sanitized
[DEBUG] [system.Module] - 2015-02-15 21:49:50 --> Loading "Router" application component
[DEBUG] [system.Module] - 2015-02-15 21:49:50 --> Loading "Uri" application component
[DEBUG] [application] - 2015-02-15 21:49:50 --> URI Class Initialized
[DEBUG] [application] - 2015-02-15 21:49:50 --> Router Class Initialized
[DEBUG] [application] - 2015-02-15 21:49:50 --> Config file loaded: /Users/geet/www/fly/framework/application/config/routes.php
[DEBUG] [system.Module] - 2015-02-15 21:49:50 --> Loading "Validator" application component
[DEBUG] [application] - 2015-02-15 21:49:50 --> Form Validation Class Initialized
[DEBUG] [system.Module] - 2015-02-15 21:49:50 --> Loading "DB" application component
[DEBUG] [application] - 2015-02-15 21:49:54 --> Application Class Initialized
[DEBUG] [system.Module] - 2015-02-15 21:49:54 --> Loading "Log" application component
[DEBUG] [system.Module] - 2015-02-15 21:49:54 --> Loading "Utf8" application component
[DEBUG] [application] - 2015-02-15 21:49:54 --> Utf8 Class Initialized
[DEBUG] [application] - 2015-02-15 21:49:54 --> UTF-8 Support Enabled
[DEBUG] [system.Module] - 2015-02-15 21:49:54 --> Loading "Hooks" application component
[DEBUG] [application] - 2015-02-15 21:49:54 --> Hooks Class Initialized
[DEBUG] [system.Module] - 2015-02-15 21:49:54 --> Loading "Output" application component
[DEBUG] [application] - 2015-02-15 21:49:54 --> Config file loaded: /Users/geet/www/fly/framework/application/config/mimes.php
[DEBUG] [application] - 2015-02-15 21:49:54 --> Output Class Initialized
[DEBUG] [system.Module] - 2015-02-15 21:49:54 --> Loading "HttpRequest" application component
[DEBUG] [application] - 2015-02-15 21:49:54 --> HttpRequest Class Initialized
[DEBUG] [system.Module] - 2015-02-15 21:49:54 --> Loading "Security" application component
[DEBUG] [application] - 2015-02-15 21:49:54 --> Security Class Initialized
[DEBUG] [application] - 2015-02-15 21:49:54 --> XSS Filtering completed
[DEBUG] [application] - 2015-02-15 21:49:54 --> XSS Filtering completed
[DEBUG] [application] - 2015-02-15 21:49:54 --> Global POST and COOKIE data sanitized
[DEBUG] [system.Module] - 2015-02-15 21:49:54 --> Loading "Router" application component
[DEBUG] [system.Module] - 2015-02-15 21:49:54 --> Loading "Uri" application component
[DEBUG] [application] - 2015-02-15 21:49:54 --> URI Class Initialized
[DEBUG] [application] - 2015-02-15 21:49:54 --> Router Class Initialized
[DEBUG] [application] - 2015-02-15 21:49:54 --> Config file loaded: /Users/geet/www/fly/framework/application/config/routes.php
[DEBUG] [system.Module] - 2015-02-15 21:49:54 --> Loading "Validator" application component
[DEBUG] [application] - 2015-02-15 21:49:54 --> Form Validation Class Initialized
[DEBUG] [system.Module] - 2015-02-15 21:49:54 --> Loading "DB" application component
[DEBUG] [application] - 2015-02-15 21:50:20 --> Application Class Initialized
[DEBUG] [system.Module] - 2015-02-15 21:50:20 --> Loading "Log" application component
[DEBUG] [system.Module] - 2015-02-15 21:50:20 --> Loading "Utf8" application component
[DEBUG] [application] - 2015-02-15 21:50:20 --> Utf8 Class Initialized
[DEBUG] [application] - 2015-02-15 21:50:20 --> UTF-8 Support Enabled
[DEBUG] [system.Module] - 2015-02-15 21:50:20 --> Loading "Hooks" application component
[DEBUG] [application] - 2015-02-15 21:50:20 --> Hooks Class Initialized
[DEBUG] [system.Module] - 2015-02-15 21:50:20 --> Loading "Output" application component
[DEBUG] [application] - 2015-02-15 21:50:20 --> Config file loaded: /Users/geet/www/fly/framework/application/config/mimes.php
[DEBUG] [application] - 2015-02-15 21:50:20 --> Output Class Initialized
[DEBUG] [system.Module] - 2015-02-15 21:50:20 --> Loading "HttpRequest" application component
[DEBUG] [application] - 2015-02-15 21:50:20 --> HttpRequest Class Initialized
[DEBUG] [system.Module] - 2015-02-15 21:50:20 --> Loading "Security" application component
[DEBUG] [application] - 2015-02-15 21:50:20 --> Security Class Initialized
[DEBUG] [application] - 2015-02-15 21:50:20 --> XSS Filtering completed
[DEBUG] [application] - 2015-02-15 21:50:20 --> XSS Filtering completed
[DEBUG] [application] - 2015-02-15 21:50:20 --> Global POST and COOKIE data sanitized
[DEBUG] [system.Module] - 2015-02-15 21:50:20 --> Loading "Router" application component
[DEBUG] [system.Module] - 2015-02-15 21:50:20 --> Loading "Uri" application component
[DEBUG] [application] - 2015-02-15 21:50:20 --> URI Class Initialized
[DEBUG] [application] - 2015-02-15 21:50:20 --> Router Class Initialized
[DEBUG] [application] - 2015-02-15 21:50:20 --> Config file loaded: /Users/geet/www/fly/framework/application/config/routes.php
[DEBUG] [system.Module] - 2015-02-15 21:50:20 --> Loading "Validator" application component
[DEBUG] [application] - 2015-02-15 21:50:20 --> Form Validation Class Initialized
[DEBUG] [system.Module] - 2015-02-15 21:50:20 --> Loading "DB" application component
[DEBUG] [application] - 2015-02-15 21:50:24 --> Application Class Initialized
[DEBUG] [system.Module] - 2015-02-15 21:50:24 --> Loading "Log" application component
[DEBUG] [system.Module] - 2015-02-15 21:50:24 --> Loading "Utf8" application component
[DEBUG] [application] - 2015-02-15 21:50:24 --> Utf8 Class Initialized
[DEBUG] [application] - 2015-02-15 21:50:24 --> UTF-8 Support Enabled
[DEBUG] [system.Module] - 2015-02-15 21:50:24 --> Loading "Hooks" application component
[DEBUG] [application] - 2015-02-15 21:50:24 --> Hooks Class Initialized
[DEBUG] [system.Module] - 2015-02-15 21:50:24 --> Loading "Output" application component
[DEBUG] [application] - 2015-02-15 21:50:24 --> Config file loaded: /Users/geet/www/fly/framework/application/config/mimes.php
[DEBUG] [application] - 2015-02-15 21:50:24 --> Output Class Initialized
[DEBUG] [system.Module] - 2015-02-15 21:50:24 --> Loading "HttpRequest" application component
[DEBUG] [application] - 2015-02-15 21:50:24 --> HttpRequest Class Initialized
[DEBUG] [system.Module] - 2015-02-15 21:50:24 --> Loading "Security" application component
[DEBUG] [application] - 2015-02-15 21:50:24 --> Security Class Initialized
[DEBUG] [application] - 2015-02-15 21:50:24 --> Global POST and COOKIE data sanitized
[DEBUG] [system.Module] - 2015-02-15 21:50:24 --> Loading "Router" application component
[DEBUG] [system.Module] - 2015-02-15 21:50:24 --> Loading "Uri" application component
[DEBUG] [application] - 2015-02-15 21:50:24 --> URI Class Initialized
[DEBUG] [application] - 2015-02-15 21:50:24 --> Router Class Initialized
[DEBUG] [application] - 2015-02-15 21:50:24 --> Config file loaded: /Users/geet/www/fly/framework/application/config/routes.php
[DEBUG] [application] - 2015-02-15 21:50:24 --> Final output sent to browser
[DEBUG] [application] - 2015-02-15 21:50:24 --> Total execution time: 0.0181
[DEBUG] [system.Module] - 2015-02-15 21:50:24 --> Loading "DB" application component
[DEBUG] [application] - 2015-02-15 21:50:26 --> Application Class Initialized
[DEBUG] [system.Module] - 2015-02-15 21:50:26 --> Loading "Log" application component
[DEBUG] [system.Module] - 2015-02-15 21:50:26 --> Loading "Utf8" application component
[DEBUG] [application] - 2015-02-15 21:50:26 --> Utf8 Class Initialized
[DEBUG] [application] - 2015-02-15 21:50:26 --> UTF-8 Support Enabled
[DEBUG] [system.Module] - 2015-02-15 21:50:26 --> Loading "Hooks" application component
[DEBUG] [application] - 2015-02-15 21:50:26 --> Hooks Class Initialized
[DEBUG] [system.Module] - 2015-02-15 21:50:26 --> Loading "Output" application component
[DEBUG] [application] - 2015-02-15 21:50:26 --> Config file loaded: /Users/geet/www/fly/framework/application/config/mimes.php
[DEBUG] [application] - 2015-02-15 21:50:26 --> Output Class Initialized
[DEBUG] [system.Module] - 2015-02-15 21:50:26 --> Loading "HttpRequest" application component
[DEBUG] [application] - 2015-02-15 21:50:26 --> HttpRequest Class Initialized
[DEBUG] [system.Module] - 2015-02-15 21:50:26 --> Loading "Security" application component
[DEBUG] [application] - 2015-02-15 21:50:26 --> Security Class Initialized
[DEBUG] [application] - 2015-02-15 21:50:26 --> XSS Filtering completed
[DEBUG] [application] - 2015-02-15 21:50:26 --> XSS Filtering completed
[DEBUG] [application] - 2015-02-15 21:50:26 --> Global POST and COOKIE data sanitized
[DEBUG] [system.Module] - 2015-02-15 21:50:26 --> Loading "Router" application component
[DEBUG] [system.Module] - 2015-02-15 21:50:26 --> Loading "Uri" application component
[DEBUG] [application] - 2015-02-15 21:50:26 --> URI Class Initialized
[DEBUG] [application] - 2015-02-15 21:50:26 --> Router Class Initialized
[DEBUG] [application] - 2015-02-15 21:50:26 --> Config file loaded: /Users/geet/www/fly/framework/application/config/routes.php
[DEBUG] [system.Module] - 2015-02-15 21:50:26 --> Loading "Validator" application component
[DEBUG] [application] - 2015-02-15 21:50:26 --> Form Validation Class Initialized
[DEBUG] [system.Module] - 2015-02-15 21:50:26 --> Loading "DB" application component
[DEBUG] [application] - 2015-02-15 21:52:48 --> Application Class Initialized
[DEBUG] [system.Module] - 2015-02-15 21:52:48 --> Loading "Log" application component
[DEBUG] [system.Module] - 2015-02-15 21:52:48 --> Loading "Utf8" application component
[DEBUG] [application] - 2015-02-15 21:52:48 --> Utf8 Class Initialized
[DEBUG] [application] - 2015-02-15 21:52:48 --> UTF-8 Support Enabled
[DEBUG] [system.Module] - 2015-02-15 21:52:48 --> Loading "Hooks" application component
[DEBUG] [application] - 2015-02-15 21:52:48 --> Hooks Class Initialized
[DEBUG] [system.Module] - 2015-02-15 21:52:48 --> Loading "Output" application component
[DEBUG] [application] - 2015-02-15 21:52:48 --> Config file loaded: /Users/geet/www/fly/framework/application/config/mimes.php
[DEBUG] [application] - 2015-02-15 21:52:48 --> Output Class Initialized
[DEBUG] [system.Module] - 2015-02-15 21:52:48 --> Loading "HttpRequest" application component
[DEBUG] [application] - 2015-02-15 21:52:48 --> HttpRequest Class Initialized
[DEBUG] [system.Module] - 2015-02-15 21:52:48 --> Loading "Security" application component
[DEBUG] [application] - 2015-02-15 21:52:48 --> Security Class Initialized
[DEBUG] [application] - 2015-02-15 21:52:48 --> XSS Filtering completed
[DEBUG] [application] - 2015-02-15 21:52:48 --> XSS Filtering completed
[DEBUG] [application] - 2015-02-15 21:52:48 --> Global POST and COOKIE data sanitized
[DEBUG] [system.Module] - 2015-02-15 21:52:48 --> Loading "Router" application component
[DEBUG] [system.Module] - 2015-02-15 21:52:48 --> Loading "Uri" application component
[DEBUG] [application] - 2015-02-15 21:52:48 --> URI Class Initialized
[DEBUG] [application] - 2015-02-15 21:52:48 --> Router Class Initialized
[DEBUG] [application] - 2015-02-15 21:52:48 --> Config file loaded: /Users/geet/www/fly/framework/application/config/routes.php
[DEBUG] [system.Module] - 2015-02-15 21:52:48 --> Loading "Validator" application component
[DEBUG] [application] - 2015-02-15 21:52:48 --> Form Validation Class Initialized
[DEBUG] [system.Module] - 2015-02-15 21:52:48 --> Loading "DB" application component
[DEBUG] [application] - 2015-02-15 21:52:53 --> Application Class Initialized
[DEBUG] [system.Module] - 2015-02-15 21:52:53 --> Loading "Log" application component
[DEBUG] [system.Module] - 2015-02-15 21:52:53 --> Loading "Utf8" application component
[DEBUG] [application] - 2015-02-15 21:52:53 --> Utf8 Class Initialized
[DEBUG] [application] - 2015-02-15 21:52:53 --> UTF-8 Support Enabled
[DEBUG] [system.Module] - 2015-02-15 21:52:53 --> Loading "Hooks" application component
[DEBUG] [application] - 2015-02-15 21:52:53 --> Hooks Class Initialized
[DEBUG] [system.Module] - 2015-02-15 21:52:53 --> Loading "Output" application component
[DEBUG] [application] - 2015-02-15 21:52:53 --> Config file loaded: /Users/geet/www/fly/framework/application/config/mimes.php
[DEBUG] [application] - 2015-02-15 21:52:53 --> Output Class Initialized
[DEBUG] [system.Module] - 2015-02-15 21:52:53 --> Loading "HttpRequest" application component
[DEBUG] [application] - 2015-02-15 21:52:53 --> HttpRequest Class Initialized
[DEBUG] [system.Module] - 2015-02-15 21:52:53 --> Loading "Security" application component
[DEBUG] [application] - 2015-02-15 21:52:53 --> Security Class Initialized
[DEBUG] [application] - 2015-02-15 21:52:53 --> XSS Filtering completed
[DEBUG] [application] - 2015-02-15 21:52:53 --> XSS Filtering completed
[DEBUG] [application] - 2015-02-15 21:52:53 --> Global POST and COOKIE data sanitized
[DEBUG] [system.Module] - 2015-02-15 21:52:53 --> Loading "Router" application component
[DEBUG] [system.Module] - 2015-02-15 21:52:53 --> Loading "Uri" application component
[DEBUG] [application] - 2015-02-15 21:52:53 --> URI Class Initialized
[DEBUG] [application] - 2015-02-15 21:52:53 --> Router Class Initialized
[DEBUG] [application] - 2015-02-15 21:52:53 --> Config file loaded: /Users/geet/www/fly/framework/application/config/routes.php
[DEBUG] [system.Module] - 2015-02-15 21:52:53 --> Loading "Validator" application component
[DEBUG] [application] - 2015-02-15 21:52:53 --> Form Validation Class Initialized
[DEBUG] [system.Module] - 2015-02-15 21:52:53 --> Loading "DB" application component
[DEBUG] [application] - 2015-02-15 21:52:57 --> Application Class Initialized
[DEBUG] [system.Module] - 2015-02-15 21:52:57 --> Loading "Log" application component
[DEBUG] [system.Module] - 2015-02-15 21:52:57 --> Loading "Utf8" application component
[DEBUG] [application] - 2015-02-15 21:52:57 --> Utf8 Class Initialized
[DEBUG] [application] - 2015-02-15 21:52:57 --> UTF-8 Support Enabled
[DEBUG] [system.Module] - 2015-02-15 21:52:57 --> Loading "Hooks" application component
[DEBUG] [application] - 2015-02-15 21:52:57 --> Hooks Class Initialized
[DEBUG] [system.Module] - 2015-02-15 21:52:57 --> Loading "Output" application component
[DEBUG] [application] - 2015-02-15 21:52:57 --> Config file loaded: /Users/geet/www/fly/framework/application/config/mimes.php
[DEBUG] [application] - 2015-02-15 21:52:57 --> Output Class Initialized
[DEBUG] [system.Module] - 2015-02-15 21:52:57 --> Loading "HttpRequest" application component
[DEBUG] [application] - 2015-02-15 21:52:57 --> HttpRequest Class Initialized
[DEBUG] [system.Module] - 2015-02-15 21:52:57 --> Loading "Security" application component
[DEBUG] [application] - 2015-02-15 21:52:57 --> Security Class Initialized
[DEBUG] [application] - 2015-02-15 21:52:57 --> XSS Filtering completed
[DEBUG] [application] - 2015-02-15 21:52:57 --> XSS Filtering completed
[DEBUG] [application] - 2015-02-15 21:52:57 --> Global POST and COOKIE data sanitized
[DEBUG] [system.Module] - 2015-02-15 21:52:57 --> Loading "Router" application component
[DEBUG] [system.Module] - 2015-02-15 21:52:57 --> Loading "Uri" application component
[DEBUG] [application] - 2015-02-15 21:52:57 --> URI Class Initialized
[DEBUG] [application] - 2015-02-15 21:52:57 --> Router Class Initialized
[DEBUG] [application] - 2015-02-15 21:52:57 --> Config file loaded: /Users/geet/www/fly/framework/application/config/routes.php
[DEBUG] [system.Module] - 2015-02-15 21:52:57 --> Loading "Validator" application component
[DEBUG] [application] - 2015-02-15 21:52:57 --> Form Validation Class Initialized
[DEBUG] [system.Module] - 2015-02-15 21:52:57 --> Loading "DB" application component
[DEBUG] [application] - 2015-02-15 21:53:44 --> Application Class Initialized
[DEBUG] [system.Module] - 2015-02-15 21:53:44 --> Loading "Log" application component
[DEBUG] [system.Module] - 2015-02-15 21:53:44 --> Loading "Utf8" application component
[DEBUG] [application] - 2015-02-15 21:53:44 --> Utf8 Class Initialized
[DEBUG] [application] - 2015-02-15 21:53:44 --> UTF-8 Support Enabled
[DEBUG] [system.Module] - 2015-02-15 21:53:44 --> Loading "Hooks" application component
[DEBUG] [application] - 2015-02-15 21:53:44 --> Hooks Class Initialized
[DEBUG] [system.Module] - 2015-02-15 21:53:44 --> Loading "Output" application component
[DEBUG] [application] - 2015-02-15 21:53:44 --> Config file loaded: /Users/geet/www/fly/framework/application/config/mimes.php
[DEBUG] [application] - 2015-02-15 21:53:44 --> Output Class Initialized
[DEBUG] [system.Module] - 2015-02-15 21:53:44 --> Loading "HttpRequest" application component
[DEBUG] [application] - 2015-02-15 21:53:44 --> HttpRequest Class Initialized
[DEBUG] [system.Module] - 2015-02-15 21:53:44 --> Loading "Security" application component
[DEBUG] [application] - 2015-02-15 21:53:44 --> Security Class Initialized
[DEBUG] [application] - 2015-02-15 21:53:44 --> XSS Filtering completed
[DEBUG] [application] - 2015-02-15 21:53:44 --> XSS Filtering completed
[DEBUG] [application] - 2015-02-15 21:53:44 --> Global POST and COOKIE data sanitized
[DEBUG] [system.Module] - 2015-02-15 21:53:44 --> Loading "Router" application component
[DEBUG] [system.Module] - 2015-02-15 21:53:44 --> Loading "Uri" application component
[DEBUG] [application] - 2015-02-15 21:53:44 --> URI Class Initialized
[DEBUG] [application] - 2015-02-15 21:53:44 --> Router Class Initialized
[DEBUG] [application] - 2015-02-15 21:53:44 --> Config file loaded: /Users/geet/www/fly/framework/application/config/routes.php
[DEBUG] [system.Module] - 2015-02-15 21:53:44 --> Loading "Validator" application component
[DEBUG] [application] - 2015-02-15 21:53:44 --> Form Validation Class Initialized
[DEBUG] [system.Module] - 2015-02-15 21:53:44 --> Loading "DB" application component
[DEBUG] [application] - 2015-02-15 21:53:48 --> Application Class Initialized
[DEBUG] [system.Module] - 2015-02-15 21:53:48 --> Loading "Log" application component
[DEBUG] [system.Module] - 2015-02-15 21:53:48 --> Loading "Utf8" application component
[DEBUG] [application] - 2015-02-15 21:53:48 --> Utf8 Class Initialized
[DEBUG] [application] - 2015-02-15 21:53:48 --> UTF-8 Support Enabled
[DEBUG] [system.Module] - 2015-02-15 21:53:48 --> Loading "Hooks" application component
[DEBUG] [application] - 2015-02-15 21:53:48 --> Hooks Class Initialized
[DEBUG] [system.Module] - 2015-02-15 21:53:48 --> Loading "Output" application component
[DEBUG] [application] - 2015-02-15 21:53:48 --> Config file loaded: /Users/geet/www/fly/framework/application/config/mimes.php
[DEBUG] [application] - 2015-02-15 21:53:48 --> Output Class Initialized
[DEBUG] [system.Module] - 2015-02-15 21:53:48 --> Loading "HttpRequest" application component
[DEBUG] [application] - 2015-02-15 21:53:48 --> HttpRequest Class Initialized
[DEBUG] [system.Module] - 2015-02-15 21:53:48 --> Loading "Security" application component
[DEBUG] [application] - 2015-02-15 21:53:48 --> Security Class Initialized
[DEBUG] [application] - 2015-02-15 21:53:48 --> XSS Filtering completed
[DEBUG] [application] - 2015-02-15 21:53:48 --> XSS Filtering completed
[DEBUG] [application] - 2015-02-15 21:53:48 --> Global POST and COOKIE data sanitized
[DEBUG] [system.Module] - 2015-02-15 21:53:48 --> Loading "Router" application component
[DEBUG] [system.Module] - 2015-02-15 21:53:48 --> Loading "Uri" application component
[DEBUG] [application] - 2015-02-15 21:53:48 --> URI Class Initialized
[DEBUG] [application] - 2015-02-15 21:53:48 --> Router Class Initialized
[DEBUG] [application] - 2015-02-15 21:53:48 --> Config file loaded: /Users/geet/www/fly/framework/application/config/routes.php
[DEBUG] [system.Module] - 2015-02-15 21:53:48 --> Loading "Validator" application component
[DEBUG] [application] - 2015-02-15 21:53:48 --> Form Validation Class Initialized
[DEBUG] [system.Module] - 2015-02-15 21:53:48 --> Loading "DB" application component
