[DEBUG] [application] - 2014-11-20 09:32:31 --> Application Class Initialized
[DEBUG] [application] - 2014-11-20 09:32:31 --> Utf8 Class Initialized
[DEBUG] [application] - 2014-11-20 09:32:31 --> UTF-8 Support Enabled
[DEBUG] [application] - 2014-11-20 09:32:31 --> Hooks Class Initialized
[DEBUG] [application] - 2014-11-20 09:32:31 --> URI Class Initialized
[DEBUG] [application] - 2014-11-20 09:32:31 --> Router Class Initialized
[DEBUG] [application] - 2014-11-20 09:32:31 --> Config file loaded: /Users/geet/www/fly/framework/application/config/routes.php
[ERROR] [application] - 2014-11-20 09:32:31 --> 404 Page Not Found --> welcome
[DEBUG] [application] - 2014-11-20 11:15:48 --> Application Class Initialized
[DEBUG] [application] - 2014-11-20 11:15:48 --> Utf8 Class Initialized
[DEBUG] [application] - 2014-11-20 11:15:48 --> UTF-8 Support Enabled
[DEBUG] [application] - 2014-11-20 11:15:48 --> Hooks Class Initialized
[DEBUG] [application] - 2014-11-20 11:15:51 --> Application Class Initialized
[DEBUG] [application] - 2014-11-20 11:15:51 --> Utf8 Class Initialized
[DEBUG] [application] - 2014-11-20 11:15:51 --> UTF-8 Support Enabled
[DEBUG] [application] - 2014-11-20 11:15:51 --> Hooks Class Initialized
[DEBUG] [application] - 2014-11-20 11:16:05 --> Application Class Initialized
[DEBUG] [application] - 2014-11-20 11:16:05 --> Utf8 Class Initialized
[DEBUG] [application] - 2014-11-20 11:16:05 --> UTF-8 Support Enabled
[DEBUG] [application] - 2014-11-20 11:16:05 --> Hooks Class Initialized
[DEBUG] [application] - 2014-11-20 11:16:05 --> URI Class Initialized
[DEBUG] [application] - 2014-11-20 11:16:05 --> Router Class Initialized
[DEBUG] [application] - 2014-11-20 11:16:05 --> Config file loaded: /Users/geet/www/fly/framework/application/config/routes.php
[ERROR] [application] - 2014-11-20 11:16:05 --> 404 Page Not Found --> welcome
[DEBUG] [application] - 2014-11-20 11:16:09 --> Application Class Initialized
[DEBUG] [application] - 2014-11-20 11:16:09 --> Utf8 Class Initialized
[DEBUG] [application] - 2014-11-20 11:16:09 --> UTF-8 Support Enabled
[DEBUG] [application] - 2014-11-20 11:16:09 --> Hooks Class Initialized
[DEBUG] [application] - 2014-11-20 11:16:09 --> URI Class Initialized
[DEBUG] [application] - 2014-11-20 11:16:09 --> Router Class Initialized
[DEBUG] [application] - 2014-11-20 11:16:09 --> Config file loaded: /Users/geet/www/fly/framework/application/config/routes.php
[DEBUG] [application] - 2014-11-20 11:16:11 --> Application Class Initialized
[DEBUG] [application] - 2014-11-20 11:16:11 --> Utf8 Class Initialized
[DEBUG] [application] - 2014-11-20 11:16:11 --> UTF-8 Support Enabled
[DEBUG] [application] - 2014-11-20 11:16:11 --> Hooks Class Initialized
[DEBUG] [application] - 2014-11-20 11:16:11 --> URI Class Initialized
[DEBUG] [application] - 2014-11-20 11:16:11 --> Router Class Initialized
[DEBUG] [application] - 2014-11-20 11:16:11 --> Config file loaded: /Users/geet/www/fly/framework/application/config/routes.php
[DEBUG] [application] - 2014-11-20 11:48:01 --> Application Class Initialized
[DEBUG] [application] - 2014-11-20 11:48:01 --> Utf8 Class Initialized
[DEBUG] [application] - 2014-11-20 11:48:01 --> UTF-8 Support Enabled
[DEBUG] [application] - 2014-11-20 11:48:01 --> Hooks Class Initialized
[DEBUG] [application] - 2014-11-20 11:48:01 --> URI Class Initialized
[DEBUG] [application] - 2014-11-20 11:48:01 --> Router Class Initialized
[DEBUG] [application] - 2014-11-20 11:48:01 --> Config file loaded: /Users/geet/www/fly/framework/application/config/routes.php
[DEBUG] [application] - 2014-11-20 13:23:07 --> Application Class Initialized
[DEBUG] [application] - 2014-11-20 13:23:07 --> Utf8 Class Initialized
[DEBUG] [application] - 2014-11-20 13:23:07 --> UTF-8 Support Enabled
[DEBUG] [application] - 2014-11-20 13:23:07 --> Hooks Class Initialized
[DEBUG] [application] - 2014-11-20 13:23:07 --> URI Class Initialized
[DEBUG] [application] - 2014-11-20 13:23:07 --> Router Class Initialized
[DEBUG] [application] - 2014-11-20 13:23:07 --> Config file loaded: /Users/geet/www/fly/framework/application/config/routes.php
[DEBUG] [application] - 2014-11-20 13:23:09 --> Application Class Initialized
[DEBUG] [application] - 2014-11-20 13:23:09 --> Utf8 Class Initialized
[DEBUG] [application] - 2014-11-20 13:23:09 --> UTF-8 Support Enabled
[DEBUG] [application] - 2014-11-20 13:23:09 --> Hooks Class Initialized
[DEBUG] [application] - 2014-11-20 13:23:09 --> URI Class Initialized
[DEBUG] [application] - 2014-11-20 13:23:09 --> Router Class Initialized
[DEBUG] [application] - 2014-11-20 13:23:09 --> Config file loaded: /Users/geet/www/fly/framework/application/config/routes.php
[DEBUG] [application] - 2014-11-20 13:23:10 --> Application Class Initialized
[DEBUG] [application] - 2014-11-20 13:23:10 --> Utf8 Class Initialized
[DEBUG] [application] - 2014-11-20 13:23:10 --> UTF-8 Support Enabled
[DEBUG] [application] - 2014-11-20 13:23:10 --> Hooks Class Initialized
[DEBUG] [application] - 2014-11-20 13:23:10 --> URI Class Initialized
[DEBUG] [application] - 2014-11-20 13:23:10 --> Router Class Initialized
[DEBUG] [application] - 2014-11-20 13:23:10 --> Config file loaded: /Users/geet/www/fly/framework/application/config/routes.php
[DEBUG] [application] - 2014-11-20 13:23:12 --> Application Class Initialized
[DEBUG] [application] - 2014-11-20 13:23:12 --> Utf8 Class Initialized
[DEBUG] [application] - 2014-11-20 13:23:12 --> UTF-8 Support Enabled
[DEBUG] [application] - 2014-11-20 13:23:12 --> Hooks Class Initialized
[DEBUG] [application] - 2014-11-20 13:23:12 --> URI Class Initialized
[DEBUG] [application] - 2014-11-20 13:23:12 --> Router Class Initialized
[DEBUG] [application] - 2014-11-20 13:23:12 --> Config file loaded: /Users/geet/www/fly/framework/application/config/routes.php
[DEBUG] [application] - 2014-11-20 13:23:16 --> Application Class Initialized
[DEBUG] [application] - 2014-11-20 13:23:16 --> Utf8 Class Initialized
[DEBUG] [application] - 2014-11-20 13:23:16 --> UTF-8 Support Enabled
[DEBUG] [application] - 2014-11-20 13:23:16 --> Hooks Class Initialized
[DEBUG] [application] - 2014-11-20 13:23:16 --> URI Class Initialized
[DEBUG] [application] - 2014-11-20 13:23:16 --> Router Class Initialized
[DEBUG] [application] - 2014-11-20 13:23:16 --> Config file loaded: /Users/geet/www/fly/framework/application/config/routes.php
[DEBUG] [application] - 2014-11-20 13:23:39 --> Application Class Initialized
[DEBUG] [application] - 2014-11-20 13:23:39 --> Utf8 Class Initialized
[DEBUG] [application] - 2014-11-20 13:23:39 --> UTF-8 Support Enabled
[DEBUG] [application] - 2014-11-20 13:23:39 --> Hooks Class Initialized
[DEBUG] [application] - 2014-11-20 13:23:39 --> URI Class Initialized
[DEBUG] [application] - 2014-11-20 13:23:39 --> Router Class Initialized
[DEBUG] [application] - 2014-11-20 13:23:39 --> Config file loaded: /Users/geet/www/fly/framework/application/config/routes.php
[DEBUG] [application] - 2014-11-20 14:32:07 --> Application Class Initialized
[DEBUG] [application] - 2014-11-20 14:32:07 --> Utf8 Class Initialized
[DEBUG] [application] - 2014-11-20 14:32:07 --> UTF-8 Support Enabled
[DEBUG] [application] - 2014-11-20 14:32:07 --> Hooks Class Initialized
[DEBUG] [application] - 2014-11-20 14:32:07 --> URI Class Initialized
[DEBUG] [application] - 2014-11-20 14:32:07 --> Router Class Initialized
[DEBUG] [application] - 2014-11-20 14:32:07 --> Config file loaded: /Users/geet/www/fly/framework/application/config/routes.php
