[ERROR] [application] - 2014-11-17 03:18:13 --> Severity: Warning  --> date(): It is not safe to rely on the system's timezone settings. You are *required* to use the date.timezone setting or the date_default_timezone_set() function. In case you used any of those methods and you are still getting this warning, you most likely misspelled the timezone identifier. We selected the timezone 'UTC' for now, but please set date.timezone to select your timezone. /Users/geet/www/fly/framework/system/core/Log.php 83
[ERROR] [application] - 2014-11-17 03:18:13 --> Severity: Warning  --> date(): It is not safe to rely on the system's timezone settings. You are *required* to use the date.timezone setting or the date_default_timezone_set() function. In case you used any of those methods and you are still getting this warning, you most likely misspelled the timezone identifier. We selected the timezone 'UTC' for now, but please set date.timezone to select your timezone. /Users/geet/www/fly/framework/system/core/Log.php 90
[DEBUG] [application] - 2014-11-17 03:18:13 --> Application Class Initialized
[ERROR] [application] - 2014-11-17 03:18:13 --> Severity: Warning  --> date(): It is not safe to rely on the system's timezone settings. You are *required* to use the date.timezone setting or the date_default_timezone_set() function. In case you used any of those methods and you are still getting this warning, you most likely misspelled the timezone identifier. We selected the timezone 'UTC' for now, but please set date.timezone to select your timezone. /Users/geet/www/fly/framework/system/core/Log.php 83
[ERROR] [application] - 2014-11-17 03:18:13 --> Severity: Warning  --> date(): It is not safe to rely on the system's timezone settings. You are *required* to use the date.timezone setting or the date_default_timezone_set() function. In case you used any of those methods and you are still getting this warning, you most likely misspelled the timezone identifier. We selected the timezone 'UTC' for now, but please set date.timezone to select your timezone. /Users/geet/www/fly/framework/system/core/Log.php 90
[DEBUG] [application] - 2014-11-17 03:18:13 --> Utf8 Class Initialized
[ERROR] [application] - 2014-11-17 03:18:13 --> Severity: Warning  --> date(): It is not safe to rely on the system's timezone settings. You are *required* to use the date.timezone setting or the date_default_timezone_set() function. In case you used any of those methods and you are still getting this warning, you most likely misspelled the timezone identifier. We selected the timezone 'UTC' for now, but please set date.timezone to select your timezone. /Users/geet/www/fly/framework/system/core/Log.php 83
[ERROR] [application] - 2014-11-17 03:18:13 --> Severity: Warning  --> date(): It is not safe to rely on the system's timezone settings. You are *required* to use the date.timezone setting or the date_default_timezone_set() function. In case you used any of those methods and you are still getting this warning, you most likely misspelled the timezone identifier. We selected the timezone 'UTC' for now, but please set date.timezone to select your timezone. /Users/geet/www/fly/framework/system/core/Log.php 90
[DEBUG] [application] - 2014-11-17 03:18:13 --> UTF-8 Support Enabled
[ERROR] [application] - 2014-11-17 03:18:13 --> Severity: Warning  --> date(): It is not safe to rely on the system's timezone settings. You are *required* to use the date.timezone setting or the date_default_timezone_set() function. In case you used any of those methods and you are still getting this warning, you most likely misspelled the timezone identifier. We selected the timezone 'UTC' for now, but please set date.timezone to select your timezone. /Users/geet/www/fly/framework/system/core/Log.php 83
[ERROR] [application] - 2014-11-17 03:18:13 --> Severity: Warning  --> date(): It is not safe to rely on the system's timezone settings. You are *required* to use the date.timezone setting or the date_default_timezone_set() function. In case you used any of those methods and you are still getting this warning, you most likely misspelled the timezone identifier. We selected the timezone 'UTC' for now, but please set date.timezone to select your timezone. /Users/geet/www/fly/framework/system/core/Log.php 90
[DEBUG] [application] - 2014-11-17 03:18:13 --> Hooks Class Initialized
[ERROR] [application] - 2014-11-17 03:18:13 --> Severity: Warning  --> date(): It is not safe to rely on the system's timezone settings. You are *required* to use the date.timezone setting or the date_default_timezone_set() function. In case you used any of those methods and you are still getting this warning, you most likely misspelled the timezone identifier. We selected the timezone 'UTC' for now, but please set date.timezone to select your timezone. /Users/geet/www/fly/framework/system/core/Log.php 83
[ERROR] [application] - 2014-11-17 03:18:13 --> Severity: Warning  --> date(): It is not safe to rely on the system's timezone settings. You are *required* to use the date.timezone setting or the date_default_timezone_set() function. In case you used any of those methods and you are still getting this warning, you most likely misspelled the timezone identifier. We selected the timezone 'UTC' for now, but please set date.timezone to select your timezone. /Users/geet/www/fly/framework/system/core/Log.php 90
[DEBUG] [application] - 2014-11-17 03:18:13 --> Config file loaded: /Users/geet/www/fly/framework/application/config/mimes.php
[ERROR] [application] - 2014-11-17 03:18:13 --> Severity: Warning  --> date(): It is not safe to rely on the system's timezone settings. You are *required* to use the date.timezone setting or the date_default_timezone_set() function. In case you used any of those methods and you are still getting this warning, you most likely misspelled the timezone identifier. We selected the timezone 'UTC' for now, but please set date.timezone to select your timezone. /Users/geet/www/fly/framework/system/core/Log.php 83
[ERROR] [application] - 2014-11-17 03:18:13 --> Severity: Warning  --> date(): It is not safe to rely on the system's timezone settings. You are *required* to use the date.timezone setting or the date_default_timezone_set() function. In case you used any of those methods and you are still getting this warning, you most likely misspelled the timezone identifier. We selected the timezone 'UTC' for now, but please set date.timezone to select your timezone. /Users/geet/www/fly/framework/system/core/Log.php 90
[DEBUG] [application] - 2014-11-17 03:18:13 --> Output Class Initialized
[DEBUG] [application] - 2014-11-17 11:37:09 --> Application Class Initialized
[DEBUG] [application] - 2014-11-17 11:37:09 --> Utf8 Class Initialized
[DEBUG] [application] - 2014-11-17 11:37:09 --> UTF-8 Support Enabled
[DEBUG] [application] - 2014-11-17 11:37:09 --> Hooks Class Initialized
[DEBUG] [application] - 2014-11-17 11:37:09 --> Config file loaded: /Users/geet/www/fly/framework/application/config/mimes.php
[DEBUG] [application] - 2014-11-17 11:37:09 --> Output Class Initialized
[ERROR] [application] - 2014-11-17 03:37:25 --> Severity: Warning  --> date(): It is not safe to rely on the system's timezone settings. You are *required* to use the date.timezone setting or the date_default_timezone_set() function. In case you used any of those methods and you are still getting this warning, you most likely misspelled the timezone identifier. We selected the timezone 'UTC' for now, but please set date.timezone to select your timezone. /Users/geet/www/fly/framework/system/core/Log.php 83
[ERROR] [application] - 2014-11-17 03:37:25 --> Severity: Warning  --> date(): It is not safe to rely on the system's timezone settings. You are *required* to use the date.timezone setting or the date_default_timezone_set() function. In case you used any of those methods and you are still getting this warning, you most likely misspelled the timezone identifier. We selected the timezone 'UTC' for now, but please set date.timezone to select your timezone. /Users/geet/www/fly/framework/system/core/Log.php 90
[DEBUG] [application] - 2014-11-17 03:37:25 --> Application Class Initialized
[ERROR] [application] - 2014-11-17 03:37:25 --> Severity: Warning  --> date(): It is not safe to rely on the system's timezone settings. You are *required* to use the date.timezone setting or the date_default_timezone_set() function. In case you used any of those methods and you are still getting this warning, you most likely misspelled the timezone identifier. We selected the timezone 'UTC' for now, but please set date.timezone to select your timezone. /Users/geet/www/fly/framework/system/core/Log.php 83
[ERROR] [application] - 2014-11-17 03:37:25 --> Severity: Warning  --> date(): It is not safe to rely on the system's timezone settings. You are *required* to use the date.timezone setting or the date_default_timezone_set() function. In case you used any of those methods and you are still getting this warning, you most likely misspelled the timezone identifier. We selected the timezone 'UTC' for now, but please set date.timezone to select your timezone. /Users/geet/www/fly/framework/system/core/Log.php 90
[DEBUG] [application] - 2014-11-17 03:37:25 --> Utf8 Class Initialized
[ERROR] [application] - 2014-11-17 03:37:25 --> Severity: Warning  --> date(): It is not safe to rely on the system's timezone settings. You are *required* to use the date.timezone setting or the date_default_timezone_set() function. In case you used any of those methods and you are still getting this warning, you most likely misspelled the timezone identifier. We selected the timezone 'UTC' for now, but please set date.timezone to select your timezone. /Users/geet/www/fly/framework/system/core/Log.php 83
[ERROR] [application] - 2014-11-17 03:37:25 --> Severity: Warning  --> date(): It is not safe to rely on the system's timezone settings. You are *required* to use the date.timezone setting or the date_default_timezone_set() function. In case you used any of those methods and you are still getting this warning, you most likely misspelled the timezone identifier. We selected the timezone 'UTC' for now, but please set date.timezone to select your timezone. /Users/geet/www/fly/framework/system/core/Log.php 90
[DEBUG] [application] - 2014-11-17 03:37:25 --> UTF-8 Support Enabled
[ERROR] [application] - 2014-11-17 03:37:25 --> Severity: Warning  --> date(): It is not safe to rely on the system's timezone settings. You are *required* to use the date.timezone setting or the date_default_timezone_set() function. In case you used any of those methods and you are still getting this warning, you most likely misspelled the timezone identifier. We selected the timezone 'UTC' for now, but please set date.timezone to select your timezone. /Users/geet/www/fly/framework/system/core/Log.php 83
[ERROR] [application] - 2014-11-17 03:37:25 --> Severity: Warning  --> date(): It is not safe to rely on the system's timezone settings. You are *required* to use the date.timezone setting or the date_default_timezone_set() function. In case you used any of those methods and you are still getting this warning, you most likely misspelled the timezone identifier. We selected the timezone 'UTC' for now, but please set date.timezone to select your timezone. /Users/geet/www/fly/framework/system/core/Log.php 90
[DEBUG] [application] - 2014-11-17 03:37:25 --> Hooks Class Initialized
[ERROR] [application] - 2014-11-17 03:37:25 --> Severity: Warning  --> date(): It is not safe to rely on the system's timezone settings. You are *required* to use the date.timezone setting or the date_default_timezone_set() function. In case you used any of those methods and you are still getting this warning, you most likely misspelled the timezone identifier. We selected the timezone 'UTC' for now, but please set date.timezone to select your timezone. /Users/geet/www/fly/framework/system/core/Log.php 83
[ERROR] [application] - 2014-11-17 03:37:25 --> Severity: Warning  --> date(): It is not safe to rely on the system's timezone settings. You are *required* to use the date.timezone setting or the date_default_timezone_set() function. In case you used any of those methods and you are still getting this warning, you most likely misspelled the timezone identifier. We selected the timezone 'UTC' for now, but please set date.timezone to select your timezone. /Users/geet/www/fly/framework/system/core/Log.php 90
[DEBUG] [application] - 2014-11-17 03:37:25 --> Config file loaded: /Users/geet/www/fly/framework/application/config/mimes.php
[ERROR] [application] - 2014-11-17 03:37:25 --> Severity: Warning  --> date(): It is not safe to rely on the system's timezone settings. You are *required* to use the date.timezone setting or the date_default_timezone_set() function. In case you used any of those methods and you are still getting this warning, you most likely misspelled the timezone identifier. We selected the timezone 'UTC' for now, but please set date.timezone to select your timezone. /Users/geet/www/fly/framework/system/core/Log.php 83
[ERROR] [application] - 2014-11-17 03:37:25 --> Severity: Warning  --> date(): It is not safe to rely on the system's timezone settings. You are *required* to use the date.timezone setting or the date_default_timezone_set() function. In case you used any of those methods and you are still getting this warning, you most likely misspelled the timezone identifier. We selected the timezone 'UTC' for now, but please set date.timezone to select your timezone. /Users/geet/www/fly/framework/system/core/Log.php 90
[DEBUG] [application] - 2014-11-17 03:37:25 --> Output Class Initialized
[DEBUG] [application] - 2014-11-17 11:38:02 --> Application Class Initialized
[DEBUG] [application] - 2014-11-17 11:38:02 --> Utf8 Class Initialized
[DEBUG] [application] - 2014-11-17 11:38:02 --> UTF-8 Support Enabled
[DEBUG] [application] - 2014-11-17 11:38:02 --> Hooks Class Initialized
[DEBUG] [application] - 2014-11-17 11:38:02 --> Config file loaded: /Users/geet/www/fly/framework/application/config/mimes.php
[DEBUG] [application] - 2014-11-17 11:38:02 --> Output Class Initialized
[DEBUG] [application] - 2014-11-17 11:38:37 --> Application Class Initialized
[DEBUG] [application] - 2014-11-17 11:38:37 --> Utf8 Class Initialized
[DEBUG] [application] - 2014-11-17 11:38:37 --> UTF-8 Support Enabled
[DEBUG] [application] - 2014-11-17 11:38:37 --> Hooks Class Initialized
[DEBUG] [application] - 2014-11-17 11:38:37 --> URI Class Initialized
[DEBUG] [application] - 2014-11-17 11:38:37 --> Router Class Initialized
[DEBUG] [application] - 2014-11-17 11:39:06 --> Application Class Initialized
[DEBUG] [application] - 2014-11-17 11:39:06 --> Utf8 Class Initialized
[DEBUG] [application] - 2014-11-17 11:39:06 --> UTF-8 Support Enabled
[DEBUG] [application] - 2014-11-17 11:39:06 --> Hooks Class Initialized
[DEBUG] [application] - 2014-11-17 11:39:06 --> URI Class Initialized
[DEBUG] [application] - 2014-11-17 11:39:06 --> Router Class Initialized
[DEBUG] [application] - 2014-11-17 11:39:29 --> Application Class Initialized
[DEBUG] [application] - 2014-11-17 11:39:29 --> Utf8 Class Initialized
[DEBUG] [application] - 2014-11-17 11:39:29 --> UTF-8 Support Enabled
[DEBUG] [application] - 2014-11-17 11:39:29 --> Hooks Class Initialized
[DEBUG] [application] - 2014-11-17 11:39:29 --> URI Class Initialized
[DEBUG] [application] - 2014-11-17 11:39:29 --> Router Class Initialized
[DEBUG] [application] - 2014-11-17 11:39:31 --> Application Class Initialized
[DEBUG] [application] - 2014-11-17 11:39:31 --> Utf8 Class Initialized
[DEBUG] [application] - 2014-11-17 11:39:31 --> UTF-8 Support Enabled
[DEBUG] [application] - 2014-11-17 11:39:31 --> Hooks Class Initialized
[DEBUG] [application] - 2014-11-17 11:39:31 --> URI Class Initialized
[DEBUG] [application] - 2014-11-17 11:39:31 --> Router Class Initialized
[DEBUG] [application] - 2014-11-17 11:39:33 --> Application Class Initialized
[DEBUG] [application] - 2014-11-17 11:39:33 --> Utf8 Class Initialized
[DEBUG] [application] - 2014-11-17 11:39:33 --> UTF-8 Support Enabled
[DEBUG] [application] - 2014-11-17 11:39:33 --> Hooks Class Initialized
[DEBUG] [application] - 2014-11-17 11:39:33 --> URI Class Initialized
[DEBUG] [application] - 2014-11-17 11:39:33 --> Router Class Initialized
[DEBUG] [application] - 2014-11-17 11:39:42 --> Application Class Initialized
[DEBUG] [application] - 2014-11-17 11:39:42 --> Utf8 Class Initialized
[DEBUG] [application] - 2014-11-17 11:39:42 --> UTF-8 Support Enabled
[DEBUG] [application] - 2014-11-17 11:39:42 --> Hooks Class Initialized
[DEBUG] [application] - 2014-11-17 11:39:42 --> URI Class Initialized
[DEBUG] [application] - 2014-11-17 11:39:42 --> Router Class Initialized
[DEBUG] [application] - 2014-11-17 11:41:44 --> Application Class Initialized
[DEBUG] [application] - 2014-11-17 11:41:44 --> Utf8 Class Initialized
[DEBUG] [application] - 2014-11-17 11:41:44 --> UTF-8 Support Enabled
[DEBUG] [application] - 2014-11-17 11:41:44 --> Hooks Class Initialized
[DEBUG] [application] - 2014-11-17 11:41:44 --> URI Class Initialized
[DEBUG] [application] - 2014-11-17 11:41:44 --> Router Class Initialized
[ERROR] [application] - 2014-11-17 03:54:03 --> Severity: Warning  --> date(): It is not safe to rely on the system's timezone settings. You are *required* to use the date.timezone setting or the date_default_timezone_set() function. In case you used any of those methods and you are still getting this warning, you most likely misspelled the timezone identifier. We selected the timezone 'UTC' for now, but please set date.timezone to select your timezone. /Users/geet/www/fly/framework/system/core/Log.php 83
[ERROR] [application] - 2014-11-17 03:54:03 --> Severity: Warning  --> date(): It is not safe to rely on the system's timezone settings. You are *required* to use the date.timezone setting or the date_default_timezone_set() function. In case you used any of those methods and you are still getting this warning, you most likely misspelled the timezone identifier. We selected the timezone 'UTC' for now, but please set date.timezone to select your timezone. /Users/geet/www/fly/framework/system/core/Log.php 90
[DEBUG] [application] - 2014-11-17 03:54:03 --> Application Class Initialized
[ERROR] [application] - 2014-11-17 03:54:03 --> Severity: Warning  --> date(): It is not safe to rely on the system's timezone settings. You are *required* to use the date.timezone setting or the date_default_timezone_set() function. In case you used any of those methods and you are still getting this warning, you most likely misspelled the timezone identifier. We selected the timezone 'UTC' for now, but please set date.timezone to select your timezone. /Users/geet/www/fly/framework/system/core/Log.php 83
[ERROR] [application] - 2014-11-17 03:54:03 --> Severity: Warning  --> date(): It is not safe to rely on the system's timezone settings. You are *required* to use the date.timezone setting or the date_default_timezone_set() function. In case you used any of those methods and you are still getting this warning, you most likely misspelled the timezone identifier. We selected the timezone 'UTC' for now, but please set date.timezone to select your timezone. /Users/geet/www/fly/framework/system/core/Log.php 90
[DEBUG] [application] - 2014-11-17 03:54:03 --> Utf8 Class Initialized
[ERROR] [application] - 2014-11-17 03:54:03 --> Severity: Warning  --> date(): It is not safe to rely on the system's timezone settings. You are *required* to use the date.timezone setting or the date_default_timezone_set() function. In case you used any of those methods and you are still getting this warning, you most likely misspelled the timezone identifier. We selected the timezone 'UTC' for now, but please set date.timezone to select your timezone. /Users/geet/www/fly/framework/system/core/Log.php 83
[ERROR] [application] - 2014-11-17 03:54:03 --> Severity: Warning  --> date(): It is not safe to rely on the system's timezone settings. You are *required* to use the date.timezone setting or the date_default_timezone_set() function. In case you used any of those methods and you are still getting this warning, you most likely misspelled the timezone identifier. We selected the timezone 'UTC' for now, but please set date.timezone to select your timezone. /Users/geet/www/fly/framework/system/core/Log.php 90
[DEBUG] [application] - 2014-11-17 03:54:03 --> UTF-8 Support Enabled
[ERROR] [application] - 2014-11-17 03:54:03 --> Severity: Warning  --> date(): It is not safe to rely on the system's timezone settings. You are *required* to use the date.timezone setting or the date_default_timezone_set() function. In case you used any of those methods and you are still getting this warning, you most likely misspelled the timezone identifier. We selected the timezone 'UTC' for now, but please set date.timezone to select your timezone. /Users/geet/www/fly/framework/system/core/Log.php 83
[ERROR] [application] - 2014-11-17 03:54:03 --> Severity: Warning  --> date(): It is not safe to rely on the system's timezone settings. You are *required* to use the date.timezone setting or the date_default_timezone_set() function. In case you used any of those methods and you are still getting this warning, you most likely misspelled the timezone identifier. We selected the timezone 'UTC' for now, but please set date.timezone to select your timezone. /Users/geet/www/fly/framework/system/core/Log.php 90
[DEBUG] [application] - 2014-11-17 03:54:03 --> Hooks Class Initialized
[ERROR] [application] - 2014-11-17 03:54:03 --> Severity: Warning  --> date(): It is not safe to rely on the system's timezone settings. You are *required* to use the date.timezone setting or the date_default_timezone_set() function. In case you used any of those methods and you are still getting this warning, you most likely misspelled the timezone identifier. We selected the timezone 'UTC' for now, but please set date.timezone to select your timezone. /Users/geet/www/fly/framework/system/core/Log.php 83
[ERROR] [application] - 2014-11-17 03:54:03 --> Severity: Warning  --> date(): It is not safe to rely on the system's timezone settings. You are *required* to use the date.timezone setting or the date_default_timezone_set() function. In case you used any of those methods and you are still getting this warning, you most likely misspelled the timezone identifier. We selected the timezone 'UTC' for now, but please set date.timezone to select your timezone. /Users/geet/www/fly/framework/system/core/Log.php 90
[DEBUG] [application] - 2014-11-17 03:54:03 --> URI Class Initialized
[ERROR] [application] - 2014-11-17 03:54:03 --> Severity: Warning  --> date(): It is not safe to rely on the system's timezone settings. You are *required* to use the date.timezone setting or the date_default_timezone_set() function. In case you used any of those methods and you are still getting this warning, you most likely misspelled the timezone identifier. We selected the timezone 'UTC' for now, but please set date.timezone to select your timezone. /Users/geet/www/fly/framework/system/core/Log.php 83
[ERROR] [application] - 2014-11-17 03:54:03 --> Severity: Warning  --> date(): It is not safe to rely on the system's timezone settings. You are *required* to use the date.timezone setting or the date_default_timezone_set() function. In case you used any of those methods and you are still getting this warning, you most likely misspelled the timezone identifier. We selected the timezone 'UTC' for now, but please set date.timezone to select your timezone. /Users/geet/www/fly/framework/system/core/Log.php 90
[DEBUG] [application] - 2014-11-17 03:54:03 --> Router Class Initialized
[DEBUG] [application] - 2014-11-17 13:41:32 --> Application Class Initialized
[DEBUG] [application] - 2014-11-17 13:41:32 --> Utf8 Class Initialized
[DEBUG] [application] - 2014-11-17 13:41:32 --> UTF-8 Support Enabled
[DEBUG] [application] - 2014-11-17 13:41:32 --> Hooks Class Initialized
[DEBUG] [application] - 2014-11-17 13:41:32 --> URI Class Initialized
[DEBUG] [application] - 2014-11-17 13:41:32 --> Router Class Initialized
[DEBUG] [application] - 2014-11-17 13:48:24 --> Application Class Initialized
[DEBUG] [application] - 2014-11-17 13:48:24 --> Utf8 Class Initialized
[DEBUG] [application] - 2014-11-17 13:48:24 --> UTF-8 Support Enabled
[DEBUG] [application] - 2014-11-17 13:48:24 --> Hooks Class Initialized
[DEBUG] [application] - 2014-11-17 13:48:24 --> URI Class Initialized
[DEBUG] [application] - 2014-11-17 13:48:24 --> Router Class Initialized
[DEBUG] [application] - 2014-11-17 13:48:26 --> Application Class Initialized
[DEBUG] [application] - 2014-11-17 13:48:26 --> Utf8 Class Initialized
[DEBUG] [application] - 2014-11-17 13:48:26 --> UTF-8 Support Enabled
[DEBUG] [application] - 2014-11-17 13:48:26 --> Hooks Class Initialized
[DEBUG] [application] - 2014-11-17 13:48:26 --> URI Class Initialized
[DEBUG] [application] - 2014-11-17 13:48:26 --> Router Class Initialized
[DEBUG] [application] - 2014-11-17 13:49:04 --> Application Class Initialized
[DEBUG] [application] - 2014-11-17 13:49:04 --> Utf8 Class Initialized
[DEBUG] [application] - 2014-11-17 13:49:04 --> UTF-8 Support Enabled
[DEBUG] [application] - 2014-11-17 13:49:04 --> Hooks Class Initialized
[DEBUG] [application] - 2014-11-17 13:49:04 --> URI Class Initialized
[DEBUG] [application] - 2014-11-17 13:49:04 --> Router Class Initialized
[DEBUG] [application] - 2014-11-17 13:49:09 --> Application Class Initialized
[DEBUG] [application] - 2014-11-17 13:49:09 --> Utf8 Class Initialized
[DEBUG] [application] - 2014-11-17 13:49:09 --> UTF-8 Support Enabled
[DEBUG] [application] - 2014-11-17 13:49:09 --> Hooks Class Initialized
[DEBUG] [application] - 2014-11-17 13:49:09 --> URI Class Initialized
[DEBUG] [application] - 2014-11-17 13:49:09 --> Router Class Initialized
[ERROR] [application] - 2014-11-17 13:49:09 --> 404 Page Not Found --> IndexController/testAction
[DEBUG] [application] - 2014-11-17 13:49:12 --> Application Class Initialized
[DEBUG] [application] - 2014-11-17 13:49:12 --> Utf8 Class Initialized
[DEBUG] [application] - 2014-11-17 13:49:12 --> UTF-8 Support Enabled
[DEBUG] [application] - 2014-11-17 13:49:12 --> Hooks Class Initialized
[DEBUG] [application] - 2014-11-17 13:49:12 --> URI Class Initialized
[DEBUG] [application] - 2014-11-17 13:49:12 --> Router Class Initialized
[ERROR] [application] - 2014-11-17 13:49:12 --> 404 Page Not Found --> IndexController/testAction
[DEBUG] [application] - 2014-11-17 13:49:13 --> Application Class Initialized
[DEBUG] [application] - 2014-11-17 13:49:13 --> Utf8 Class Initialized
[DEBUG] [application] - 2014-11-17 13:49:13 --> UTF-8 Support Enabled
[DEBUG] [application] - 2014-11-17 13:49:13 --> Hooks Class Initialized
[DEBUG] [application] - 2014-11-17 13:49:13 --> URI Class Initialized
[DEBUG] [application] - 2014-11-17 13:49:13 --> Router Class Initialized
[ERROR] [application] - 2014-11-17 13:49:13 --> 404 Page Not Found --> IndexController/testAction
[DEBUG] [application] - 2014-11-17 13:49:14 --> Application Class Initialized
[DEBUG] [application] - 2014-11-17 13:49:14 --> Utf8 Class Initialized
[DEBUG] [application] - 2014-11-17 13:49:14 --> UTF-8 Support Enabled
[DEBUG] [application] - 2014-11-17 13:49:14 --> Hooks Class Initialized
[DEBUG] [application] - 2014-11-17 13:49:14 --> URI Class Initialized
[DEBUG] [application] - 2014-11-17 13:49:14 --> Router Class Initialized
[ERROR] [application] - 2014-11-17 13:49:14 --> 404 Page Not Found --> IndexController/testAction
[DEBUG] [application] - 2014-11-17 13:49:35 --> Application Class Initialized
[DEBUG] [application] - 2014-11-17 13:49:35 --> Utf8 Class Initialized
[DEBUG] [application] - 2014-11-17 13:49:35 --> UTF-8 Support Enabled
[DEBUG] [application] - 2014-11-17 13:49:35 --> Hooks Class Initialized
[DEBUG] [application] - 2014-11-17 13:49:35 --> URI Class Initialized
[DEBUG] [application] - 2014-11-17 13:49:35 --> Router Class Initialized
[DEBUG] [application] - 2014-11-17 13:50:16 --> Application Class Initialized
[DEBUG] [application] - 2014-11-17 13:50:16 --> Utf8 Class Initialized
[DEBUG] [application] - 2014-11-17 13:50:16 --> UTF-8 Support Enabled
[DEBUG] [application] - 2014-11-17 13:50:16 --> Hooks Class Initialized
[DEBUG] [application] - 2014-11-17 13:50:16 --> URI Class Initialized
[DEBUG] [application] - 2014-11-17 13:50:16 --> Router Class Initialized
[DEBUG] [application] - 2014-11-17 13:50:19 --> Application Class Initialized
[DEBUG] [application] - 2014-11-17 13:50:19 --> Utf8 Class Initialized
[DEBUG] [application] - 2014-11-17 13:50:19 --> UTF-8 Support Enabled
[DEBUG] [application] - 2014-11-17 13:50:19 --> Hooks Class Initialized
[DEBUG] [application] - 2014-11-17 13:50:19 --> URI Class Initialized
[DEBUG] [application] - 2014-11-17 13:50:19 --> Router Class Initialized
[DEBUG] [application] - 2014-11-17 13:50:22 --> Application Class Initialized
[DEBUG] [application] - 2014-11-17 13:50:22 --> Utf8 Class Initialized
[DEBUG] [application] - 2014-11-17 13:50:22 --> UTF-8 Support Enabled
[DEBUG] [application] - 2014-11-17 13:50:22 --> Hooks Class Initialized
[DEBUG] [application] - 2014-11-17 13:50:22 --> URI Class Initialized
[DEBUG] [application] - 2014-11-17 13:50:22 --> Router Class Initialized
[DEBUG] [application] - 2014-11-17 13:50:24 --> Application Class Initialized
[DEBUG] [application] - 2014-11-17 13:50:24 --> Utf8 Class Initialized
[DEBUG] [application] - 2014-11-17 13:50:24 --> UTF-8 Support Enabled
[DEBUG] [application] - 2014-11-17 13:50:24 --> Hooks Class Initialized
[DEBUG] [application] - 2014-11-17 13:50:24 --> URI Class Initialized
[DEBUG] [application] - 2014-11-17 13:50:24 --> Router Class Initialized
[DEBUG] [application] - 2014-11-17 13:51:36 --> Application Class Initialized
[DEBUG] [application] - 2014-11-17 13:51:36 --> Utf8 Class Initialized
[DEBUG] [application] - 2014-11-17 13:51:36 --> UTF-8 Support Enabled
[DEBUG] [application] - 2014-11-17 13:51:36 --> Hooks Class Initialized
[DEBUG] [application] - 2014-11-17 13:51:36 --> URI Class Initialized
[DEBUG] [application] - 2014-11-17 13:51:36 --> Router Class Initialized
[DEBUG] [application] - 2014-11-17 13:51:43 --> Application Class Initialized
[DEBUG] [application] - 2014-11-17 13:51:43 --> Utf8 Class Initialized
[DEBUG] [application] - 2014-11-17 13:51:43 --> UTF-8 Support Enabled
[DEBUG] [application] - 2014-11-17 13:51:43 --> Hooks Class Initialized
[DEBUG] [application] - 2014-11-17 13:51:43 --> URI Class Initialized
[DEBUG] [application] - 2014-11-17 13:51:43 --> Router Class Initialized
[DEBUG] [application] - 2014-11-17 13:51:57 --> Application Class Initialized
[DEBUG] [application] - 2014-11-17 13:51:57 --> Utf8 Class Initialized
[DEBUG] [application] - 2014-11-17 13:51:57 --> UTF-8 Support Enabled
[DEBUG] [application] - 2014-11-17 13:51:57 --> Hooks Class Initialized
[DEBUG] [application] - 2014-11-17 13:51:57 --> URI Class Initialized
[DEBUG] [application] - 2014-11-17 13:51:57 --> Router Class Initialized
[DEBUG] [application] - 2014-11-17 13:52:00 --> Application Class Initialized
[DEBUG] [application] - 2014-11-17 13:52:00 --> Utf8 Class Initialized
[DEBUG] [application] - 2014-11-17 13:52:00 --> UTF-8 Support Enabled
[DEBUG] [application] - 2014-11-17 13:52:00 --> Hooks Class Initialized
[DEBUG] [application] - 2014-11-17 13:52:00 --> URI Class Initialized
[DEBUG] [application] - 2014-11-17 13:52:00 --> Router Class Initialized
[DEBUG] [application] - 2014-11-17 13:52:02 --> Application Class Initialized
[DEBUG] [application] - 2014-11-17 13:52:02 --> Utf8 Class Initialized
[DEBUG] [application] - 2014-11-17 13:52:02 --> UTF-8 Support Enabled
[DEBUG] [application] - 2014-11-17 13:52:02 --> Hooks Class Initialized
[DEBUG] [application] - 2014-11-17 13:52:02 --> URI Class Initialized
[DEBUG] [application] - 2014-11-17 13:52:02 --> Router Class Initialized
[DEBUG] [application] - 2014-11-17 13:52:04 --> Application Class Initialized
[DEBUG] [application] - 2014-11-17 13:52:04 --> Utf8 Class Initialized
[DEBUG] [application] - 2014-11-17 13:52:04 --> UTF-8 Support Enabled
[DEBUG] [application] - 2014-11-17 13:52:04 --> Hooks Class Initialized
[DEBUG] [application] - 2014-11-17 13:52:04 --> URI Class Initialized
[DEBUG] [application] - 2014-11-17 13:52:04 --> Router Class Initialized
[DEBUG] [application] - 2014-11-17 13:53:54 --> Application Class Initialized
[DEBUG] [application] - 2014-11-17 13:53:54 --> Utf8 Class Initialized
[DEBUG] [application] - 2014-11-17 13:53:54 --> UTF-8 Support Enabled
[DEBUG] [application] - 2014-11-17 13:53:54 --> Hooks Class Initialized
[DEBUG] [application] - 2014-11-17 13:53:54 --> URI Class Initialized
[DEBUG] [application] - 2014-11-17 13:53:54 --> Router Class Initialized
[DEBUG] [application] - 2014-11-17 13:53:56 --> Application Class Initialized
[DEBUG] [application] - 2014-11-17 13:53:56 --> Utf8 Class Initialized
[DEBUG] [application] - 2014-11-17 13:53:56 --> UTF-8 Support Enabled
[DEBUG] [application] - 2014-11-17 13:53:56 --> Hooks Class Initialized
[DEBUG] [application] - 2014-11-17 13:53:56 --> URI Class Initialized
[DEBUG] [application] - 2014-11-17 13:53:56 --> Router Class Initialized
[DEBUG] [application] - 2014-11-17 13:53:57 --> Application Class Initialized
[DEBUG] [application] - 2014-11-17 13:53:57 --> Utf8 Class Initialized
[DEBUG] [application] - 2014-11-17 13:53:57 --> UTF-8 Support Enabled
[DEBUG] [application] - 2014-11-17 13:53:57 --> Hooks Class Initialized
[DEBUG] [application] - 2014-11-17 13:53:57 --> URI Class Initialized
[DEBUG] [application] - 2014-11-17 13:53:57 --> Router Class Initialized
[DEBUG] [application] - 2014-11-17 13:54:13 --> Application Class Initialized
[DEBUG] [application] - 2014-11-17 13:54:13 --> Utf8 Class Initialized
[DEBUG] [application] - 2014-11-17 13:54:13 --> UTF-8 Support Enabled
[DEBUG] [application] - 2014-11-17 13:54:13 --> Hooks Class Initialized
[DEBUG] [application] - 2014-11-17 13:54:13 --> URI Class Initialized
[DEBUG] [application] - 2014-11-17 13:54:13 --> Router Class Initialized
[ERROR] [application] - 2014-11-17 13:54:13 --> 404 Page Not Found --> do
[DEBUG] [application] - 2014-11-17 13:54:20 --> Application Class Initialized
[DEBUG] [application] - 2014-11-17 13:54:20 --> Utf8 Class Initialized
[DEBUG] [application] - 2014-11-17 13:54:20 --> UTF-8 Support Enabled
[DEBUG] [application] - 2014-11-17 13:54:20 --> Hooks Class Initialized
[DEBUG] [application] - 2014-11-17 13:54:20 --> URI Class Initialized
[DEBUG] [application] - 2014-11-17 13:54:20 --> Router Class Initialized
[DEBUG] [application] - 2014-11-17 13:54:27 --> Application Class Initialized
[DEBUG] [application] - 2014-11-17 13:54:27 --> Utf8 Class Initialized
[DEBUG] [application] - 2014-11-17 13:54:27 --> UTF-8 Support Enabled
[DEBUG] [application] - 2014-11-17 13:54:27 --> Hooks Class Initialized
[DEBUG] [application] - 2014-11-17 13:54:27 --> URI Class Initialized
[DEBUG] [application] - 2014-11-17 13:54:27 --> Router Class Initialized
[DEBUG] [application] - 2014-11-17 13:54:30 --> Application Class Initialized
[DEBUG] [application] - 2014-11-17 13:54:30 --> Utf8 Class Initialized
[DEBUG] [application] - 2014-11-17 13:54:30 --> UTF-8 Support Enabled
[DEBUG] [application] - 2014-11-17 13:54:30 --> Hooks Class Initialized
[DEBUG] [application] - 2014-11-17 13:54:30 --> URI Class Initialized
[DEBUG] [application] - 2014-11-17 13:54:30 --> Router Class Initialized
[DEBUG] [application] - 2014-11-17 13:54:33 --> Application Class Initialized
[DEBUG] [application] - 2014-11-17 13:54:33 --> Utf8 Class Initialized
[DEBUG] [application] - 2014-11-17 13:54:33 --> UTF-8 Support Enabled
[DEBUG] [application] - 2014-11-17 13:54:33 --> Hooks Class Initialized
[DEBUG] [application] - 2014-11-17 13:54:33 --> URI Class Initialized
[DEBUG] [application] - 2014-11-17 13:54:33 --> Router Class Initialized
[DEBUG] [application] - 2014-11-17 13:54:48 --> Application Class Initialized
[DEBUG] [application] - 2014-11-17 13:54:48 --> Utf8 Class Initialized
[DEBUG] [application] - 2014-11-17 13:54:48 --> UTF-8 Support Enabled
[DEBUG] [application] - 2014-11-17 13:54:48 --> Hooks Class Initialized
[DEBUG] [application] - 2014-11-17 13:54:48 --> URI Class Initialized
[DEBUG] [application] - 2014-11-17 13:54:48 --> Router Class Initialized
[DEBUG] [application] - 2014-11-17 13:55:05 --> Application Class Initialized
[DEBUG] [application] - 2014-11-17 13:55:05 --> Utf8 Class Initialized
[DEBUG] [application] - 2014-11-17 13:55:05 --> UTF-8 Support Enabled
[DEBUG] [application] - 2014-11-17 13:55:05 --> Hooks Class Initialized
[DEBUG] [application] - 2014-11-17 13:55:05 --> URI Class Initialized
[DEBUG] [application] - 2014-11-17 13:55:05 --> Router Class Initialized
[DEBUG] [application] - 2014-11-17 13:55:51 --> Application Class Initialized
[DEBUG] [application] - 2014-11-17 13:55:51 --> Utf8 Class Initialized
[DEBUG] [application] - 2014-11-17 13:55:51 --> UTF-8 Support Enabled
[DEBUG] [application] - 2014-11-17 13:55:51 --> Hooks Class Initialized
[DEBUG] [application] - 2014-11-17 13:55:51 --> URI Class Initialized
[DEBUG] [application] - 2014-11-17 13:55:51 --> Router Class Initialized
[DEBUG] [application] - 2014-11-17 13:55:55 --> Application Class Initialized
[DEBUG] [application] - 2014-11-17 13:55:55 --> Utf8 Class Initialized
[DEBUG] [application] - 2014-11-17 13:55:55 --> UTF-8 Support Enabled
[DEBUG] [application] - 2014-11-17 13:55:55 --> Hooks Class Initialized
[DEBUG] [application] - 2014-11-17 13:55:55 --> URI Class Initialized
[DEBUG] [application] - 2014-11-17 13:55:55 --> Router Class Initialized
[DEBUG] [application] - 2014-11-17 13:58:32 --> Application Class Initialized
[DEBUG] [application] - 2014-11-17 13:58:32 --> Utf8 Class Initialized
[DEBUG] [application] - 2014-11-17 13:58:32 --> UTF-8 Support Enabled
[DEBUG] [application] - 2014-11-17 13:58:32 --> Hooks Class Initialized
[DEBUG] [application] - 2014-11-17 13:58:32 --> URI Class Initialized
[DEBUG] [application] - 2014-11-17 13:58:32 --> Router Class Initialized
[DEBUG] [application] - 2014-11-17 13:58:59 --> Application Class Initialized
[DEBUG] [application] - 2014-11-17 13:58:59 --> Utf8 Class Initialized
[DEBUG] [application] - 2014-11-17 13:58:59 --> UTF-8 Support Enabled
[DEBUG] [application] - 2014-11-17 13:58:59 --> Hooks Class Initialized
[DEBUG] [application] - 2014-11-17 13:58:59 --> URI Class Initialized
[DEBUG] [application] - 2014-11-17 13:58:59 --> Router Class Initialized
[DEBUG] [application] - 2014-11-17 13:59:27 --> Application Class Initialized
[DEBUG] [application] - 2014-11-17 13:59:27 --> Utf8 Class Initialized
[DEBUG] [application] - 2014-11-17 13:59:27 --> UTF-8 Support Enabled
[DEBUG] [application] - 2014-11-17 13:59:27 --> Hooks Class Initialized
[DEBUG] [application] - 2014-11-17 13:59:27 --> URI Class Initialized
[DEBUG] [application] - 2014-11-17 13:59:27 --> Router Class Initialized
[DEBUG] [application] - 2014-11-17 13:59:29 --> Application Class Initialized
[DEBUG] [application] - 2014-11-17 13:59:29 --> Utf8 Class Initialized
[DEBUG] [application] - 2014-11-17 13:59:29 --> UTF-8 Support Enabled
[DEBUG] [application] - 2014-11-17 13:59:29 --> Hooks Class Initialized
[DEBUG] [application] - 2014-11-17 13:59:29 --> URI Class Initialized
[DEBUG] [application] - 2014-11-17 13:59:29 --> Router Class Initialized
[DEBUG] [application] - 2014-11-17 13:59:48 --> Application Class Initialized
[DEBUG] [application] - 2014-11-17 13:59:48 --> Utf8 Class Initialized
[DEBUG] [application] - 2014-11-17 13:59:48 --> UTF-8 Support Enabled
[DEBUG] [application] - 2014-11-17 13:59:48 --> Hooks Class Initialized
[DEBUG] [application] - 2014-11-17 13:59:48 --> URI Class Initialized
[DEBUG] [application] - 2014-11-17 13:59:48 --> Router Class Initialized
[ERROR] [application] - 2014-11-17 13:59:48 --> 404 Page Not Found --> d/
[DEBUG] [application] - 2014-11-17 13:59:50 --> Application Class Initialized
[DEBUG] [application] - 2014-11-17 13:59:50 --> Utf8 Class Initialized
[DEBUG] [application] - 2014-11-17 13:59:50 --> UTF-8 Support Enabled
[DEBUG] [application] - 2014-11-17 13:59:50 --> Hooks Class Initialized
[DEBUG] [application] - 2014-11-17 13:59:50 --> URI Class Initialized
[DEBUG] [application] - 2014-11-17 13:59:50 --> Router Class Initialized
[ERROR] [application] - 2014-11-17 13:59:50 --> 404 Page Not Found --> d/
[DEBUG] [application] - 2014-11-17 14:01:21 --> Application Class Initialized
[DEBUG] [application] - 2014-11-17 14:01:21 --> Utf8 Class Initialized
[DEBUG] [application] - 2014-11-17 14:01:21 --> UTF-8 Support Enabled
[DEBUG] [application] - 2014-11-17 14:01:21 --> Hooks Class Initialized
[DEBUG] [application] - 2014-11-17 14:01:21 --> URI Class Initialized
[DEBUG] [application] - 2014-11-17 14:01:21 --> Router Class Initialized
[ERROR] [application] - 2014-11-17 14:01:21 --> 404 Page Not Found --> d/
[DEBUG] [application] - 2014-11-17 14:01:30 --> Application Class Initialized
[DEBUG] [application] - 2014-11-17 14:01:30 --> Utf8 Class Initialized
[DEBUG] [application] - 2014-11-17 14:01:30 --> UTF-8 Support Enabled
[DEBUG] [application] - 2014-11-17 14:01:30 --> Hooks Class Initialized
[DEBUG] [application] - 2014-11-17 14:01:30 --> URI Class Initialized
[DEBUG] [application] - 2014-11-17 14:01:30 --> Router Class Initialized
[ERROR] [application] - 2014-11-17 14:01:30 --> 404 Page Not Found --> d/
[DEBUG] [application] - 2014-11-17 14:01:33 --> Application Class Initialized
[DEBUG] [application] - 2014-11-17 14:01:33 --> Utf8 Class Initialized
[DEBUG] [application] - 2014-11-17 14:01:33 --> UTF-8 Support Enabled
[DEBUG] [application] - 2014-11-17 14:01:33 --> Hooks Class Initialized
[DEBUG] [application] - 2014-11-17 14:01:33 --> URI Class Initialized
[DEBUG] [application] - 2014-11-17 14:01:33 --> Router Class Initialized
[ERROR] [application] - 2014-11-17 14:01:33 --> 404 Page Not Found --> d/
[DEBUG] [application] - 2014-11-17 14:01:41 --> Application Class Initialized
[DEBUG] [application] - 2014-11-17 14:01:41 --> Utf8 Class Initialized
[DEBUG] [application] - 2014-11-17 14:01:41 --> UTF-8 Support Enabled
[DEBUG] [application] - 2014-11-17 14:01:41 --> Hooks Class Initialized
[DEBUG] [application] - 2014-11-17 14:01:41 --> URI Class Initialized
[DEBUG] [application] - 2014-11-17 14:01:41 --> Router Class Initialized
[ERROR] [application] - 2014-11-17 14:01:41 --> 404 Page Not Found --> d/
[DEBUG] [application] - 2014-11-17 14:01:43 --> Application Class Initialized
[DEBUG] [application] - 2014-11-17 14:01:43 --> Utf8 Class Initialized
[DEBUG] [application] - 2014-11-17 14:01:43 --> UTF-8 Support Enabled
[DEBUG] [application] - 2014-11-17 14:01:43 --> Hooks Class Initialized
[DEBUG] [application] - 2014-11-17 14:01:43 --> URI Class Initialized
[DEBUG] [application] - 2014-11-17 14:01:43 --> Router Class Initialized
[ERROR] [application] - 2014-11-17 14:01:43 --> 404 Page Not Found --> d/
[DEBUG] [application] - 2014-11-17 14:01:49 --> Application Class Initialized
[DEBUG] [application] - 2014-11-17 14:01:49 --> Utf8 Class Initialized
[DEBUG] [application] - 2014-11-17 14:01:49 --> UTF-8 Support Enabled
[DEBUG] [application] - 2014-11-17 14:01:49 --> Hooks Class Initialized
[DEBUG] [application] - 2014-11-17 14:01:49 --> URI Class Initialized
[DEBUG] [application] - 2014-11-17 14:01:49 --> Router Class Initialized
[ERROR] [application] - 2014-11-17 14:01:49 --> 404 Page Not Found --> d/
[DEBUG] [application] - 2014-11-17 14:02:36 --> Application Class Initialized
[DEBUG] [application] - 2014-11-17 14:02:36 --> Utf8 Class Initialized
[DEBUG] [application] - 2014-11-17 14:02:36 --> UTF-8 Support Enabled
[DEBUG] [application] - 2014-11-17 14:02:36 --> Hooks Class Initialized
[DEBUG] [application] - 2014-11-17 14:02:36 --> URI Class Initialized
[DEBUG] [application] - 2014-11-17 14:02:36 --> Router Class Initialized
[DEBUG] [application] - 2014-11-17 14:02:38 --> Application Class Initialized
[DEBUG] [application] - 2014-11-17 14:02:38 --> Utf8 Class Initialized
[DEBUG] [application] - 2014-11-17 14:02:38 --> UTF-8 Support Enabled
[DEBUG] [application] - 2014-11-17 14:02:38 --> Hooks Class Initialized
[DEBUG] [application] - 2014-11-17 14:02:38 --> URI Class Initialized
[DEBUG] [application] - 2014-11-17 14:02:38 --> Router Class Initialized
[DEBUG] [application] - 2014-11-17 14:03:52 --> Application Class Initialized
[DEBUG] [application] - 2014-11-17 14:03:52 --> Utf8 Class Initialized
[DEBUG] [application] - 2014-11-17 14:03:52 --> UTF-8 Support Enabled
[DEBUG] [application] - 2014-11-17 14:03:52 --> Hooks Class Initialized
[DEBUG] [application] - 2014-11-17 14:03:52 --> URI Class Initialized
[DEBUG] [application] - 2014-11-17 14:03:52 --> Router Class Initialized
[DEBUG] [application] - 2014-11-17 14:04:44 --> Application Class Initialized
[DEBUG] [application] - 2014-11-17 14:04:44 --> Utf8 Class Initialized
[DEBUG] [application] - 2014-11-17 14:04:44 --> UTF-8 Support Enabled
[DEBUG] [application] - 2014-11-17 14:04:44 --> Hooks Class Initialized
[DEBUG] [application] - 2014-11-17 14:04:44 --> URI Class Initialized
[DEBUG] [application] - 2014-11-17 14:04:44 --> Router Class Initialized
[DEBUG] [application] - 2014-11-17 14:04:46 --> Application Class Initialized
[DEBUG] [application] - 2014-11-17 14:04:46 --> Utf8 Class Initialized
[DEBUG] [application] - 2014-11-17 14:04:46 --> UTF-8 Support Enabled
[DEBUG] [application] - 2014-11-17 14:04:46 --> Hooks Class Initialized
[DEBUG] [application] - 2014-11-17 14:04:46 --> URI Class Initialized
[DEBUG] [application] - 2014-11-17 14:04:46 --> Router Class Initialized
[DEBUG] [application] - 2014-11-17 14:05:10 --> Application Class Initialized
[DEBUG] [application] - 2014-11-17 14:05:10 --> Utf8 Class Initialized
[DEBUG] [application] - 2014-11-17 14:05:10 --> UTF-8 Support Enabled
[DEBUG] [application] - 2014-11-17 14:05:10 --> Hooks Class Initialized
[DEBUG] [application] - 2014-11-17 14:05:10 --> URI Class Initialized
[DEBUG] [application] - 2014-11-17 14:05:10 --> Router Class Initialized
[DEBUG] [application] - 2014-11-17 14:05:24 --> Application Class Initialized
[DEBUG] [application] - 2014-11-17 14:05:24 --> Utf8 Class Initialized
[DEBUG] [application] - 2014-11-17 14:05:24 --> UTF-8 Support Enabled
[DEBUG] [application] - 2014-11-17 14:05:24 --> Hooks Class Initialized
[DEBUG] [application] - 2014-11-17 14:05:24 --> URI Class Initialized
[DEBUG] [application] - 2014-11-17 14:05:24 --> Router Class Initialized
[DEBUG] [application] - 2014-11-17 14:05:26 --> Application Class Initialized
[DEBUG] [application] - 2014-11-17 14:05:26 --> Utf8 Class Initialized
[DEBUG] [application] - 2014-11-17 14:05:26 --> UTF-8 Support Enabled
[DEBUG] [application] - 2014-11-17 14:05:26 --> Hooks Class Initialized
[DEBUG] [application] - 2014-11-17 14:05:26 --> URI Class Initialized
[DEBUG] [application] - 2014-11-17 14:05:26 --> Router Class Initialized
[DEBUG] [application] - 2014-11-17 14:05:30 --> Application Class Initialized
[DEBUG] [application] - 2014-11-17 14:05:30 --> Utf8 Class Initialized
[DEBUG] [application] - 2014-11-17 14:05:30 --> UTF-8 Support Enabled
[DEBUG] [application] - 2014-11-17 14:05:30 --> Hooks Class Initialized
[DEBUG] [application] - 2014-11-17 14:05:30 --> URI Class Initialized
[DEBUG] [application] - 2014-11-17 14:05:30 --> Router Class Initialized
[DEBUG] [application] - 2014-11-17 14:05:32 --> Application Class Initialized
[DEBUG] [application] - 2014-11-17 14:05:32 --> Utf8 Class Initialized
[DEBUG] [application] - 2014-11-17 14:05:32 --> UTF-8 Support Enabled
[DEBUG] [application] - 2014-11-17 14:05:32 --> Hooks Class Initialized
[DEBUG] [application] - 2014-11-17 14:05:32 --> URI Class Initialized
[DEBUG] [application] - 2014-11-17 14:05:32 --> Router Class Initialized
[DEBUG] [application] - 2014-11-17 14:31:27 --> Application Class Initialized
[DEBUG] [application] - 2014-11-17 14:31:27 --> Utf8 Class Initialized
[DEBUG] [application] - 2014-11-17 14:31:27 --> UTF-8 Support Enabled
[DEBUG] [application] - 2014-11-17 14:31:27 --> Hooks Class Initialized
[DEBUG] [application] - 2014-11-17 14:31:27 --> URI Class Initialized
[DEBUG] [application] - 2014-11-17 14:31:27 --> Router Class Initialized
[ERROR] [application] - 2014-11-17 14:31:27 --> Severity: Notice  --> Undefined offset: 0 /Users/geet/www/fly/framework/system/core/Router.php 110
[DEBUG] [application] - 2014-11-17 14:32:10 --> Application Class Initialized
[DEBUG] [application] - 2014-11-17 14:32:10 --> Utf8 Class Initialized
[DEBUG] [application] - 2014-11-17 14:32:10 --> UTF-8 Support Enabled
[DEBUG] [application] - 2014-11-17 14:32:10 --> Hooks Class Initialized
[DEBUG] [application] - 2014-11-17 14:32:10 --> URI Class Initialized
[DEBUG] [application] - 2014-11-17 14:32:10 --> Router Class Initialized
[ERROR] [application] - 2014-11-17 14:32:10 --> Severity: Notice  --> Undefined index: d /Users/geet/www/fly/framework/system/core/Router.php 110
[DEBUG] [application] - 2014-11-17 14:32:12 --> Application Class Initialized
[DEBUG] [application] - 2014-11-17 14:32:12 --> Utf8 Class Initialized
[DEBUG] [application] - 2014-11-17 14:32:12 --> UTF-8 Support Enabled
[DEBUG] [application] - 2014-11-17 14:32:12 --> Hooks Class Initialized
[DEBUG] [application] - 2014-11-17 14:32:12 --> URI Class Initialized
[DEBUG] [application] - 2014-11-17 14:32:12 --> Router Class Initialized
[ERROR] [application] - 2014-11-17 14:32:12 --> Severity: Notice  --> Undefined index: d /Users/geet/www/fly/framework/system/core/Router.php 110
[DEBUG] [application] - 2014-11-17 14:35:30 --> Application Class Initialized
[DEBUG] [application] - 2014-11-17 14:35:30 --> Utf8 Class Initialized
[DEBUG] [application] - 2014-11-17 14:35:30 --> UTF-8 Support Enabled
[DEBUG] [application] - 2014-11-17 14:35:30 --> Hooks Class Initialized
[DEBUG] [application] - 2014-11-17 14:35:30 --> URI Class Initialized
[DEBUG] [application] - 2014-11-17 14:35:30 --> Router Class Initialized
[ERROR] [application] - 2014-11-17 14:35:30 --> Severity: Notice  --> Undefined index: d /Users/geet/www/fly/framework/system/core/Router.php 110
[DEBUG] [application] - 2014-11-17 15:19:44 --> Application Class Initialized
[DEBUG] [application] - 2014-11-17 15:19:44 --> Utf8 Class Initialized
[DEBUG] [application] - 2014-11-17 15:19:44 --> UTF-8 Support Enabled
[DEBUG] [application] - 2014-11-17 15:19:44 --> Hooks Class Initialized
[DEBUG] [application] - 2014-11-17 15:19:44 --> URI Class Initialized
[DEBUG] [application] - 2014-11-17 15:19:44 --> Router Class Initialized
[DEBUG] [application] - 2014-11-17 15:19:46 --> Application Class Initialized
[DEBUG] [application] - 2014-11-17 15:19:46 --> Utf8 Class Initialized
[DEBUG] [application] - 2014-11-17 15:19:46 --> UTF-8 Support Enabled
[DEBUG] [application] - 2014-11-17 15:19:46 --> Hooks Class Initialized
[DEBUG] [application] - 2014-11-17 15:19:46 --> URI Class Initialized
[DEBUG] [application] - 2014-11-17 15:19:46 --> Router Class Initialized
[DEBUG] [application] - 2014-11-17 15:20:11 --> Application Class Initialized
[DEBUG] [application] - 2014-11-17 15:20:11 --> Utf8 Class Initialized
[DEBUG] [application] - 2014-11-17 15:20:11 --> UTF-8 Support Enabled
[DEBUG] [application] - 2014-11-17 15:20:11 --> Hooks Class Initialized
[DEBUG] [application] - 2014-11-17 15:20:11 --> URI Class Initialized
[DEBUG] [application] - 2014-11-17 15:20:11 --> Router Class Initialized
[DEBUG] [application] - 2014-11-17 15:20:12 --> Application Class Initialized
[DEBUG] [application] - 2014-11-17 15:20:12 --> Utf8 Class Initialized
[DEBUG] [application] - 2014-11-17 15:20:12 --> UTF-8 Support Enabled
[DEBUG] [application] - 2014-11-17 15:20:12 --> Hooks Class Initialized
[DEBUG] [application] - 2014-11-17 15:20:12 --> URI Class Initialized
[DEBUG] [application] - 2014-11-17 15:20:12 --> Router Class Initialized
[DEBUG] [application] - 2014-11-17 15:20:17 --> Application Class Initialized
[DEBUG] [application] - 2014-11-17 15:20:17 --> Utf8 Class Initialized
[DEBUG] [application] - 2014-11-17 15:20:17 --> UTF-8 Support Enabled
[DEBUG] [application] - 2014-11-17 15:20:17 --> Hooks Class Initialized
[DEBUG] [application] - 2014-11-17 15:20:17 --> URI Class Initialized
[DEBUG] [application] - 2014-11-17 15:20:17 --> Router Class Initialized
[DEBUG] [application] - 2014-11-17 15:20:19 --> Application Class Initialized
[DEBUG] [application] - 2014-11-17 15:20:19 --> Utf8 Class Initialized
[DEBUG] [application] - 2014-11-17 15:20:19 --> UTF-8 Support Enabled
[DEBUG] [application] - 2014-11-17 15:20:19 --> Hooks Class Initialized
[DEBUG] [application] - 2014-11-17 15:20:19 --> URI Class Initialized
[DEBUG] [application] - 2014-11-17 15:20:19 --> Router Class Initialized
[DEBUG] [application] - 2014-11-17 15:20:20 --> Application Class Initialized
[DEBUG] [application] - 2014-11-17 15:20:20 --> Utf8 Class Initialized
[DEBUG] [application] - 2014-11-17 15:20:20 --> UTF-8 Support Enabled
[DEBUG] [application] - 2014-11-17 15:20:20 --> Hooks Class Initialized
[DEBUG] [application] - 2014-11-17 15:20:20 --> URI Class Initialized
[DEBUG] [application] - 2014-11-17 15:20:20 --> Router Class Initialized
[DEBUG] [application] - 2014-11-17 15:20:24 --> Application Class Initialized
[DEBUG] [application] - 2014-11-17 15:20:24 --> Utf8 Class Initialized
[DEBUG] [application] - 2014-11-17 15:20:24 --> UTF-8 Support Enabled
[DEBUG] [application] - 2014-11-17 15:20:24 --> Hooks Class Initialized
[DEBUG] [application] - 2014-11-17 15:20:24 --> URI Class Initialized
[DEBUG] [application] - 2014-11-17 15:20:24 --> Router Class Initialized
[ERROR] [application] - 2014-11-17 15:20:24 --> 404 Page Not Found --> xxx/
[DEBUG] [application] - 2014-11-17 15:26:33 --> Application Class Initialized
[DEBUG] [application] - 2014-11-17 15:26:33 --> Utf8 Class Initialized
[DEBUG] [application] - 2014-11-17 15:26:33 --> UTF-8 Support Enabled
[DEBUG] [application] - 2014-11-17 15:26:33 --> Hooks Class Initialized
[DEBUG] [application] - 2014-11-17 15:26:33 --> URI Class Initialized
[DEBUG] [application] - 2014-11-17 15:26:33 --> Router Class Initialized
[ERROR] [application] - 2014-11-17 15:26:33 --> 404 Page Not Found --> xxx/
[DEBUG] [application] - 2014-11-17 15:26:36 --> Application Class Initialized
[DEBUG] [application] - 2014-11-17 15:26:36 --> Utf8 Class Initialized
[DEBUG] [application] - 2014-11-17 15:26:36 --> UTF-8 Support Enabled
[DEBUG] [application] - 2014-11-17 15:26:36 --> Hooks Class Initialized
[DEBUG] [application] - 2014-11-17 15:26:36 --> URI Class Initialized
[DEBUG] [application] - 2014-11-17 15:26:36 --> Router Class Initialized
[ERROR] [application] - 2014-11-17 15:26:36 --> 404 Page Not Found --> xxx/
[DEBUG] [application] - 2014-11-17 15:26:37 --> Application Class Initialized
[DEBUG] [application] - 2014-11-17 15:26:37 --> Utf8 Class Initialized
[DEBUG] [application] - 2014-11-17 15:26:37 --> UTF-8 Support Enabled
[DEBUG] [application] - 2014-11-17 15:26:37 --> Hooks Class Initialized
[DEBUG] [application] - 2014-11-17 15:26:37 --> URI Class Initialized
[DEBUG] [application] - 2014-11-17 15:26:37 --> Router Class Initialized
[ERROR] [application] - 2014-11-17 15:26:37 --> 404 Page Not Found --> xxx/
[DEBUG] [application] - 2014-11-17 15:26:41 --> Application Class Initialized
[DEBUG] [application] - 2014-11-17 15:26:41 --> Utf8 Class Initialized
[DEBUG] [application] - 2014-11-17 15:26:41 --> UTF-8 Support Enabled
[DEBUG] [application] - 2014-11-17 15:26:41 --> Hooks Class Initialized
[DEBUG] [application] - 2014-11-17 15:26:41 --> URI Class Initialized
[DEBUG] [application] - 2014-11-17 15:26:41 --> Router Class Initialized
[ERROR] [application] - 2014-11-17 15:26:41 --> 404 Page Not Found --> xxx/
[DEBUG] [application] - 2014-11-17 15:26:42 --> Application Class Initialized
[DEBUG] [application] - 2014-11-17 15:26:42 --> Utf8 Class Initialized
[DEBUG] [application] - 2014-11-17 15:26:42 --> UTF-8 Support Enabled
[DEBUG] [application] - 2014-11-17 15:26:42 --> Hooks Class Initialized
[DEBUG] [application] - 2014-11-17 15:26:42 --> URI Class Initialized
[DEBUG] [application] - 2014-11-17 15:26:42 --> Router Class Initialized
[ERROR] [application] - 2014-11-17 15:26:42 --> 404 Page Not Found --> xxx/
[DEBUG] [application] - 2014-11-17 15:26:51 --> Application Class Initialized
[DEBUG] [application] - 2014-11-17 15:26:51 --> Utf8 Class Initialized
[DEBUG] [application] - 2014-11-17 15:26:51 --> UTF-8 Support Enabled
[DEBUG] [application] - 2014-11-17 15:26:51 --> Hooks Class Initialized
[DEBUG] [application] - 2014-11-17 15:26:52 --> URI Class Initialized
[DEBUG] [application] - 2014-11-17 15:26:52 --> Router Class Initialized
[ERROR] [application] - 2014-11-17 15:26:52 --> 404 Page Not Found --> xxx/
[DEBUG] [application] - 2014-11-17 15:26:55 --> Application Class Initialized
[DEBUG] [application] - 2014-11-17 15:26:55 --> Utf8 Class Initialized
[DEBUG] [application] - 2014-11-17 15:26:55 --> UTF-8 Support Enabled
[DEBUG] [application] - 2014-11-17 15:26:55 --> Hooks Class Initialized
[DEBUG] [application] - 2014-11-17 15:26:55 --> URI Class Initialized
[DEBUG] [application] - 2014-11-17 15:26:55 --> Router Class Initialized
[DEBUG] [application] - 2014-11-17 15:26:57 --> Application Class Initialized
[DEBUG] [application] - 2014-11-17 15:26:57 --> Utf8 Class Initialized
[DEBUG] [application] - 2014-11-17 15:26:57 --> UTF-8 Support Enabled
[DEBUG] [application] - 2014-11-17 15:26:57 --> Hooks Class Initialized
[DEBUG] [application] - 2014-11-17 15:26:57 --> URI Class Initialized
[DEBUG] [application] - 2014-11-17 15:26:57 --> Router Class Initialized
[DEBUG] [application] - 2014-11-17 15:27:56 --> Application Class Initialized
[DEBUG] [application] - 2014-11-17 15:27:56 --> Utf8 Class Initialized
[DEBUG] [application] - 2014-11-17 15:27:56 --> UTF-8 Support Enabled
[DEBUG] [application] - 2014-11-17 15:27:56 --> Hooks Class Initialized
[DEBUG] [application] - 2014-11-17 15:27:56 --> URI Class Initialized
[DEBUG] [application] - 2014-11-17 15:27:56 --> Router Class Initialized
[DEBUG] [application] - 2014-11-17 15:27:59 --> Application Class Initialized
[DEBUG] [application] - 2014-11-17 15:27:59 --> Utf8 Class Initialized
[DEBUG] [application] - 2014-11-17 15:27:59 --> UTF-8 Support Enabled
[DEBUG] [application] - 2014-11-17 15:27:59 --> Hooks Class Initialized
[DEBUG] [application] - 2014-11-17 15:27:59 --> URI Class Initialized
[DEBUG] [application] - 2014-11-17 15:27:59 --> Router Class Initialized
[DEBUG] [application] - 2014-11-17 15:28:00 --> Application Class Initialized
[DEBUG] [application] - 2014-11-17 15:28:00 --> Utf8 Class Initialized
[DEBUG] [application] - 2014-11-17 15:28:00 --> UTF-8 Support Enabled
[DEBUG] [application] - 2014-11-17 15:28:00 --> Hooks Class Initialized
[DEBUG] [application] - 2014-11-17 15:28:00 --> URI Class Initialized
[DEBUG] [application] - 2014-11-17 15:28:00 --> Router Class Initialized
[DEBUG] [application] - 2014-11-17 15:28:07 --> Application Class Initialized
[DEBUG] [application] - 2014-11-17 15:28:07 --> Utf8 Class Initialized
[DEBUG] [application] - 2014-11-17 15:28:07 --> UTF-8 Support Enabled
[DEBUG] [application] - 2014-11-17 15:28:07 --> Hooks Class Initialized
[DEBUG] [application] - 2014-11-17 15:28:07 --> URI Class Initialized
[DEBUG] [application] - 2014-11-17 15:28:07 --> Router Class Initialized
[DEBUG] [application] - 2014-11-17 15:28:09 --> Application Class Initialized
[DEBUG] [application] - 2014-11-17 15:28:09 --> Utf8 Class Initialized
[DEBUG] [application] - 2014-11-17 15:28:09 --> UTF-8 Support Enabled
[DEBUG] [application] - 2014-11-17 15:28:09 --> Hooks Class Initialized
[DEBUG] [application] - 2014-11-17 15:28:09 --> URI Class Initialized
[DEBUG] [application] - 2014-11-17 15:28:09 --> Router Class Initialized
[DEBUG] [application] - 2014-11-17 15:28:21 --> Application Class Initialized
[DEBUG] [application] - 2014-11-17 15:28:21 --> Utf8 Class Initialized
[DEBUG] [application] - 2014-11-17 15:28:21 --> UTF-8 Support Enabled
[DEBUG] [application] - 2014-11-17 15:28:21 --> Hooks Class Initialized
[DEBUG] [application] - 2014-11-17 15:28:21 --> URI Class Initialized
[DEBUG] [application] - 2014-11-17 15:28:21 --> Router Class Initialized
[DEBUG] [application] - 2014-11-17 15:28:23 --> Application Class Initialized
[DEBUG] [application] - 2014-11-17 15:28:23 --> Utf8 Class Initialized
[DEBUG] [application] - 2014-11-17 15:28:23 --> UTF-8 Support Enabled
[DEBUG] [application] - 2014-11-17 15:28:23 --> Hooks Class Initialized
[DEBUG] [application] - 2014-11-17 15:28:23 --> URI Class Initialized
[DEBUG] [application] - 2014-11-17 15:28:23 --> Router Class Initialized
[DEBUG] [application] - 2014-11-17 15:28:30 --> Application Class Initialized
[DEBUG] [application] - 2014-11-17 15:28:30 --> Utf8 Class Initialized
[DEBUG] [application] - 2014-11-17 15:28:30 --> UTF-8 Support Enabled
[DEBUG] [application] - 2014-11-17 15:28:30 --> Hooks Class Initialized
[DEBUG] [application] - 2014-11-17 15:28:30 --> URI Class Initialized
[DEBUG] [application] - 2014-11-17 15:28:30 --> Router Class Initialized
[DEBUG] [application] - 2014-11-17 15:28:50 --> Application Class Initialized
[DEBUG] [application] - 2014-11-17 15:28:50 --> Utf8 Class Initialized
[DEBUG] [application] - 2014-11-17 15:28:50 --> UTF-8 Support Enabled
[DEBUG] [application] - 2014-11-17 15:28:50 --> Hooks Class Initialized
[DEBUG] [application] - 2014-11-17 15:28:50 --> URI Class Initialized
[DEBUG] [application] - 2014-11-17 15:28:50 --> Router Class Initialized
[DEBUG] [application] - 2014-11-17 15:29:01 --> Application Class Initialized
[DEBUG] [application] - 2014-11-17 15:29:01 --> Utf8 Class Initialized
[DEBUG] [application] - 2014-11-17 15:29:01 --> UTF-8 Support Enabled
[DEBUG] [application] - 2014-11-17 15:29:01 --> Hooks Class Initialized
[DEBUG] [application] - 2014-11-17 15:29:01 --> URI Class Initialized
[DEBUG] [application] - 2014-11-17 15:29:01 --> Router Class Initialized
[DEBUG] [application] - 2014-11-17 15:29:04 --> Application Class Initialized
[DEBUG] [application] - 2014-11-17 15:29:04 --> Utf8 Class Initialized
[DEBUG] [application] - 2014-11-17 15:29:04 --> UTF-8 Support Enabled
[DEBUG] [application] - 2014-11-17 15:29:04 --> Hooks Class Initialized
[DEBUG] [application] - 2014-11-17 15:29:04 --> URI Class Initialized
[DEBUG] [application] - 2014-11-17 15:29:04 --> Router Class Initialized
[DEBUG] [application] - 2014-11-17 15:29:26 --> Application Class Initialized
[DEBUG] [application] - 2014-11-17 15:29:26 --> Utf8 Class Initialized
[DEBUG] [application] - 2014-11-17 15:29:26 --> UTF-8 Support Enabled
[DEBUG] [application] - 2014-11-17 15:29:26 --> Hooks Class Initialized
[DEBUG] [application] - 2014-11-17 15:29:26 --> URI Class Initialized
[DEBUG] [application] - 2014-11-17 15:29:26 --> Router Class Initialized
[DEBUG] [application] - 2014-11-17 15:29:31 --> Application Class Initialized
[DEBUG] [application] - 2014-11-17 15:29:31 --> Utf8 Class Initialized
[DEBUG] [application] - 2014-11-17 15:29:31 --> UTF-8 Support Enabled
[DEBUG] [application] - 2014-11-17 15:29:31 --> Hooks Class Initialized
[DEBUG] [application] - 2014-11-17 15:29:31 --> URI Class Initialized
[DEBUG] [application] - 2014-11-17 15:29:31 --> Router Class Initialized
[DEBUG] [application] - 2014-11-17 15:29:33 --> Application Class Initialized
[DEBUG] [application] - 2014-11-17 15:29:33 --> Utf8 Class Initialized
[DEBUG] [application] - 2014-11-17 15:29:33 --> UTF-8 Support Enabled
[DEBUG] [application] - 2014-11-17 15:29:33 --> Hooks Class Initialized
[DEBUG] [application] - 2014-11-17 15:29:33 --> URI Class Initialized
[DEBUG] [application] - 2014-11-17 15:29:33 --> Router Class Initialized
[DEBUG] [application] - 2014-11-17 15:30:57 --> Application Class Initialized
[DEBUG] [application] - 2014-11-17 15:30:57 --> Utf8 Class Initialized
[DEBUG] [application] - 2014-11-17 15:30:57 --> UTF-8 Support Enabled
[DEBUG] [application] - 2014-11-17 15:30:57 --> Hooks Class Initialized
[DEBUG] [application] - 2014-11-17 15:30:57 --> URI Class Initialized
[DEBUG] [application] - 2014-11-17 15:30:57 --> Router Class Initialized
[DEBUG] [application] - 2014-11-17 15:31:02 --> Application Class Initialized
[DEBUG] [application] - 2014-11-17 15:31:02 --> Utf8 Class Initialized
[DEBUG] [application] - 2014-11-17 15:31:02 --> UTF-8 Support Enabled
[DEBUG] [application] - 2014-11-17 15:31:02 --> Hooks Class Initialized
[DEBUG] [application] - 2014-11-17 15:31:02 --> URI Class Initialized
[DEBUG] [application] - 2014-11-17 15:31:02 --> Router Class Initialized
[DEBUG] [application] - 2014-11-17 15:31:04 --> Application Class Initialized
[DEBUG] [application] - 2014-11-17 15:31:04 --> Utf8 Class Initialized
[DEBUG] [application] - 2014-11-17 15:31:04 --> UTF-8 Support Enabled
[DEBUG] [application] - 2014-11-17 15:31:04 --> Hooks Class Initialized
[DEBUG] [application] - 2014-11-17 15:31:04 --> URI Class Initialized
[DEBUG] [application] - 2014-11-17 15:31:04 --> Router Class Initialized
[DEBUG] [application] - 2014-11-17 15:31:50 --> Application Class Initialized
[DEBUG] [application] - 2014-11-17 15:31:50 --> Utf8 Class Initialized
[DEBUG] [application] - 2014-11-17 15:31:50 --> UTF-8 Support Enabled
[DEBUG] [application] - 2014-11-17 15:31:50 --> Hooks Class Initialized
[DEBUG] [application] - 2014-11-17 15:31:50 --> URI Class Initialized
[DEBUG] [application] - 2014-11-17 15:31:50 --> Router Class Initialized
[DEBUG] [application] - 2014-11-17 15:31:52 --> Application Class Initialized
[DEBUG] [application] - 2014-11-17 15:31:52 --> Utf8 Class Initialized
[DEBUG] [application] - 2014-11-17 15:31:52 --> UTF-8 Support Enabled
[DEBUG] [application] - 2014-11-17 15:31:52 --> Hooks Class Initialized
[DEBUG] [application] - 2014-11-17 15:31:52 --> URI Class Initialized
[DEBUG] [application] - 2014-11-17 15:31:52 --> Router Class Initialized
[DEBUG] [application] - 2014-11-17 15:31:53 --> Application Class Initialized
[DEBUG] [application] - 2014-11-17 15:31:53 --> Utf8 Class Initialized
[DEBUG] [application] - 2014-11-17 15:31:53 --> UTF-8 Support Enabled
[DEBUG] [application] - 2014-11-17 15:31:53 --> Hooks Class Initialized
[DEBUG] [application] - 2014-11-17 15:31:53 --> URI Class Initialized
[DEBUG] [application] - 2014-11-17 15:31:53 --> Router Class Initialized
[DEBUG] [application] - 2014-11-17 15:31:56 --> Application Class Initialized
[DEBUG] [application] - 2014-11-17 15:31:56 --> Utf8 Class Initialized
[DEBUG] [application] - 2014-11-17 15:31:56 --> UTF-8 Support Enabled
[DEBUG] [application] - 2014-11-17 15:31:56 --> Hooks Class Initialized
[DEBUG] [application] - 2014-11-17 15:31:56 --> URI Class Initialized
[DEBUG] [application] - 2014-11-17 15:31:56 --> Router Class Initialized
[DEBUG] [application] - 2014-11-17 15:32:14 --> Application Class Initialized
[DEBUG] [application] - 2014-11-17 15:32:14 --> Utf8 Class Initialized
[DEBUG] [application] - 2014-11-17 15:32:15 --> UTF-8 Support Enabled
[DEBUG] [application] - 2014-11-17 15:32:15 --> Hooks Class Initialized
[DEBUG] [application] - 2014-11-17 15:32:15 --> URI Class Initialized
[DEBUG] [application] - 2014-11-17 15:32:15 --> Router Class Initialized
[DEBUG] [application] - 2014-11-17 15:32:16 --> Application Class Initialized
[DEBUG] [application] - 2014-11-17 15:32:16 --> Utf8 Class Initialized
[DEBUG] [application] - 2014-11-17 15:32:16 --> UTF-8 Support Enabled
[DEBUG] [application] - 2014-11-17 15:32:16 --> Hooks Class Initialized
[DEBUG] [application] - 2014-11-17 15:32:16 --> URI Class Initialized
[DEBUG] [application] - 2014-11-17 15:32:16 --> Router Class Initialized
[DEBUG] [application] - 2014-11-17 15:32:18 --> Application Class Initialized
[DEBUG] [application] - 2014-11-17 15:32:18 --> Utf8 Class Initialized
[DEBUG] [application] - 2014-11-17 15:32:18 --> UTF-8 Support Enabled
[DEBUG] [application] - 2014-11-17 15:32:18 --> Hooks Class Initialized
[DEBUG] [application] - 2014-11-17 15:32:18 --> URI Class Initialized
[DEBUG] [application] - 2014-11-17 15:32:18 --> Router Class Initialized
[DEBUG] [application] - 2014-11-17 15:32:24 --> Application Class Initialized
[DEBUG] [application] - 2014-11-17 15:32:24 --> Utf8 Class Initialized
[DEBUG] [application] - 2014-11-17 15:32:24 --> UTF-8 Support Enabled
[DEBUG] [application] - 2014-11-17 15:32:24 --> Hooks Class Initialized
[DEBUG] [application] - 2014-11-17 15:32:24 --> URI Class Initialized
[DEBUG] [application] - 2014-11-17 15:32:24 --> Router Class Initialized
[DEBUG] [application] - 2014-11-17 15:32:27 --> Application Class Initialized
[DEBUG] [application] - 2014-11-17 15:32:27 --> Utf8 Class Initialized
[DEBUG] [application] - 2014-11-17 15:32:27 --> UTF-8 Support Enabled
[DEBUG] [application] - 2014-11-17 15:32:27 --> Hooks Class Initialized
[DEBUG] [application] - 2014-11-17 15:32:27 --> URI Class Initialized
[DEBUG] [application] - 2014-11-17 15:32:27 --> Router Class Initialized
[DEBUG] [application] - 2014-11-17 15:32:30 --> Application Class Initialized
[DEBUG] [application] - 2014-11-17 15:32:30 --> Utf8 Class Initialized
[DEBUG] [application] - 2014-11-17 15:32:30 --> UTF-8 Support Enabled
[DEBUG] [application] - 2014-11-17 15:32:30 --> Hooks Class Initialized
[DEBUG] [application] - 2014-11-17 15:32:30 --> URI Class Initialized
[DEBUG] [application] - 2014-11-17 15:32:30 --> Router Class Initialized
[DEBUG] [application] - 2014-11-17 15:32:33 --> Application Class Initialized
[DEBUG] [application] - 2014-11-17 15:32:33 --> Utf8 Class Initialized
[DEBUG] [application] - 2014-11-17 15:32:33 --> UTF-8 Support Enabled
[DEBUG] [application] - 2014-11-17 15:32:33 --> Hooks Class Initialized
[DEBUG] [application] - 2014-11-17 15:32:33 --> URI Class Initialized
[DEBUG] [application] - 2014-11-17 15:32:33 --> Router Class Initialized
[DEBUG] [application] - 2014-11-17 15:32:38 --> Application Class Initialized
[DEBUG] [application] - 2014-11-17 15:32:38 --> Utf8 Class Initialized
[DEBUG] [application] - 2014-11-17 15:32:38 --> UTF-8 Support Enabled
[DEBUG] [application] - 2014-11-17 15:32:38 --> Hooks Class Initialized
[DEBUG] [application] - 2014-11-17 15:32:38 --> URI Class Initialized
[DEBUG] [application] - 2014-11-17 15:32:38 --> Router Class Initialized
[DEBUG] [application] - 2014-11-17 15:33:34 --> Application Class Initialized
[DEBUG] [application] - 2014-11-17 15:33:34 --> Utf8 Class Initialized
[DEBUG] [application] - 2014-11-17 15:33:34 --> UTF-8 Support Enabled
[DEBUG] [application] - 2014-11-17 15:33:34 --> Hooks Class Initialized
[DEBUG] [application] - 2014-11-17 15:33:34 --> URI Class Initialized
[DEBUG] [application] - 2014-11-17 15:33:34 --> Router Class Initialized
[ERROR] [application] - 2014-11-17 15:33:34 --> 404 Page Not Found --> admin/admin
[DEBUG] [application] - 2014-11-17 15:33:39 --> Application Class Initialized
[DEBUG] [application] - 2014-11-17 15:33:39 --> Utf8 Class Initialized
[DEBUG] [application] - 2014-11-17 15:33:39 --> UTF-8 Support Enabled
[DEBUG] [application] - 2014-11-17 15:33:39 --> Hooks Class Initialized
[DEBUG] [application] - 2014-11-17 15:33:39 --> URI Class Initialized
[DEBUG] [application] - 2014-11-17 15:33:39 --> Router Class Initialized
[DEBUG] [application] - 2014-11-17 15:33:41 --> Application Class Initialized
[DEBUG] [application] - 2014-11-17 15:33:41 --> Utf8 Class Initialized
[DEBUG] [application] - 2014-11-17 15:33:41 --> UTF-8 Support Enabled
[DEBUG] [application] - 2014-11-17 15:33:41 --> Hooks Class Initialized
[DEBUG] [application] - 2014-11-17 15:33:41 --> URI Class Initialized
[DEBUG] [application] - 2014-11-17 15:33:41 --> Router Class Initialized
[DEBUG] [application] - 2014-11-17 15:33:44 --> Application Class Initialized
[DEBUG] [application] - 2014-11-17 15:33:44 --> Utf8 Class Initialized
[DEBUG] [application] - 2014-11-17 15:33:44 --> UTF-8 Support Enabled
[DEBUG] [application] - 2014-11-17 15:33:44 --> Hooks Class Initialized
[DEBUG] [application] - 2014-11-17 15:33:44 --> URI Class Initialized
[DEBUG] [application] - 2014-11-17 15:33:44 --> Router Class Initialized
[DEBUG] [application] - 2014-11-17 15:33:46 --> Application Class Initialized
[DEBUG] [application] - 2014-11-17 15:33:46 --> Utf8 Class Initialized
[DEBUG] [application] - 2014-11-17 15:33:46 --> UTF-8 Support Enabled
[DEBUG] [application] - 2014-11-17 15:33:46 --> Hooks Class Initialized
[DEBUG] [application] - 2014-11-17 15:33:46 --> URI Class Initialized
[DEBUG] [application] - 2014-11-17 15:33:46 --> Router Class Initialized
[DEBUG] [application] - 2014-11-17 15:33:48 --> Application Class Initialized
[DEBUG] [application] - 2014-11-17 15:33:48 --> Utf8 Class Initialized
[DEBUG] [application] - 2014-11-17 15:33:48 --> UTF-8 Support Enabled
[DEBUG] [application] - 2014-11-17 15:33:48 --> Hooks Class Initialized
[DEBUG] [application] - 2014-11-17 15:33:48 --> URI Class Initialized
[DEBUG] [application] - 2014-11-17 15:33:48 --> Router Class Initialized
[DEBUG] [application] - 2014-11-17 15:33:49 --> Application Class Initialized
[DEBUG] [application] - 2014-11-17 15:33:49 --> Utf8 Class Initialized
[DEBUG] [application] - 2014-11-17 15:33:49 --> UTF-8 Support Enabled
[DEBUG] [application] - 2014-11-17 15:33:49 --> Hooks Class Initialized
[DEBUG] [application] - 2014-11-17 15:33:49 --> URI Class Initialized
[DEBUG] [application] - 2014-11-17 15:33:49 --> Router Class Initialized
[DEBUG] [application] - 2014-11-17 15:43:05 --> Application Class Initialized
[DEBUG] [application] - 2014-11-17 15:43:05 --> Utf8 Class Initialized
[DEBUG] [application] - 2014-11-17 15:43:05 --> UTF-8 Support Enabled
[DEBUG] [application] - 2014-11-17 15:43:05 --> Hooks Class Initialized
[DEBUG] [application] - 2014-11-17 15:43:05 --> URI Class Initialized
[DEBUG] [application] - 2014-11-17 15:43:05 --> Router Class Initialized
[ERROR] [application] - 2014-11-17 15:43:05 --> Severity: Warning  --> include(BaseController.php): failed to open stream: No such file or directory /Users/geet/www/fly/framework/system/FlyBase.php 277
[ERROR] [application] - 2014-11-17 15:43:05 --> Severity: Warning  --> include(): Failed opening 'BaseController.php' for inclusion (include_path='.:') /Users/geet/www/fly/framework/system/FlyBase.php 277
[DEBUG] [application] - 2014-11-17 15:47:46 --> Application Class Initialized
[DEBUG] [application] - 2014-11-17 15:47:46 --> Utf8 Class Initialized
[DEBUG] [application] - 2014-11-17 15:47:46 --> UTF-8 Support Enabled
[DEBUG] [application] - 2014-11-17 15:47:46 --> Hooks Class Initialized
[DEBUG] [application] - 2014-11-17 15:47:46 --> URI Class Initialized
[DEBUG] [application] - 2014-11-17 15:47:46 --> Router Class Initialized
[DEBUG] [application] - 2014-11-17 15:47:48 --> Application Class Initialized
[DEBUG] [application] - 2014-11-17 15:47:48 --> Utf8 Class Initialized
[DEBUG] [application] - 2014-11-17 15:47:48 --> UTF-8 Support Enabled
[DEBUG] [application] - 2014-11-17 15:47:48 --> Hooks Class Initialized
[DEBUG] [application] - 2014-11-17 15:47:48 --> URI Class Initialized
[DEBUG] [application] - 2014-11-17 15:47:48 --> Router Class Initialized
[DEBUG] [application] - 2014-11-17 15:47:50 --> Application Class Initialized
[DEBUG] [application] - 2014-11-17 15:47:50 --> Utf8 Class Initialized
[DEBUG] [application] - 2014-11-17 15:47:50 --> UTF-8 Support Enabled
[DEBUG] [application] - 2014-11-17 15:47:50 --> Hooks Class Initialized
[DEBUG] [application] - 2014-11-17 15:47:50 --> URI Class Initialized
[DEBUG] [application] - 2014-11-17 15:47:50 --> Router Class Initialized
[DEBUG] [application] - 2014-11-17 15:47:52 --> Application Class Initialized
[DEBUG] [application] - 2014-11-17 15:47:52 --> Utf8 Class Initialized
[DEBUG] [application] - 2014-11-17 15:47:52 --> UTF-8 Support Enabled
[DEBUG] [application] - 2014-11-17 15:47:52 --> Hooks Class Initialized
[DEBUG] [application] - 2014-11-17 15:47:52 --> URI Class Initialized
[DEBUG] [application] - 2014-11-17 15:47:52 --> Router Class Initialized
[DEBUG] [application] - 2014-11-17 15:47:53 --> Application Class Initialized
[DEBUG] [application] - 2014-11-17 15:47:53 --> Utf8 Class Initialized
[DEBUG] [application] - 2014-11-17 15:47:53 --> UTF-8 Support Enabled
[DEBUG] [application] - 2014-11-17 15:47:53 --> Hooks Class Initialized
[DEBUG] [application] - 2014-11-17 15:47:53 --> URI Class Initialized
[DEBUG] [application] - 2014-11-17 15:47:53 --> Router Class Initialized
[DEBUG] [application] - 2014-11-17 15:49:19 --> Application Class Initialized
[DEBUG] [application] - 2014-11-17 15:49:19 --> Utf8 Class Initialized
[DEBUG] [application] - 2014-11-17 15:49:19 --> UTF-8 Support Enabled
[DEBUG] [application] - 2014-11-17 15:49:19 --> Hooks Class Initialized
[DEBUG] [application] - 2014-11-17 15:49:19 --> URI Class Initialized
[DEBUG] [application] - 2014-11-17 15:49:19 --> Router Class Initialized
[DEBUG] [application] - 2014-11-17 15:50:29 --> Application Class Initialized
[DEBUG] [application] - 2014-11-17 15:50:29 --> Utf8 Class Initialized
[DEBUG] [application] - 2014-11-17 15:50:29 --> UTF-8 Support Enabled
[DEBUG] [application] - 2014-11-17 15:50:30 --> Hooks Class Initialized
[DEBUG] [application] - 2014-11-17 15:50:30 --> URI Class Initialized
[DEBUG] [application] - 2014-11-17 15:50:30 --> Router Class Initialized
[DEBUG] [application] - 2014-11-17 15:50:31 --> Application Class Initialized
[DEBUG] [application] - 2014-11-17 15:50:31 --> Utf8 Class Initialized
[DEBUG] [application] - 2014-11-17 15:50:31 --> UTF-8 Support Enabled
[DEBUG] [application] - 2014-11-17 15:50:31 --> Hooks Class Initialized
[DEBUG] [application] - 2014-11-17 15:50:31 --> URI Class Initialized
[DEBUG] [application] - 2014-11-17 15:50:31 --> Router Class Initialized
[DEBUG] [application] - 2014-11-17 15:50:33 --> Application Class Initialized
[DEBUG] [application] - 2014-11-17 15:50:33 --> Utf8 Class Initialized
[DEBUG] [application] - 2014-11-17 15:50:33 --> UTF-8 Support Enabled
[DEBUG] [application] - 2014-11-17 15:50:33 --> Hooks Class Initialized
[DEBUG] [application] - 2014-11-17 15:50:33 --> URI Class Initialized
[DEBUG] [application] - 2014-11-17 15:50:33 --> Router Class Initialized
[DEBUG] [application] - 2014-11-17 15:50:34 --> Application Class Initialized
[DEBUG] [application] - 2014-11-17 15:50:34 --> Utf8 Class Initialized
[DEBUG] [application] - 2014-11-17 15:50:34 --> UTF-8 Support Enabled
[DEBUG] [application] - 2014-11-17 15:50:34 --> Hooks Class Initialized
[DEBUG] [application] - 2014-11-17 15:50:34 --> URI Class Initialized
[DEBUG] [application] - 2014-11-17 15:50:34 --> Router Class Initialized
[DEBUG] [application] - 2014-11-17 15:50:42 --> Application Class Initialized
[DEBUG] [application] - 2014-11-17 15:50:42 --> Utf8 Class Initialized
[DEBUG] [application] - 2014-11-17 15:50:42 --> UTF-8 Support Enabled
[DEBUG] [application] - 2014-11-17 15:50:42 --> Hooks Class Initialized
[DEBUG] [application] - 2014-11-17 15:50:42 --> URI Class Initialized
[DEBUG] [application] - 2014-11-17 15:50:42 --> Router Class Initialized
[DEBUG] [application] - 2014-11-17 15:53:23 --> Application Class Initialized
[DEBUG] [application] - 2014-11-17 15:53:23 --> Utf8 Class Initialized
[DEBUG] [application] - 2014-11-17 15:53:23 --> UTF-8 Support Enabled
[DEBUG] [application] - 2014-11-17 15:53:23 --> Hooks Class Initialized
[DEBUG] [application] - 2014-11-17 15:53:23 --> URI Class Initialized
[DEBUG] [application] - 2014-11-17 15:53:23 --> Router Class Initialized
[DEBUG] [application] - 2014-11-17 15:53:24 --> Application Class Initialized
[DEBUG] [application] - 2014-11-17 15:53:24 --> Utf8 Class Initialized
[DEBUG] [application] - 2014-11-17 15:53:24 --> UTF-8 Support Enabled
[DEBUG] [application] - 2014-11-17 15:53:24 --> Hooks Class Initialized
[DEBUG] [application] - 2014-11-17 15:53:24 --> URI Class Initialized
[DEBUG] [application] - 2014-11-17 15:53:24 --> Router Class Initialized
[DEBUG] [application] - 2014-11-17 16:13:16 --> Application Class Initialized
[DEBUG] [application] - 2014-11-17 16:13:16 --> Utf8 Class Initialized
[DEBUG] [application] - 2014-11-17 16:13:16 --> UTF-8 Support Enabled
[DEBUG] [application] - 2014-11-17 16:13:16 --> Hooks Class Initialized
[DEBUG] [application] - 2014-11-17 16:13:16 --> URI Class Initialized
[DEBUG] [application] - 2014-11-17 16:13:16 --> Router Class Initialized
[DEBUG] [application] - 2014-11-17 16:13:17 --> Application Class Initialized
[DEBUG] [application] - 2014-11-17 16:13:17 --> Utf8 Class Initialized
[DEBUG] [application] - 2014-11-17 16:13:17 --> UTF-8 Support Enabled
[DEBUG] [application] - 2014-11-17 16:13:17 --> Hooks Class Initialized
[DEBUG] [application] - 2014-11-17 16:13:17 --> URI Class Initialized
[DEBUG] [application] - 2014-11-17 16:13:17 --> Router Class Initialized
[DEBUG] [application] - 2014-11-17 16:15:03 --> Application Class Initialized
[DEBUG] [application] - 2014-11-17 16:15:03 --> Utf8 Class Initialized
[DEBUG] [application] - 2014-11-17 16:15:03 --> UTF-8 Support Enabled
[DEBUG] [application] - 2014-11-17 16:15:03 --> Hooks Class Initialized
[DEBUG] [application] - 2014-11-17 16:15:03 --> URI Class Initialized
[DEBUG] [application] - 2014-11-17 16:15:03 --> Router Class Initialized
[DEBUG] [application] - 2014-11-17 16:15:04 --> Application Class Initialized
[DEBUG] [application] - 2014-11-17 16:15:04 --> Utf8 Class Initialized
[DEBUG] [application] - 2014-11-17 16:15:04 --> UTF-8 Support Enabled
[DEBUG] [application] - 2014-11-17 16:15:04 --> Hooks Class Initialized
[DEBUG] [application] - 2014-11-17 16:15:04 --> URI Class Initialized
[DEBUG] [application] - 2014-11-17 16:15:04 --> Router Class Initialized
[DEBUG] [application] - 2014-11-17 16:15:19 --> Application Class Initialized
[DEBUG] [application] - 2014-11-17 16:15:19 --> Utf8 Class Initialized
[DEBUG] [application] - 2014-11-17 16:15:19 --> UTF-8 Support Enabled
[DEBUG] [application] - 2014-11-17 16:15:19 --> Hooks Class Initialized
[DEBUG] [application] - 2014-11-17 16:15:19 --> URI Class Initialized
[DEBUG] [application] - 2014-11-17 16:15:19 --> Router Class Initialized
[DEBUG] [application] - 2014-11-17 16:15:21 --> Application Class Initialized
[DEBUG] [application] - 2014-11-17 16:15:21 --> Utf8 Class Initialized
[DEBUG] [application] - 2014-11-17 16:15:21 --> UTF-8 Support Enabled
[DEBUG] [application] - 2014-11-17 16:15:21 --> Hooks Class Initialized
[DEBUG] [application] - 2014-11-17 16:15:21 --> URI Class Initialized
[DEBUG] [application] - 2014-11-17 16:15:21 --> Router Class Initialized
[DEBUG] [application] - 2014-11-17 16:15:23 --> Application Class Initialized
[DEBUG] [application] - 2014-11-17 16:15:23 --> Utf8 Class Initialized
[DEBUG] [application] - 2014-11-17 16:15:23 --> UTF-8 Support Enabled
[DEBUG] [application] - 2014-11-17 16:15:23 --> Hooks Class Initialized
[DEBUG] [application] - 2014-11-17 16:15:23 --> URI Class Initialized
[DEBUG] [application] - 2014-11-17 16:15:23 --> Router Class Initialized
[DEBUG] [application] - 2014-11-17 16:15:31 --> Application Class Initialized
[DEBUG] [application] - 2014-11-17 16:15:31 --> Utf8 Class Initialized
[DEBUG] [application] - 2014-11-17 16:15:31 --> UTF-8 Support Enabled
[DEBUG] [application] - 2014-11-17 16:15:31 --> Hooks Class Initialized
[DEBUG] [application] - 2014-11-17 16:15:31 --> URI Class Initialized
[DEBUG] [application] - 2014-11-17 16:15:31 --> Router Class Initialized
[DEBUG] [application] - 2014-11-17 16:15:35 --> Application Class Initialized
[DEBUG] [application] - 2014-11-17 16:15:35 --> Utf8 Class Initialized
[DEBUG] [application] - 2014-11-17 16:15:35 --> UTF-8 Support Enabled
[DEBUG] [application] - 2014-11-17 16:15:35 --> Hooks Class Initialized
[DEBUG] [application] - 2014-11-17 16:15:35 --> URI Class Initialized
[DEBUG] [application] - 2014-11-17 16:15:35 --> Router Class Initialized
[DEBUG] [application] - 2014-11-17 16:20:50 --> Application Class Initialized
[DEBUG] [application] - 2014-11-17 16:20:50 --> Utf8 Class Initialized
[DEBUG] [application] - 2014-11-17 16:20:50 --> UTF-8 Support Enabled
[DEBUG] [application] - 2014-11-17 16:20:50 --> Hooks Class Initialized
[DEBUG] [application] - 2014-11-17 16:20:50 --> URI Class Initialized
[DEBUG] [application] - 2014-11-17 16:20:50 --> Router Class Initialized
[DEBUG] [application] - 2014-11-17 16:25:21 --> Application Class Initialized
[DEBUG] [application] - 2014-11-17 16:25:21 --> Utf8 Class Initialized
[DEBUG] [application] - 2014-11-17 16:25:21 --> UTF-8 Support Enabled
[DEBUG] [application] - 2014-11-17 16:25:21 --> Hooks Class Initialized
[DEBUG] [application] - 2014-11-17 16:25:21 --> URI Class Initialized
[DEBUG] [application] - 2014-11-17 16:25:21 --> Router Class Initialized
[ERROR] [application] - 2014-11-17 16:25:21 --> 404 Page Not Found --> do
[DEBUG] [application] - 2014-11-17 16:25:25 --> Application Class Initialized
[DEBUG] [application] - 2014-11-17 16:25:25 --> Utf8 Class Initialized
[DEBUG] [application] - 2014-11-17 16:25:25 --> UTF-8 Support Enabled
[DEBUG] [application] - 2014-11-17 16:25:25 --> Hooks Class Initialized
[DEBUG] [application] - 2014-11-17 16:25:25 --> URI Class Initialized
[DEBUG] [application] - 2014-11-17 16:25:25 --> Router Class Initialized
[DEBUG] [application] - 2014-11-17 16:25:28 --> Application Class Initialized
[DEBUG] [application] - 2014-11-17 16:25:28 --> Utf8 Class Initialized
[DEBUG] [application] - 2014-11-17 16:25:28 --> UTF-8 Support Enabled
[DEBUG] [application] - 2014-11-17 16:25:28 --> Hooks Class Initialized
[DEBUG] [application] - 2014-11-17 16:25:28 --> URI Class Initialized
[DEBUG] [application] - 2014-11-17 16:25:28 --> Router Class Initialized
[DEBUG] [application] - 2014-11-17 16:25:30 --> Application Class Initialized
[DEBUG] [application] - 2014-11-17 16:25:30 --> Utf8 Class Initialized
[DEBUG] [application] - 2014-11-17 16:25:30 --> UTF-8 Support Enabled
[DEBUG] [application] - 2014-11-17 16:25:30 --> Hooks Class Initialized
[DEBUG] [application] - 2014-11-17 16:25:30 --> URI Class Initialized
[DEBUG] [application] - 2014-11-17 16:25:30 --> Router Class Initialized
[DEBUG] [application] - 2014-11-17 16:49:05 --> Application Class Initialized
[DEBUG] [application] - 2014-11-17 16:49:05 --> Utf8 Class Initialized
[DEBUG] [application] - 2014-11-17 16:49:05 --> UTF-8 Support Enabled
[DEBUG] [application] - 2014-11-17 16:49:05 --> Hooks Class Initialized
[DEBUG] [application] - 2014-11-17 16:49:05 --> URI Class Initialized
[DEBUG] [application] - 2014-11-17 16:49:05 --> Router Class Initialized
