[DEBUG] [system.Module] - 2015-03-09 11:25:07 --> Loading "Benchmark" application component
[DEBUG] [application] - 2015-03-09 11:25:07 --> Application Class Initialized
[DEBUG] [application] - 2015-03-09 11:25:07 --> UTF-8 Support Enabled
[DEBUG] [system.Module] - 2015-03-09 11:25:07 --> Loading "Hooks" application component
[DEBUG] [application] - 2015-03-09 11:25:07 --> Hooks Class Initialized
[DEBUG] [system.Module] - 2015-03-09 11:25:07 --> Loading "output" application component
[DEBUG] [application] - 2015-03-09 11:25:07 --> Config file loaded: /Users/geet/www/flyframework/application/config/mimes.php
[DEBUG] [application] - 2015-03-09 11:25:07 --> Output Class Initialized
[DEBUG] [system.Module] - 2015-03-09 11:25:07 --> Loading "httpRequest" application component
[DEBUG] [application] - 2015-03-09 11:25:07 --> HttpRequest Class Initialized
[DEBUG] [system.Module] - 2015-03-09 11:25:07 --> Loading "Security" application component
[DEBUG] [application] - 2015-03-09 11:25:07 --> Security Class Initialized
[DEBUG] [application] - 2015-03-09 11:25:07 --> Global POST and COOKIE data sanitized
[DEBUG] [system.Module] - 2015-03-09 11:25:07 --> Loading "Router" application component
[DEBUG] [system.Module] - 2015-03-09 11:25:07 --> Loading "uri" application component
[DEBUG] [application] - 2015-03-09 11:25:07 --> URI Class Initialized
[DEBUG] [application] - 2015-03-09 11:25:07 --> Router Class Initialized
[DEBUG] [application] - 2015-03-09 11:25:07 --> Config file loaded: /Users/geet/www/flyframework/application/config/routes.php
[DEBUG] [application] - 2015-03-09 11:25:07 --> No URI present. Default controller set.
[DEBUG] [system.Module] - 2015-03-09 11:25:07 --> Loading "DB" application component
[DEBUG] [application] - 2015-03-09 11:26:27 --> Application Class Initialized
[DEBUG] [system.Module] - 2015-03-09 11:26:27 --> Loading "Benchmark" application component
[DEBUG] [application] - 2015-03-09 11:26:27 --> UTF-8 Support Enabled
[DEBUG] [system.Module] - 2015-03-09 11:26:27 --> Loading "Hooks" application component
[DEBUG] [application] - 2015-03-09 11:26:27 --> Hooks Class Initialized
[DEBUG] [system.Module] - 2015-03-09 11:26:27 --> Loading "output" application component
[DEBUG] [application] - 2015-03-09 11:26:27 --> Config file loaded: /Users/geet/www/flyframework/application/config/mimes.php
[DEBUG] [application] - 2015-03-09 11:26:27 --> Output Class Initialized
[DEBUG] [system.Module] - 2015-03-09 11:26:27 --> Loading "httpRequest" application component
[DEBUG] [application] - 2015-03-09 11:26:27 --> HttpRequest Class Initialized
[DEBUG] [system.Module] - 2015-03-09 11:26:27 --> Loading "Security" application component
[DEBUG] [application] - 2015-03-09 11:26:27 --> Security Class Initialized
[DEBUG] [application] - 2015-03-09 11:26:27 --> Global POST and COOKIE data sanitized
[DEBUG] [system.Module] - 2015-03-09 11:26:27 --> Loading "Router" application component
[DEBUG] [system.Module] - 2015-03-09 11:26:27 --> Loading "uri" application component
[DEBUG] [application] - 2015-03-09 11:26:27 --> URI Class Initialized
[DEBUG] [application] - 2015-03-09 11:26:27 --> Router Class Initialized
[DEBUG] [application] - 2015-03-09 11:26:27 --> Config file loaded: /Users/geet/www/flyframework/application/config/routes.php
[DEBUG] [application] - 2015-03-09 11:26:27 --> No URI present. Default controller set.
[DEBUG] [system.Module] - 2015-03-09 11:26:27 --> Loading "DB" application component
[DEBUG] [application] - 2015-03-09 11:26:28 --> Application Class Initialized
[DEBUG] [system.Module] - 2015-03-09 11:26:28 --> Loading "Benchmark" application component
[DEBUG] [application] - 2015-03-09 11:26:28 --> UTF-8 Support Enabled
[DEBUG] [system.Module] - 2015-03-09 11:26:28 --> Loading "Hooks" application component
[DEBUG] [application] - 2015-03-09 11:26:28 --> Hooks Class Initialized
[DEBUG] [system.Module] - 2015-03-09 11:26:28 --> Loading "output" application component
[DEBUG] [application] - 2015-03-09 11:26:28 --> Config file loaded: /Users/geet/www/flyframework/application/config/mimes.php
[DEBUG] [application] - 2015-03-09 11:26:28 --> Output Class Initialized
[DEBUG] [system.Module] - 2015-03-09 11:26:28 --> Loading "httpRequest" application component
[DEBUG] [application] - 2015-03-09 11:26:28 --> HttpRequest Class Initialized
[DEBUG] [system.Module] - 2015-03-09 11:26:28 --> Loading "Security" application component
[DEBUG] [application] - 2015-03-09 11:26:28 --> Security Class Initialized
[DEBUG] [application] - 2015-03-09 11:26:28 --> Global POST and COOKIE data sanitized
[DEBUG] [system.Module] - 2015-03-09 11:26:28 --> Loading "Router" application component
[DEBUG] [system.Module] - 2015-03-09 11:26:28 --> Loading "uri" application component
[DEBUG] [application] - 2015-03-09 11:26:28 --> URI Class Initialized
[DEBUG] [application] - 2015-03-09 11:26:29 --> Router Class Initialized
[DEBUG] [application] - 2015-03-09 11:26:29 --> Config file loaded: /Users/geet/www/flyframework/application/config/routes.php
[DEBUG] [application] - 2015-03-09 11:26:29 --> No URI present. Default controller set.
[DEBUG] [system.Module] - 2015-03-09 11:26:29 --> Loading "DB" application component
[DEBUG] [application] - 2015-03-09 11:26:31 --> Application Class Initialized
[DEBUG] [system.Module] - 2015-03-09 11:26:31 --> Loading "Benchmark" application component
[DEBUG] [application] - 2015-03-09 11:26:31 --> UTF-8 Support Enabled
[DEBUG] [system.Module] - 2015-03-09 11:26:31 --> Loading "Hooks" application component
[DEBUG] [application] - 2015-03-09 11:26:31 --> Hooks Class Initialized
[DEBUG] [system.Module] - 2015-03-09 11:26:31 --> Loading "output" application component
[DEBUG] [application] - 2015-03-09 11:26:31 --> Config file loaded: /Users/geet/www/flyframework/application/config/mimes.php
[DEBUG] [application] - 2015-03-09 11:26:31 --> Output Class Initialized
[DEBUG] [system.Module] - 2015-03-09 11:26:31 --> Loading "httpRequest" application component
[DEBUG] [application] - 2015-03-09 11:26:31 --> HttpRequest Class Initialized
[DEBUG] [system.Module] - 2015-03-09 11:26:31 --> Loading "Security" application component
[DEBUG] [application] - 2015-03-09 11:26:31 --> Security Class Initialized
[DEBUG] [application] - 2015-03-09 11:26:31 --> Global POST and COOKIE data sanitized
[DEBUG] [system.Module] - 2015-03-09 11:26:31 --> Loading "Router" application component
[DEBUG] [system.Module] - 2015-03-09 11:26:31 --> Loading "uri" application component
[DEBUG] [application] - 2015-03-09 11:26:31 --> URI Class Initialized
[DEBUG] [application] - 2015-03-09 11:26:31 --> Router Class Initialized
[DEBUG] [application] - 2015-03-09 11:26:31 --> Config file loaded: /Users/geet/www/flyframework/application/config/routes.php
[DEBUG] [application] - 2015-03-09 11:26:32 --> No URI present. Default controller set.
[DEBUG] [system.Module] - 2015-03-09 11:26:32 --> Loading "DB" application component
[DEBUG] [application] - 2015-03-09 11:29:12 --> Application Class Initialized
[DEBUG] [system.Module] - 2015-03-09 11:29:12 --> Loading "Benchmark" application component
[DEBUG] [application] - 2015-03-09 11:29:12 --> UTF-8 Support Enabled
[DEBUG] [system.Module] - 2015-03-09 11:29:12 --> Loading "Hooks" application component
[DEBUG] [application] - 2015-03-09 11:29:12 --> Hooks Class Initialized
[DEBUG] [system.Module] - 2015-03-09 11:29:12 --> Loading "output" application component
[DEBUG] [application] - 2015-03-09 11:29:12 --> Config file loaded: /Users/geet/www/flyframework/application/config/mimes.php
[DEBUG] [application] - 2015-03-09 11:29:12 --> Output Class Initialized
[DEBUG] [system.Module] - 2015-03-09 11:29:12 --> Loading "httpRequest" application component
[DEBUG] [application] - 2015-03-09 11:29:12 --> HttpRequest Class Initialized
[DEBUG] [system.Module] - 2015-03-09 11:29:12 --> Loading "Security" application component
[DEBUG] [application] - 2015-03-09 11:29:12 --> Security Class Initialized
[DEBUG] [application] - 2015-03-09 11:29:12 --> Global POST and COOKIE data sanitized
[DEBUG] [system.Module] - 2015-03-09 11:29:12 --> Loading "Router" application component
[DEBUG] [system.Module] - 2015-03-09 11:29:12 --> Loading "uri" application component
[DEBUG] [application] - 2015-03-09 11:29:12 --> URI Class Initialized
[DEBUG] [application] - 2015-03-09 11:29:12 --> Router Class Initialized
[DEBUG] [application] - 2015-03-09 11:29:12 --> Config file loaded: /Users/geet/www/flyframework/application/config/routes.php
[DEBUG] [application] - 2015-03-09 11:29:12 --> No URI present. Default controller set.
[DEBUG] [system.Module] - 2015-03-09 11:29:12 --> Loading "DB" application component
[DEBUG] [application] - 2015-03-09 11:29:14 --> Application Class Initialized
[DEBUG] [system.Module] - 2015-03-09 11:29:14 --> Loading "Benchmark" application component
[DEBUG] [application] - 2015-03-09 11:29:14 --> UTF-8 Support Enabled
[DEBUG] [system.Module] - 2015-03-09 11:29:14 --> Loading "Hooks" application component
[DEBUG] [application] - 2015-03-09 11:29:14 --> Hooks Class Initialized
[DEBUG] [system.Module] - 2015-03-09 11:29:14 --> Loading "output" application component
[DEBUG] [application] - 2015-03-09 11:29:14 --> Config file loaded: /Users/geet/www/flyframework/application/config/mimes.php
[DEBUG] [application] - 2015-03-09 11:29:14 --> Output Class Initialized
[DEBUG] [system.Module] - 2015-03-09 11:29:14 --> Loading "httpRequest" application component
[DEBUG] [application] - 2015-03-09 11:29:14 --> HttpRequest Class Initialized
[DEBUG] [system.Module] - 2015-03-09 11:29:14 --> Loading "Security" application component
[DEBUG] [application] - 2015-03-09 11:29:14 --> Security Class Initialized
[DEBUG] [application] - 2015-03-09 11:29:14 --> Global POST and COOKIE data sanitized
[DEBUG] [system.Module] - 2015-03-09 11:29:14 --> Loading "Router" application component
[DEBUG] [system.Module] - 2015-03-09 11:29:14 --> Loading "uri" application component
[DEBUG] [application] - 2015-03-09 11:29:14 --> URI Class Initialized
[DEBUG] [application] - 2015-03-09 11:29:14 --> Router Class Initialized
[DEBUG] [application] - 2015-03-09 11:29:14 --> Config file loaded: /Users/geet/www/flyframework/application/config/routes.php
[DEBUG] [application] - 2015-03-09 11:29:14 --> No URI present. Default controller set.
[DEBUG] [system.Module] - 2015-03-09 11:29:14 --> Loading "DB" application component
[DEBUG] [application] - 2015-03-09 16:54:00 --> Application Class Initialized
[DEBUG] [system.Module] - 2015-03-09 16:54:00 --> Loading "Benchmark" application component
[DEBUG] [application] - 2015-03-09 16:54:00 --> UTF-8 Support Enabled
[DEBUG] [system.Module] - 2015-03-09 16:54:00 --> Loading "Hooks" application component
[DEBUG] [application] - 2015-03-09 16:54:00 --> Config file loaded: /Users/geet/www/flyframework/application/config/hooks.php
[DEBUG] [application] - 2015-03-09 16:54:00 --> Hooks Class Initialized
[DEBUG] [system.Module] - 2015-03-09 16:54:00 --> Loading "output" application component
[DEBUG] [application] - 2015-03-09 16:54:00 --> Config file loaded: /Users/geet/www/flyframework/application/config/mimes.php
[DEBUG] [application] - 2015-03-09 16:54:00 --> Output Class Initialized
[DEBUG] [system.Module] - 2015-03-09 16:54:00 --> Loading "httpRequest" application component
[DEBUG] [application] - 2015-03-09 16:54:00 --> HttpRequest Class Initialized
[DEBUG] [system.Module] - 2015-03-09 16:54:00 --> Loading "Security" application component
[DEBUG] [application] - 2015-03-09 16:54:00 --> Security Class Initialized
[DEBUG] [application] - 2015-03-09 16:54:00 --> Global POST and COOKIE data sanitized
[DEBUG] [system.Module] - 2015-03-09 16:54:00 --> Loading "Router" application component
[DEBUG] [system.Module] - 2015-03-09 16:54:00 --> Loading "uri" application component
[DEBUG] [application] - 2015-03-09 16:54:00 --> URI Class Initialized
[DEBUG] [application] - 2015-03-09 16:54:00 --> Router Class Initialized
[DEBUG] [application] - 2015-03-09 16:54:00 --> Config file loaded: /Users/geet/www/flyframework/application/config/routes.php
[DEBUG] [application] - 2015-03-09 16:54:00 --> No URI present. Default controller set.
[DEBUG] [system.Module] - 2015-03-09 16:54:00 --> Loading "DB" application component
[DEBUG] [application] - 2015-03-09 16:54:03 --> Application Class Initialized
[DEBUG] [system.Module] - 2015-03-09 16:54:03 --> Loading "Benchmark" application component
[DEBUG] [application] - 2015-03-09 16:54:03 --> UTF-8 Support Enabled
[DEBUG] [system.Module] - 2015-03-09 16:54:03 --> Loading "Hooks" application component
[DEBUG] [application] - 2015-03-09 16:54:03 --> Config file loaded: /Users/geet/www/flyframework/application/config/hooks.php
[DEBUG] [application] - 2015-03-09 16:54:03 --> Hooks Class Initialized
[DEBUG] [system.Module] - 2015-03-09 16:54:03 --> Loading "output" application component
[DEBUG] [application] - 2015-03-09 16:54:03 --> Config file loaded: /Users/geet/www/flyframework/application/config/mimes.php
[DEBUG] [application] - 2015-03-09 16:54:03 --> Output Class Initialized
[DEBUG] [system.Module] - 2015-03-09 16:54:03 --> Loading "httpRequest" application component
[DEBUG] [application] - 2015-03-09 16:54:03 --> HttpRequest Class Initialized
[DEBUG] [system.Module] - 2015-03-09 16:54:03 --> Loading "Security" application component
[DEBUG] [application] - 2015-03-09 16:54:03 --> Security Class Initialized
[DEBUG] [application] - 2015-03-09 16:54:03 --> Global POST and COOKIE data sanitized
[DEBUG] [system.Module] - 2015-03-09 16:54:03 --> Loading "Router" application component
[DEBUG] [system.Module] - 2015-03-09 16:54:03 --> Loading "uri" application component
[DEBUG] [application] - 2015-03-09 16:54:03 --> URI Class Initialized
[DEBUG] [application] - 2015-03-09 16:54:03 --> Router Class Initialized
[DEBUG] [application] - 2015-03-09 16:54:03 --> Config file loaded: /Users/geet/www/flyframework/application/config/routes.php
[DEBUG] [application] - 2015-03-09 16:54:03 --> No URI present. Default controller set.
[DEBUG] [system.Module] - 2015-03-09 16:54:03 --> Loading "DB" application component
