[DEBUG] [application] - 2014-12-31 23:23:41 --> Application Class Initialized
[DEBUG] [system.Module] - 2014-12-31 23:23:41 --> Loading "Log" application component
[DEBUG] [system.Module] - 2014-12-31 23:23:41 --> Loading "Utf8" application component
[DEBUG] [application] - 2014-12-31 23:23:41 --> Utf8 Class Initialized
[DEBUG] [application] - 2014-12-31 23:23:41 --> UTF-8 Support Enabled
[DEBUG] [system.Module] - 2014-12-31 23:23:41 --> Loading "Hooks" application component
[DEBUG] [application] - 2014-12-31 23:23:41 --> Hooks Class Initialized
[DEBUG] [system.Module] - 2014-12-31 23:23:41 --> Loading "Router" application component
[DEBUG] [system.Module] - 2014-12-31 23:23:41 --> Loading "Uri" application component
[DEBUG] [application] - 2014-12-31 23:23:41 --> URI Class Initialized
[DEBUG] [application] - 2014-12-31 23:23:41 --> Router Class Initialized
[DEBUG] [application] - 2014-12-31 23:23:41 --> Config file loaded: /Users/geet/www/fly/framework/application/config/routes.php
[DEBUG] [application] - 2014-12-31 23:23:41 --> No URI present. Default controller set.
[DEBUG] [application] - 2014-12-31 23:23:41 --> XML-RPC Class Initialized
[DEBUG] [application] - 2014-12-31 23:23:41 --> XML-RPC Class Initialized
[DEBUG] [application] - 2014-12-31 23:23:41 --> XML-RPC Class Initialized
[DEBUG] [application] - 2014-12-31 23:23:41 --> XML-RPC Class Initialized
[DEBUG] [application] - 2014-12-31 23:23:41 --> XML-RPC Class Initialized
[DEBUG] [application] - 2014-12-31 23:23:42 --> XML-RPC Class Initialized
[DEBUG] [application] - 2014-12-31 23:23:42 --> XML-RPC Class Initialized
[DEBUG] [application] - 2014-12-31 23:23:42 --> XML-RPC Class Initialized
[DEBUG] [system.Module] - 2014-12-31 23:23:42 --> Loading "Security" application component
[DEBUG] [application] - 2014-12-31 23:23:42 --> Security Class Initialized
[DEBUG] [application] - 2014-12-31 23:23:42 --> XSS Filtering completed
[DEBUG] [application] - 2014-12-31 23:23:42 --> XSS Filtering completed
[DEBUG] [application] - 2014-12-31 23:23:48 --> Application Class Initialized
[DEBUG] [system.Module] - 2014-12-31 23:23:48 --> Loading "Log" application component
[DEBUG] [system.Module] - 2014-12-31 23:23:48 --> Loading "Utf8" application component
[DEBUG] [application] - 2014-12-31 23:23:48 --> Utf8 Class Initialized
[DEBUG] [application] - 2014-12-31 23:23:48 --> UTF-8 Support Enabled
[DEBUG] [system.Module] - 2014-12-31 23:23:48 --> Loading "Hooks" application component
[DEBUG] [application] - 2014-12-31 23:23:48 --> Hooks Class Initialized
[DEBUG] [system.Module] - 2014-12-31 23:23:48 --> Loading "Router" application component
[DEBUG] [system.Module] - 2014-12-31 23:23:48 --> Loading "Uri" application component
[DEBUG] [application] - 2014-12-31 23:23:48 --> URI Class Initialized
[DEBUG] [application] - 2014-12-31 23:23:48 --> Router Class Initialized
[DEBUG] [application] - 2014-12-31 23:23:48 --> Config file loaded: /Users/geet/www/fly/framework/application/config/routes.php
[DEBUG] [application] - 2014-12-31 23:23:48 --> No URI present. Default controller set.
[DEBUG] [application] - 2014-12-31 23:23:48 --> XML-RPC Class Initialized
[DEBUG] [application] - 2014-12-31 23:23:48 --> XML-RPC Class Initialized
[DEBUG] [application] - 2014-12-31 23:23:48 --> XML-RPC Class Initialized
[DEBUG] [application] - 2014-12-31 23:23:48 --> XML-RPC Class Initialized
[DEBUG] [application] - 2014-12-31 23:23:48 --> XML-RPC Class Initialized
[DEBUG] [application] - 2014-12-31 23:23:48 --> XML-RPC Class Initialized
[DEBUG] [application] - 2014-12-31 23:23:48 --> XML-RPC Class Initialized
[DEBUG] [application] - 2014-12-31 23:23:48 --> XML-RPC Class Initialized
[DEBUG] [system.Module] - 2014-12-31 23:23:48 --> Loading "Security" application component
[DEBUG] [application] - 2014-12-31 23:23:48 --> Security Class Initialized
[DEBUG] [application] - 2014-12-31 23:23:48 --> XSS Filtering completed
[DEBUG] [application] - 2014-12-31 23:23:48 --> XSS Filtering completed
[DEBUG] [application] - 2014-12-31 23:40:33 --> Application Class Initialized
[DEBUG] [system.Module] - 2014-12-31 23:40:33 --> Loading "Log" application component
[DEBUG] [system.Module] - 2014-12-31 23:40:33 --> Loading "Utf8" application component
[DEBUG] [application] - 2014-12-31 23:40:33 --> Utf8 Class Initialized
[DEBUG] [application] - 2014-12-31 23:40:33 --> UTF-8 Support Enabled
[DEBUG] [system.Module] - 2014-12-31 23:40:33 --> Loading "Hooks" application component
[DEBUG] [application] - 2014-12-31 23:40:33 --> Hooks Class Initialized
[DEBUG] [system.Module] - 2014-12-31 23:40:33 --> Loading "Router" application component
[DEBUG] [system.Module] - 2014-12-31 23:40:33 --> Loading "Uri" application component
[DEBUG] [application] - 2014-12-31 23:40:33 --> URI Class Initialized
[DEBUG] [application] - 2014-12-31 23:40:33 --> Router Class Initialized
[DEBUG] [application] - 2014-12-31 23:40:33 --> Config file loaded: /Users/geet/www/fly/framework/application/config/routes.php
[DEBUG] [application] - 2014-12-31 23:40:35 --> Application Class Initialized
[DEBUG] [system.Module] - 2014-12-31 23:40:35 --> Loading "Log" application component
[DEBUG] [system.Module] - 2014-12-31 23:40:35 --> Loading "Utf8" application component
[DEBUG] [application] - 2014-12-31 23:40:35 --> Utf8 Class Initialized
[DEBUG] [application] - 2014-12-31 23:40:35 --> UTF-8 Support Enabled
[DEBUG] [system.Module] - 2014-12-31 23:40:35 --> Loading "Hooks" application component
[DEBUG] [application] - 2014-12-31 23:40:35 --> Hooks Class Initialized
[DEBUG] [system.Module] - 2014-12-31 23:40:35 --> Loading "Router" application component
[DEBUG] [system.Module] - 2014-12-31 23:40:35 --> Loading "Uri" application component
[DEBUG] [application] - 2014-12-31 23:40:35 --> URI Class Initialized
[DEBUG] [application] - 2014-12-31 23:40:35 --> Router Class Initialized
[DEBUG] [application] - 2014-12-31 23:40:35 --> Config file loaded: /Users/geet/www/fly/framework/application/config/routes.php
[DEBUG] [application] - 2014-12-31 23:40:37 --> Application Class Initialized
[DEBUG] [system.Module] - 2014-12-31 23:40:37 --> Loading "Log" application component
[DEBUG] [system.Module] - 2014-12-31 23:40:37 --> Loading "Utf8" application component
[DEBUG] [application] - 2014-12-31 23:40:37 --> Utf8 Class Initialized
[DEBUG] [application] - 2014-12-31 23:40:37 --> UTF-8 Support Enabled
[DEBUG] [system.Module] - 2014-12-31 23:40:37 --> Loading "Hooks" application component
[DEBUG] [application] - 2014-12-31 23:40:37 --> Hooks Class Initialized
[DEBUG] [system.Module] - 2014-12-31 23:40:37 --> Loading "Router" application component
[DEBUG] [system.Module] - 2014-12-31 23:40:37 --> Loading "Uri" application component
[DEBUG] [application] - 2014-12-31 23:40:37 --> URI Class Initialized
[DEBUG] [application] - 2014-12-31 23:40:37 --> Router Class Initialized
[DEBUG] [application] - 2014-12-31 23:40:37 --> Config file loaded: /Users/geet/www/fly/framework/application/config/routes.php
[DEBUG] [application] - 2014-12-31 23:40:39 --> Application Class Initialized
[DEBUG] [system.Module] - 2014-12-31 23:40:39 --> Loading "Log" application component
[DEBUG] [system.Module] - 2014-12-31 23:40:39 --> Loading "Utf8" application component
[DEBUG] [application] - 2014-12-31 23:40:39 --> Utf8 Class Initialized
[DEBUG] [application] - 2014-12-31 23:40:39 --> UTF-8 Support Enabled
[DEBUG] [system.Module] - 2014-12-31 23:40:39 --> Loading "Hooks" application component
[DEBUG] [application] - 2014-12-31 23:40:39 --> Hooks Class Initialized
[DEBUG] [system.Module] - 2014-12-31 23:40:39 --> Loading "Router" application component
[DEBUG] [system.Module] - 2014-12-31 23:40:39 --> Loading "Uri" application component
[DEBUG] [application] - 2014-12-31 23:40:39 --> URI Class Initialized
[DEBUG] [application] - 2014-12-31 23:40:39 --> Router Class Initialized
[DEBUG] [application] - 2014-12-31 23:40:39 --> Config file loaded: /Users/geet/www/fly/framework/application/config/routes.php
[DEBUG] [application] - 2014-12-31 23:40:49 --> Application Class Initialized
[DEBUG] [system.Module] - 2014-12-31 23:40:49 --> Loading "Log" application component
[DEBUG] [system.Module] - 2014-12-31 23:40:49 --> Loading "Utf8" application component
[DEBUG] [application] - 2014-12-31 23:40:49 --> Utf8 Class Initialized
[DEBUG] [application] - 2014-12-31 23:40:49 --> UTF-8 Support Enabled
[DEBUG] [system.Module] - 2014-12-31 23:40:49 --> Loading "Hooks" application component
[DEBUG] [application] - 2014-12-31 23:40:49 --> Hooks Class Initialized
[DEBUG] [system.Module] - 2014-12-31 23:40:49 --> Loading "Router" application component
[DEBUG] [system.Module] - 2014-12-31 23:40:49 --> Loading "Uri" application component
[DEBUG] [application] - 2014-12-31 23:40:49 --> URI Class Initialized
[DEBUG] [application] - 2014-12-31 23:40:49 --> Router Class Initialized
[DEBUG] [application] - 2014-12-31 23:40:49 --> Config file loaded: /Users/geet/www/fly/framework/application/config/routes.php
[DEBUG] [application] - 2014-12-31 23:40:51 --> Application Class Initialized
[DEBUG] [system.Module] - 2014-12-31 23:40:51 --> Loading "Log" application component
[DEBUG] [system.Module] - 2014-12-31 23:40:51 --> Loading "Utf8" application component
[DEBUG] [application] - 2014-12-31 23:40:51 --> Utf8 Class Initialized
[DEBUG] [application] - 2014-12-31 23:40:51 --> UTF-8 Support Enabled
[DEBUG] [system.Module] - 2014-12-31 23:40:51 --> Loading "Hooks" application component
[DEBUG] [application] - 2014-12-31 23:40:51 --> Hooks Class Initialized
[DEBUG] [system.Module] - 2014-12-31 23:40:51 --> Loading "Router" application component
[DEBUG] [system.Module] - 2014-12-31 23:40:51 --> Loading "Uri" application component
[DEBUG] [application] - 2014-12-31 23:40:51 --> URI Class Initialized
[DEBUG] [application] - 2014-12-31 23:40:51 --> Router Class Initialized
[DEBUG] [application] - 2014-12-31 23:40:51 --> Config file loaded: /Users/geet/www/fly/framework/application/config/routes.php
[DEBUG] [application] - 2014-12-31 23:41:05 --> Application Class Initialized
[DEBUG] [system.Module] - 2014-12-31 23:41:05 --> Loading "Log" application component
[DEBUG] [system.Module] - 2014-12-31 23:41:05 --> Loading "Utf8" application component
[DEBUG] [application] - 2014-12-31 23:41:05 --> Utf8 Class Initialized
[DEBUG] [application] - 2014-12-31 23:41:05 --> UTF-8 Support Enabled
[DEBUG] [system.Module] - 2014-12-31 23:41:05 --> Loading "Hooks" application component
[DEBUG] [application] - 2014-12-31 23:41:05 --> Hooks Class Initialized
[DEBUG] [system.Module] - 2014-12-31 23:41:05 --> Loading "Router" application component
[DEBUG] [system.Module] - 2014-12-31 23:41:05 --> Loading "Uri" application component
[DEBUG] [application] - 2014-12-31 23:41:05 --> URI Class Initialized
[DEBUG] [application] - 2014-12-31 23:41:05 --> Router Class Initialized
[DEBUG] [application] - 2014-12-31 23:41:05 --> Config file loaded: /Users/geet/www/fly/framework/application/config/routes.php
[DEBUG] [application] - 2014-12-31 23:41:08 --> Application Class Initialized
[DEBUG] [system.Module] - 2014-12-31 23:41:08 --> Loading "Log" application component
[DEBUG] [system.Module] - 2014-12-31 23:41:08 --> Loading "Utf8" application component
[DEBUG] [application] - 2014-12-31 23:41:08 --> Utf8 Class Initialized
[DEBUG] [application] - 2014-12-31 23:41:08 --> UTF-8 Support Enabled
[DEBUG] [system.Module] - 2014-12-31 23:41:08 --> Loading "Hooks" application component
[DEBUG] [application] - 2014-12-31 23:41:08 --> Hooks Class Initialized
[DEBUG] [system.Module] - 2014-12-31 23:41:08 --> Loading "Router" application component
[DEBUG] [system.Module] - 2014-12-31 23:41:08 --> Loading "Uri" application component
[DEBUG] [application] - 2014-12-31 23:41:08 --> URI Class Initialized
[DEBUG] [application] - 2014-12-31 23:41:08 --> Router Class Initialized
[DEBUG] [application] - 2014-12-31 23:41:08 --> Config file loaded: /Users/geet/www/fly/framework/application/config/routes.php
[DEBUG] [application] - 2014-12-31 23:41:11 --> Application Class Initialized
[DEBUG] [system.Module] - 2014-12-31 23:41:11 --> Loading "Log" application component
[DEBUG] [system.Module] - 2014-12-31 23:41:11 --> Loading "Utf8" application component
[DEBUG] [application] - 2014-12-31 23:41:11 --> Utf8 Class Initialized
[DEBUG] [application] - 2014-12-31 23:41:11 --> UTF-8 Support Enabled
[DEBUG] [system.Module] - 2014-12-31 23:41:11 --> Loading "Hooks" application component
[DEBUG] [application] - 2014-12-31 23:41:11 --> Hooks Class Initialized
[DEBUG] [system.Module] - 2014-12-31 23:41:11 --> Loading "Router" application component
[DEBUG] [system.Module] - 2014-12-31 23:41:11 --> Loading "Uri" application component
[DEBUG] [application] - 2014-12-31 23:41:11 --> URI Class Initialized
[DEBUG] [application] - 2014-12-31 23:41:11 --> Router Class Initialized
[DEBUG] [application] - 2014-12-31 23:41:11 --> Config file loaded: /Users/geet/www/fly/framework/application/config/routes.php
[DEBUG] [application] - 2014-12-31 23:41:33 --> Application Class Initialized
[DEBUG] [system.Module] - 2014-12-31 23:41:33 --> Loading "Log" application component
[DEBUG] [system.Module] - 2014-12-31 23:41:33 --> Loading "Utf8" application component
[DEBUG] [application] - 2014-12-31 23:41:33 --> Utf8 Class Initialized
[DEBUG] [application] - 2014-12-31 23:41:33 --> UTF-8 Support Enabled
[DEBUG] [system.Module] - 2014-12-31 23:41:33 --> Loading "Hooks" application component
[DEBUG] [application] - 2014-12-31 23:41:33 --> Hooks Class Initialized
[DEBUG] [system.Module] - 2014-12-31 23:41:33 --> Loading "Router" application component
[DEBUG] [system.Module] - 2014-12-31 23:41:33 --> Loading "Uri" application component
[DEBUG] [application] - 2014-12-31 23:41:33 --> URI Class Initialized
[DEBUG] [application] - 2014-12-31 23:41:33 --> Router Class Initialized
[DEBUG] [application] - 2014-12-31 23:41:33 --> Config file loaded: /Users/geet/www/fly/framework/application/config/routes.php
[DEBUG] [application] - 2014-12-31 23:41:49 --> Application Class Initialized
[DEBUG] [system.Module] - 2014-12-31 23:41:49 --> Loading "Log" application component
[DEBUG] [system.Module] - 2014-12-31 23:41:49 --> Loading "Utf8" application component
[DEBUG] [application] - 2014-12-31 23:41:49 --> Utf8 Class Initialized
[DEBUG] [application] - 2014-12-31 23:41:49 --> UTF-8 Support Enabled
[DEBUG] [system.Module] - 2014-12-31 23:41:49 --> Loading "Hooks" application component
[DEBUG] [application] - 2014-12-31 23:41:49 --> Hooks Class Initialized
[DEBUG] [system.Module] - 2014-12-31 23:41:49 --> Loading "Router" application component
[DEBUG] [system.Module] - 2014-12-31 23:41:49 --> Loading "Uri" application component
[DEBUG] [application] - 2014-12-31 23:41:49 --> URI Class Initialized
[DEBUG] [application] - 2014-12-31 23:41:49 --> Router Class Initialized
[DEBUG] [application] - 2014-12-31 23:41:49 --> Config file loaded: /Users/geet/www/fly/framework/application/config/routes.php
[DEBUG] [application] - 2014-12-31 23:41:51 --> Application Class Initialized
[DEBUG] [system.Module] - 2014-12-31 23:41:51 --> Loading "Log" application component
[DEBUG] [system.Module] - 2014-12-31 23:41:51 --> Loading "Utf8" application component
[DEBUG] [application] - 2014-12-31 23:41:51 --> Utf8 Class Initialized
[DEBUG] [application] - 2014-12-31 23:41:51 --> UTF-8 Support Enabled
[DEBUG] [system.Module] - 2014-12-31 23:41:51 --> Loading "Hooks" application component
[DEBUG] [application] - 2014-12-31 23:41:51 --> Hooks Class Initialized
[DEBUG] [system.Module] - 2014-12-31 23:41:51 --> Loading "Router" application component
[DEBUG] [system.Module] - 2014-12-31 23:41:51 --> Loading "Uri" application component
[DEBUG] [application] - 2014-12-31 23:41:51 --> URI Class Initialized
[DEBUG] [application] - 2014-12-31 23:41:51 --> Router Class Initialized
[DEBUG] [application] - 2014-12-31 23:41:51 --> Config file loaded: /Users/geet/www/fly/framework/application/config/routes.php
[DEBUG] [application] - 2014-12-31 23:42:08 --> Application Class Initialized
[DEBUG] [system.Module] - 2014-12-31 23:42:08 --> Loading "Log" application component
[DEBUG] [system.Module] - 2014-12-31 23:42:08 --> Loading "Utf8" application component
[DEBUG] [application] - 2014-12-31 23:42:08 --> Utf8 Class Initialized
[DEBUG] [application] - 2014-12-31 23:42:08 --> UTF-8 Support Enabled
[DEBUG] [system.Module] - 2014-12-31 23:42:08 --> Loading "Hooks" application component
[DEBUG] [application] - 2014-12-31 23:42:08 --> Hooks Class Initialized
[DEBUG] [system.Module] - 2014-12-31 23:42:08 --> Loading "Router" application component
[DEBUG] [system.Module] - 2014-12-31 23:42:08 --> Loading "Uri" application component
[DEBUG] [application] - 2014-12-31 23:42:08 --> URI Class Initialized
[DEBUG] [application] - 2014-12-31 23:42:08 --> Router Class Initialized
[DEBUG] [application] - 2014-12-31 23:42:08 --> Config file loaded: /Users/geet/www/fly/framework/application/config/routes.php
[DEBUG] [application] - 2014-12-31 23:42:08 --> XML-RPC Class Initialized
[DEBUG] [application] - 2014-12-31 23:42:08 --> XML-RPC Server Class Initialized
[DEBUG] [application] - 2014-12-31 23:42:08 --> XML-RPC Class Initialized
[DEBUG] [application] - 2014-12-31 23:42:43 --> Application Class Initialized
[DEBUG] [system.Module] - 2014-12-31 23:42:43 --> Loading "Log" application component
[DEBUG] [system.Module] - 2014-12-31 23:42:43 --> Loading "Utf8" application component
[DEBUG] [application] - 2014-12-31 23:42:43 --> Utf8 Class Initialized
[DEBUG] [application] - 2014-12-31 23:42:43 --> UTF-8 Support Enabled
[DEBUG] [system.Module] - 2014-12-31 23:42:43 --> Loading "Hooks" application component
[DEBUG] [application] - 2014-12-31 23:42:43 --> Hooks Class Initialized
[DEBUG] [system.Module] - 2014-12-31 23:42:43 --> Loading "Router" application component
[DEBUG] [system.Module] - 2014-12-31 23:42:43 --> Loading "Uri" application component
[DEBUG] [application] - 2014-12-31 23:42:43 --> URI Class Initialized
[DEBUG] [application] - 2014-12-31 23:42:43 --> Router Class Initialized
[DEBUG] [application] - 2014-12-31 23:42:43 --> Config file loaded: /Users/geet/www/fly/framework/application/config/routes.php
[DEBUG] [application] - 2014-12-31 23:42:43 --> XML-RPC Class Initialized
[DEBUG] [application] - 2014-12-31 23:42:43 --> XML-RPC Server Class Initialized
[DEBUG] [application] - 2014-12-31 23:42:43 --> XML-RPC Class Initialized
[DEBUG] [application] - 2014-12-31 23:42:45 --> Application Class Initialized
[DEBUG] [system.Module] - 2014-12-31 23:42:45 --> Loading "Log" application component
[DEBUG] [system.Module] - 2014-12-31 23:42:45 --> Loading "Utf8" application component
[DEBUG] [application] - 2014-12-31 23:42:45 --> Utf8 Class Initialized
[DEBUG] [application] - 2014-12-31 23:42:45 --> UTF-8 Support Enabled
[DEBUG] [system.Module] - 2014-12-31 23:42:45 --> Loading "Hooks" application component
[DEBUG] [application] - 2014-12-31 23:42:45 --> Hooks Class Initialized
[DEBUG] [system.Module] - 2014-12-31 23:42:45 --> Loading "Router" application component
[DEBUG] [system.Module] - 2014-12-31 23:42:45 --> Loading "Uri" application component
[DEBUG] [application] - 2014-12-31 23:42:45 --> URI Class Initialized
[DEBUG] [application] - 2014-12-31 23:42:45 --> Router Class Initialized
[DEBUG] [application] - 2014-12-31 23:42:45 --> Config file loaded: /Users/geet/www/fly/framework/application/config/routes.php
[DEBUG] [application] - 2014-12-31 23:42:45 --> XML-RPC Class Initialized
[DEBUG] [application] - 2014-12-31 23:42:45 --> XML-RPC Server Class Initialized
[DEBUG] [application] - 2014-12-31 23:42:45 --> XML-RPC Class Initialized
[DEBUG] [application] - 2014-12-31 23:42:48 --> Application Class Initialized
[DEBUG] [system.Module] - 2014-12-31 23:42:48 --> Loading "Log" application component
[DEBUG] [system.Module] - 2014-12-31 23:42:48 --> Loading "Utf8" application component
[DEBUG] [application] - 2014-12-31 23:42:48 --> Utf8 Class Initialized
[DEBUG] [application] - 2014-12-31 23:42:48 --> UTF-8 Support Enabled
[DEBUG] [system.Module] - 2014-12-31 23:42:48 --> Loading "Hooks" application component
[DEBUG] [application] - 2014-12-31 23:42:48 --> Hooks Class Initialized
[DEBUG] [system.Module] - 2014-12-31 23:42:48 --> Loading "Router" application component
[DEBUG] [system.Module] - 2014-12-31 23:42:48 --> Loading "Uri" application component
[DEBUG] [application] - 2014-12-31 23:42:48 --> URI Class Initialized
[DEBUG] [application] - 2014-12-31 23:42:48 --> Router Class Initialized
[DEBUG] [application] - 2014-12-31 23:42:48 --> Config file loaded: /Users/geet/www/fly/framework/application/config/routes.php
[DEBUG] [application] - 2014-12-31 23:42:48 --> XML-RPC Class Initialized
[DEBUG] [application] - 2014-12-31 23:42:48 --> XML-RPC Server Class Initialized
[DEBUG] [application] - 2014-12-31 23:42:48 --> XML-RPC Class Initialized
[DEBUG] [application] - 2014-12-31 23:43:52 --> Application Class Initialized
[DEBUG] [system.Module] - 2014-12-31 23:43:52 --> Loading "Log" application component
[DEBUG] [system.Module] - 2014-12-31 23:43:52 --> Loading "Utf8" application component
[DEBUG] [application] - 2014-12-31 23:43:52 --> Utf8 Class Initialized
[DEBUG] [application] - 2014-12-31 23:43:52 --> UTF-8 Support Enabled
[DEBUG] [system.Module] - 2014-12-31 23:43:52 --> Loading "Hooks" application component
[DEBUG] [application] - 2014-12-31 23:43:52 --> Hooks Class Initialized
[DEBUG] [system.Module] - 2014-12-31 23:43:52 --> Loading "Router" application component
[DEBUG] [system.Module] - 2014-12-31 23:43:52 --> Loading "Uri" application component
[DEBUG] [application] - 2014-12-31 23:43:52 --> URI Class Initialized
[DEBUG] [application] - 2014-12-31 23:43:52 --> Router Class Initialized
[DEBUG] [application] - 2014-12-31 23:43:52 --> Config file loaded: /Users/geet/www/fly/framework/application/config/routes.php
[DEBUG] [application] - 2014-12-31 23:43:52 --> No URI present. Default controller set.
[DEBUG] [application] - 2014-12-31 23:43:52 --> XML-RPC Class Initialized
[DEBUG] [application] - 2014-12-31 23:43:52 --> XML-RPC Class Initialized
[DEBUG] [application] - 2014-12-31 23:43:52 --> XML-RPC Class Initialized
[DEBUG] [application] - 2014-12-31 23:43:52 --> XML-RPC Class Initialized
[DEBUG] [application] - 2014-12-31 23:43:52 --> XML-RPC Class Initialized
[DEBUG] [application] - 2014-12-31 23:43:52 --> Application Class Initialized
[DEBUG] [system.Module] - 2014-12-31 23:43:52 --> Loading "Log" application component
[DEBUG] [system.Module] - 2014-12-31 23:43:52 --> Loading "Utf8" application component
[DEBUG] [application] - 2014-12-31 23:43:52 --> Utf8 Class Initialized
[DEBUG] [application] - 2014-12-31 23:43:52 --> UTF-8 Support Enabled
[DEBUG] [system.Module] - 2014-12-31 23:43:52 --> Loading "Hooks" application component
[DEBUG] [application] - 2014-12-31 23:43:52 --> Hooks Class Initialized
[DEBUG] [system.Module] - 2014-12-31 23:43:52 --> Loading "Router" application component
[DEBUG] [system.Module] - 2014-12-31 23:43:52 --> Loading "Uri" application component
[DEBUG] [application] - 2014-12-31 23:43:52 --> URI Class Initialized
[DEBUG] [application] - 2014-12-31 23:43:52 --> Router Class Initialized
[DEBUG] [application] - 2014-12-31 23:43:52 --> Config file loaded: /Users/geet/www/fly/framework/application/config/routes.php
[DEBUG] [application] - 2014-12-31 23:43:52 --> XML-RPC Class Initialized
[DEBUG] [application] - 2014-12-31 23:43:52 --> XML-RPC Server Class Initialized
[DEBUG] [application] - 2014-12-31 23:43:52 --> XML-RPC Class Initialized
[DEBUG] [application] - 2014-12-31 23:43:52 --> XML-RPC Class Initialized
[DEBUG] [application] - 2014-12-31 23:43:52 --> XML-RPC Class Initialized
[DEBUG] [application] - 2014-12-31 23:43:52 --> XML-RPC Class Initialized
[DEBUG] [application] - 2014-12-31 23:43:52 --> XML-RPC Class Initialized
[DEBUG] [application] - 2014-12-31 23:43:52 --> XML-RPC Class Initialized
[DEBUG] [application] - 2014-12-31 23:43:52 --> XML-RPC Class Initialized
[DEBUG] [application] - 2014-12-31 23:43:57 --> Application Class Initialized
[DEBUG] [system.Module] - 2014-12-31 23:43:57 --> Loading "Log" application component
[DEBUG] [system.Module] - 2014-12-31 23:43:57 --> Loading "Utf8" application component
[DEBUG] [application] - 2014-12-31 23:43:57 --> Utf8 Class Initialized
[DEBUG] [application] - 2014-12-31 23:43:57 --> UTF-8 Support Enabled
[DEBUG] [system.Module] - 2014-12-31 23:43:57 --> Loading "Hooks" application component
[DEBUG] [application] - 2014-12-31 23:43:57 --> Hooks Class Initialized
[DEBUG] [system.Module] - 2014-12-31 23:43:57 --> Loading "Router" application component
[DEBUG] [system.Module] - 2014-12-31 23:43:57 --> Loading "Uri" application component
[DEBUG] [application] - 2014-12-31 23:43:57 --> URI Class Initialized
[DEBUG] [application] - 2014-12-31 23:43:57 --> Router Class Initialized
[DEBUG] [application] - 2014-12-31 23:43:57 --> Config file loaded: /Users/geet/www/fly/framework/application/config/routes.php
[DEBUG] [application] - 2014-12-31 23:43:57 --> No URI present. Default controller set.
[DEBUG] [application] - 2014-12-31 23:43:57 --> XML-RPC Class Initialized
[DEBUG] [application] - 2014-12-31 23:43:57 --> XML-RPC Class Initialized
[DEBUG] [application] - 2014-12-31 23:43:57 --> XML-RPC Class Initialized
[DEBUG] [application] - 2014-12-31 23:43:57 --> XML-RPC Class Initialized
[DEBUG] [application] - 2014-12-31 23:43:57 --> XML-RPC Class Initialized
[DEBUG] [application] - 2014-12-31 23:43:57 --> Application Class Initialized
[DEBUG] [system.Module] - 2014-12-31 23:43:57 --> Loading "Log" application component
[DEBUG] [system.Module] - 2014-12-31 23:43:57 --> Loading "Utf8" application component
[DEBUG] [application] - 2014-12-31 23:43:57 --> Utf8 Class Initialized
[DEBUG] [application] - 2014-12-31 23:43:57 --> UTF-8 Support Enabled
[DEBUG] [system.Module] - 2014-12-31 23:43:57 --> Loading "Hooks" application component
[DEBUG] [application] - 2014-12-31 23:43:57 --> Hooks Class Initialized
[DEBUG] [system.Module] - 2014-12-31 23:43:57 --> Loading "Router" application component
[DEBUG] [system.Module] - 2014-12-31 23:43:57 --> Loading "Uri" application component
[DEBUG] [application] - 2014-12-31 23:43:57 --> URI Class Initialized
[DEBUG] [application] - 2014-12-31 23:43:57 --> Router Class Initialized
[DEBUG] [application] - 2014-12-31 23:43:57 --> Config file loaded: /Users/geet/www/fly/framework/application/config/routes.php
[DEBUG] [application] - 2014-12-31 23:43:57 --> XML-RPC Class Initialized
[DEBUG] [application] - 2014-12-31 23:43:57 --> XML-RPC Server Class Initialized
[DEBUG] [application] - 2014-12-31 23:43:57 --> XML-RPC Class Initialized
[DEBUG] [application] - 2014-12-31 23:43:57 --> XML-RPC Class Initialized
[DEBUG] [application] - 2014-12-31 23:43:57 --> XML-RPC Class Initialized
[DEBUG] [application] - 2014-12-31 23:43:57 --> XML-RPC Class Initialized
[DEBUG] [application] - 2014-12-31 23:43:57 --> XML-RPC Class Initialized
[DEBUG] [application] - 2014-12-31 23:43:57 --> XML-RPC Class Initialized
[DEBUG] [application] - 2014-12-31 23:43:57 --> XML-RPC Class Initialized
[DEBUG] [application] - 2014-12-31 23:44:43 --> Application Class Initialized
[DEBUG] [system.Module] - 2014-12-31 23:44:43 --> Loading "Log" application component
[DEBUG] [system.Module] - 2014-12-31 23:44:43 --> Loading "Utf8" application component
[DEBUG] [application] - 2014-12-31 23:44:43 --> Utf8 Class Initialized
[DEBUG] [application] - 2014-12-31 23:44:43 --> UTF-8 Support Enabled
[DEBUG] [system.Module] - 2014-12-31 23:44:43 --> Loading "Hooks" application component
[DEBUG] [application] - 2014-12-31 23:44:43 --> Hooks Class Initialized
[DEBUG] [system.Module] - 2014-12-31 23:44:43 --> Loading "Router" application component
[DEBUG] [system.Module] - 2014-12-31 23:44:43 --> Loading "Uri" application component
[DEBUG] [application] - 2014-12-31 23:44:43 --> URI Class Initialized
[DEBUG] [application] - 2014-12-31 23:44:43 --> Router Class Initialized
[DEBUG] [application] - 2014-12-31 23:44:43 --> Config file loaded: /Users/geet/www/fly/framework/application/config/routes.php
[DEBUG] [application] - 2014-12-31 23:44:43 --> No URI present. Default controller set.
[DEBUG] [application] - 2014-12-31 23:44:43 --> XML-RPC Class Initialized
[DEBUG] [application] - 2014-12-31 23:44:43 --> XML-RPC Class Initialized
[DEBUG] [application] - 2014-12-31 23:44:43 --> XML-RPC Class Initialized
[DEBUG] [application] - 2014-12-31 23:44:43 --> XML-RPC Class Initialized
[DEBUG] [application] - 2014-12-31 23:44:43 --> XML-RPC Class Initialized
[DEBUG] [application] - 2014-12-31 23:44:43 --> Application Class Initialized
[DEBUG] [system.Module] - 2014-12-31 23:44:43 --> Loading "Log" application component
[DEBUG] [system.Module] - 2014-12-31 23:44:43 --> Loading "Utf8" application component
[DEBUG] [application] - 2014-12-31 23:44:43 --> Utf8 Class Initialized
[DEBUG] [application] - 2014-12-31 23:44:43 --> UTF-8 Support Enabled
[DEBUG] [system.Module] - 2014-12-31 23:44:43 --> Loading "Hooks" application component
[DEBUG] [application] - 2014-12-31 23:44:43 --> Hooks Class Initialized
[DEBUG] [system.Module] - 2014-12-31 23:44:43 --> Loading "Router" application component
[DEBUG] [system.Module] - 2014-12-31 23:44:43 --> Loading "Uri" application component
[DEBUG] [application] - 2014-12-31 23:44:43 --> URI Class Initialized
[DEBUG] [application] - 2014-12-31 23:44:43 --> Router Class Initialized
[DEBUG] [application] - 2014-12-31 23:44:43 --> Config file loaded: /Users/geet/www/fly/framework/application/config/routes.php
[DEBUG] [application] - 2014-12-31 23:44:43 --> XML-RPC Class Initialized
[DEBUG] [application] - 2014-12-31 23:44:43 --> XML-RPC Server Class Initialized
[DEBUG] [application] - 2014-12-31 23:44:43 --> XML-RPC Class Initialized
[DEBUG] [application] - 2014-12-31 23:44:43 --> XML-RPC Class Initialized
[DEBUG] [application] - 2014-12-31 23:44:43 --> XML-RPC Class Initialized
[DEBUG] [application] - 2014-12-31 23:44:43 --> XML-RPC Class Initialized
[DEBUG] [application] - 2014-12-31 23:44:43 --> XML-RPC Class Initialized
[DEBUG] [application] - 2014-12-31 23:44:43 --> XML-RPC Class Initialized
[DEBUG] [application] - 2014-12-31 23:44:43 --> XML-RPC Class Initialized
[DEBUG] [application] - 2014-12-31 23:44:45 --> Application Class Initialized
[DEBUG] [system.Module] - 2014-12-31 23:44:45 --> Loading "Log" application component
[DEBUG] [system.Module] - 2014-12-31 23:44:45 --> Loading "Utf8" application component
[DEBUG] [application] - 2014-12-31 23:44:45 --> Utf8 Class Initialized
[DEBUG] [application] - 2014-12-31 23:44:45 --> UTF-8 Support Enabled
[DEBUG] [system.Module] - 2014-12-31 23:44:45 --> Loading "Hooks" application component
[DEBUG] [application] - 2014-12-31 23:44:45 --> Hooks Class Initialized
[DEBUG] [system.Module] - 2014-12-31 23:44:45 --> Loading "Router" application component
[DEBUG] [system.Module] - 2014-12-31 23:44:45 --> Loading "Uri" application component
[DEBUG] [application] - 2014-12-31 23:44:45 --> URI Class Initialized
[DEBUG] [application] - 2014-12-31 23:44:45 --> Router Class Initialized
[DEBUG] [application] - 2014-12-31 23:44:45 --> Config file loaded: /Users/geet/www/fly/framework/application/config/routes.php
[DEBUG] [application] - 2014-12-31 23:44:45 --> No URI present. Default controller set.
[DEBUG] [application] - 2014-12-31 23:44:45 --> XML-RPC Class Initialized
[DEBUG] [application] - 2014-12-31 23:44:45 --> XML-RPC Class Initialized
[DEBUG] [application] - 2014-12-31 23:44:45 --> XML-RPC Class Initialized
[DEBUG] [application] - 2014-12-31 23:44:45 --> XML-RPC Class Initialized
[DEBUG] [application] - 2014-12-31 23:44:45 --> XML-RPC Class Initialized
[DEBUG] [application] - 2014-12-31 23:44:45 --> Application Class Initialized
[DEBUG] [system.Module] - 2014-12-31 23:44:45 --> Loading "Log" application component
[DEBUG] [system.Module] - 2014-12-31 23:44:45 --> Loading "Utf8" application component
[DEBUG] [application] - 2014-12-31 23:44:45 --> Utf8 Class Initialized
[DEBUG] [application] - 2014-12-31 23:44:45 --> UTF-8 Support Enabled
[DEBUG] [system.Module] - 2014-12-31 23:44:45 --> Loading "Hooks" application component
[DEBUG] [application] - 2014-12-31 23:44:45 --> Hooks Class Initialized
[DEBUG] [system.Module] - 2014-12-31 23:44:45 --> Loading "Router" application component
[DEBUG] [system.Module] - 2014-12-31 23:44:45 --> Loading "Uri" application component
[DEBUG] [application] - 2014-12-31 23:44:45 --> URI Class Initialized
[DEBUG] [application] - 2014-12-31 23:44:45 --> Router Class Initialized
[DEBUG] [application] - 2014-12-31 23:44:45 --> Config file loaded: /Users/geet/www/fly/framework/application/config/routes.php
[DEBUG] [application] - 2014-12-31 23:44:45 --> XML-RPC Class Initialized
[DEBUG] [application] - 2014-12-31 23:44:45 --> XML-RPC Server Class Initialized
[DEBUG] [application] - 2014-12-31 23:44:45 --> XML-RPC Class Initialized
[DEBUG] [application] - 2014-12-31 23:44:45 --> XML-RPC Class Initialized
[DEBUG] [application] - 2014-12-31 23:44:45 --> XML-RPC Class Initialized
[DEBUG] [application] - 2014-12-31 23:44:45 --> XML-RPC Class Initialized
[DEBUG] [application] - 2014-12-31 23:44:45 --> XML-RPC Class Initialized
[DEBUG] [application] - 2014-12-31 23:44:45 --> XML-RPC Class Initialized
[DEBUG] [application] - 2014-12-31 23:44:45 --> XML-RPC Class Initialized
[DEBUG] [application] - 2014-12-31 23:45:19 --> Application Class Initialized
[DEBUG] [system.Module] - 2014-12-31 23:45:19 --> Loading "Log" application component
[DEBUG] [system.Module] - 2014-12-31 23:45:19 --> Loading "Utf8" application component
[DEBUG] [application] - 2014-12-31 23:45:19 --> Utf8 Class Initialized
[DEBUG] [application] - 2014-12-31 23:45:19 --> UTF-8 Support Enabled
[DEBUG] [system.Module] - 2014-12-31 23:45:19 --> Loading "Hooks" application component
[DEBUG] [application] - 2014-12-31 23:45:19 --> Hooks Class Initialized
[DEBUG] [system.Module] - 2014-12-31 23:45:19 --> Loading "Router" application component
[DEBUG] [system.Module] - 2014-12-31 23:45:19 --> Loading "Uri" application component
[DEBUG] [application] - 2014-12-31 23:45:19 --> URI Class Initialized
[DEBUG] [application] - 2014-12-31 23:45:19 --> Router Class Initialized
[DEBUG] [application] - 2014-12-31 23:45:19 --> Config file loaded: /Users/geet/www/fly/framework/application/config/routes.php
[DEBUG] [application] - 2014-12-31 23:45:19 --> No URI present. Default controller set.
[DEBUG] [application] - 2014-12-31 23:45:19 --> XML-RPC Class Initialized
[DEBUG] [application] - 2014-12-31 23:45:19 --> XML-RPC Class Initialized
[DEBUG] [application] - 2014-12-31 23:45:19 --> XML-RPC Class Initialized
[DEBUG] [application] - 2014-12-31 23:45:19 --> XML-RPC Class Initialized
[DEBUG] [application] - 2014-12-31 23:45:19 --> XML-RPC Class Initialized
[DEBUG] [application] - 2014-12-31 23:45:19 --> Application Class Initialized
[DEBUG] [system.Module] - 2014-12-31 23:45:19 --> Loading "Log" application component
[DEBUG] [system.Module] - 2014-12-31 23:45:19 --> Loading "Utf8" application component
[DEBUG] [application] - 2014-12-31 23:45:19 --> Utf8 Class Initialized
[DEBUG] [application] - 2014-12-31 23:45:19 --> UTF-8 Support Enabled
[DEBUG] [system.Module] - 2014-12-31 23:45:19 --> Loading "Hooks" application component
[DEBUG] [application] - 2014-12-31 23:45:19 --> Hooks Class Initialized
[DEBUG] [system.Module] - 2014-12-31 23:45:19 --> Loading "Router" application component
[DEBUG] [system.Module] - 2014-12-31 23:45:19 --> Loading "Uri" application component
[DEBUG] [application] - 2014-12-31 23:45:19 --> URI Class Initialized
[DEBUG] [application] - 2014-12-31 23:45:19 --> Router Class Initialized
[DEBUG] [application] - 2014-12-31 23:45:19 --> Config file loaded: /Users/geet/www/fly/framework/application/config/routes.php
[DEBUG] [application] - 2014-12-31 23:45:19 --> XML-RPC Class Initialized
[DEBUG] [application] - 2014-12-31 23:45:19 --> XML-RPC Server Class Initialized
[DEBUG] [application] - 2014-12-31 23:45:19 --> XML-RPC Class Initialized
[DEBUG] [application] - 2014-12-31 23:45:19 --> XML-RPC Class Initialized
[DEBUG] [application] - 2014-12-31 23:45:19 --> XML-RPC Class Initialized
[DEBUG] [application] - 2014-12-31 23:45:19 --> XML-RPC Class Initialized
[DEBUG] [application] - 2014-12-31 23:45:19 --> XML-RPC Class Initialized
[DEBUG] [application] - 2014-12-31 23:45:19 --> XML-RPC Class Initialized
[DEBUG] [application] - 2014-12-31 23:45:19 --> XML-RPC Class Initialized
[DEBUG] [application] - 2014-12-31 23:45:21 --> Application Class Initialized
[DEBUG] [system.Module] - 2014-12-31 23:45:21 --> Loading "Log" application component
[DEBUG] [system.Module] - 2014-12-31 23:45:21 --> Loading "Utf8" application component
[DEBUG] [application] - 2014-12-31 23:45:21 --> Utf8 Class Initialized
[DEBUG] [application] - 2014-12-31 23:45:21 --> UTF-8 Support Enabled
[DEBUG] [system.Module] - 2014-12-31 23:45:21 --> Loading "Hooks" application component
[DEBUG] [application] - 2014-12-31 23:45:21 --> Hooks Class Initialized
[DEBUG] [system.Module] - 2014-12-31 23:45:21 --> Loading "Router" application component
[DEBUG] [system.Module] - 2014-12-31 23:45:21 --> Loading "Uri" application component
[DEBUG] [application] - 2014-12-31 23:45:21 --> URI Class Initialized
[DEBUG] [application] - 2014-12-31 23:45:21 --> Router Class Initialized
[DEBUG] [application] - 2014-12-31 23:45:21 --> Config file loaded: /Users/geet/www/fly/framework/application/config/routes.php
[DEBUG] [application] - 2014-12-31 23:45:21 --> No URI present. Default controller set.
[DEBUG] [application] - 2014-12-31 23:45:21 --> XML-RPC Class Initialized
[DEBUG] [application] - 2014-12-31 23:45:21 --> XML-RPC Class Initialized
[DEBUG] [application] - 2014-12-31 23:45:21 --> XML-RPC Class Initialized
[DEBUG] [application] - 2014-12-31 23:45:21 --> XML-RPC Class Initialized
[DEBUG] [application] - 2014-12-31 23:45:21 --> XML-RPC Class Initialized
[DEBUG] [application] - 2014-12-31 23:45:21 --> Application Class Initialized
[DEBUG] [system.Module] - 2014-12-31 23:45:21 --> Loading "Log" application component
[DEBUG] [system.Module] - 2014-12-31 23:45:21 --> Loading "Utf8" application component
[DEBUG] [application] - 2014-12-31 23:45:21 --> Utf8 Class Initialized
[DEBUG] [application] - 2014-12-31 23:45:21 --> UTF-8 Support Enabled
[DEBUG] [system.Module] - 2014-12-31 23:45:21 --> Loading "Hooks" application component
[DEBUG] [application] - 2014-12-31 23:45:21 --> Hooks Class Initialized
[DEBUG] [system.Module] - 2014-12-31 23:45:21 --> Loading "Router" application component
[DEBUG] [system.Module] - 2014-12-31 23:45:21 --> Loading "Uri" application component
[DEBUG] [application] - 2014-12-31 23:45:21 --> URI Class Initialized
[DEBUG] [application] - 2014-12-31 23:45:21 --> Router Class Initialized
[DEBUG] [application] - 2014-12-31 23:45:21 --> Config file loaded: /Users/geet/www/fly/framework/application/config/routes.php
[DEBUG] [application] - 2014-12-31 23:45:21 --> XML-RPC Class Initialized
[DEBUG] [application] - 2014-12-31 23:45:21 --> XML-RPC Server Class Initialized
[DEBUG] [application] - 2014-12-31 23:45:21 --> XML-RPC Class Initialized
[DEBUG] [application] - 2014-12-31 23:45:21 --> XML-RPC Class Initialized
[DEBUG] [application] - 2014-12-31 23:45:21 --> XML-RPC Class Initialized
[DEBUG] [application] - 2014-12-31 23:45:21 --> XML-RPC Class Initialized
[DEBUG] [application] - 2014-12-31 23:45:21 --> XML-RPC Class Initialized
[DEBUG] [application] - 2014-12-31 23:45:21 --> XML-RPC Class Initialized
[DEBUG] [application] - 2014-12-31 23:45:21 --> XML-RPC Class Initialized
[DEBUG] [application] - 2014-12-31 23:46:20 --> Application Class Initialized
[DEBUG] [system.Module] - 2014-12-31 23:46:20 --> Loading "Log" application component
[DEBUG] [system.Module] - 2014-12-31 23:46:20 --> Loading "Utf8" application component
[DEBUG] [application] - 2014-12-31 23:46:20 --> Utf8 Class Initialized
[DEBUG] [application] - 2014-12-31 23:46:20 --> UTF-8 Support Enabled
[DEBUG] [system.Module] - 2014-12-31 23:46:20 --> Loading "Hooks" application component
[DEBUG] [application] - 2014-12-31 23:46:20 --> Hooks Class Initialized
[DEBUG] [system.Module] - 2014-12-31 23:46:20 --> Loading "Router" application component
[DEBUG] [system.Module] - 2014-12-31 23:46:20 --> Loading "Uri" application component
[DEBUG] [application] - 2014-12-31 23:46:20 --> URI Class Initialized
[DEBUG] [application] - 2014-12-31 23:46:20 --> Router Class Initialized
[DEBUG] [application] - 2014-12-31 23:46:20 --> Config file loaded: /Users/geet/www/fly/framework/application/config/routes.php
[DEBUG] [application] - 2014-12-31 23:46:20 --> No URI present. Default controller set.
[DEBUG] [application] - 2014-12-31 23:46:20 --> XML-RPC Class Initialized
[DEBUG] [application] - 2014-12-31 23:46:20 --> XML-RPC Class Initialized
[DEBUG] [application] - 2014-12-31 23:46:20 --> XML-RPC Class Initialized
[DEBUG] [application] - 2014-12-31 23:46:20 --> XML-RPC Class Initialized
[DEBUG] [application] - 2014-12-31 23:46:20 --> XML-RPC Class Initialized
[DEBUG] [application] - 2014-12-31 23:46:20 --> Application Class Initialized
[DEBUG] [system.Module] - 2014-12-31 23:46:20 --> Loading "Log" application component
[DEBUG] [system.Module] - 2014-12-31 23:46:20 --> Loading "Utf8" application component
[DEBUG] [application] - 2014-12-31 23:46:20 --> Utf8 Class Initialized
[DEBUG] [application] - 2014-12-31 23:46:20 --> UTF-8 Support Enabled
[DEBUG] [system.Module] - 2014-12-31 23:46:20 --> Loading "Hooks" application component
[DEBUG] [application] - 2014-12-31 23:46:20 --> Hooks Class Initialized
[DEBUG] [system.Module] - 2014-12-31 23:46:20 --> Loading "Router" application component
[DEBUG] [system.Module] - 2014-12-31 23:46:20 --> Loading "Uri" application component
[DEBUG] [application] - 2014-12-31 23:46:20 --> URI Class Initialized
[DEBUG] [application] - 2014-12-31 23:46:20 --> Router Class Initialized
[DEBUG] [application] - 2014-12-31 23:46:20 --> Config file loaded: /Users/geet/www/fly/framework/application/config/routes.php
[DEBUG] [application] - 2014-12-31 23:46:20 --> XML-RPC Class Initialized
[DEBUG] [application] - 2014-12-31 23:46:20 --> XML-RPC Server Class Initialized
[DEBUG] [application] - 2014-12-31 23:46:20 --> XML-RPC Class Initialized
[DEBUG] [application] - 2014-12-31 23:46:20 --> XML-RPC Class Initialized
[DEBUG] [application] - 2014-12-31 23:46:20 --> XML-RPC Class Initialized
[DEBUG] [application] - 2014-12-31 23:46:20 --> XML-RPC Class Initialized
[DEBUG] [application] - 2014-12-31 23:51:10 --> Application Class Initialized
[DEBUG] [system.Module] - 2014-12-31 23:51:10 --> Loading "Log" application component
[DEBUG] [system.Module] - 2014-12-31 23:51:10 --> Loading "Utf8" application component
[DEBUG] [application] - 2014-12-31 23:51:10 --> Utf8 Class Initialized
[DEBUG] [application] - 2014-12-31 23:51:10 --> UTF-8 Support Enabled
[DEBUG] [system.Module] - 2014-12-31 23:51:10 --> Loading "Hooks" application component
[DEBUG] [application] - 2014-12-31 23:51:10 --> Hooks Class Initialized
[DEBUG] [system.Module] - 2014-12-31 23:51:10 --> Loading "Router" application component
[DEBUG] [system.Module] - 2014-12-31 23:51:10 --> Loading "Uri" application component
[DEBUG] [application] - 2014-12-31 23:51:10 --> URI Class Initialized
[DEBUG] [application] - 2014-12-31 23:51:10 --> Router Class Initialized
[DEBUG] [application] - 2014-12-31 23:51:10 --> Config file loaded: /Users/geet/www/fly/framework/application/config/routes.php
[DEBUG] [application] - 2014-12-31 23:51:10 --> No URI present. Default controller set.
[DEBUG] [application] - 2014-12-31 23:51:10 --> XML-RPC Class Initialized
[DEBUG] [application] - 2014-12-31 23:51:10 --> XML-RPC Class Initialized
[DEBUG] [application] - 2014-12-31 23:51:10 --> XML-RPC Class Initialized
[DEBUG] [application] - 2014-12-31 23:51:10 --> XML-RPC Class Initialized
[DEBUG] [application] - 2014-12-31 23:51:10 --> XML-RPC Class Initialized
[DEBUG] [application] - 2014-12-31 23:51:10 --> Application Class Initialized
[DEBUG] [system.Module] - 2014-12-31 23:51:10 --> Loading "Log" application component
[DEBUG] [system.Module] - 2014-12-31 23:51:10 --> Loading "Utf8" application component
[DEBUG] [application] - 2014-12-31 23:51:10 --> Utf8 Class Initialized
[DEBUG] [application] - 2014-12-31 23:51:10 --> UTF-8 Support Enabled
[DEBUG] [system.Module] - 2014-12-31 23:51:10 --> Loading "Hooks" application component
[DEBUG] [application] - 2014-12-31 23:51:10 --> Hooks Class Initialized
[DEBUG] [system.Module] - 2014-12-31 23:51:10 --> Loading "Router" application component
[DEBUG] [system.Module] - 2014-12-31 23:51:10 --> Loading "Uri" application component
[DEBUG] [application] - 2014-12-31 23:51:10 --> URI Class Initialized
[DEBUG] [application] - 2014-12-31 23:51:10 --> Router Class Initialized
[DEBUG] [application] - 2014-12-31 23:51:10 --> Config file loaded: /Users/geet/www/fly/framework/application/config/routes.php
[DEBUG] [application] - 2014-12-31 23:51:10 --> XML-RPC Class Initialized
[DEBUG] [application] - 2014-12-31 23:51:10 --> XML-RPC Server Class Initialized
[DEBUG] [application] - 2014-12-31 23:51:10 --> XML-RPC Class Initialized
[DEBUG] [application] - 2014-12-31 23:51:10 --> XML-RPC Class Initialized
[DEBUG] [application] - 2014-12-31 23:51:10 --> XML-RPC Class Initialized
[DEBUG] [application] - 2014-12-31 23:51:10 --> XML-RPC Class Initialized
[DEBUG] [application] - 2014-12-31 23:51:10 --> XML-RPC Class Initialized
[DEBUG] [application] - 2014-12-31 23:51:10 --> XML-RPC Class Initialized
[DEBUG] [application] - 2014-12-31 23:51:10 --> XML-RPC Class Initialized
[DEBUG] [application] - 2014-12-31 23:51:13 --> Application Class Initialized
[DEBUG] [system.Module] - 2014-12-31 23:51:13 --> Loading "Log" application component
[DEBUG] [system.Module] - 2014-12-31 23:51:13 --> Loading "Utf8" application component
[DEBUG] [application] - 2014-12-31 23:51:13 --> Utf8 Class Initialized
[DEBUG] [application] - 2014-12-31 23:51:13 --> UTF-8 Support Enabled
[DEBUG] [system.Module] - 2014-12-31 23:51:13 --> Loading "Hooks" application component
[DEBUG] [application] - 2014-12-31 23:51:13 --> Hooks Class Initialized
[DEBUG] [system.Module] - 2014-12-31 23:51:13 --> Loading "Router" application component
[DEBUG] [system.Module] - 2014-12-31 23:51:13 --> Loading "Uri" application component
[DEBUG] [application] - 2014-12-31 23:51:13 --> URI Class Initialized
[DEBUG] [application] - 2014-12-31 23:51:13 --> Router Class Initialized
[DEBUG] [application] - 2014-12-31 23:51:13 --> Config file loaded: /Users/geet/www/fly/framework/application/config/routes.php
[DEBUG] [application] - 2014-12-31 23:51:13 --> No URI present. Default controller set.
[DEBUG] [application] - 2014-12-31 23:51:13 --> XML-RPC Class Initialized
[DEBUG] [application] - 2014-12-31 23:51:13 --> XML-RPC Class Initialized
[DEBUG] [application] - 2014-12-31 23:51:13 --> XML-RPC Class Initialized
[DEBUG] [application] - 2014-12-31 23:51:13 --> XML-RPC Class Initialized
[DEBUG] [application] - 2014-12-31 23:51:13 --> XML-RPC Class Initialized
[DEBUG] [application] - 2014-12-31 23:51:13 --> Application Class Initialized
[DEBUG] [system.Module] - 2014-12-31 23:51:13 --> Loading "Log" application component
[DEBUG] [system.Module] - 2014-12-31 23:51:13 --> Loading "Utf8" application component
[DEBUG] [application] - 2014-12-31 23:51:13 --> Utf8 Class Initialized
[DEBUG] [application] - 2014-12-31 23:51:13 --> UTF-8 Support Enabled
[DEBUG] [system.Module] - 2014-12-31 23:51:13 --> Loading "Hooks" application component
[DEBUG] [application] - 2014-12-31 23:51:13 --> Hooks Class Initialized
[DEBUG] [system.Module] - 2014-12-31 23:51:13 --> Loading "Router" application component
[DEBUG] [system.Module] - 2014-12-31 23:51:13 --> Loading "Uri" application component
[DEBUG] [application] - 2014-12-31 23:51:13 --> URI Class Initialized
[DEBUG] [application] - 2014-12-31 23:51:13 --> Router Class Initialized
[DEBUG] [application] - 2014-12-31 23:51:13 --> Config file loaded: /Users/geet/www/fly/framework/application/config/routes.php
[DEBUG] [application] - 2014-12-31 23:51:13 --> XML-RPC Class Initialized
[DEBUG] [application] - 2014-12-31 23:51:13 --> XML-RPC Server Class Initialized
[DEBUG] [application] - 2014-12-31 23:51:13 --> XML-RPC Class Initialized
[DEBUG] [application] - 2014-12-31 23:51:13 --> XML-RPC Class Initialized
[DEBUG] [application] - 2014-12-31 23:51:13 --> XML-RPC Class Initialized
[DEBUG] [application] - 2014-12-31 23:51:13 --> XML-RPC Class Initialized
[DEBUG] [application] - 2014-12-31 23:51:13 --> XML-RPC Class Initialized
[DEBUG] [application] - 2014-12-31 23:51:13 --> XML-RPC Class Initialized
[DEBUG] [application] - 2014-12-31 23:51:13 --> XML-RPC Class Initialized
[DEBUG] [application] - 2014-12-31 23:51:51 --> Application Class Initialized
[DEBUG] [system.Module] - 2014-12-31 23:51:51 --> Loading "Log" application component
[DEBUG] [system.Module] - 2014-12-31 23:51:51 --> Loading "Utf8" application component
[DEBUG] [application] - 2014-12-31 23:51:51 --> Utf8 Class Initialized
[DEBUG] [application] - 2014-12-31 23:51:51 --> UTF-8 Support Enabled
[DEBUG] [system.Module] - 2014-12-31 23:51:51 --> Loading "Hooks" application component
[DEBUG] [application] - 2014-12-31 23:51:51 --> Hooks Class Initialized
[DEBUG] [system.Module] - 2014-12-31 23:51:51 --> Loading "Router" application component
[DEBUG] [system.Module] - 2014-12-31 23:51:51 --> Loading "Uri" application component
[DEBUG] [application] - 2014-12-31 23:51:51 --> URI Class Initialized
[DEBUG] [application] - 2014-12-31 23:51:51 --> Router Class Initialized
[DEBUG] [application] - 2014-12-31 23:51:52 --> Config file loaded: /Users/geet/www/fly/framework/application/config/routes.php
[DEBUG] [application] - 2014-12-31 23:51:52 --> No URI present. Default controller set.
[DEBUG] [application] - 2014-12-31 23:51:52 --> XML-RPC Class Initialized
[DEBUG] [application] - 2014-12-31 23:54:15 --> Application Class Initialized
[DEBUG] [system.Module] - 2014-12-31 23:54:15 --> Loading "Log" application component
[DEBUG] [system.Module] - 2014-12-31 23:54:15 --> Loading "Utf8" application component
[DEBUG] [application] - 2014-12-31 23:54:15 --> Utf8 Class Initialized
[DEBUG] [application] - 2014-12-31 23:54:15 --> UTF-8 Support Enabled
[DEBUG] [system.Module] - 2014-12-31 23:54:15 --> Loading "Hooks" application component
[DEBUG] [application] - 2014-12-31 23:54:15 --> Hooks Class Initialized
[DEBUG] [system.Module] - 2014-12-31 23:54:15 --> Loading "Router" application component
[DEBUG] [system.Module] - 2014-12-31 23:54:15 --> Loading "Uri" application component
[DEBUG] [application] - 2014-12-31 23:54:15 --> URI Class Initialized
[DEBUG] [application] - 2014-12-31 23:54:15 --> Router Class Initialized
[DEBUG] [application] - 2014-12-31 23:54:15 --> Config file loaded: /Users/geet/www/fly/framework/application/config/routes.php
[DEBUG] [application] - 2014-12-31 23:54:15 --> No URI present. Default controller set.
[DEBUG] [application] - 2014-12-31 23:54:15 --> XML-RPC Class Initialized
[DEBUG] [application] - 2014-12-31 23:54:15 --> XML-RPC Class Initialized
[DEBUG] [application] - 2014-12-31 23:54:15 --> XML-RPC Class Initialized
[DEBUG] [application] - 2014-12-31 23:54:15 --> XML-RPC Class Initialized
[DEBUG] [application] - 2014-12-31 23:54:15 --> XML-RPC Class Initialized
[DEBUG] [application] - 2014-12-31 23:54:15 --> Application Class Initialized
[DEBUG] [system.Module] - 2014-12-31 23:54:15 --> Loading "Log" application component
[DEBUG] [system.Module] - 2014-12-31 23:54:15 --> Loading "Utf8" application component
[DEBUG] [application] - 2014-12-31 23:54:15 --> Utf8 Class Initialized
[DEBUG] [application] - 2014-12-31 23:54:15 --> UTF-8 Support Enabled
[DEBUG] [system.Module] - 2014-12-31 23:54:15 --> Loading "Hooks" application component
[DEBUG] [application] - 2014-12-31 23:54:15 --> Hooks Class Initialized
[DEBUG] [system.Module] - 2014-12-31 23:54:15 --> Loading "Router" application component
[DEBUG] [system.Module] - 2014-12-31 23:54:15 --> Loading "Uri" application component
[DEBUG] [application] - 2014-12-31 23:54:15 --> URI Class Initialized
[DEBUG] [application] - 2014-12-31 23:54:15 --> Router Class Initialized
[DEBUG] [application] - 2014-12-31 23:54:15 --> Config file loaded: /Users/geet/www/fly/framework/application/config/routes.php
[DEBUG] [application] - 2014-12-31 23:54:15 --> XML-RPC Class Initialized
[DEBUG] [application] - 2014-12-31 23:54:15 --> XML-RPC Server Class Initialized
[DEBUG] [application] - 2014-12-31 23:54:15 --> XML-RPC Class Initialized
[DEBUG] [application] - 2014-12-31 23:54:15 --> XML-RPC Class Initialized
[DEBUG] [application] - 2014-12-31 23:54:15 --> XML-RPC Class Initialized
[DEBUG] [application] - 2014-12-31 23:54:15 --> XML-RPC Class Initialized
[DEBUG] [application] - 2014-12-31 23:54:15 --> XML-RPC Class Initialized
[DEBUG] [application] - 2014-12-31 23:54:15 --> XML-RPC Class Initialized
[DEBUG] [application] - 2014-12-31 23:54:15 --> XML-RPC Class Initialized
[DEBUG] [application] - 2014-12-31 23:54:29 --> Application Class Initialized
[DEBUG] [system.Module] - 2014-12-31 23:54:29 --> Loading "Log" application component
[DEBUG] [system.Module] - 2014-12-31 23:54:29 --> Loading "Utf8" application component
[DEBUG] [application] - 2014-12-31 23:54:29 --> Utf8 Class Initialized
[DEBUG] [application] - 2014-12-31 23:54:29 --> UTF-8 Support Enabled
[DEBUG] [system.Module] - 2014-12-31 23:54:29 --> Loading "Hooks" application component
[DEBUG] [application] - 2014-12-31 23:54:29 --> Hooks Class Initialized
[DEBUG] [system.Module] - 2014-12-31 23:54:29 --> Loading "Router" application component
[DEBUG] [system.Module] - 2014-12-31 23:54:29 --> Loading "Uri" application component
[DEBUG] [application] - 2014-12-31 23:54:29 --> URI Class Initialized
[DEBUG] [application] - 2014-12-31 23:54:29 --> Router Class Initialized
[DEBUG] [application] - 2014-12-31 23:54:29 --> Config file loaded: /Users/geet/www/fly/framework/application/config/routes.php
[DEBUG] [application] - 2014-12-31 23:54:29 --> No URI present. Default controller set.
[DEBUG] [application] - 2014-12-31 23:54:29 --> XML-RPC Class Initialized
[DEBUG] [application] - 2014-12-31 23:54:29 --> XML-RPC Class Initialized
[DEBUG] [application] - 2014-12-31 23:54:29 --> XML-RPC Class Initialized
[DEBUG] [application] - 2014-12-31 23:54:29 --> XML-RPC Class Initialized
[DEBUG] [application] - 2014-12-31 23:54:29 --> XML-RPC Class Initialized
[DEBUG] [application] - 2014-12-31 23:54:29 --> Application Class Initialized
[DEBUG] [system.Module] - 2014-12-31 23:54:29 --> Loading "Log" application component
[DEBUG] [system.Module] - 2014-12-31 23:54:29 --> Loading "Utf8" application component
[DEBUG] [application] - 2014-12-31 23:54:29 --> Utf8 Class Initialized
[DEBUG] [application] - 2014-12-31 23:54:29 --> UTF-8 Support Enabled
[DEBUG] [system.Module] - 2014-12-31 23:54:29 --> Loading "Hooks" application component
[DEBUG] [application] - 2014-12-31 23:54:29 --> Hooks Class Initialized
[DEBUG] [system.Module] - 2014-12-31 23:54:29 --> Loading "Router" application component
[DEBUG] [system.Module] - 2014-12-31 23:54:29 --> Loading "Uri" application component
[DEBUG] [application] - 2014-12-31 23:54:29 --> URI Class Initialized
[DEBUG] [application] - 2014-12-31 23:54:29 --> Router Class Initialized
[DEBUG] [application] - 2014-12-31 23:54:29 --> Config file loaded: /Users/geet/www/fly/framework/application/config/routes.php
[DEBUG] [application] - 2014-12-31 23:54:29 --> XML-RPC Class Initialized
[DEBUG] [application] - 2014-12-31 23:54:29 --> XML-RPC Server Class Initialized
[DEBUG] [application] - 2014-12-31 23:54:29 --> XML-RPC Class Initialized
[DEBUG] [application] - 2014-12-31 23:54:29 --> XML-RPC Class Initialized
[DEBUG] [application] - 2014-12-31 23:54:29 --> XML-RPC Class Initialized
[DEBUG] [application] - 2014-12-31 23:54:29 --> XML-RPC Class Initialized
[DEBUG] [application] - 2014-12-31 23:54:29 --> XML-RPC Class Initialized
[DEBUG] [application] - 2014-12-31 23:54:29 --> XML-RPC Class Initialized
[DEBUG] [application] - 2014-12-31 23:54:29 --> XML-RPC Class Initialized
[DEBUG] [application] - 2014-12-31 23:57:14 --> Application Class Initialized
[DEBUG] [system.Module] - 2014-12-31 23:57:14 --> Loading "Log" application component
[DEBUG] [system.Module] - 2014-12-31 23:57:14 --> Loading "Utf8" application component
[DEBUG] [application] - 2014-12-31 23:57:14 --> Utf8 Class Initialized
[DEBUG] [application] - 2014-12-31 23:57:14 --> UTF-8 Support Enabled
[DEBUG] [system.Module] - 2014-12-31 23:57:14 --> Loading "Hooks" application component
[DEBUG] [application] - 2014-12-31 23:57:14 --> Hooks Class Initialized
[DEBUG] [system.Module] - 2014-12-31 23:57:14 --> Loading "Router" application component
[DEBUG] [system.Module] - 2014-12-31 23:57:14 --> Loading "Uri" application component
[DEBUG] [application] - 2014-12-31 23:57:14 --> URI Class Initialized
[DEBUG] [application] - 2014-12-31 23:57:14 --> Router Class Initialized
[DEBUG] [application] - 2014-12-31 23:57:14 --> Config file loaded: /Users/geet/www/fly/framework/application/config/routes.php
[DEBUG] [application] - 2014-12-31 23:57:14 --> No URI present. Default controller set.
[DEBUG] [application] - 2014-12-31 23:57:14 --> XML-RPC Class Initialized
[DEBUG] [application] - 2014-12-31 23:57:14 --> XML-RPC Class Initialized
[DEBUG] [application] - 2014-12-31 23:57:14 --> XML-RPC Class Initialized
[DEBUG] [application] - 2014-12-31 23:57:14 --> XML-RPC Class Initialized
[DEBUG] [application] - 2014-12-31 23:57:14 --> XML-RPC Class Initialized
[DEBUG] [application] - 2014-12-31 23:57:40 --> Application Class Initialized
[DEBUG] [system.Module] - 2014-12-31 23:57:40 --> Loading "Log" application component
[DEBUG] [system.Module] - 2014-12-31 23:57:40 --> Loading "Utf8" application component
[DEBUG] [application] - 2014-12-31 23:57:40 --> Utf8 Class Initialized
[DEBUG] [application] - 2014-12-31 23:57:40 --> UTF-8 Support Enabled
[DEBUG] [system.Module] - 2014-12-31 23:57:40 --> Loading "Hooks" application component
[DEBUG] [application] - 2014-12-31 23:57:40 --> Hooks Class Initialized
[DEBUG] [system.Module] - 2014-12-31 23:57:40 --> Loading "Router" application component
[DEBUG] [system.Module] - 2014-12-31 23:57:40 --> Loading "Uri" application component
[DEBUG] [application] - 2014-12-31 23:57:40 --> URI Class Initialized
[DEBUG] [application] - 2014-12-31 23:57:40 --> Router Class Initialized
[DEBUG] [application] - 2014-12-31 23:57:40 --> Config file loaded: /Users/geet/www/fly/framework/application/config/routes.php
[DEBUG] [application] - 2014-12-31 23:57:40 --> No URI present. Default controller set.
[DEBUG] [application] - 2014-12-31 23:57:40 --> XML-RPC Class Initialized
[DEBUG] [application] - 2014-12-31 23:57:40 --> XML-RPC Class Initialized
[DEBUG] [application] - 2014-12-31 23:57:40 --> XML-RPC Class Initialized
[DEBUG] [application] - 2014-12-31 23:57:40 --> XML-RPC Class Initialized
[DEBUG] [application] - 2014-12-31 23:57:40 --> XML-RPC Class Initialized
[DEBUG] [application] - 2014-12-31 23:57:40 --> Application Class Initialized
[DEBUG] [system.Module] - 2014-12-31 23:57:40 --> Loading "Log" application component
[DEBUG] [system.Module] - 2014-12-31 23:57:40 --> Loading "Utf8" application component
[DEBUG] [application] - 2014-12-31 23:57:40 --> Utf8 Class Initialized
[DEBUG] [application] - 2014-12-31 23:57:40 --> UTF-8 Support Enabled
[DEBUG] [system.Module] - 2014-12-31 23:57:40 --> Loading "Hooks" application component
[DEBUG] [application] - 2014-12-31 23:57:40 --> Hooks Class Initialized
[DEBUG] [system.Module] - 2014-12-31 23:57:40 --> Loading "Router" application component
[DEBUG] [system.Module] - 2014-12-31 23:57:40 --> Loading "Uri" application component
[DEBUG] [application] - 2014-12-31 23:57:40 --> URI Class Initialized
[DEBUG] [application] - 2014-12-31 23:57:40 --> Router Class Initialized
[DEBUG] [application] - 2014-12-31 23:57:40 --> Config file loaded: /Users/geet/www/fly/framework/application/config/routes.php
[DEBUG] [application] - 2014-12-31 23:57:40 --> XML-RPC Class Initialized
[DEBUG] [application] - 2014-12-31 23:57:40 --> XML-RPC Server Class Initialized
[DEBUG] [application] - 2014-12-31 23:57:40 --> XML-RPC Class Initialized
[DEBUG] [application] - 2014-12-31 23:57:40 --> XML-RPC Class Initialized
[DEBUG] [application] - 2014-12-31 23:57:40 --> XML-RPC Class Initialized
[DEBUG] [application] - 2014-12-31 23:57:40 --> XML-RPC Class Initialized
[DEBUG] [application] - 2014-12-31 23:57:40 --> XML-RPC Class Initialized
[DEBUG] [application] - 2014-12-31 23:57:40 --> XML-RPC Class Initialized
[DEBUG] [application] - 2014-12-31 23:57:40 --> XML-RPC Class Initialized
[DEBUG] [application] - 2014-12-31 23:59:22 --> Application Class Initialized
[DEBUG] [system.Module] - 2014-12-31 23:59:22 --> Loading "Log" application component
[DEBUG] [system.Module] - 2014-12-31 23:59:22 --> Loading "Utf8" application component
[DEBUG] [application] - 2014-12-31 23:59:22 --> Utf8 Class Initialized
[DEBUG] [application] - 2014-12-31 23:59:22 --> UTF-8 Support Enabled
[DEBUG] [system.Module] - 2014-12-31 23:59:22 --> Loading "Hooks" application component
[DEBUG] [application] - 2014-12-31 23:59:22 --> Hooks Class Initialized
[DEBUG] [system.Module] - 2014-12-31 23:59:22 --> Loading "Router" application component
[DEBUG] [system.Module] - 2014-12-31 23:59:22 --> Loading "Uri" application component
[DEBUG] [application] - 2014-12-31 23:59:22 --> URI Class Initialized
[DEBUG] [application] - 2014-12-31 23:59:22 --> Router Class Initialized
[DEBUG] [application] - 2014-12-31 23:59:22 --> Config file loaded: /Users/geet/www/fly/framework/application/config/routes.php
[DEBUG] [application] - 2014-12-31 23:59:22 --> No URI present. Default controller set.
[DEBUG] [application] - 2014-12-31 23:59:22 --> XML-RPC Class Initialized
[DEBUG] [application] - 2014-12-31 23:59:22 --> XML-RPC Class Initialized
[DEBUG] [application] - 2014-12-31 23:59:22 --> XML-RPC Class Initialized
[DEBUG] [application] - 2014-12-31 23:59:22 --> XML-RPC Class Initialized
[DEBUG] [application] - 2014-12-31 23:59:22 --> XML-RPC Class Initialized
[DEBUG] [application] - 2014-12-31 23:59:22 --> Application Class Initialized
[DEBUG] [system.Module] - 2014-12-31 23:59:22 --> Loading "Log" application component
[DEBUG] [system.Module] - 2014-12-31 23:59:22 --> Loading "Utf8" application component
[DEBUG] [application] - 2014-12-31 23:59:22 --> Utf8 Class Initialized
[DEBUG] [application] - 2014-12-31 23:59:22 --> UTF-8 Support Enabled
[DEBUG] [system.Module] - 2014-12-31 23:59:22 --> Loading "Hooks" application component
[DEBUG] [application] - 2014-12-31 23:59:22 --> Hooks Class Initialized
[DEBUG] [system.Module] - 2014-12-31 23:59:22 --> Loading "Router" application component
[DEBUG] [system.Module] - 2014-12-31 23:59:22 --> Loading "Uri" application component
[DEBUG] [application] - 2014-12-31 23:59:22 --> URI Class Initialized
[DEBUG] [application] - 2014-12-31 23:59:22 --> Router Class Initialized
[DEBUG] [application] - 2014-12-31 23:59:22 --> Config file loaded: /Users/geet/www/fly/framework/application/config/routes.php
[DEBUG] [application] - 2014-12-31 23:59:22 --> XML-RPC Class Initialized
[DEBUG] [application] - 2014-12-31 23:59:22 --> XML-RPC Server Class Initialized
[DEBUG] [application] - 2014-12-31 23:59:22 --> XML-RPC Class Initialized
[DEBUG] [application] - 2014-12-31 23:59:22 --> XML-RPC Class Initialized
[DEBUG] [application] - 2014-12-31 23:59:22 --> XML-RPC Class Initialized
[DEBUG] [application] - 2014-12-31 23:59:22 --> XML-RPC Class Initialized
[DEBUG] [application] - 2014-12-31 23:59:22 --> XML-RPC Class Initialized
[DEBUG] [application] - 2014-12-31 23:59:22 --> XML-RPC Class Initialized
[DEBUG] [application] - 2014-12-31 23:59:22 --> XML-RPC Class Initialized
[DEBUG] [application] - 2014-12-31 23:59:25 --> Application Class Initialized
[DEBUG] [system.Module] - 2014-12-31 23:59:25 --> Loading "Log" application component
[DEBUG] [system.Module] - 2014-12-31 23:59:25 --> Loading "Utf8" application component
[DEBUG] [application] - 2014-12-31 23:59:25 --> Utf8 Class Initialized
[DEBUG] [application] - 2014-12-31 23:59:25 --> UTF-8 Support Enabled
[DEBUG] [system.Module] - 2014-12-31 23:59:25 --> Loading "Hooks" application component
[DEBUG] [application] - 2014-12-31 23:59:25 --> Hooks Class Initialized
[DEBUG] [system.Module] - 2014-12-31 23:59:25 --> Loading "Router" application component
[DEBUG] [system.Module] - 2014-12-31 23:59:25 --> Loading "Uri" application component
[DEBUG] [application] - 2014-12-31 23:59:25 --> URI Class Initialized
[DEBUG] [application] - 2014-12-31 23:59:25 --> Router Class Initialized
[DEBUG] [application] - 2014-12-31 23:59:25 --> Config file loaded: /Users/geet/www/fly/framework/application/config/routes.php
[DEBUG] [application] - 2014-12-31 23:59:25 --> No URI present. Default controller set.
[DEBUG] [application] - 2014-12-31 23:59:25 --> XML-RPC Class Initialized
[DEBUG] [application] - 2014-12-31 23:59:25 --> XML-RPC Class Initialized
[DEBUG] [application] - 2014-12-31 23:59:25 --> XML-RPC Class Initialized
[DEBUG] [application] - 2014-12-31 23:59:25 --> XML-RPC Class Initialized
[DEBUG] [application] - 2014-12-31 23:59:25 --> XML-RPC Class Initialized
[DEBUG] [application] - 2014-12-31 23:59:25 --> Application Class Initialized
[DEBUG] [system.Module] - 2014-12-31 23:59:25 --> Loading "Log" application component
[DEBUG] [system.Module] - 2014-12-31 23:59:25 --> Loading "Utf8" application component
[DEBUG] [application] - 2014-12-31 23:59:25 --> Utf8 Class Initialized
[DEBUG] [application] - 2014-12-31 23:59:25 --> UTF-8 Support Enabled
[DEBUG] [system.Module] - 2014-12-31 23:59:25 --> Loading "Hooks" application component
[DEBUG] [application] - 2014-12-31 23:59:25 --> Hooks Class Initialized
[DEBUG] [system.Module] - 2014-12-31 23:59:25 --> Loading "Router" application component
[DEBUG] [system.Module] - 2014-12-31 23:59:25 --> Loading "Uri" application component
[DEBUG] [application] - 2014-12-31 23:59:25 --> URI Class Initialized
[DEBUG] [application] - 2014-12-31 23:59:25 --> Router Class Initialized
[DEBUG] [application] - 2014-12-31 23:59:25 --> Config file loaded: /Users/geet/www/fly/framework/application/config/routes.php
[DEBUG] [application] - 2014-12-31 23:59:25 --> XML-RPC Class Initialized
[DEBUG] [application] - 2014-12-31 23:59:25 --> XML-RPC Server Class Initialized
[DEBUG] [application] - 2014-12-31 23:59:25 --> XML-RPC Class Initialized
[DEBUG] [application] - 2014-12-31 23:59:25 --> XML-RPC Class Initialized
[DEBUG] [application] - 2014-12-31 23:59:25 --> XML-RPC Class Initialized
[DEBUG] [application] - 2014-12-31 23:59:25 --> XML-RPC Class Initialized
[DEBUG] [application] - 2014-12-31 23:59:25 --> XML-RPC Class Initialized
[DEBUG] [application] - 2014-12-31 23:59:25 --> XML-RPC Class Initialized
[DEBUG] [application] - 2014-12-31 23:59:25 --> XML-RPC Class Initialized
