[DEBUG] [application] - 2015-01-17 00:18:41 --> Application Class Initialized
[DEBUG] [system.Module] - 2015-01-17 00:18:41 --> Loading "Log" application component
[DEBUG] [system.Module] - 2015-01-17 00:18:41 --> Loading "Utf8" application component
[DEBUG] [application] - 2015-01-17 00:18:41 --> Utf8 Class Initialized
[DEBUG] [application] - 2015-01-17 00:18:41 --> UTF-8 Support Enabled
[DEBUG] [system.Module] - 2015-01-17 00:18:41 --> Loading "Hooks" application component
[DEBUG] [application] - 2015-01-17 00:18:42 --> Hooks Class Initialized
[DEBUG] [system.Module] - 2015-01-17 00:18:42 --> Loading "Output" application component
[DEBUG] [application] - 2015-01-17 00:18:42 --> Config file loaded: /Users/geet/www/fly/framework/application/config/mimes.php
[DEBUG] [application] - 2015-01-17 00:18:42 --> Output Class Initialized
[DEBUG] [system.Module] - 2015-01-17 00:18:42 --> Loading "HttpRequest" application component
[DEBUG] [application] - 2015-01-17 00:18:42 --> HttpRequest Class Initialized
[DEBUG] [system.Module] - 2015-01-17 00:18:42 --> Loading "Security" application component
[DEBUG] [application] - 2015-01-17 00:18:42 --> Security Class Initialized
[DEBUG] [application] - 2015-01-17 00:18:42 --> Global POST and COOKIE data sanitized
[DEBUG] [system.Module] - 2015-01-17 00:18:42 --> Loading "Router" application component
[DEBUG] [system.Module] - 2015-01-17 00:18:42 --> Loading "Uri" application component
[DEBUG] [application] - 2015-01-17 00:18:42 --> URI Class Initialized
[DEBUG] [application] - 2015-01-17 00:18:42 --> Router Class Initialized
[DEBUG] [application] - 2015-01-17 00:18:42 --> Config file loaded: /Users/geet/www/fly/framework/application/config/routes.php
[DEBUG] [application] - 2015-01-17 00:18:42 --> No URI present. Default controller set.
[DEBUG] [system.Module] - 2015-01-17 00:18:42 --> Loading "DB" application component
[DEBUG] [application] - 2015-01-17 00:18:42 --> Config file loaded: /Users/geet/www/fly/framework/application/config/database.php
[DEBUG] [application] - 2015-01-17 00:18:42 --> Database Driver Class Initialized
[DEBUG] [application] - 2015-01-17 00:21:29 --> Application Class Initialized
[DEBUG] [system.Module] - 2015-01-17 00:21:29 --> Loading "Log" application component
[DEBUG] [system.Module] - 2015-01-17 00:21:29 --> Loading "Utf8" application component
[DEBUG] [application] - 2015-01-17 00:21:29 --> Utf8 Class Initialized
[DEBUG] [application] - 2015-01-17 00:21:29 --> UTF-8 Support Enabled
[DEBUG] [system.Module] - 2015-01-17 00:21:29 --> Loading "Hooks" application component
[DEBUG] [application] - 2015-01-17 00:21:29 --> Hooks Class Initialized
[DEBUG] [system.Module] - 2015-01-17 00:21:29 --> Loading "Output" application component
[DEBUG] [application] - 2015-01-17 00:21:29 --> Config file loaded: /Users/geet/www/fly/framework/application/config/mimes.php
[DEBUG] [application] - 2015-01-17 00:21:29 --> Output Class Initialized
[DEBUG] [system.Module] - 2015-01-17 00:21:29 --> Loading "HttpRequest" application component
[DEBUG] [application] - 2015-01-17 00:21:29 --> HttpRequest Class Initialized
[DEBUG] [system.Module] - 2015-01-17 00:21:29 --> Loading "Security" application component
[DEBUG] [application] - 2015-01-17 00:21:29 --> Security Class Initialized
[DEBUG] [application] - 2015-01-17 00:21:29 --> Global POST and COOKIE data sanitized
[DEBUG] [system.Module] - 2015-01-17 00:21:29 --> Loading "Router" application component
[DEBUG] [system.Module] - 2015-01-17 00:21:29 --> Loading "Uri" application component
[DEBUG] [application] - 2015-01-17 00:21:29 --> URI Class Initialized
[DEBUG] [application] - 2015-01-17 00:21:29 --> Router Class Initialized
[DEBUG] [application] - 2015-01-17 00:21:29 --> Config file loaded: /Users/geet/www/fly/framework/application/config/routes.php
[DEBUG] [application] - 2015-01-17 00:21:29 --> No URI present. Default controller set.
[DEBUG] [system.Module] - 2015-01-17 00:21:29 --> Loading "DB" application component
[DEBUG] [application] - 2015-01-17 00:21:29 --> Config file loaded: /Users/geet/www/fly/framework/application/config/database.php
[DEBUG] [application] - 2015-01-17 00:21:29 --> Database Driver Class Initialized
[DEBUG] [application] - 2015-01-17 00:21:31 --> Application Class Initialized
[DEBUG] [system.Module] - 2015-01-17 00:21:31 --> Loading "Log" application component
[DEBUG] [system.Module] - 2015-01-17 00:21:31 --> Loading "Utf8" application component
[DEBUG] [application] - 2015-01-17 00:21:31 --> Utf8 Class Initialized
[DEBUG] [application] - 2015-01-17 00:21:31 --> UTF-8 Support Enabled
[DEBUG] [system.Module] - 2015-01-17 00:21:31 --> Loading "Hooks" application component
[DEBUG] [application] - 2015-01-17 00:21:31 --> Hooks Class Initialized
[DEBUG] [system.Module] - 2015-01-17 00:21:31 --> Loading "Output" application component
[DEBUG] [application] - 2015-01-17 00:21:31 --> Config file loaded: /Users/geet/www/fly/framework/application/config/mimes.php
[DEBUG] [application] - 2015-01-17 00:21:31 --> Output Class Initialized
[DEBUG] [system.Module] - 2015-01-17 00:21:31 --> Loading "HttpRequest" application component
[DEBUG] [application] - 2015-01-17 00:21:31 --> HttpRequest Class Initialized
[DEBUG] [system.Module] - 2015-01-17 00:21:31 --> Loading "Security" application component
[DEBUG] [application] - 2015-01-17 00:21:31 --> Security Class Initialized
[DEBUG] [application] - 2015-01-17 00:21:31 --> Global POST and COOKIE data sanitized
[DEBUG] [system.Module] - 2015-01-17 00:21:31 --> Loading "Router" application component
[DEBUG] [system.Module] - 2015-01-17 00:21:31 --> Loading "Uri" application component
[DEBUG] [application] - 2015-01-17 00:21:31 --> URI Class Initialized
[DEBUG] [application] - 2015-01-17 00:21:31 --> Router Class Initialized
[DEBUG] [application] - 2015-01-17 00:21:31 --> Config file loaded: /Users/geet/www/fly/framework/application/config/routes.php
[DEBUG] [application] - 2015-01-17 00:21:31 --> No URI present. Default controller set.
[DEBUG] [system.Module] - 2015-01-17 00:21:31 --> Loading "DB" application component
[DEBUG] [application] - 2015-01-17 00:21:31 --> Config file loaded: /Users/geet/www/fly/framework/application/config/database.php
[DEBUG] [application] - 2015-01-17 00:21:31 --> Database Driver Class Initialized
[DEBUG] [application] - 2015-01-17 00:21:50 --> Application Class Initialized
[DEBUG] [system.Module] - 2015-01-17 00:21:50 --> Loading "Log" application component
[DEBUG] [system.Module] - 2015-01-17 00:21:50 --> Loading "Utf8" application component
[DEBUG] [application] - 2015-01-17 00:21:50 --> Utf8 Class Initialized
[DEBUG] [application] - 2015-01-17 00:21:50 --> UTF-8 Support Enabled
[DEBUG] [system.Module] - 2015-01-17 00:21:50 --> Loading "Hooks" application component
[DEBUG] [application] - 2015-01-17 00:21:50 --> Hooks Class Initialized
[DEBUG] [system.Module] - 2015-01-17 00:21:50 --> Loading "Output" application component
[DEBUG] [application] - 2015-01-17 00:21:50 --> Config file loaded: /Users/geet/www/fly/framework/application/config/mimes.php
[DEBUG] [application] - 2015-01-17 00:21:50 --> Output Class Initialized
[DEBUG] [system.Module] - 2015-01-17 00:21:50 --> Loading "HttpRequest" application component
[DEBUG] [application] - 2015-01-17 00:21:50 --> HttpRequest Class Initialized
[DEBUG] [system.Module] - 2015-01-17 00:21:50 --> Loading "Security" application component
[DEBUG] [application] - 2015-01-17 00:21:50 --> Security Class Initialized
[DEBUG] [application] - 2015-01-17 00:21:50 --> Global POST and COOKIE data sanitized
[DEBUG] [system.Module] - 2015-01-17 00:21:50 --> Loading "Router" application component
[DEBUG] [system.Module] - 2015-01-17 00:21:50 --> Loading "Uri" application component
[DEBUG] [application] - 2015-01-17 00:21:50 --> URI Class Initialized
[DEBUG] [application] - 2015-01-17 00:21:50 --> Router Class Initialized
[DEBUG] [application] - 2015-01-17 00:21:50 --> Config file loaded: /Users/geet/www/fly/framework/application/config/routes.php
[DEBUG] [application] - 2015-01-17 00:21:50 --> No URI present. Default controller set.
[DEBUG] [system.Module] - 2015-01-17 00:21:50 --> Loading "DB" application component
[DEBUG] [application] - 2015-01-17 00:21:50 --> Config file loaded: /Users/geet/www/fly/framework/application/config/database.php
[DEBUG] [application] - 2015-01-17 00:21:50 --> Database Driver Class Initialized
[DEBUG] [application] - 2015-01-17 00:22:58 --> Application Class Initialized
[DEBUG] [system.Module] - 2015-01-17 00:22:58 --> Loading "Log" application component
[DEBUG] [system.Module] - 2015-01-17 00:22:58 --> Loading "Utf8" application component
[DEBUG] [application] - 2015-01-17 00:22:58 --> Utf8 Class Initialized
[DEBUG] [application] - 2015-01-17 00:22:58 --> UTF-8 Support Enabled
[DEBUG] [system.Module] - 2015-01-17 00:22:58 --> Loading "Hooks" application component
[DEBUG] [application] - 2015-01-17 00:22:58 --> Hooks Class Initialized
[DEBUG] [system.Module] - 2015-01-17 00:22:58 --> Loading "Output" application component
[DEBUG] [application] - 2015-01-17 00:22:58 --> Config file loaded: /Users/geet/www/fly/framework/application/config/mimes.php
[DEBUG] [application] - 2015-01-17 00:22:58 --> Output Class Initialized
[DEBUG] [system.Module] - 2015-01-17 00:22:58 --> Loading "HttpRequest" application component
[DEBUG] [application] - 2015-01-17 00:22:58 --> HttpRequest Class Initialized
[DEBUG] [system.Module] - 2015-01-17 00:22:58 --> Loading "Security" application component
[DEBUG] [application] - 2015-01-17 00:22:58 --> Security Class Initialized
[DEBUG] [application] - 2015-01-17 00:22:58 --> Global POST and COOKIE data sanitized
[DEBUG] [system.Module] - 2015-01-17 00:22:58 --> Loading "Router" application component
[DEBUG] [system.Module] - 2015-01-17 00:22:58 --> Loading "Uri" application component
[DEBUG] [application] - 2015-01-17 00:22:58 --> URI Class Initialized
[DEBUG] [application] - 2015-01-17 00:22:58 --> Router Class Initialized
[DEBUG] [application] - 2015-01-17 00:22:58 --> Config file loaded: /Users/geet/www/fly/framework/application/config/routes.php
[DEBUG] [application] - 2015-01-17 00:22:58 --> No URI present. Default controller set.
[DEBUG] [system.Module] - 2015-01-17 00:22:58 --> Loading "DB" application component
[DEBUG] [application] - 2015-01-17 00:22:58 --> Config file loaded: /Users/geet/www/fly/framework/application/config/database.php
[DEBUG] [application] - 2015-01-17 00:22:58 --> Database Driver Class Initialized
[DEBUG] [application] - 2015-01-17 00:23:23 --> Application Class Initialized
[DEBUG] [system.Module] - 2015-01-17 00:23:23 --> Loading "Log" application component
[DEBUG] [system.Module] - 2015-01-17 00:23:23 --> Loading "Utf8" application component
[DEBUG] [application] - 2015-01-17 00:23:23 --> Utf8 Class Initialized
[DEBUG] [application] - 2015-01-17 00:23:23 --> UTF-8 Support Enabled
[DEBUG] [system.Module] - 2015-01-17 00:23:23 --> Loading "Hooks" application component
[DEBUG] [application] - 2015-01-17 00:23:23 --> Hooks Class Initialized
[DEBUG] [system.Module] - 2015-01-17 00:23:23 --> Loading "Output" application component
[DEBUG] [application] - 2015-01-17 00:23:23 --> Config file loaded: /Users/geet/www/fly/framework/application/config/mimes.php
[DEBUG] [application] - 2015-01-17 00:23:23 --> Output Class Initialized
[DEBUG] [system.Module] - 2015-01-17 00:23:23 --> Loading "HttpRequest" application component
[DEBUG] [application] - 2015-01-17 00:23:23 --> HttpRequest Class Initialized
[DEBUG] [system.Module] - 2015-01-17 00:23:23 --> Loading "Security" application component
[DEBUG] [application] - 2015-01-17 00:23:23 --> Security Class Initialized
[DEBUG] [application] - 2015-01-17 00:23:23 --> Global POST and COOKIE data sanitized
[DEBUG] [system.Module] - 2015-01-17 00:23:23 --> Loading "Router" application component
[DEBUG] [system.Module] - 2015-01-17 00:23:23 --> Loading "Uri" application component
[DEBUG] [application] - 2015-01-17 00:23:23 --> URI Class Initialized
[DEBUG] [application] - 2015-01-17 00:23:23 --> Router Class Initialized
[DEBUG] [application] - 2015-01-17 00:23:23 --> Config file loaded: /Users/geet/www/fly/framework/application/config/routes.php
[DEBUG] [application] - 2015-01-17 00:23:23 --> No URI present. Default controller set.
[DEBUG] [system.Module] - 2015-01-17 00:23:23 --> Loading "DB" application component
[DEBUG] [application] - 2015-01-17 00:23:23 --> Config file loaded: /Users/geet/www/fly/framework/application/config/database.php
[DEBUG] [application] - 2015-01-17 00:23:23 --> Database Driver Class Initialized
[DEBUG] [application] - 2015-01-17 00:23:51 --> Application Class Initialized
[DEBUG] [system.Module] - 2015-01-17 00:23:51 --> Loading "Log" application component
[DEBUG] [system.Module] - 2015-01-17 00:23:51 --> Loading "Utf8" application component
[DEBUG] [application] - 2015-01-17 00:23:51 --> Utf8 Class Initialized
[DEBUG] [application] - 2015-01-17 00:23:51 --> UTF-8 Support Enabled
[DEBUG] [system.Module] - 2015-01-17 00:23:51 --> Loading "Hooks" application component
[DEBUG] [application] - 2015-01-17 00:23:51 --> Hooks Class Initialized
[DEBUG] [system.Module] - 2015-01-17 00:23:51 --> Loading "Output" application component
[DEBUG] [application] - 2015-01-17 00:23:51 --> Config file loaded: /Users/geet/www/fly/framework/application/config/mimes.php
[DEBUG] [application] - 2015-01-17 00:23:51 --> Output Class Initialized
[DEBUG] [system.Module] - 2015-01-17 00:23:51 --> Loading "HttpRequest" application component
[DEBUG] [application] - 2015-01-17 00:23:51 --> HttpRequest Class Initialized
[DEBUG] [system.Module] - 2015-01-17 00:23:51 --> Loading "Security" application component
[DEBUG] [application] - 2015-01-17 00:23:51 --> Security Class Initialized
[DEBUG] [application] - 2015-01-17 00:23:51 --> Global POST and COOKIE data sanitized
[DEBUG] [system.Module] - 2015-01-17 00:23:51 --> Loading "Router" application component
[DEBUG] [system.Module] - 2015-01-17 00:23:51 --> Loading "Uri" application component
[DEBUG] [application] - 2015-01-17 00:23:51 --> URI Class Initialized
[DEBUG] [application] - 2015-01-17 00:23:51 --> Router Class Initialized
[DEBUG] [application] - 2015-01-17 00:23:51 --> Config file loaded: /Users/geet/www/fly/framework/application/config/routes.php
[DEBUG] [application] - 2015-01-17 00:23:51 --> No URI present. Default controller set.
[DEBUG] [system.Module] - 2015-01-17 00:23:51 --> Loading "DB" application component
[DEBUG] [application] - 2015-01-17 00:23:51 --> Config file loaded: /Users/geet/www/fly/framework/application/config/database.php
[DEBUG] [application] - 2015-01-17 00:23:51 --> Database Driver Class Initialized
[DEBUG] [application] - 2015-01-17 00:40:11 --> Application Class Initialized
[DEBUG] [system.Module] - 2015-01-17 00:40:11 --> Loading "Log" application component
[DEBUG] [system.Module] - 2015-01-17 00:40:11 --> Loading "Utf8" application component
[DEBUG] [application] - 2015-01-17 00:40:11 --> Utf8 Class Initialized
[DEBUG] [application] - 2015-01-17 00:40:11 --> UTF-8 Support Enabled
[DEBUG] [system.Module] - 2015-01-17 00:40:11 --> Loading "Hooks" application component
[DEBUG] [application] - 2015-01-17 00:40:11 --> Hooks Class Initialized
[DEBUG] [system.Module] - 2015-01-17 00:40:11 --> Loading "Output" application component
[DEBUG] [application] - 2015-01-17 00:40:11 --> Config file loaded: /Users/geet/www/fly/framework/application/config/mimes.php
[DEBUG] [application] - 2015-01-17 00:40:11 --> Output Class Initialized
[DEBUG] [system.Module] - 2015-01-17 00:40:11 --> Loading "HttpRequest" application component
[DEBUG] [application] - 2015-01-17 00:40:11 --> HttpRequest Class Initialized
[DEBUG] [system.Module] - 2015-01-17 00:40:11 --> Loading "Security" application component
[DEBUG] [application] - 2015-01-17 00:40:11 --> Security Class Initialized
[DEBUG] [application] - 2015-01-17 00:40:11 --> Global POST and COOKIE data sanitized
[DEBUG] [system.Module] - 2015-01-17 00:40:11 --> Loading "Router" application component
[DEBUG] [system.Module] - 2015-01-17 00:40:11 --> Loading "Uri" application component
[DEBUG] [application] - 2015-01-17 00:40:11 --> URI Class Initialized
[DEBUG] [application] - 2015-01-17 00:40:11 --> Router Class Initialized
[DEBUG] [application] - 2015-01-17 00:40:11 --> Config file loaded: /Users/geet/www/fly/framework/application/config/routes.php
[DEBUG] [application] - 2015-01-17 00:40:11 --> No URI present. Default controller set.
[DEBUG] [system.Module] - 2015-01-17 00:40:11 --> Loading "DB" application component
[DEBUG] [application] - 2015-01-17 00:40:11 --> Config file loaded: /Users/geet/www/fly/framework/application/config/database.php
[DEBUG] [application] - 2015-01-17 00:40:11 --> Database Driver Class Initialized
[DEBUG] [application] - 2015-01-17 00:41:07 --> Application Class Initialized
[DEBUG] [system.Module] - 2015-01-17 00:41:07 --> Loading "Log" application component
[DEBUG] [system.Module] - 2015-01-17 00:41:07 --> Loading "Utf8" application component
[DEBUG] [application] - 2015-01-17 00:41:07 --> Utf8 Class Initialized
[DEBUG] [application] - 2015-01-17 00:41:07 --> UTF-8 Support Enabled
[DEBUG] [system.Module] - 2015-01-17 00:41:07 --> Loading "Hooks" application component
[DEBUG] [application] - 2015-01-17 00:41:07 --> Hooks Class Initialized
[DEBUG] [system.Module] - 2015-01-17 00:41:07 --> Loading "Output" application component
[DEBUG] [application] - 2015-01-17 00:41:07 --> Config file loaded: /Users/geet/www/fly/framework/application/config/mimes.php
[DEBUG] [application] - 2015-01-17 00:41:07 --> Output Class Initialized
[DEBUG] [system.Module] - 2015-01-17 00:41:07 --> Loading "HttpRequest" application component
[DEBUG] [application] - 2015-01-17 00:41:07 --> HttpRequest Class Initialized
[DEBUG] [system.Module] - 2015-01-17 00:41:07 --> Loading "Security" application component
[DEBUG] [application] - 2015-01-17 00:41:07 --> Security Class Initialized
[DEBUG] [application] - 2015-01-17 00:41:07 --> Global POST and COOKIE data sanitized
[DEBUG] [system.Module] - 2015-01-17 00:41:07 --> Loading "Router" application component
[DEBUG] [system.Module] - 2015-01-17 00:41:07 --> Loading "Uri" application component
[DEBUG] [application] - 2015-01-17 00:41:07 --> URI Class Initialized
[DEBUG] [application] - 2015-01-17 00:41:07 --> Router Class Initialized
[DEBUG] [application] - 2015-01-17 00:41:07 --> Config file loaded: /Users/geet/www/fly/framework/application/config/routes.php
[DEBUG] [application] - 2015-01-17 00:41:07 --> No URI present. Default controller set.
[DEBUG] [system.Module] - 2015-01-17 00:41:07 --> Loading "DB" application component
[DEBUG] [application] - 2015-01-17 00:41:07 --> Config file loaded: /Users/geet/www/fly/framework/application/config/database.php
[DEBUG] [application] - 2015-01-17 00:41:07 --> Database Driver Class Initialized
[DEBUG] [application] - 2015-01-17 00:41:09 --> Application Class Initialized
[DEBUG] [system.Module] - 2015-01-17 00:41:09 --> Loading "Log" application component
[DEBUG] [system.Module] - 2015-01-17 00:41:09 --> Loading "Utf8" application component
[DEBUG] [application] - 2015-01-17 00:41:09 --> Utf8 Class Initialized
[DEBUG] [application] - 2015-01-17 00:41:09 --> UTF-8 Support Enabled
[DEBUG] [system.Module] - 2015-01-17 00:41:09 --> Loading "Hooks" application component
[DEBUG] [application] - 2015-01-17 00:41:09 --> Hooks Class Initialized
[DEBUG] [system.Module] - 2015-01-17 00:41:09 --> Loading "Output" application component
[DEBUG] [application] - 2015-01-17 00:41:09 --> Config file loaded: /Users/geet/www/fly/framework/application/config/mimes.php
[DEBUG] [application] - 2015-01-17 00:41:09 --> Output Class Initialized
[DEBUG] [system.Module] - 2015-01-17 00:41:09 --> Loading "HttpRequest" application component
[DEBUG] [application] - 2015-01-17 00:41:09 --> HttpRequest Class Initialized
[DEBUG] [system.Module] - 2015-01-17 00:41:09 --> Loading "Security" application component
[DEBUG] [application] - 2015-01-17 00:41:09 --> Security Class Initialized
[DEBUG] [application] - 2015-01-17 00:41:09 --> Global POST and COOKIE data sanitized
[DEBUG] [system.Module] - 2015-01-17 00:41:09 --> Loading "Router" application component
[DEBUG] [system.Module] - 2015-01-17 00:41:09 --> Loading "Uri" application component
[DEBUG] [application] - 2015-01-17 00:41:09 --> URI Class Initialized
[DEBUG] [application] - 2015-01-17 00:41:09 --> Router Class Initialized
[DEBUG] [application] - 2015-01-17 00:41:09 --> Config file loaded: /Users/geet/www/fly/framework/application/config/routes.php
[DEBUG] [application] - 2015-01-17 00:41:09 --> No URI present. Default controller set.
[DEBUG] [system.Module] - 2015-01-17 00:41:09 --> Loading "DB" application component
[DEBUG] [application] - 2015-01-17 00:41:09 --> Config file loaded: /Users/geet/www/fly/framework/application/config/database.php
[DEBUG] [application] - 2015-01-17 00:41:09 --> Database Driver Class Initialized
[DEBUG] [application] - 2015-01-17 00:41:35 --> Application Class Initialized
[DEBUG] [system.Module] - 2015-01-17 00:41:35 --> Loading "Log" application component
[DEBUG] [system.Module] - 2015-01-17 00:41:35 --> Loading "Utf8" application component
[DEBUG] [application] - 2015-01-17 00:41:35 --> Utf8 Class Initialized
[DEBUG] [application] - 2015-01-17 00:41:35 --> UTF-8 Support Enabled
[DEBUG] [system.Module] - 2015-01-17 00:41:35 --> Loading "Hooks" application component
[DEBUG] [application] - 2015-01-17 00:41:35 --> Hooks Class Initialized
[DEBUG] [system.Module] - 2015-01-17 00:41:35 --> Loading "Output" application component
[DEBUG] [application] - 2015-01-17 00:41:35 --> Config file loaded: /Users/geet/www/fly/framework/application/config/mimes.php
[DEBUG] [application] - 2015-01-17 00:41:35 --> Output Class Initialized
[DEBUG] [system.Module] - 2015-01-17 00:41:35 --> Loading "HttpRequest" application component
[DEBUG] [application] - 2015-01-17 00:41:35 --> HttpRequest Class Initialized
[DEBUG] [system.Module] - 2015-01-17 00:41:35 --> Loading "Security" application component
[DEBUG] [application] - 2015-01-17 00:41:35 --> Security Class Initialized
[DEBUG] [application] - 2015-01-17 00:41:35 --> Global POST and COOKIE data sanitized
[DEBUG] [system.Module] - 2015-01-17 00:41:35 --> Loading "Router" application component
[DEBUG] [system.Module] - 2015-01-17 00:41:35 --> Loading "Uri" application component
[DEBUG] [application] - 2015-01-17 00:41:35 --> URI Class Initialized
[DEBUG] [application] - 2015-01-17 00:41:35 --> Router Class Initialized
[DEBUG] [application] - 2015-01-17 00:41:35 --> Config file loaded: /Users/geet/www/fly/framework/application/config/routes.php
[DEBUG] [application] - 2015-01-17 00:41:35 --> No URI present. Default controller set.
[DEBUG] [system.Module] - 2015-01-17 00:41:35 --> Loading "DB" application component
[DEBUG] [application] - 2015-01-17 00:41:35 --> Config file loaded: /Users/geet/www/fly/framework/application/config/database.php
[DEBUG] [application] - 2015-01-17 00:41:35 --> Database Driver Class Initialized
[DEBUG] [application] - 2015-01-17 00:42:13 --> Application Class Initialized
[DEBUG] [system.Module] - 2015-01-17 00:42:13 --> Loading "Log" application component
[DEBUG] [system.Module] - 2015-01-17 00:42:13 --> Loading "Utf8" application component
[DEBUG] [application] - 2015-01-17 00:42:13 --> Utf8 Class Initialized
[DEBUG] [application] - 2015-01-17 00:42:13 --> UTF-8 Support Enabled
[DEBUG] [system.Module] - 2015-01-17 00:42:13 --> Loading "Hooks" application component
[DEBUG] [application] - 2015-01-17 00:42:13 --> Hooks Class Initialized
[DEBUG] [system.Module] - 2015-01-17 00:42:13 --> Loading "Output" application component
[DEBUG] [application] - 2015-01-17 00:42:13 --> Config file loaded: /Users/geet/www/fly/framework/application/config/mimes.php
[DEBUG] [application] - 2015-01-17 00:42:13 --> Output Class Initialized
[DEBUG] [system.Module] - 2015-01-17 00:42:13 --> Loading "HttpRequest" application component
[DEBUG] [application] - 2015-01-17 00:42:13 --> HttpRequest Class Initialized
[DEBUG] [system.Module] - 2015-01-17 00:42:13 --> Loading "Security" application component
[DEBUG] [application] - 2015-01-17 00:42:13 --> Security Class Initialized
[DEBUG] [application] - 2015-01-17 00:42:13 --> Global POST and COOKIE data sanitized
[DEBUG] [system.Module] - 2015-01-17 00:42:13 --> Loading "Router" application component
[DEBUG] [system.Module] - 2015-01-17 00:42:13 --> Loading "Uri" application component
[DEBUG] [application] - 2015-01-17 00:42:13 --> URI Class Initialized
[DEBUG] [application] - 2015-01-17 00:42:13 --> Router Class Initialized
[DEBUG] [application] - 2015-01-17 00:42:13 --> Config file loaded: /Users/geet/www/fly/framework/application/config/routes.php
[DEBUG] [application] - 2015-01-17 00:42:13 --> No URI present. Default controller set.
[DEBUG] [system.Module] - 2015-01-17 00:42:13 --> Loading "DB" application component
[DEBUG] [application] - 2015-01-17 00:42:13 --> Config file loaded: /Users/geet/www/fly/framework/application/config/database.php
[DEBUG] [application] - 2015-01-17 00:42:13 --> Database Driver Class Initialized
[DEBUG] [application] - 2015-01-17 00:42:15 --> Application Class Initialized
[DEBUG] [system.Module] - 2015-01-17 00:42:15 --> Loading "Log" application component
[DEBUG] [system.Module] - 2015-01-17 00:42:15 --> Loading "Utf8" application component
[DEBUG] [application] - 2015-01-17 00:42:15 --> Utf8 Class Initialized
[DEBUG] [application] - 2015-01-17 00:42:15 --> UTF-8 Support Enabled
[DEBUG] [system.Module] - 2015-01-17 00:42:15 --> Loading "Hooks" application component
[DEBUG] [application] - 2015-01-17 00:42:15 --> Hooks Class Initialized
[DEBUG] [system.Module] - 2015-01-17 00:42:15 --> Loading "Output" application component
[DEBUG] [application] - 2015-01-17 00:42:15 --> Config file loaded: /Users/geet/www/fly/framework/application/config/mimes.php
[DEBUG] [application] - 2015-01-17 00:42:15 --> Output Class Initialized
[DEBUG] [system.Module] - 2015-01-17 00:42:15 --> Loading "HttpRequest" application component
[DEBUG] [application] - 2015-01-17 00:42:15 --> HttpRequest Class Initialized
[DEBUG] [system.Module] - 2015-01-17 00:42:15 --> Loading "Security" application component
[DEBUG] [application] - 2015-01-17 00:42:15 --> Security Class Initialized
[DEBUG] [application] - 2015-01-17 00:42:15 --> Global POST and COOKIE data sanitized
[DEBUG] [system.Module] - 2015-01-17 00:42:15 --> Loading "Router" application component
[DEBUG] [system.Module] - 2015-01-17 00:42:15 --> Loading "Uri" application component
[DEBUG] [application] - 2015-01-17 00:42:15 --> URI Class Initialized
[DEBUG] [application] - 2015-01-17 00:42:15 --> Router Class Initialized
[DEBUG] [application] - 2015-01-17 00:42:15 --> Config file loaded: /Users/geet/www/fly/framework/application/config/routes.php
[DEBUG] [application] - 2015-01-17 00:42:15 --> No URI present. Default controller set.
[DEBUG] [system.Module] - 2015-01-17 00:42:15 --> Loading "DB" application component
[DEBUG] [application] - 2015-01-17 00:42:15 --> Config file loaded: /Users/geet/www/fly/framework/application/config/database.php
[DEBUG] [application] - 2015-01-17 00:42:15 --> Database Driver Class Initialized
[DEBUG] [application] - 2015-01-17 00:42:26 --> Application Class Initialized
[DEBUG] [system.Module] - 2015-01-17 00:42:26 --> Loading "Log" application component
[DEBUG] [system.Module] - 2015-01-17 00:42:26 --> Loading "Utf8" application component
[DEBUG] [application] - 2015-01-17 00:42:26 --> Utf8 Class Initialized
[DEBUG] [application] - 2015-01-17 00:42:26 --> UTF-8 Support Enabled
[DEBUG] [system.Module] - 2015-01-17 00:42:26 --> Loading "Hooks" application component
[DEBUG] [application] - 2015-01-17 00:42:26 --> Hooks Class Initialized
[DEBUG] [system.Module] - 2015-01-17 00:42:26 --> Loading "Output" application component
[DEBUG] [application] - 2015-01-17 00:42:26 --> Config file loaded: /Users/geet/www/fly/framework/application/config/mimes.php
[DEBUG] [application] - 2015-01-17 00:42:26 --> Output Class Initialized
[DEBUG] [system.Module] - 2015-01-17 00:42:26 --> Loading "HttpRequest" application component
[DEBUG] [application] - 2015-01-17 00:42:26 --> HttpRequest Class Initialized
[DEBUG] [system.Module] - 2015-01-17 00:42:26 --> Loading "Security" application component
[DEBUG] [application] - 2015-01-17 00:42:26 --> Security Class Initialized
[DEBUG] [application] - 2015-01-17 00:42:26 --> Global POST and COOKIE data sanitized
[DEBUG] [system.Module] - 2015-01-17 00:42:26 --> Loading "Router" application component
[DEBUG] [system.Module] - 2015-01-17 00:42:26 --> Loading "Uri" application component
[DEBUG] [application] - 2015-01-17 00:42:26 --> URI Class Initialized
[DEBUG] [application] - 2015-01-17 00:42:26 --> Router Class Initialized
[DEBUG] [application] - 2015-01-17 00:42:26 --> Config file loaded: /Users/geet/www/fly/framework/application/config/routes.php
[DEBUG] [application] - 2015-01-17 00:42:26 --> No URI present. Default controller set.
[DEBUG] [system.Module] - 2015-01-17 00:42:26 --> Loading "DB" application component
[DEBUG] [application] - 2015-01-17 00:42:26 --> Config file loaded: /Users/geet/www/fly/framework/application/config/database.php
[DEBUG] [application] - 2015-01-17 00:42:26 --> Database Driver Class Initialized
[DEBUG] [application] - 2015-01-17 00:42:57 --> Application Class Initialized
[DEBUG] [system.Module] - 2015-01-17 00:42:57 --> Loading "Log" application component
[DEBUG] [system.Module] - 2015-01-17 00:42:57 --> Loading "Utf8" application component
[DEBUG] [application] - 2015-01-17 00:42:57 --> Utf8 Class Initialized
[DEBUG] [application] - 2015-01-17 00:42:57 --> UTF-8 Support Enabled
[DEBUG] [system.Module] - 2015-01-17 00:42:57 --> Loading "Hooks" application component
[DEBUG] [application] - 2015-01-17 00:42:57 --> Hooks Class Initialized
[DEBUG] [system.Module] - 2015-01-17 00:42:57 --> Loading "Output" application component
[DEBUG] [application] - 2015-01-17 00:42:57 --> Config file loaded: /Users/geet/www/fly/framework/application/config/mimes.php
[DEBUG] [application] - 2015-01-17 00:42:57 --> Output Class Initialized
[DEBUG] [system.Module] - 2015-01-17 00:42:57 --> Loading "HttpRequest" application component
[DEBUG] [application] - 2015-01-17 00:42:57 --> HttpRequest Class Initialized
[DEBUG] [system.Module] - 2015-01-17 00:42:57 --> Loading "Security" application component
[DEBUG] [application] - 2015-01-17 00:42:57 --> Security Class Initialized
[DEBUG] [application] - 2015-01-17 00:42:57 --> Global POST and COOKIE data sanitized
[DEBUG] [system.Module] - 2015-01-17 00:42:57 --> Loading "Router" application component
[DEBUG] [system.Module] - 2015-01-17 00:42:57 --> Loading "Uri" application component
[DEBUG] [application] - 2015-01-17 00:42:57 --> URI Class Initialized
[DEBUG] [application] - 2015-01-17 00:42:57 --> Router Class Initialized
[DEBUG] [application] - 2015-01-17 00:42:57 --> Config file loaded: /Users/geet/www/fly/framework/application/config/routes.php
[DEBUG] [application] - 2015-01-17 00:42:57 --> No URI present. Default controller set.
[DEBUG] [system.Module] - 2015-01-17 00:42:57 --> Loading "DB" application component
[DEBUG] [application] - 2015-01-17 00:42:57 --> Config file loaded: /Users/geet/www/fly/framework/application/config/database.php
[DEBUG] [application] - 2015-01-17 00:42:57 --> Database Driver Class Initialized
[DEBUG] [application] - 2015-01-17 00:43:12 --> Application Class Initialized
[DEBUG] [system.Module] - 2015-01-17 00:43:12 --> Loading "Log" application component
[DEBUG] [system.Module] - 2015-01-17 00:43:12 --> Loading "Utf8" application component
[DEBUG] [application] - 2015-01-17 00:43:12 --> Utf8 Class Initialized
[DEBUG] [application] - 2015-01-17 00:43:12 --> UTF-8 Support Enabled
[DEBUG] [system.Module] - 2015-01-17 00:43:12 --> Loading "Hooks" application component
[DEBUG] [application] - 2015-01-17 00:43:12 --> Hooks Class Initialized
[DEBUG] [system.Module] - 2015-01-17 00:43:12 --> Loading "Output" application component
[DEBUG] [application] - 2015-01-17 00:43:12 --> Config file loaded: /Users/geet/www/fly/framework/application/config/mimes.php
[DEBUG] [application] - 2015-01-17 00:43:12 --> Output Class Initialized
[DEBUG] [system.Module] - 2015-01-17 00:43:12 --> Loading "HttpRequest" application component
[DEBUG] [application] - 2015-01-17 00:43:12 --> HttpRequest Class Initialized
[DEBUG] [system.Module] - 2015-01-17 00:43:12 --> Loading "Security" application component
[DEBUG] [application] - 2015-01-17 00:43:12 --> Security Class Initialized
[DEBUG] [application] - 2015-01-17 00:43:12 --> Global POST and COOKIE data sanitized
[DEBUG] [system.Module] - 2015-01-17 00:43:12 --> Loading "Router" application component
[DEBUG] [system.Module] - 2015-01-17 00:43:12 --> Loading "Uri" application component
[DEBUG] [application] - 2015-01-17 00:43:12 --> URI Class Initialized
[DEBUG] [application] - 2015-01-17 00:43:12 --> Router Class Initialized
[DEBUG] [application] - 2015-01-17 00:43:12 --> Config file loaded: /Users/geet/www/fly/framework/application/config/routes.php
[DEBUG] [application] - 2015-01-17 00:43:12 --> No URI present. Default controller set.
[DEBUG] [system.Module] - 2015-01-17 00:43:12 --> Loading "DB" application component
[DEBUG] [application] - 2015-01-17 00:43:12 --> Config file loaded: /Users/geet/www/fly/framework/application/config/database.php
[DEBUG] [application] - 2015-01-17 00:43:12 --> Database Driver Class Initialized
[DEBUG] [application] - 2015-01-17 00:43:24 --> Application Class Initialized
[DEBUG] [system.Module] - 2015-01-17 00:43:24 --> Loading "Log" application component
[DEBUG] [system.Module] - 2015-01-17 00:43:24 --> Loading "Utf8" application component
[DEBUG] [application] - 2015-01-17 00:43:24 --> Utf8 Class Initialized
[DEBUG] [application] - 2015-01-17 00:43:24 --> UTF-8 Support Enabled
[DEBUG] [system.Module] - 2015-01-17 00:43:24 --> Loading "Hooks" application component
[DEBUG] [application] - 2015-01-17 00:43:24 --> Hooks Class Initialized
[DEBUG] [system.Module] - 2015-01-17 00:43:24 --> Loading "Output" application component
[DEBUG] [application] - 2015-01-17 00:43:24 --> Config file loaded: /Users/geet/www/fly/framework/application/config/mimes.php
[DEBUG] [application] - 2015-01-17 00:43:24 --> Output Class Initialized
[DEBUG] [system.Module] - 2015-01-17 00:43:24 --> Loading "HttpRequest" application component
[DEBUG] [application] - 2015-01-17 00:43:24 --> HttpRequest Class Initialized
[DEBUG] [system.Module] - 2015-01-17 00:43:24 --> Loading "Security" application component
[DEBUG] [application] - 2015-01-17 00:43:24 --> Security Class Initialized
[DEBUG] [application] - 2015-01-17 00:43:24 --> Global POST and COOKIE data sanitized
[DEBUG] [system.Module] - 2015-01-17 00:43:24 --> Loading "Router" application component
[DEBUG] [system.Module] - 2015-01-17 00:43:24 --> Loading "Uri" application component
[DEBUG] [application] - 2015-01-17 00:43:24 --> URI Class Initialized
[DEBUG] [application] - 2015-01-17 00:43:24 --> Router Class Initialized
[DEBUG] [application] - 2015-01-17 00:43:24 --> Config file loaded: /Users/geet/www/fly/framework/application/config/routes.php
[DEBUG] [application] - 2015-01-17 00:43:24 --> No URI present. Default controller set.
[DEBUG] [system.Module] - 2015-01-17 00:43:24 --> Loading "DB" application component
[DEBUG] [application] - 2015-01-17 00:43:24 --> Config file loaded: /Users/geet/www/fly/framework/application/config/database.php
[DEBUG] [application] - 2015-01-17 00:43:24 --> Database Driver Class Initialized
[DEBUG] [application] - 2015-01-17 00:43:26 --> Application Class Initialized
[DEBUG] [system.Module] - 2015-01-17 00:43:26 --> Loading "Log" application component
[DEBUG] [system.Module] - 2015-01-17 00:43:26 --> Loading "Utf8" application component
[DEBUG] [application] - 2015-01-17 00:43:26 --> Utf8 Class Initialized
[DEBUG] [application] - 2015-01-17 00:43:26 --> UTF-8 Support Enabled
[DEBUG] [system.Module] - 2015-01-17 00:43:26 --> Loading "Hooks" application component
[DEBUG] [application] - 2015-01-17 00:43:26 --> Hooks Class Initialized
[DEBUG] [system.Module] - 2015-01-17 00:43:26 --> Loading "Output" application component
[DEBUG] [application] - 2015-01-17 00:43:26 --> Config file loaded: /Users/geet/www/fly/framework/application/config/mimes.php
[DEBUG] [application] - 2015-01-17 00:43:26 --> Output Class Initialized
[DEBUG] [system.Module] - 2015-01-17 00:43:26 --> Loading "HttpRequest" application component
[DEBUG] [application] - 2015-01-17 00:43:26 --> HttpRequest Class Initialized
[DEBUG] [system.Module] - 2015-01-17 00:43:26 --> Loading "Security" application component
[DEBUG] [application] - 2015-01-17 00:43:26 --> Security Class Initialized
[DEBUG] [application] - 2015-01-17 00:43:26 --> Global POST and COOKIE data sanitized
[DEBUG] [system.Module] - 2015-01-17 00:43:26 --> Loading "Router" application component
[DEBUG] [system.Module] - 2015-01-17 00:43:26 --> Loading "Uri" application component
[DEBUG] [application] - 2015-01-17 00:43:26 --> URI Class Initialized
[DEBUG] [application] - 2015-01-17 00:43:26 --> Router Class Initialized
[DEBUG] [application] - 2015-01-17 00:43:26 --> Config file loaded: /Users/geet/www/fly/framework/application/config/routes.php
[DEBUG] [application] - 2015-01-17 00:43:26 --> No URI present. Default controller set.
[DEBUG] [system.Module] - 2015-01-17 00:43:26 --> Loading "DB" application component
[DEBUG] [application] - 2015-01-17 00:43:26 --> Config file loaded: /Users/geet/www/fly/framework/application/config/database.php
[DEBUG] [application] - 2015-01-17 00:43:26 --> Database Driver Class Initialized
[DEBUG] [application] - 2015-01-17 00:48:49 --> Application Class Initialized
[DEBUG] [system.Module] - 2015-01-17 00:48:49 --> Loading "Log" application component
[DEBUG] [system.Module] - 2015-01-17 00:48:49 --> Loading "Utf8" application component
[DEBUG] [application] - 2015-01-17 00:48:49 --> Utf8 Class Initialized
[DEBUG] [application] - 2015-01-17 00:48:49 --> UTF-8 Support Enabled
[DEBUG] [system.Module] - 2015-01-17 00:48:49 --> Loading "Hooks" application component
[DEBUG] [application] - 2015-01-17 00:48:49 --> Hooks Class Initialized
[DEBUG] [system.Module] - 2015-01-17 00:48:49 --> Loading "Output" application component
[DEBUG] [application] - 2015-01-17 00:48:49 --> Config file loaded: /Users/geet/www/fly/framework/application/config/mimes.php
[DEBUG] [application] - 2015-01-17 00:48:49 --> Output Class Initialized
[DEBUG] [system.Module] - 2015-01-17 00:48:49 --> Loading "HttpRequest" application component
[DEBUG] [application] - 2015-01-17 00:48:49 --> HttpRequest Class Initialized
[DEBUG] [system.Module] - 2015-01-17 00:48:49 --> Loading "Security" application component
[DEBUG] [application] - 2015-01-17 00:48:49 --> Security Class Initialized
[DEBUG] [application] - 2015-01-17 00:48:49 --> Global POST and COOKIE data sanitized
[DEBUG] [system.Module] - 2015-01-17 00:48:49 --> Loading "Router" application component
[DEBUG] [system.Module] - 2015-01-17 00:48:49 --> Loading "Uri" application component
[DEBUG] [application] - 2015-01-17 00:48:49 --> URI Class Initialized
[DEBUG] [application] - 2015-01-17 00:48:49 --> Router Class Initialized
[DEBUG] [application] - 2015-01-17 00:48:49 --> Config file loaded: /Users/geet/www/fly/framework/application/config/routes.php
[DEBUG] [application] - 2015-01-17 00:48:49 --> No URI present. Default controller set.
[DEBUG] [system.Module] - 2015-01-17 00:48:49 --> Loading "DB" application component
[DEBUG] [application] - 2015-01-17 00:48:49 --> Config file loaded: /Users/geet/www/fly/framework/application/config/database.php
[DEBUG] [application] - 2015-01-17 00:48:49 --> Database Driver Class Initialized
[DEBUG] [application] - 2015-01-17 00:49:49 --> Application Class Initialized
[DEBUG] [system.Module] - 2015-01-17 00:49:49 --> Loading "Log" application component
[DEBUG] [system.Module] - 2015-01-17 00:49:49 --> Loading "Utf8" application component
[DEBUG] [application] - 2015-01-17 00:49:49 --> Utf8 Class Initialized
[DEBUG] [application] - 2015-01-17 00:49:49 --> UTF-8 Support Enabled
[DEBUG] [system.Module] - 2015-01-17 00:49:49 --> Loading "Hooks" application component
[DEBUG] [application] - 2015-01-17 00:49:49 --> Hooks Class Initialized
[DEBUG] [system.Module] - 2015-01-17 00:49:49 --> Loading "Output" application component
[DEBUG] [application] - 2015-01-17 00:49:49 --> Config file loaded: /Users/geet/www/fly/framework/application/config/mimes.php
[DEBUG] [application] - 2015-01-17 00:49:49 --> Output Class Initialized
[DEBUG] [system.Module] - 2015-01-17 00:49:49 --> Loading "HttpRequest" application component
[DEBUG] [application] - 2015-01-17 00:49:49 --> HttpRequest Class Initialized
[DEBUG] [system.Module] - 2015-01-17 00:49:49 --> Loading "Security" application component
[DEBUG] [application] - 2015-01-17 00:49:49 --> Security Class Initialized
[DEBUG] [application] - 2015-01-17 00:49:49 --> Global POST and COOKIE data sanitized
[DEBUG] [system.Module] - 2015-01-17 00:49:49 --> Loading "Router" application component
[DEBUG] [system.Module] - 2015-01-17 00:49:49 --> Loading "Uri" application component
[DEBUG] [application] - 2015-01-17 00:49:49 --> URI Class Initialized
[DEBUG] [application] - 2015-01-17 00:49:49 --> Router Class Initialized
[DEBUG] [application] - 2015-01-17 00:49:49 --> Config file loaded: /Users/geet/www/fly/framework/application/config/routes.php
[DEBUG] [application] - 2015-01-17 00:49:49 --> No URI present. Default controller set.
[DEBUG] [system.Module] - 2015-01-17 00:49:49 --> Loading "DB" application component
[DEBUG] [application] - 2015-01-17 00:49:49 --> Config file loaded: /Users/geet/www/fly/framework/application/config/database.php
[DEBUG] [application] - 2015-01-17 00:49:49 --> Database Driver Class Initialized
[DEBUG] [application] - 2015-01-17 01:05:21 --> Application Class Initialized
[DEBUG] [system.Module] - 2015-01-17 01:05:21 --> Loading "Log" application component
[DEBUG] [system.Module] - 2015-01-17 01:05:21 --> Loading "Utf8" application component
[DEBUG] [application] - 2015-01-17 01:05:21 --> Utf8 Class Initialized
[DEBUG] [application] - 2015-01-17 01:05:21 --> UTF-8 Support Enabled
[DEBUG] [system.Module] - 2015-01-17 01:05:21 --> Loading "Hooks" application component
[DEBUG] [application] - 2015-01-17 01:05:21 --> Hooks Class Initialized
[DEBUG] [system.Module] - 2015-01-17 01:05:21 --> Loading "Output" application component
[DEBUG] [application] - 2015-01-17 01:05:21 --> Config file loaded: /Users/geet/www/fly/framework/application/config/mimes.php
[DEBUG] [application] - 2015-01-17 01:05:21 --> Output Class Initialized
[DEBUG] [system.Module] - 2015-01-17 01:05:21 --> Loading "HttpRequest" application component
[DEBUG] [application] - 2015-01-17 01:05:21 --> HttpRequest Class Initialized
[DEBUG] [system.Module] - 2015-01-17 01:05:21 --> Loading "Security" application component
[DEBUG] [application] - 2015-01-17 01:05:21 --> Security Class Initialized
[DEBUG] [application] - 2015-01-17 01:05:21 --> Global POST and COOKIE data sanitized
[DEBUG] [system.Module] - 2015-01-17 01:05:21 --> Loading "Router" application component
[DEBUG] [system.Module] - 2015-01-17 01:05:21 --> Loading "Uri" application component
[DEBUG] [application] - 2015-01-17 01:05:21 --> URI Class Initialized
[DEBUG] [application] - 2015-01-17 01:05:21 --> Router Class Initialized
[DEBUG] [application] - 2015-01-17 01:05:21 --> Config file loaded: /Users/geet/www/fly/framework/application/config/routes.php
[DEBUG] [application] - 2015-01-17 01:05:21 --> No URI present. Default controller set.
[DEBUG] [system.Module] - 2015-01-17 01:05:21 --> Loading "DB" application component
[DEBUG] [application] - 2015-01-17 01:05:21 --> Config file loaded: /Users/geet/www/fly/framework/application/config/database.php
[DEBUG] [application] - 2015-01-17 01:05:21 --> Database Driver Class Initialized
