[DEBUG] [application] - 2015-02-04 10:00:20 --> Application Class Initialized
[DEBUG] [system.Module] - 2015-02-04 10:00:20 --> Loading "Log" application component
[DEBUG] [system.Module] - 2015-02-04 10:00:20 --> Loading "Utf8" application component
[DEBUG] [application] - 2015-02-04 10:00:20 --> Utf8 Class Initialized
[DEBUG] [application] - 2015-02-04 10:00:20 --> UTF-8 Support Enabled
[DEBUG] [system.Module] - 2015-02-04 10:00:20 --> Loading "Hooks" application component
[DEBUG] [application] - 2015-02-04 10:00:20 --> Hooks Class Initialized
[DEBUG] [system.Module] - 2015-02-04 10:00:20 --> Loading "Output" application component
[DEBUG] [application] - 2015-02-04 10:00:20 --> Config file loaded: /Users/geet/www/fly/framework/application/config/mimes.php
[DEBUG] [application] - 2015-02-04 10:00:20 --> Output Class Initialized
[DEBUG] [system.Module] - 2015-02-04 10:00:20 --> Loading "HttpRequest" application component
[DEBUG] [application] - 2015-02-04 10:00:20 --> HttpRequest Class Initialized
[DEBUG] [system.Module] - 2015-02-04 10:00:20 --> Loading "Security" application component
[DEBUG] [application] - 2015-02-04 10:00:20 --> Security Class Initialized
[DEBUG] [application] - 2015-02-04 10:00:20 --> Global POST and COOKIE data sanitized
[DEBUG] [system.Module] - 2015-02-04 10:00:20 --> Loading "Router" application component
[DEBUG] [system.Module] - 2015-02-04 10:00:20 --> Loading "Uri" application component
[DEBUG] [application] - 2015-02-04 10:00:20 --> URI Class Initialized
[DEBUG] [application] - 2015-02-04 10:00:20 --> Router Class Initialized
[DEBUG] [application] - 2015-02-04 10:00:20 --> Config file loaded: /Users/geet/www/fly/framework/application/config/routes.php
[DEBUG] [application] - 2015-02-04 10:00:20 --> No URI present. Default controller set.
[DEBUG] [application] - 2015-02-04 10:00:22 --> Application Class Initialized
[DEBUG] [system.Module] - 2015-02-04 10:00:22 --> Loading "Log" application component
[DEBUG] [system.Module] - 2015-02-04 10:00:22 --> Loading "Utf8" application component
[DEBUG] [application] - 2015-02-04 10:00:22 --> Utf8 Class Initialized
[DEBUG] [application] - 2015-02-04 10:00:22 --> UTF-8 Support Enabled
[DEBUG] [system.Module] - 2015-02-04 10:00:22 --> Loading "Hooks" application component
[DEBUG] [application] - 2015-02-04 10:00:22 --> Hooks Class Initialized
[DEBUG] [system.Module] - 2015-02-04 10:00:22 --> Loading "Output" application component
[DEBUG] [application] - 2015-02-04 10:00:22 --> Config file loaded: /Users/geet/www/fly/framework/application/config/mimes.php
[DEBUG] [application] - 2015-02-04 10:00:22 --> Output Class Initialized
[DEBUG] [system.Module] - 2015-02-04 10:00:22 --> Loading "HttpRequest" application component
[DEBUG] [application] - 2015-02-04 10:00:22 --> HttpRequest Class Initialized
[DEBUG] [system.Module] - 2015-02-04 10:00:22 --> Loading "Security" application component
[DEBUG] [application] - 2015-02-04 10:00:22 --> Security Class Initialized
[DEBUG] [application] - 2015-02-04 10:00:22 --> Global POST and COOKIE data sanitized
[DEBUG] [system.Module] - 2015-02-04 10:00:22 --> Loading "Router" application component
[DEBUG] [system.Module] - 2015-02-04 10:00:22 --> Loading "Uri" application component
[DEBUG] [application] - 2015-02-04 10:00:22 --> URI Class Initialized
[DEBUG] [application] - 2015-02-04 10:00:22 --> Router Class Initialized
[DEBUG] [application] - 2015-02-04 10:00:22 --> Config file loaded: /Users/geet/www/fly/framework/application/config/routes.php
[DEBUG] [application] - 2015-02-04 10:00:22 --> No URI present. Default controller set.
[DEBUG] [application] - 2015-02-04 10:00:33 --> Application Class Initialized
[DEBUG] [system.Module] - 2015-02-04 10:00:33 --> Loading "Log" application component
[DEBUG] [system.Module] - 2015-02-04 10:00:33 --> Loading "Utf8" application component
[DEBUG] [application] - 2015-02-04 10:00:33 --> Utf8 Class Initialized
[DEBUG] [application] - 2015-02-04 10:00:33 --> UTF-8 Support Enabled
[DEBUG] [system.Module] - 2015-02-04 10:00:33 --> Loading "Hooks" application component
[DEBUG] [application] - 2015-02-04 10:00:33 --> Hooks Class Initialized
[DEBUG] [system.Module] - 2015-02-04 10:00:33 --> Loading "Output" application component
[DEBUG] [application] - 2015-02-04 10:00:33 --> Config file loaded: /Users/geet/www/fly/framework/application/config/mimes.php
[DEBUG] [application] - 2015-02-04 10:00:33 --> Output Class Initialized
[DEBUG] [system.Module] - 2015-02-04 10:00:33 --> Loading "HttpRequest" application component
[DEBUG] [application] - 2015-02-04 10:00:33 --> HttpRequest Class Initialized
[DEBUG] [system.Module] - 2015-02-04 10:00:33 --> Loading "Security" application component
[DEBUG] [application] - 2015-02-04 10:00:33 --> Security Class Initialized
[DEBUG] [application] - 2015-02-04 10:00:33 --> Global POST and COOKIE data sanitized
[DEBUG] [system.Module] - 2015-02-04 10:00:33 --> Loading "Router" application component
[DEBUG] [system.Module] - 2015-02-04 10:00:33 --> Loading "Uri" application component
[DEBUG] [application] - 2015-02-04 10:00:33 --> URI Class Initialized
[DEBUG] [application] - 2015-02-04 10:00:33 --> Router Class Initialized
[DEBUG] [application] - 2015-02-04 10:00:33 --> Config file loaded: /Users/geet/www/fly/framework/application/config/routes.php
[DEBUG] [application] - 2015-02-04 10:00:33 --> No URI present. Default controller set.
[DEBUG] [application] - 2015-02-04 14:22:55 --> Application Class Initialized
[DEBUG] [system.Module] - 2015-02-04 14:22:55 --> Loading "Log" application component
[DEBUG] [system.Module] - 2015-02-04 14:22:55 --> Loading "Utf8" application component
[DEBUG] [application] - 2015-02-04 14:22:55 --> Utf8 Class Initialized
[DEBUG] [application] - 2015-02-04 14:22:55 --> UTF-8 Support Enabled
[DEBUG] [system.Module] - 2015-02-04 14:22:55 --> Loading "Hooks" application component
[DEBUG] [application] - 2015-02-04 14:22:55 --> Hooks Class Initialized
[DEBUG] [system.Module] - 2015-02-04 14:22:55 --> Loading "Output" application component
[DEBUG] [application] - 2015-02-04 14:22:55 --> Config file loaded: /Users/geet/www/fly/framework/application/config/mimes.php
[DEBUG] [application] - 2015-02-04 14:22:55 --> Output Class Initialized
[DEBUG] [system.Module] - 2015-02-04 14:22:55 --> Loading "HttpRequest" application component
[DEBUG] [application] - 2015-02-04 14:22:55 --> HttpRequest Class Initialized
[DEBUG] [system.Module] - 2015-02-04 14:22:55 --> Loading "Security" application component
[DEBUG] [application] - 2015-02-04 14:22:55 --> Security Class Initialized
[DEBUG] [application] - 2015-02-04 14:22:55 --> Global POST and COOKIE data sanitized
[DEBUG] [system.Module] - 2015-02-04 14:22:55 --> Loading "Router" application component
[DEBUG] [system.Module] - 2015-02-04 14:22:55 --> Loading "Uri" application component
[DEBUG] [application] - 2015-02-04 14:22:55 --> URI Class Initialized
[DEBUG] [application] - 2015-02-04 14:22:55 --> Router Class Initialized
[DEBUG] [application] - 2015-02-04 14:22:55 --> Config file loaded: /Users/geet/www/fly/framework/application/config/routes.php
[DEBUG] [application] - 2015-02-04 14:22:55 --> No URI present. Default controller set.
[DEBUG] [application] - 2015-02-04 14:26:40 --> Application Class Initialized
[DEBUG] [system.Module] - 2015-02-04 14:26:40 --> Loading "Log" application component
[DEBUG] [system.Module] - 2015-02-04 14:26:40 --> Loading "Utf8" application component
[DEBUG] [application] - 2015-02-04 14:26:40 --> Utf8 Class Initialized
[DEBUG] [application] - 2015-02-04 14:26:40 --> UTF-8 Support Enabled
[DEBUG] [system.Module] - 2015-02-04 14:26:40 --> Loading "Hooks" application component
[DEBUG] [application] - 2015-02-04 14:26:40 --> Hooks Class Initialized
[DEBUG] [system.Module] - 2015-02-04 14:26:40 --> Loading "Output" application component
[DEBUG] [application] - 2015-02-04 14:26:40 --> Config file loaded: /Users/geet/www/fly/framework/application/config/mimes.php
[DEBUG] [application] - 2015-02-04 14:26:40 --> Output Class Initialized
[DEBUG] [system.Module] - 2015-02-04 14:26:40 --> Loading "HttpRequest" application component
[DEBUG] [application] - 2015-02-04 14:26:41 --> HttpRequest Class Initialized
[DEBUG] [system.Module] - 2015-02-04 14:26:41 --> Loading "Security" application component
[DEBUG] [application] - 2015-02-04 14:26:41 --> Security Class Initialized
[DEBUG] [application] - 2015-02-04 14:26:41 --> Global POST and COOKIE data sanitized
[DEBUG] [system.Module] - 2015-02-04 14:26:41 --> Loading "Router" application component
[DEBUG] [system.Module] - 2015-02-04 14:26:41 --> Loading "Uri" application component
[DEBUG] [application] - 2015-02-04 14:26:41 --> URI Class Initialized
[DEBUG] [application] - 2015-02-04 14:26:41 --> Router Class Initialized
[DEBUG] [application] - 2015-02-04 14:26:41 --> Config file loaded: /Users/geet/www/fly/framework/application/config/routes.php
[DEBUG] [application] - 2015-02-04 14:26:41 --> No URI present. Default controller set.
[DEBUG] [application] - 2015-02-04 14:26:43 --> Application Class Initialized
[DEBUG] [system.Module] - 2015-02-04 14:26:43 --> Loading "Log" application component
[DEBUG] [system.Module] - 2015-02-04 14:26:43 --> Loading "Utf8" application component
[DEBUG] [application] - 2015-02-04 14:26:43 --> Utf8 Class Initialized
[DEBUG] [application] - 2015-02-04 14:26:43 --> UTF-8 Support Enabled
[DEBUG] [system.Module] - 2015-02-04 14:26:43 --> Loading "Hooks" application component
[DEBUG] [application] - 2015-02-04 14:26:43 --> Hooks Class Initialized
[DEBUG] [system.Module] - 2015-02-04 14:26:43 --> Loading "Output" application component
[DEBUG] [application] - 2015-02-04 14:26:43 --> Config file loaded: /Users/geet/www/fly/framework/application/config/mimes.php
[DEBUG] [application] - 2015-02-04 14:26:43 --> Output Class Initialized
[DEBUG] [system.Module] - 2015-02-04 14:26:43 --> Loading "HttpRequest" application component
[DEBUG] [application] - 2015-02-04 14:26:43 --> HttpRequest Class Initialized
[DEBUG] [system.Module] - 2015-02-04 14:26:43 --> Loading "Security" application component
[DEBUG] [application] - 2015-02-04 14:26:43 --> Security Class Initialized
[DEBUG] [application] - 2015-02-04 14:26:43 --> Global POST and COOKIE data sanitized
[DEBUG] [system.Module] - 2015-02-04 14:26:43 --> Loading "Router" application component
[DEBUG] [system.Module] - 2015-02-04 14:26:43 --> Loading "Uri" application component
[DEBUG] [application] - 2015-02-04 14:26:43 --> URI Class Initialized
[DEBUG] [application] - 2015-02-04 14:26:43 --> Router Class Initialized
[DEBUG] [application] - 2015-02-04 14:26:43 --> Config file loaded: /Users/geet/www/fly/framework/application/config/routes.php
[DEBUG] [application] - 2015-02-04 14:26:43 --> No URI present. Default controller set.
[DEBUG] [application] - 2015-02-04 14:26:45 --> Application Class Initialized
[DEBUG] [system.Module] - 2015-02-04 14:26:45 --> Loading "Log" application component
[DEBUG] [system.Module] - 2015-02-04 14:26:45 --> Loading "Utf8" application component
[DEBUG] [application] - 2015-02-04 14:26:45 --> Utf8 Class Initialized
[DEBUG] [application] - 2015-02-04 14:26:45 --> UTF-8 Support Enabled
[DEBUG] [system.Module] - 2015-02-04 14:26:45 --> Loading "Hooks" application component
[DEBUG] [application] - 2015-02-04 14:26:45 --> Hooks Class Initialized
[DEBUG] [system.Module] - 2015-02-04 14:26:45 --> Loading "Output" application component
[DEBUG] [application] - 2015-02-04 14:26:45 --> Config file loaded: /Users/geet/www/fly/framework/application/config/mimes.php
[DEBUG] [application] - 2015-02-04 14:26:45 --> Output Class Initialized
[DEBUG] [system.Module] - 2015-02-04 14:26:45 --> Loading "HttpRequest" application component
[DEBUG] [application] - 2015-02-04 14:26:45 --> HttpRequest Class Initialized
[DEBUG] [system.Module] - 2015-02-04 14:26:45 --> Loading "Security" application component
[DEBUG] [application] - 2015-02-04 14:26:45 --> Security Class Initialized
[DEBUG] [application] - 2015-02-04 14:26:45 --> Global POST and COOKIE data sanitized
[DEBUG] [system.Module] - 2015-02-04 14:26:45 --> Loading "Router" application component
[DEBUG] [system.Module] - 2015-02-04 14:26:45 --> Loading "Uri" application component
[DEBUG] [application] - 2015-02-04 14:26:45 --> URI Class Initialized
[DEBUG] [application] - 2015-02-04 14:26:45 --> Router Class Initialized
[DEBUG] [application] - 2015-02-04 14:26:45 --> Config file loaded: /Users/geet/www/fly/framework/application/config/routes.php
[DEBUG] [application] - 2015-02-04 14:26:45 --> No URI present. Default controller set.
[DEBUG] [application] - 2015-02-04 14:27:03 --> Application Class Initialized
[DEBUG] [system.Module] - 2015-02-04 14:27:03 --> Loading "Log" application component
[DEBUG] [system.Module] - 2015-02-04 14:27:03 --> Loading "Utf8" application component
[DEBUG] [application] - 2015-02-04 14:27:03 --> Utf8 Class Initialized
[DEBUG] [application] - 2015-02-04 14:27:03 --> UTF-8 Support Enabled
[DEBUG] [system.Module] - 2015-02-04 14:27:03 --> Loading "Hooks" application component
[DEBUG] [application] - 2015-02-04 14:27:03 --> Hooks Class Initialized
[DEBUG] [system.Module] - 2015-02-04 14:27:03 --> Loading "Output" application component
[DEBUG] [application] - 2015-02-04 14:27:03 --> Config file loaded: /Users/geet/www/fly/framework/application/config/mimes.php
[DEBUG] [application] - 2015-02-04 14:27:03 --> Output Class Initialized
[DEBUG] [system.Module] - 2015-02-04 14:27:03 --> Loading "HttpRequest" application component
[DEBUG] [application] - 2015-02-04 14:27:03 --> HttpRequest Class Initialized
[DEBUG] [system.Module] - 2015-02-04 14:27:03 --> Loading "Security" application component
[DEBUG] [application] - 2015-02-04 14:27:03 --> Security Class Initialized
[DEBUG] [application] - 2015-02-04 14:27:03 --> Global POST and COOKIE data sanitized
[DEBUG] [system.Module] - 2015-02-04 14:27:03 --> Loading "Router" application component
[DEBUG] [system.Module] - 2015-02-04 14:27:03 --> Loading "Uri" application component
[DEBUG] [application] - 2015-02-04 14:27:03 --> URI Class Initialized
[DEBUG] [application] - 2015-02-04 14:27:03 --> Router Class Initialized
[DEBUG] [application] - 2015-02-04 14:27:03 --> Config file loaded: /Users/geet/www/fly/framework/application/config/routes.php
[DEBUG] [application] - 2015-02-04 14:27:03 --> No URI present. Default controller set.
[DEBUG] [application] - 2015-02-04 14:28:00 --> Application Class Initialized
[DEBUG] [system.Module] - 2015-02-04 14:28:00 --> Loading "Log" application component
[DEBUG] [system.Module] - 2015-02-04 14:28:00 --> Loading "Utf8" application component
[DEBUG] [application] - 2015-02-04 14:28:00 --> Utf8 Class Initialized
[DEBUG] [application] - 2015-02-04 14:28:00 --> UTF-8 Support Enabled
[DEBUG] [system.Module] - 2015-02-04 14:28:00 --> Loading "Hooks" application component
[DEBUG] [application] - 2015-02-04 14:28:00 --> Hooks Class Initialized
[DEBUG] [system.Module] - 2015-02-04 14:28:00 --> Loading "Output" application component
[DEBUG] [application] - 2015-02-04 14:28:00 --> Config file loaded: /Users/geet/www/fly/framework/application/config/mimes.php
[DEBUG] [application] - 2015-02-04 14:28:00 --> Output Class Initialized
[DEBUG] [system.Module] - 2015-02-04 14:28:00 --> Loading "HttpRequest" application component
[DEBUG] [application] - 2015-02-04 14:28:00 --> HttpRequest Class Initialized
[DEBUG] [system.Module] - 2015-02-04 14:28:00 --> Loading "Security" application component
[DEBUG] [application] - 2015-02-04 14:28:00 --> Security Class Initialized
[DEBUG] [application] - 2015-02-04 14:28:00 --> Global POST and COOKIE data sanitized
[DEBUG] [system.Module] - 2015-02-04 14:28:00 --> Loading "Router" application component
[DEBUG] [system.Module] - 2015-02-04 14:28:00 --> Loading "Uri" application component
[DEBUG] [application] - 2015-02-04 14:28:00 --> URI Class Initialized
[DEBUG] [application] - 2015-02-04 14:28:00 --> Router Class Initialized
[DEBUG] [application] - 2015-02-04 14:28:00 --> Config file loaded: /Users/geet/www/fly/framework/application/config/routes.php
[DEBUG] [application] - 2015-02-04 14:28:00 --> No URI present. Default controller set.
[DEBUG] [application] - 2015-02-04 14:28:25 --> Application Class Initialized
[DEBUG] [system.Module] - 2015-02-04 14:28:25 --> Loading "Log" application component
[DEBUG] [system.Module] - 2015-02-04 14:28:25 --> Loading "Utf8" application component
[DEBUG] [application] - 2015-02-04 14:28:25 --> Utf8 Class Initialized
[DEBUG] [application] - 2015-02-04 14:28:25 --> UTF-8 Support Enabled
[DEBUG] [system.Module] - 2015-02-04 14:28:25 --> Loading "Hooks" application component
[DEBUG] [application] - 2015-02-04 14:28:25 --> Hooks Class Initialized
[DEBUG] [system.Module] - 2015-02-04 14:28:25 --> Loading "Output" application component
[DEBUG] [application] - 2015-02-04 14:28:25 --> Config file loaded: /Users/geet/www/fly/framework/application/config/mimes.php
[DEBUG] [application] - 2015-02-04 14:28:25 --> Output Class Initialized
[DEBUG] [system.Module] - 2015-02-04 14:28:25 --> Loading "HttpRequest" application component
[DEBUG] [application] - 2015-02-04 14:28:25 --> HttpRequest Class Initialized
[DEBUG] [system.Module] - 2015-02-04 14:28:25 --> Loading "Security" application component
[DEBUG] [application] - 2015-02-04 14:28:25 --> Security Class Initialized
[DEBUG] [application] - 2015-02-04 14:28:25 --> Global POST and COOKIE data sanitized
[DEBUG] [system.Module] - 2015-02-04 14:28:25 --> Loading "Router" application component
[DEBUG] [system.Module] - 2015-02-04 14:28:25 --> Loading "Uri" application component
[DEBUG] [application] - 2015-02-04 14:28:25 --> URI Class Initialized
[DEBUG] [application] - 2015-02-04 14:28:25 --> Router Class Initialized
[DEBUG] [application] - 2015-02-04 14:28:25 --> Config file loaded: /Users/geet/www/fly/framework/application/config/routes.php
[DEBUG] [application] - 2015-02-04 14:28:25 --> No URI present. Default controller set.
[DEBUG] [application] - 2015-02-04 14:28:27 --> Application Class Initialized
[DEBUG] [system.Module] - 2015-02-04 14:28:27 --> Loading "Log" application component
[DEBUG] [system.Module] - 2015-02-04 14:28:27 --> Loading "Utf8" application component
[DEBUG] [application] - 2015-02-04 14:28:27 --> Utf8 Class Initialized
[DEBUG] [application] - 2015-02-04 14:28:27 --> UTF-8 Support Enabled
[DEBUG] [system.Module] - 2015-02-04 14:28:27 --> Loading "Hooks" application component
[DEBUG] [application] - 2015-02-04 14:28:27 --> Hooks Class Initialized
[DEBUG] [system.Module] - 2015-02-04 14:28:27 --> Loading "Output" application component
[DEBUG] [application] - 2015-02-04 14:28:27 --> Config file loaded: /Users/geet/www/fly/framework/application/config/mimes.php
[DEBUG] [application] - 2015-02-04 14:28:27 --> Output Class Initialized
[DEBUG] [system.Module] - 2015-02-04 14:28:27 --> Loading "HttpRequest" application component
[DEBUG] [application] - 2015-02-04 14:28:27 --> HttpRequest Class Initialized
[DEBUG] [system.Module] - 2015-02-04 14:28:27 --> Loading "Security" application component
[DEBUG] [application] - 2015-02-04 14:28:27 --> Security Class Initialized
[DEBUG] [application] - 2015-02-04 14:28:27 --> Global POST and COOKIE data sanitized
[DEBUG] [system.Module] - 2015-02-04 14:28:27 --> Loading "Router" application component
[DEBUG] [system.Module] - 2015-02-04 14:28:27 --> Loading "Uri" application component
[DEBUG] [application] - 2015-02-04 14:28:27 --> URI Class Initialized
[DEBUG] [application] - 2015-02-04 14:28:27 --> Router Class Initialized
[DEBUG] [application] - 2015-02-04 14:28:27 --> Config file loaded: /Users/geet/www/fly/framework/application/config/routes.php
[DEBUG] [application] - 2015-02-04 14:28:27 --> No URI present. Default controller set.
[DEBUG] [application] - 2015-02-04 15:45:17 --> Application Class Initialized
[DEBUG] [system.Module] - 2015-02-04 15:45:17 --> Loading "Log" application component
[DEBUG] [system.Module] - 2015-02-04 15:45:17 --> Loading "Utf8" application component
[DEBUG] [application] - 2015-02-04 15:45:17 --> Utf8 Class Initialized
[DEBUG] [application] - 2015-02-04 15:45:17 --> UTF-8 Support Enabled
[DEBUG] [system.Module] - 2015-02-04 15:45:17 --> Loading "Hooks" application component
[DEBUG] [application] - 2015-02-04 15:45:17 --> Hooks Class Initialized
[DEBUG] [system.Module] - 2015-02-04 15:45:17 --> Loading "Output" application component
[DEBUG] [application] - 2015-02-04 15:45:17 --> Config file loaded: /Users/geet/www/fly/framework/application/config/mimes.php
[DEBUG] [application] - 2015-02-04 15:45:17 --> Output Class Initialized
[DEBUG] [system.Module] - 2015-02-04 15:45:17 --> Loading "HttpRequest" application component
[DEBUG] [application] - 2015-02-04 15:45:17 --> HttpRequest Class Initialized
[DEBUG] [system.Module] - 2015-02-04 15:45:17 --> Loading "Security" application component
[DEBUG] [application] - 2015-02-04 15:45:17 --> Security Class Initialized
[DEBUG] [application] - 2015-02-04 15:45:17 --> Global POST and COOKIE data sanitized
[DEBUG] [system.Module] - 2015-02-04 15:45:17 --> Loading "Router" application component
[DEBUG] [system.Module] - 2015-02-04 15:45:17 --> Loading "Uri" application component
[DEBUG] [application] - 2015-02-04 15:45:17 --> URI Class Initialized
[DEBUG] [application] - 2015-02-04 15:45:17 --> Router Class Initialized
[DEBUG] [application] - 2015-02-04 15:45:17 --> Config file loaded: /Users/geet/www/fly/framework/application/config/routes.php
[DEBUG] [application] - 2015-02-04 15:45:17 --> No URI present. Default controller set.
