[DEBUG] [application] - 2015-01-09 10:01:52 --> Application Class Initialized
[DEBUG] [system.Module] - 2015-01-09 10:01:52 --> Loading "Log" application component
[DEBUG] [system.Module] - 2015-01-09 10:01:52 --> Loading "Utf8" application component
[DEBUG] [application] - 2015-01-09 10:01:52 --> Utf8 Class Initialized
[DEBUG] [application] - 2015-01-09 10:01:52 --> UTF-8 Support Enabled
[DEBUG] [system.Module] - 2015-01-09 10:01:52 --> Loading "Hooks" application component
[DEBUG] [application] - 2015-01-09 10:01:52 --> Hooks Class Initialized
[DEBUG] [system.Module] - 2015-01-09 10:01:52 --> Loading "Output" application component
[DEBUG] [application] - 2015-01-09 10:01:52 --> Config file loaded: /Users/geet/www/fly/framework/application/config/mimes.php
[DEBUG] [application] - 2015-01-09 10:01:52 --> Output Class Initialized
[DEBUG] [system.Module] - 2015-01-09 10:01:52 --> Loading "HttpRequest" application component
[DEBUG] [application] - 2015-01-09 10:01:52 --> HttpRequest Class Initialized
[DEBUG] [system.Module] - 2015-01-09 10:01:52 --> Loading "Security" application component
[DEBUG] [application] - 2015-01-09 10:01:53 --> Security Class Initialized
[DEBUG] [application] - 2015-01-09 10:01:53 --> Global POST and COOKIE data sanitized
[DEBUG] [system.Module] - 2015-01-09 10:01:53 --> Loading "Router" application component
[DEBUG] [system.Module] - 2015-01-09 10:01:53 --> Loading "Uri" application component
[DEBUG] [application] - 2015-01-09 10:01:53 --> URI Class Initialized
[DEBUG] [application] - 2015-01-09 10:01:53 --> Router Class Initialized
[DEBUG] [application] - 2015-01-09 10:01:53 --> Config file loaded: /Users/geet/www/fly/framework/application/config/routes.php
[DEBUG] [application] - 2015-01-09 10:01:53 --> No URI present. Default controller set.
[DEBUG] [application] - 2015-01-09 10:01:56 --> Application Class Initialized
[DEBUG] [system.Module] - 2015-01-09 10:01:56 --> Loading "Log" application component
[DEBUG] [system.Module] - 2015-01-09 10:01:56 --> Loading "Utf8" application component
[DEBUG] [application] - 2015-01-09 10:01:56 --> Utf8 Class Initialized
[DEBUG] [application] - 2015-01-09 10:01:56 --> UTF-8 Support Enabled
[DEBUG] [system.Module] - 2015-01-09 10:01:56 --> Loading "Hooks" application component
[DEBUG] [application] - 2015-01-09 10:01:56 --> Hooks Class Initialized
[DEBUG] [system.Module] - 2015-01-09 10:01:56 --> Loading "Output" application component
[DEBUG] [application] - 2015-01-09 10:01:56 --> Config file loaded: /Users/geet/www/fly/framework/application/config/mimes.php
[DEBUG] [application] - 2015-01-09 10:01:56 --> Output Class Initialized
[DEBUG] [system.Module] - 2015-01-09 10:01:56 --> Loading "HttpRequest" application component
[DEBUG] [application] - 2015-01-09 10:01:56 --> HttpRequest Class Initialized
[DEBUG] [system.Module] - 2015-01-09 10:01:56 --> Loading "Security" application component
[DEBUG] [application] - 2015-01-09 10:01:56 --> Security Class Initialized
[DEBUG] [application] - 2015-01-09 10:01:56 --> Global POST and COOKIE data sanitized
[DEBUG] [system.Module] - 2015-01-09 10:01:56 --> Loading "Router" application component
[DEBUG] [system.Module] - 2015-01-09 10:01:56 --> Loading "Uri" application component
[DEBUG] [application] - 2015-01-09 10:01:56 --> URI Class Initialized
[DEBUG] [application] - 2015-01-09 10:01:56 --> Router Class Initialized
[DEBUG] [application] - 2015-01-09 10:01:56 --> Config file loaded: /Users/geet/www/fly/framework/application/config/routes.php
[DEBUG] [application] - 2015-01-09 10:01:56 --> No URI present. Default controller set.
[DEBUG] [application] - 2015-01-09 16:05:03 --> Application Class Initialized
[DEBUG] [system.Module] - 2015-01-09 16:05:03 --> Loading "Log" application component
[DEBUG] [system.Module] - 2015-01-09 16:05:03 --> Loading "Utf8" application component
[DEBUG] [application] - 2015-01-09 16:05:03 --> Utf8 Class Initialized
[DEBUG] [application] - 2015-01-09 16:05:03 --> UTF-8 Support Enabled
[DEBUG] [system.Module] - 2015-01-09 16:05:03 --> Loading "Hooks" application component
[DEBUG] [application] - 2015-01-09 16:05:03 --> Hooks Class Initialized
[DEBUG] [system.Module] - 2015-01-09 16:05:03 --> Loading "Output" application component
[DEBUG] [application] - 2015-01-09 16:05:03 --> Config file loaded: /Users/geet/www/fly/framework/application/config/mimes.php
[DEBUG] [application] - 2015-01-09 16:05:03 --> Output Class Initialized
[DEBUG] [system.Module] - 2015-01-09 16:05:03 --> Loading "HttpRequest" application component
[DEBUG] [application] - 2015-01-09 16:05:03 --> HttpRequest Class Initialized
[DEBUG] [system.Module] - 2015-01-09 16:05:03 --> Loading "Security" application component
[DEBUG] [application] - 2015-01-09 16:05:03 --> Security Class Initialized
[DEBUG] [application] - 2015-01-09 16:05:03 --> Global POST and COOKIE data sanitized
[DEBUG] [system.Module] - 2015-01-09 16:05:03 --> Loading "Router" application component
[DEBUG] [system.Module] - 2015-01-09 16:05:03 --> Loading "Uri" application component
[DEBUG] [application] - 2015-01-09 16:05:03 --> URI Class Initialized
[DEBUG] [application] - 2015-01-09 16:05:03 --> Router Class Initialized
[DEBUG] [application] - 2015-01-09 16:05:03 --> Config file loaded: /Users/geet/www/fly/framework/application/config/routes.php
[DEBUG] [application] - 2015-01-09 16:05:03 --> No URI present. Default controller set.
[DEBUG] [application] - 2015-01-09 16:05:56 --> Application Class Initialized
[DEBUG] [system.Module] - 2015-01-09 16:05:56 --> Loading "Log" application component
[DEBUG] [system.Module] - 2015-01-09 16:05:56 --> Loading "Utf8" application component
[DEBUG] [application] - 2015-01-09 16:05:56 --> Utf8 Class Initialized
[DEBUG] [application] - 2015-01-09 16:05:56 --> UTF-8 Support Enabled
[DEBUG] [system.Module] - 2015-01-09 16:05:56 --> Loading "Hooks" application component
[DEBUG] [application] - 2015-01-09 16:05:56 --> Hooks Class Initialized
[DEBUG] [system.Module] - 2015-01-09 16:05:56 --> Loading "Output" application component
[DEBUG] [application] - 2015-01-09 16:05:56 --> Config file loaded: /Users/geet/www/fly/framework/application/config/mimes.php
[DEBUG] [application] - 2015-01-09 16:05:56 --> Output Class Initialized
[DEBUG] [system.Module] - 2015-01-09 16:05:56 --> Loading "HttpRequest" application component
[DEBUG] [application] - 2015-01-09 16:05:56 --> HttpRequest Class Initialized
[DEBUG] [system.Module] - 2015-01-09 16:05:56 --> Loading "Security" application component
[DEBUG] [application] - 2015-01-09 16:05:56 --> Security Class Initialized
[DEBUG] [application] - 2015-01-09 16:05:56 --> Global POST and COOKIE data sanitized
[DEBUG] [system.Module] - 2015-01-09 16:05:56 --> Loading "Router" application component
[DEBUG] [system.Module] - 2015-01-09 16:05:56 --> Loading "Uri" application component
[DEBUG] [application] - 2015-01-09 16:05:56 --> URI Class Initialized
[DEBUG] [application] - 2015-01-09 16:05:56 --> Router Class Initialized
[DEBUG] [application] - 2015-01-09 16:05:56 --> Config file loaded: /Users/geet/www/fly/framework/application/config/routes.php
[DEBUG] [application] - 2015-01-09 16:05:56 --> No URI present. Default controller set.
[DEBUG] [application] - 2015-01-09 16:06:48 --> Application Class Initialized
[DEBUG] [system.Module] - 2015-01-09 16:06:48 --> Loading "Log" application component
[DEBUG] [system.Module] - 2015-01-09 16:06:48 --> Loading "Utf8" application component
[DEBUG] [application] - 2015-01-09 16:06:48 --> Utf8 Class Initialized
[DEBUG] [application] - 2015-01-09 16:06:48 --> UTF-8 Support Enabled
[DEBUG] [system.Module] - 2015-01-09 16:06:48 --> Loading "Hooks" application component
[DEBUG] [application] - 2015-01-09 16:06:48 --> Hooks Class Initialized
[DEBUG] [system.Module] - 2015-01-09 16:06:48 --> Loading "Output" application component
[DEBUG] [application] - 2015-01-09 16:06:48 --> Config file loaded: /Users/geet/www/fly/framework/application/config/mimes.php
[DEBUG] [application] - 2015-01-09 16:06:48 --> Output Class Initialized
[DEBUG] [system.Module] - 2015-01-09 16:06:48 --> Loading "HttpRequest" application component
[DEBUG] [application] - 2015-01-09 16:06:48 --> HttpRequest Class Initialized
[DEBUG] [system.Module] - 2015-01-09 16:06:48 --> Loading "Security" application component
[DEBUG] [application] - 2015-01-09 16:06:48 --> Security Class Initialized
[DEBUG] [application] - 2015-01-09 16:06:48 --> Global POST and COOKIE data sanitized
[DEBUG] [system.Module] - 2015-01-09 16:06:48 --> Loading "Router" application component
[DEBUG] [system.Module] - 2015-01-09 16:06:48 --> Loading "Uri" application component
[DEBUG] [application] - 2015-01-09 16:06:48 --> URI Class Initialized
[DEBUG] [application] - 2015-01-09 16:06:48 --> Router Class Initialized
[DEBUG] [application] - 2015-01-09 16:06:48 --> Config file loaded: /Users/geet/www/fly/framework/application/config/routes.php
[DEBUG] [application] - 2015-01-09 16:06:48 --> No URI present. Default controller set.
[DEBUG] [application] - 2015-01-09 16:07:33 --> Application Class Initialized
[DEBUG] [system.Module] - 2015-01-09 16:07:33 --> Loading "Log" application component
[DEBUG] [system.Module] - 2015-01-09 16:07:33 --> Loading "Utf8" application component
[DEBUG] [application] - 2015-01-09 16:07:33 --> Utf8 Class Initialized
[DEBUG] [application] - 2015-01-09 16:07:33 --> UTF-8 Support Enabled
[DEBUG] [system.Module] - 2015-01-09 16:07:33 --> Loading "Hooks" application component
[DEBUG] [application] - 2015-01-09 16:07:33 --> Hooks Class Initialized
[DEBUG] [system.Module] - 2015-01-09 16:07:33 --> Loading "Output" application component
[DEBUG] [application] - 2015-01-09 16:07:33 --> Config file loaded: /Users/geet/www/fly/framework/application/config/mimes.php
[DEBUG] [application] - 2015-01-09 16:07:33 --> Output Class Initialized
[DEBUG] [system.Module] - 2015-01-09 16:07:33 --> Loading "HttpRequest" application component
[DEBUG] [application] - 2015-01-09 16:07:33 --> HttpRequest Class Initialized
[DEBUG] [system.Module] - 2015-01-09 16:07:33 --> Loading "Security" application component
[DEBUG] [application] - 2015-01-09 16:07:33 --> Security Class Initialized
[DEBUG] [application] - 2015-01-09 16:07:33 --> Global POST and COOKIE data sanitized
[DEBUG] [system.Module] - 2015-01-09 16:07:33 --> Loading "Router" application component
[DEBUG] [system.Module] - 2015-01-09 16:07:33 --> Loading "Uri" application component
[DEBUG] [application] - 2015-01-09 16:07:33 --> URI Class Initialized
[DEBUG] [application] - 2015-01-09 16:07:33 --> Router Class Initialized
[DEBUG] [application] - 2015-01-09 16:07:33 --> Config file loaded: /Users/geet/www/fly/framework/application/config/routes.php
[DEBUG] [application] - 2015-01-09 16:07:33 --> No URI present. Default controller set.
[DEBUG] [application] - 2015-01-09 16:08:17 --> Application Class Initialized
[DEBUG] [system.Module] - 2015-01-09 16:08:17 --> Loading "Log" application component
[DEBUG] [system.Module] - 2015-01-09 16:08:17 --> Loading "Utf8" application component
[DEBUG] [application] - 2015-01-09 16:08:17 --> Utf8 Class Initialized
[DEBUG] [application] - 2015-01-09 16:08:17 --> UTF-8 Support Enabled
[DEBUG] [system.Module] - 2015-01-09 16:08:17 --> Loading "Hooks" application component
[DEBUG] [application] - 2015-01-09 16:08:17 --> Hooks Class Initialized
[DEBUG] [system.Module] - 2015-01-09 16:08:17 --> Loading "Output" application component
[DEBUG] [application] - 2015-01-09 16:08:17 --> Config file loaded: /Users/geet/www/fly/framework/application/config/mimes.php
[DEBUG] [application] - 2015-01-09 16:08:17 --> Output Class Initialized
[DEBUG] [system.Module] - 2015-01-09 16:08:17 --> Loading "HttpRequest" application component
[DEBUG] [application] - 2015-01-09 16:08:17 --> HttpRequest Class Initialized
[DEBUG] [system.Module] - 2015-01-09 16:08:17 --> Loading "Security" application component
[DEBUG] [application] - 2015-01-09 16:08:17 --> Security Class Initialized
[DEBUG] [application] - 2015-01-09 16:08:17 --> Global POST and COOKIE data sanitized
[DEBUG] [system.Module] - 2015-01-09 16:08:17 --> Loading "Router" application component
[DEBUG] [system.Module] - 2015-01-09 16:08:17 --> Loading "Uri" application component
[DEBUG] [application] - 2015-01-09 16:08:17 --> URI Class Initialized
[DEBUG] [application] - 2015-01-09 16:08:17 --> Router Class Initialized
[DEBUG] [application] - 2015-01-09 16:08:17 --> Config file loaded: /Users/geet/www/fly/framework/application/config/routes.php
[DEBUG] [application] - 2015-01-09 16:08:17 --> No URI present. Default controller set.
[DEBUG] [application] - 2015-01-09 16:08:58 --> Application Class Initialized
[DEBUG] [system.Module] - 2015-01-09 16:08:58 --> Loading "Log" application component
[DEBUG] [system.Module] - 2015-01-09 16:08:58 --> Loading "Utf8" application component
[DEBUG] [application] - 2015-01-09 16:08:58 --> Utf8 Class Initialized
[DEBUG] [application] - 2015-01-09 16:08:58 --> UTF-8 Support Enabled
[DEBUG] [system.Module] - 2015-01-09 16:08:58 --> Loading "Hooks" application component
[DEBUG] [application] - 2015-01-09 16:08:58 --> Hooks Class Initialized
[DEBUG] [system.Module] - 2015-01-09 16:08:58 --> Loading "Output" application component
[DEBUG] [application] - 2015-01-09 16:08:58 --> Config file loaded: /Users/geet/www/fly/framework/application/config/mimes.php
[DEBUG] [application] - 2015-01-09 16:08:58 --> Output Class Initialized
[DEBUG] [system.Module] - 2015-01-09 16:08:58 --> Loading "HttpRequest" application component
[DEBUG] [application] - 2015-01-09 16:08:58 --> HttpRequest Class Initialized
[DEBUG] [system.Module] - 2015-01-09 16:08:58 --> Loading "Security" application component
[DEBUG] [application] - 2015-01-09 16:08:58 --> Security Class Initialized
[DEBUG] [application] - 2015-01-09 16:08:58 --> Global POST and COOKIE data sanitized
[DEBUG] [system.Module] - 2015-01-09 16:08:58 --> Loading "Router" application component
[DEBUG] [system.Module] - 2015-01-09 16:08:58 --> Loading "Uri" application component
[DEBUG] [application] - 2015-01-09 16:08:58 --> URI Class Initialized
[DEBUG] [application] - 2015-01-09 16:08:58 --> Router Class Initialized
[DEBUG] [application] - 2015-01-09 16:08:58 --> Config file loaded: /Users/geet/www/fly/framework/application/config/routes.php
[DEBUG] [application] - 2015-01-09 16:08:58 --> No URI present. Default controller set.
[DEBUG] [application] - 2015-01-09 16:09:46 --> Application Class Initialized
[DEBUG] [system.Module] - 2015-01-09 16:09:46 --> Loading "Log" application component
[DEBUG] [system.Module] - 2015-01-09 16:09:46 --> Loading "Utf8" application component
[DEBUG] [application] - 2015-01-09 16:09:46 --> Utf8 Class Initialized
[DEBUG] [application] - 2015-01-09 16:09:46 --> UTF-8 Support Enabled
[DEBUG] [system.Module] - 2015-01-09 16:09:46 --> Loading "Hooks" application component
[DEBUG] [application] - 2015-01-09 16:09:46 --> Hooks Class Initialized
[DEBUG] [system.Module] - 2015-01-09 16:09:46 --> Loading "Output" application component
[DEBUG] [application] - 2015-01-09 16:09:46 --> Config file loaded: /Users/geet/www/fly/framework/application/config/mimes.php
[DEBUG] [application] - 2015-01-09 16:09:46 --> Output Class Initialized
[DEBUG] [system.Module] - 2015-01-09 16:09:46 --> Loading "HttpRequest" application component
[DEBUG] [application] - 2015-01-09 16:09:46 --> HttpRequest Class Initialized
[DEBUG] [system.Module] - 2015-01-09 16:09:46 --> Loading "Security" application component
[DEBUG] [application] - 2015-01-09 16:09:46 --> Security Class Initialized
[DEBUG] [application] - 2015-01-09 16:09:46 --> Global POST and COOKIE data sanitized
[DEBUG] [system.Module] - 2015-01-09 16:09:46 --> Loading "Router" application component
[DEBUG] [system.Module] - 2015-01-09 16:09:46 --> Loading "Uri" application component
[DEBUG] [application] - 2015-01-09 16:09:46 --> URI Class Initialized
[DEBUG] [application] - 2015-01-09 16:09:46 --> Router Class Initialized
[DEBUG] [application] - 2015-01-09 16:09:46 --> Config file loaded: /Users/geet/www/fly/framework/application/config/routes.php
[DEBUG] [application] - 2015-01-09 16:09:46 --> No URI present. Default controller set.
[DEBUG] [application] - 2015-01-09 16:53:32 --> Application Class Initialized
[DEBUG] [system.Module] - 2015-01-09 16:53:32 --> Loading "Log" application component
[DEBUG] [system.Module] - 2015-01-09 16:53:32 --> Loading "Utf8" application component
[DEBUG] [application] - 2015-01-09 16:53:32 --> Utf8 Class Initialized
[DEBUG] [application] - 2015-01-09 16:53:32 --> UTF-8 Support Enabled
[DEBUG] [system.Module] - 2015-01-09 16:53:32 --> Loading "Hooks" application component
[DEBUG] [application] - 2015-01-09 16:53:32 --> Hooks Class Initialized
[DEBUG] [system.Module] - 2015-01-09 16:53:32 --> Loading "Output" application component
[DEBUG] [application] - 2015-01-09 16:53:32 --> Config file loaded: /Users/geet/www/fly/framework/application/config/mimes.php
[DEBUG] [application] - 2015-01-09 16:53:32 --> Output Class Initialized
[DEBUG] [system.Module] - 2015-01-09 16:53:32 --> Loading "HttpRequest" application component
[DEBUG] [application] - 2015-01-09 16:53:32 --> HttpRequest Class Initialized
[DEBUG] [system.Module] - 2015-01-09 16:53:32 --> Loading "Security" application component
[DEBUG] [application] - 2015-01-09 16:53:32 --> Security Class Initialized
[DEBUG] [application] - 2015-01-09 16:53:32 --> Global POST and COOKIE data sanitized
[DEBUG] [system.Module] - 2015-01-09 16:53:32 --> Loading "Router" application component
[DEBUG] [system.Module] - 2015-01-09 16:53:32 --> Loading "Uri" application component
[DEBUG] [application] - 2015-01-09 16:53:32 --> URI Class Initialized
[DEBUG] [application] - 2015-01-09 16:53:32 --> Router Class Initialized
[DEBUG] [application] - 2015-01-09 16:53:32 --> Config file loaded: /Users/geet/www/fly/framework/application/config/routes.php
[DEBUG] [application] - 2015-01-09 16:53:32 --> No URI present. Default controller set.
[DEBUG] [application] - 2015-01-09 16:53:34 --> Application Class Initialized
[DEBUG] [system.Module] - 2015-01-09 16:53:34 --> Loading "Log" application component
[DEBUG] [system.Module] - 2015-01-09 16:53:34 --> Loading "Utf8" application component
[DEBUG] [application] - 2015-01-09 16:53:34 --> Utf8 Class Initialized
[DEBUG] [application] - 2015-01-09 16:53:34 --> UTF-8 Support Enabled
[DEBUG] [system.Module] - 2015-01-09 16:53:34 --> Loading "Hooks" application component
[DEBUG] [application] - 2015-01-09 16:53:34 --> Hooks Class Initialized
[DEBUG] [system.Module] - 2015-01-09 16:53:34 --> Loading "Output" application component
[DEBUG] [application] - 2015-01-09 16:53:34 --> Config file loaded: /Users/geet/www/fly/framework/application/config/mimes.php
[DEBUG] [application] - 2015-01-09 16:53:34 --> Output Class Initialized
[DEBUG] [system.Module] - 2015-01-09 16:53:34 --> Loading "HttpRequest" application component
[DEBUG] [application] - 2015-01-09 16:53:34 --> HttpRequest Class Initialized
[DEBUG] [system.Module] - 2015-01-09 16:53:34 --> Loading "Security" application component
[DEBUG] [application] - 2015-01-09 16:53:34 --> Security Class Initialized
[DEBUG] [application] - 2015-01-09 16:53:34 --> Global POST and COOKIE data sanitized
[DEBUG] [system.Module] - 2015-01-09 16:53:34 --> Loading "Router" application component
[DEBUG] [system.Module] - 2015-01-09 16:53:34 --> Loading "Uri" application component
[DEBUG] [application] - 2015-01-09 16:53:34 --> URI Class Initialized
[DEBUG] [application] - 2015-01-09 16:53:34 --> Router Class Initialized
[DEBUG] [application] - 2015-01-09 16:53:34 --> Config file loaded: /Users/geet/www/fly/framework/application/config/routes.php
[DEBUG] [application] - 2015-01-09 16:53:34 --> No URI present. Default controller set.
