[DEBUG] [application] - 2015-01-11 09:51:17 --> Application Class Initialized
[DEBUG] [system.Module] - 2015-01-11 09:51:17 --> Loading "Log" application component
[DEBUG] [system.Module] - 2015-01-11 09:51:17 --> Loading "Utf8" application component
[DEBUG] [application] - 2015-01-11 09:51:17 --> Utf8 Class Initialized
[DEBUG] [application] - 2015-01-11 09:51:17 --> UTF-8 Support Enabled
[DEBUG] [system.Module] - 2015-01-11 09:51:17 --> Loading "Hooks" application component
[DEBUG] [application] - 2015-01-11 09:51:17 --> Hooks Class Initialized
[DEBUG] [system.Module] - 2015-01-11 09:51:17 --> Loading "Output" application component
[DEBUG] [application] - 2015-01-11 09:51:17 --> Config file loaded: /Users/geet/www/fly/framework/application/config/mimes.php
[DEBUG] [application] - 2015-01-11 09:51:17 --> Output Class Initialized
[DEBUG] [system.Module] - 2015-01-11 09:51:17 --> Loading "HttpRequest" application component
[DEBUG] [application] - 2015-01-11 09:51:17 --> HttpRequest Class Initialized
[DEBUG] [system.Module] - 2015-01-11 09:51:17 --> Loading "Security" application component
[DEBUG] [application] - 2015-01-11 09:51:17 --> Security Class Initialized
[DEBUG] [application] - 2015-01-11 09:51:17 --> Global POST and COOKIE data sanitized
[DEBUG] [system.Module] - 2015-01-11 09:51:17 --> Loading "Router" application component
[DEBUG] [system.Module] - 2015-01-11 09:51:17 --> Loading "Uri" application component
[DEBUG] [application] - 2015-01-11 09:51:17 --> URI Class Initialized
[DEBUG] [application] - 2015-01-11 09:51:17 --> Router Class Initialized
[DEBUG] [application] - 2015-01-11 09:51:17 --> Config file loaded: /Users/geet/www/fly/framework/application/config/routes.php
[DEBUG] [application] - 2015-01-11 09:51:17 --> No URI present. Default controller set.
[DEBUG] [application] - 2015-01-11 10:26:58 --> Application Class Initialized
[DEBUG] [system.Module] - 2015-01-11 10:26:58 --> Loading "Log" application component
[DEBUG] [system.Module] - 2015-01-11 10:26:58 --> Loading "Utf8" application component
[DEBUG] [application] - 2015-01-11 10:26:58 --> Utf8 Class Initialized
[DEBUG] [application] - 2015-01-11 10:26:58 --> UTF-8 Support Enabled
[DEBUG] [system.Module] - 2015-01-11 10:26:58 --> Loading "Hooks" application component
[DEBUG] [application] - 2015-01-11 10:26:58 --> Hooks Class Initialized
[DEBUG] [system.Module] - 2015-01-11 10:26:58 --> Loading "Output" application component
[DEBUG] [application] - 2015-01-11 10:26:58 --> Config file loaded: /Users/geet/www/fly/framework/application/config/mimes.php
[DEBUG] [application] - 2015-01-11 10:26:58 --> Output Class Initialized
[DEBUG] [system.Module] - 2015-01-11 10:26:58 --> Loading "HttpRequest" application component
[DEBUG] [application] - 2015-01-11 10:26:58 --> HttpRequest Class Initialized
[DEBUG] [system.Module] - 2015-01-11 10:26:58 --> Loading "Security" application component
[DEBUG] [application] - 2015-01-11 10:26:58 --> Security Class Initialized
[DEBUG] [application] - 2015-01-11 10:26:58 --> Global POST and COOKIE data sanitized
[DEBUG] [system.Module] - 2015-01-11 10:26:58 --> Loading "Router" application component
[DEBUG] [system.Module] - 2015-01-11 10:26:58 --> Loading "Uri" application component
[DEBUG] [application] - 2015-01-11 10:26:58 --> URI Class Initialized
[DEBUG] [application] - 2015-01-11 10:26:58 --> Router Class Initialized
[DEBUG] [application] - 2015-01-11 10:26:58 --> Config file loaded: /Users/geet/www/fly/framework/application/config/routes.php
[DEBUG] [application] - 2015-01-11 10:26:58 --> No URI present. Default controller set.
[DEBUG] [system.Module] - 2015-01-11 10:26:58 --> Loading "Zip" application component
[DEBUG] [application] - 2015-01-11 10:26:58 --> Zip Compression Class Initialized
[DEBUG] [application] - 2015-01-11 10:27:15 --> Application Class Initialized
[DEBUG] [system.Module] - 2015-01-11 10:27:15 --> Loading "Log" application component
[DEBUG] [system.Module] - 2015-01-11 10:27:15 --> Loading "Utf8" application component
[DEBUG] [application] - 2015-01-11 10:27:15 --> Utf8 Class Initialized
[DEBUG] [application] - 2015-01-11 10:27:15 --> UTF-8 Support Enabled
[DEBUG] [system.Module] - 2015-01-11 10:27:15 --> Loading "Hooks" application component
[DEBUG] [application] - 2015-01-11 10:27:15 --> Hooks Class Initialized
[DEBUG] [system.Module] - 2015-01-11 10:27:15 --> Loading "Output" application component
[DEBUG] [application] - 2015-01-11 10:27:15 --> Config file loaded: /Users/geet/www/fly/framework/application/config/mimes.php
[DEBUG] [application] - 2015-01-11 10:27:15 --> Output Class Initialized
[DEBUG] [system.Module] - 2015-01-11 10:27:15 --> Loading "HttpRequest" application component
[DEBUG] [application] - 2015-01-11 10:27:15 --> HttpRequest Class Initialized
[DEBUG] [system.Module] - 2015-01-11 10:27:15 --> Loading "Security" application component
[DEBUG] [application] - 2015-01-11 10:27:15 --> Security Class Initialized
[DEBUG] [application] - 2015-01-11 10:27:15 --> Global POST and COOKIE data sanitized
[DEBUG] [system.Module] - 2015-01-11 10:27:15 --> Loading "Router" application component
[DEBUG] [system.Module] - 2015-01-11 10:27:15 --> Loading "Uri" application component
[DEBUG] [application] - 2015-01-11 10:27:15 --> URI Class Initialized
[DEBUG] [application] - 2015-01-11 10:27:15 --> Router Class Initialized
[DEBUG] [application] - 2015-01-11 10:27:15 --> Config file loaded: /Users/geet/www/fly/framework/application/config/routes.php
[DEBUG] [application] - 2015-01-11 10:27:15 --> No URI present. Default controller set.
[DEBUG] [system.Module] - 2015-01-11 10:27:15 --> Loading "Zip" application component
[DEBUG] [application] - 2015-01-11 10:27:15 --> Zip Compression Class Initialized
[DEBUG] [application] - 2015-01-11 10:27:18 --> Application Class Initialized
[DEBUG] [system.Module] - 2015-01-11 10:27:18 --> Loading "Log" application component
[DEBUG] [system.Module] - 2015-01-11 10:27:18 --> Loading "Utf8" application component
[DEBUG] [application] - 2015-01-11 10:27:18 --> Utf8 Class Initialized
[DEBUG] [application] - 2015-01-11 10:27:18 --> UTF-8 Support Enabled
[DEBUG] [system.Module] - 2015-01-11 10:27:18 --> Loading "Hooks" application component
[DEBUG] [application] - 2015-01-11 10:27:18 --> Hooks Class Initialized
[DEBUG] [system.Module] - 2015-01-11 10:27:18 --> Loading "Output" application component
[DEBUG] [application] - 2015-01-11 10:27:18 --> Config file loaded: /Users/geet/www/fly/framework/application/config/mimes.php
[DEBUG] [application] - 2015-01-11 10:27:18 --> Output Class Initialized
[DEBUG] [system.Module] - 2015-01-11 10:27:18 --> Loading "HttpRequest" application component
[DEBUG] [application] - 2015-01-11 10:27:18 --> HttpRequest Class Initialized
[DEBUG] [system.Module] - 2015-01-11 10:27:18 --> Loading "Security" application component
[DEBUG] [application] - 2015-01-11 10:27:18 --> Security Class Initialized
[DEBUG] [application] - 2015-01-11 10:27:18 --> Global POST and COOKIE data sanitized
[DEBUG] [system.Module] - 2015-01-11 10:27:18 --> Loading "Router" application component
[DEBUG] [system.Module] - 2015-01-11 10:27:18 --> Loading "Uri" application component
[DEBUG] [application] - 2015-01-11 10:27:18 --> URI Class Initialized
[DEBUG] [application] - 2015-01-11 10:27:18 --> Router Class Initialized
[DEBUG] [application] - 2015-01-11 10:27:18 --> Config file loaded: /Users/geet/www/fly/framework/application/config/routes.php
[DEBUG] [application] - 2015-01-11 10:27:18 --> No URI present. Default controller set.
[DEBUG] [system.Module] - 2015-01-11 10:27:18 --> Loading "Zip" application component
[DEBUG] [application] - 2015-01-11 10:27:18 --> Zip Compression Class Initialized
[DEBUG] [application] - 2015-01-11 10:27:20 --> Application Class Initialized
[DEBUG] [system.Module] - 2015-01-11 10:27:20 --> Loading "Log" application component
[DEBUG] [system.Module] - 2015-01-11 10:27:20 --> Loading "Utf8" application component
[DEBUG] [application] - 2015-01-11 10:27:20 --> Utf8 Class Initialized
[DEBUG] [application] - 2015-01-11 10:27:20 --> UTF-8 Support Enabled
[DEBUG] [system.Module] - 2015-01-11 10:27:20 --> Loading "Hooks" application component
[DEBUG] [application] - 2015-01-11 10:27:20 --> Hooks Class Initialized
[DEBUG] [system.Module] - 2015-01-11 10:27:20 --> Loading "Output" application component
[DEBUG] [application] - 2015-01-11 10:27:20 --> Config file loaded: /Users/geet/www/fly/framework/application/config/mimes.php
[DEBUG] [application] - 2015-01-11 10:27:20 --> Output Class Initialized
[DEBUG] [system.Module] - 2015-01-11 10:27:20 --> Loading "HttpRequest" application component
[DEBUG] [application] - 2015-01-11 10:27:20 --> HttpRequest Class Initialized
[DEBUG] [system.Module] - 2015-01-11 10:27:20 --> Loading "Security" application component
[DEBUG] [application] - 2015-01-11 10:27:20 --> Security Class Initialized
[DEBUG] [application] - 2015-01-11 10:27:20 --> Global POST and COOKIE data sanitized
[DEBUG] [system.Module] - 2015-01-11 10:27:20 --> Loading "Router" application component
[DEBUG] [system.Module] - 2015-01-11 10:27:20 --> Loading "Uri" application component
[DEBUG] [application] - 2015-01-11 10:27:20 --> URI Class Initialized
[DEBUG] [application] - 2015-01-11 10:27:20 --> Router Class Initialized
[DEBUG] [application] - 2015-01-11 10:27:20 --> Config file loaded: /Users/geet/www/fly/framework/application/config/routes.php
[DEBUG] [application] - 2015-01-11 10:27:20 --> No URI present. Default controller set.
[DEBUG] [system.Module] - 2015-01-11 10:27:20 --> Loading "Zip" application component
[DEBUG] [application] - 2015-01-11 10:27:20 --> Zip Compression Class Initialized
[DEBUG] [application] - 2015-01-11 10:27:22 --> Application Class Initialized
[DEBUG] [system.Module] - 2015-01-11 10:27:22 --> Loading "Log" application component
[DEBUG] [system.Module] - 2015-01-11 10:27:22 --> Loading "Utf8" application component
[DEBUG] [application] - 2015-01-11 10:27:22 --> Utf8 Class Initialized
[DEBUG] [application] - 2015-01-11 10:27:22 --> UTF-8 Support Enabled
[DEBUG] [system.Module] - 2015-01-11 10:27:22 --> Loading "Hooks" application component
[DEBUG] [application] - 2015-01-11 10:27:22 --> Hooks Class Initialized
[DEBUG] [system.Module] - 2015-01-11 10:27:22 --> Loading "Output" application component
[DEBUG] [application] - 2015-01-11 10:27:22 --> Config file loaded: /Users/geet/www/fly/framework/application/config/mimes.php
[DEBUG] [application] - 2015-01-11 10:27:22 --> Output Class Initialized
[DEBUG] [system.Module] - 2015-01-11 10:27:22 --> Loading "HttpRequest" application component
[DEBUG] [application] - 2015-01-11 10:27:22 --> HttpRequest Class Initialized
[DEBUG] [system.Module] - 2015-01-11 10:27:22 --> Loading "Security" application component
[DEBUG] [application] - 2015-01-11 10:27:22 --> Security Class Initialized
[DEBUG] [application] - 2015-01-11 10:27:22 --> Global POST and COOKIE data sanitized
[DEBUG] [system.Module] - 2015-01-11 10:27:22 --> Loading "Router" application component
[DEBUG] [system.Module] - 2015-01-11 10:27:22 --> Loading "Uri" application component
[DEBUG] [application] - 2015-01-11 10:27:22 --> URI Class Initialized
[DEBUG] [application] - 2015-01-11 10:27:22 --> Router Class Initialized
[DEBUG] [application] - 2015-01-11 10:27:22 --> Config file loaded: /Users/geet/www/fly/framework/application/config/routes.php
[DEBUG] [application] - 2015-01-11 10:27:22 --> No URI present. Default controller set.
[DEBUG] [system.Module] - 2015-01-11 10:27:22 --> Loading "Zip" application component
[DEBUG] [application] - 2015-01-11 10:27:22 --> Zip Compression Class Initialized
[DEBUG] [application] - 2015-01-11 10:28:01 --> Application Class Initialized
[DEBUG] [system.Module] - 2015-01-11 10:28:01 --> Loading "Log" application component
[DEBUG] [system.Module] - 2015-01-11 10:28:01 --> Loading "Utf8" application component
[DEBUG] [application] - 2015-01-11 10:28:01 --> Utf8 Class Initialized
[DEBUG] [application] - 2015-01-11 10:28:01 --> UTF-8 Support Enabled
[DEBUG] [system.Module] - 2015-01-11 10:28:01 --> Loading "Hooks" application component
[DEBUG] [application] - 2015-01-11 10:28:01 --> Hooks Class Initialized
[DEBUG] [system.Module] - 2015-01-11 10:28:01 --> Loading "Output" application component
[DEBUG] [application] - 2015-01-11 10:28:01 --> Config file loaded: /Users/geet/www/fly/framework/application/config/mimes.php
[DEBUG] [application] - 2015-01-11 10:28:01 --> Output Class Initialized
[DEBUG] [system.Module] - 2015-01-11 10:28:01 --> Loading "HttpRequest" application component
[DEBUG] [application] - 2015-01-11 10:28:01 --> HttpRequest Class Initialized
[DEBUG] [system.Module] - 2015-01-11 10:28:01 --> Loading "Security" application component
[DEBUG] [application] - 2015-01-11 10:28:01 --> Security Class Initialized
[DEBUG] [application] - 2015-01-11 10:28:01 --> Global POST and COOKIE data sanitized
[DEBUG] [system.Module] - 2015-01-11 10:28:01 --> Loading "Router" application component
[DEBUG] [system.Module] - 2015-01-11 10:28:01 --> Loading "Uri" application component
[DEBUG] [application] - 2015-01-11 10:28:01 --> URI Class Initialized
[DEBUG] [application] - 2015-01-11 10:28:01 --> Router Class Initialized
[DEBUG] [application] - 2015-01-11 10:28:01 --> Config file loaded: /Users/geet/www/fly/framework/application/config/routes.php
[DEBUG] [application] - 2015-01-11 10:28:01 --> No URI present. Default controller set.
[DEBUG] [system.Module] - 2015-01-11 10:28:01 --> Loading "Zip" application component
[DEBUG] [application] - 2015-01-11 10:28:01 --> Zip Compression Class Initialized
[DEBUG] [application] - 2015-01-11 10:28:03 --> Application Class Initialized
[DEBUG] [system.Module] - 2015-01-11 10:28:03 --> Loading "Log" application component
[DEBUG] [system.Module] - 2015-01-11 10:28:03 --> Loading "Utf8" application component
[DEBUG] [application] - 2015-01-11 10:28:03 --> Utf8 Class Initialized
[DEBUG] [application] - 2015-01-11 10:28:03 --> UTF-8 Support Enabled
[DEBUG] [system.Module] - 2015-01-11 10:28:03 --> Loading "Hooks" application component
[DEBUG] [application] - 2015-01-11 10:28:03 --> Hooks Class Initialized
[DEBUG] [system.Module] - 2015-01-11 10:28:03 --> Loading "Output" application component
[DEBUG] [application] - 2015-01-11 10:28:03 --> Config file loaded: /Users/geet/www/fly/framework/application/config/mimes.php
[DEBUG] [application] - 2015-01-11 10:28:03 --> Output Class Initialized
[DEBUG] [system.Module] - 2015-01-11 10:28:03 --> Loading "HttpRequest" application component
[DEBUG] [application] - 2015-01-11 10:28:03 --> HttpRequest Class Initialized
[DEBUG] [system.Module] - 2015-01-11 10:28:03 --> Loading "Security" application component
[DEBUG] [application] - 2015-01-11 10:28:03 --> Security Class Initialized
[DEBUG] [application] - 2015-01-11 10:28:03 --> Global POST and COOKIE data sanitized
[DEBUG] [system.Module] - 2015-01-11 10:28:03 --> Loading "Router" application component
[DEBUG] [system.Module] - 2015-01-11 10:28:03 --> Loading "Uri" application component
[DEBUG] [application] - 2015-01-11 10:28:03 --> URI Class Initialized
[DEBUG] [application] - 2015-01-11 10:28:03 --> Router Class Initialized
[DEBUG] [application] - 2015-01-11 10:28:03 --> Config file loaded: /Users/geet/www/fly/framework/application/config/routes.php
[DEBUG] [application] - 2015-01-11 10:28:03 --> No URI present. Default controller set.
[DEBUG] [system.Module] - 2015-01-11 10:28:03 --> Loading "Zip" application component
[DEBUG] [application] - 2015-01-11 10:28:03 --> Zip Compression Class Initialized
[DEBUG] [application] - 2015-01-11 10:28:06 --> Application Class Initialized
[DEBUG] [system.Module] - 2015-01-11 10:28:06 --> Loading "Log" application component
[DEBUG] [system.Module] - 2015-01-11 10:28:06 --> Loading "Utf8" application component
[DEBUG] [application] - 2015-01-11 10:28:06 --> Utf8 Class Initialized
[DEBUG] [application] - 2015-01-11 10:28:06 --> UTF-8 Support Enabled
[DEBUG] [system.Module] - 2015-01-11 10:28:06 --> Loading "Hooks" application component
[DEBUG] [application] - 2015-01-11 10:28:06 --> Hooks Class Initialized
[DEBUG] [system.Module] - 2015-01-11 10:28:06 --> Loading "Output" application component
[DEBUG] [application] - 2015-01-11 10:28:06 --> Config file loaded: /Users/geet/www/fly/framework/application/config/mimes.php
[DEBUG] [application] - 2015-01-11 10:28:06 --> Output Class Initialized
[DEBUG] [system.Module] - 2015-01-11 10:28:06 --> Loading "HttpRequest" application component
[DEBUG] [application] - 2015-01-11 10:28:06 --> HttpRequest Class Initialized
[DEBUG] [system.Module] - 2015-01-11 10:28:06 --> Loading "Security" application component
[DEBUG] [application] - 2015-01-11 10:28:06 --> Security Class Initialized
[DEBUG] [application] - 2015-01-11 10:28:06 --> Global POST and COOKIE data sanitized
[DEBUG] [system.Module] - 2015-01-11 10:28:06 --> Loading "Router" application component
[DEBUG] [system.Module] - 2015-01-11 10:28:06 --> Loading "Uri" application component
[DEBUG] [application] - 2015-01-11 10:28:06 --> URI Class Initialized
[DEBUG] [application] - 2015-01-11 10:28:06 --> Router Class Initialized
[DEBUG] [application] - 2015-01-11 10:28:06 --> Config file loaded: /Users/geet/www/fly/framework/application/config/routes.php
[DEBUG] [application] - 2015-01-11 10:28:06 --> No URI present. Default controller set.
[DEBUG] [system.Module] - 2015-01-11 10:28:06 --> Loading "Zip" application component
[DEBUG] [application] - 2015-01-11 10:28:06 --> Zip Compression Class Initialized
[DEBUG] [application] - 2015-01-11 10:28:53 --> Application Class Initialized
[DEBUG] [system.Module] - 2015-01-11 10:28:53 --> Loading "Log" application component
[DEBUG] [system.Module] - 2015-01-11 10:28:53 --> Loading "Utf8" application component
[DEBUG] [application] - 2015-01-11 10:28:53 --> Utf8 Class Initialized
[DEBUG] [application] - 2015-01-11 10:28:53 --> UTF-8 Support Enabled
[DEBUG] [system.Module] - 2015-01-11 10:28:53 --> Loading "Hooks" application component
[DEBUG] [application] - 2015-01-11 10:28:53 --> Hooks Class Initialized
[DEBUG] [system.Module] - 2015-01-11 10:28:53 --> Loading "Output" application component
[DEBUG] [application] - 2015-01-11 10:28:53 --> Config file loaded: /Users/geet/www/fly/framework/application/config/mimes.php
[DEBUG] [application] - 2015-01-11 10:28:53 --> Output Class Initialized
[DEBUG] [system.Module] - 2015-01-11 10:28:53 --> Loading "HttpRequest" application component
[DEBUG] [application] - 2015-01-11 10:28:53 --> HttpRequest Class Initialized
[DEBUG] [system.Module] - 2015-01-11 10:28:53 --> Loading "Security" application component
[DEBUG] [application] - 2015-01-11 10:28:53 --> Security Class Initialized
[DEBUG] [application] - 2015-01-11 10:28:53 --> Global POST and COOKIE data sanitized
[DEBUG] [system.Module] - 2015-01-11 10:28:53 --> Loading "Router" application component
[DEBUG] [system.Module] - 2015-01-11 10:28:53 --> Loading "Uri" application component
[DEBUG] [application] - 2015-01-11 10:28:53 --> URI Class Initialized
[DEBUG] [application] - 2015-01-11 10:28:53 --> Router Class Initialized
[DEBUG] [application] - 2015-01-11 10:28:53 --> Config file loaded: /Users/geet/www/fly/framework/application/config/routes.php
[DEBUG] [application] - 2015-01-11 10:28:53 --> No URI present. Default controller set.
[DEBUG] [system.Module] - 2015-01-11 10:28:53 --> Loading "Zip" application component
[DEBUG] [system.Module] - 2015-01-11 10:28:53 --> Loading "ExceptionHandler" application component
[ERROR] [application] - 2015-01-11 10:28:53 --> Severity: Warning  --> include(Zip.php): failed to open stream: No such file or directory /Users/geet/www/fly/framework/system/FlyBase.php 338
[ERROR] [application] - 2015-01-11 10:28:53 --> Severity: Warning  --> include(): Failed opening 'Zip.php' for inclusion (include_path='.:/Users/geet/www/fly/framework/system/helpers:/Users/geet/www/fly/framework/application/components:') /Users/geet/www/fly/framework/system/FlyBase.php 338
[ERROR] [application] - 2015-01-11 10:28:53 --> Severity: Warning  --> include(Zip.php): failed to open stream: No such file or directory /Users/geet/www/fly/framework/system/FlyBase.php 338
[ERROR] [application] - 2015-01-11 10:28:53 --> Severity: Warning  --> include(): Failed opening 'Zip.php' for inclusion (include_path='.:/Users/geet/www/fly/framework/system/helpers:/Users/geet/www/fly/framework/application/components:') /Users/geet/www/fly/framework/system/FlyBase.php 338
[DEBUG] [application] - 2015-01-11 10:29:15 --> Application Class Initialized
[DEBUG] [system.Module] - 2015-01-11 10:29:15 --> Loading "Log" application component
[DEBUG] [system.Module] - 2015-01-11 10:29:15 --> Loading "Utf8" application component
[DEBUG] [application] - 2015-01-11 10:29:15 --> Utf8 Class Initialized
[DEBUG] [application] - 2015-01-11 10:29:15 --> UTF-8 Support Enabled
[DEBUG] [system.Module] - 2015-01-11 10:29:15 --> Loading "Hooks" application component
[DEBUG] [application] - 2015-01-11 10:29:15 --> Hooks Class Initialized
[DEBUG] [system.Module] - 2015-01-11 10:29:15 --> Loading "Output" application component
[DEBUG] [application] - 2015-01-11 10:29:15 --> Config file loaded: /Users/geet/www/fly/framework/application/config/mimes.php
[DEBUG] [application] - 2015-01-11 10:29:15 --> Output Class Initialized
[DEBUG] [system.Module] - 2015-01-11 10:29:15 --> Loading "HttpRequest" application component
[DEBUG] [application] - 2015-01-11 10:29:15 --> HttpRequest Class Initialized
[DEBUG] [system.Module] - 2015-01-11 10:29:15 --> Loading "Security" application component
[DEBUG] [application] - 2015-01-11 10:29:15 --> Security Class Initialized
[DEBUG] [application] - 2015-01-11 10:29:15 --> Global POST and COOKIE data sanitized
[DEBUG] [system.Module] - 2015-01-11 10:29:15 --> Loading "Router" application component
[DEBUG] [system.Module] - 2015-01-11 10:29:15 --> Loading "Uri" application component
[DEBUG] [application] - 2015-01-11 10:29:15 --> URI Class Initialized
[DEBUG] [application] - 2015-01-11 10:29:15 --> Router Class Initialized
[DEBUG] [application] - 2015-01-11 10:29:15 --> Config file loaded: /Users/geet/www/fly/framework/application/config/routes.php
[DEBUG] [application] - 2015-01-11 10:29:15 --> No URI present. Default controller set.
[DEBUG] [system.Module] - 2015-01-11 10:29:15 --> Loading "Zip" application component
[DEBUG] [application] - 2015-01-11 10:29:15 --> Zip Compression Class Initialized
[DEBUG] [application] - 2015-01-11 10:29:17 --> Application Class Initialized
[DEBUG] [system.Module] - 2015-01-11 10:29:17 --> Loading "Log" application component
[DEBUG] [system.Module] - 2015-01-11 10:29:17 --> Loading "Utf8" application component
[DEBUG] [application] - 2015-01-11 10:29:17 --> Utf8 Class Initialized
[DEBUG] [application] - 2015-01-11 10:29:17 --> UTF-8 Support Enabled
[DEBUG] [system.Module] - 2015-01-11 10:29:17 --> Loading "Hooks" application component
[DEBUG] [application] - 2015-01-11 10:29:17 --> Hooks Class Initialized
[DEBUG] [system.Module] - 2015-01-11 10:29:17 --> Loading "Output" application component
[DEBUG] [application] - 2015-01-11 10:29:17 --> Config file loaded: /Users/geet/www/fly/framework/application/config/mimes.php
[DEBUG] [application] - 2015-01-11 10:29:17 --> Output Class Initialized
[DEBUG] [system.Module] - 2015-01-11 10:29:17 --> Loading "HttpRequest" application component
[DEBUG] [application] - 2015-01-11 10:29:17 --> HttpRequest Class Initialized
[DEBUG] [system.Module] - 2015-01-11 10:29:17 --> Loading "Security" application component
[DEBUG] [application] - 2015-01-11 10:29:17 --> Security Class Initialized
[DEBUG] [application] - 2015-01-11 10:29:17 --> Global POST and COOKIE data sanitized
[DEBUG] [system.Module] - 2015-01-11 10:29:17 --> Loading "Router" application component
[DEBUG] [system.Module] - 2015-01-11 10:29:17 --> Loading "Uri" application component
[DEBUG] [application] - 2015-01-11 10:29:17 --> URI Class Initialized
[DEBUG] [application] - 2015-01-11 10:29:17 --> Router Class Initialized
[DEBUG] [application] - 2015-01-11 10:29:17 --> Config file loaded: /Users/geet/www/fly/framework/application/config/routes.php
[DEBUG] [application] - 2015-01-11 10:29:17 --> No URI present. Default controller set.
[DEBUG] [system.Module] - 2015-01-11 10:29:17 --> Loading "Zip" application component
[DEBUG] [application] - 2015-01-11 10:29:17 --> Zip Compression Class Initialized
[DEBUG] [application] - 2015-01-11 10:29:28 --> Application Class Initialized
[DEBUG] [system.Module] - 2015-01-11 10:29:28 --> Loading "Log" application component
[DEBUG] [system.Module] - 2015-01-11 10:29:28 --> Loading "Utf8" application component
[DEBUG] [application] - 2015-01-11 10:29:28 --> Utf8 Class Initialized
[DEBUG] [application] - 2015-01-11 10:29:28 --> UTF-8 Support Enabled
[DEBUG] [system.Module] - 2015-01-11 10:29:28 --> Loading "Hooks" application component
[DEBUG] [application] - 2015-01-11 10:29:28 --> Hooks Class Initialized
[DEBUG] [system.Module] - 2015-01-11 10:29:28 --> Loading "Output" application component
[DEBUG] [application] - 2015-01-11 10:29:28 --> Config file loaded: /Users/geet/www/fly/framework/application/config/mimes.php
[DEBUG] [application] - 2015-01-11 10:29:28 --> Output Class Initialized
[DEBUG] [system.Module] - 2015-01-11 10:29:28 --> Loading "HttpRequest" application component
[DEBUG] [application] - 2015-01-11 10:29:28 --> HttpRequest Class Initialized
[DEBUG] [system.Module] - 2015-01-11 10:29:28 --> Loading "Security" application component
[DEBUG] [application] - 2015-01-11 10:29:28 --> Security Class Initialized
[DEBUG] [application] - 2015-01-11 10:29:28 --> Global POST and COOKIE data sanitized
[DEBUG] [system.Module] - 2015-01-11 10:29:28 --> Loading "Router" application component
[DEBUG] [system.Module] - 2015-01-11 10:29:28 --> Loading "Uri" application component
[DEBUG] [application] - 2015-01-11 10:29:28 --> URI Class Initialized
[DEBUG] [application] - 2015-01-11 10:29:28 --> Router Class Initialized
[DEBUG] [application] - 2015-01-11 10:29:28 --> Config file loaded: /Users/geet/www/fly/framework/application/config/routes.php
[DEBUG] [application] - 2015-01-11 10:29:28 --> No URI present. Default controller set.
[DEBUG] [system.Module] - 2015-01-11 10:29:28 --> Loading "Zip" application component
[DEBUG] [application] - 2015-01-11 10:29:28 --> Zip Compression Class Initialized
[DEBUG] [application] - 2015-01-11 12:35:53 --> Application Class Initialized
[DEBUG] [system.Module] - 2015-01-11 12:35:53 --> Loading "Log" application component
[DEBUG] [system.Module] - 2015-01-11 12:35:53 --> Loading "Utf8" application component
[DEBUG] [application] - 2015-01-11 12:35:53 --> Utf8 Class Initialized
[DEBUG] [application] - 2015-01-11 12:35:53 --> UTF-8 Support Enabled
[DEBUG] [system.Module] - 2015-01-11 12:35:53 --> Loading "Hooks" application component
[DEBUG] [application] - 2015-01-11 12:35:53 --> Hooks Class Initialized
[DEBUG] [system.Module] - 2015-01-11 12:35:53 --> Loading "Output" application component
[DEBUG] [application] - 2015-01-11 12:35:53 --> Config file loaded: /Users/geet/www/fly/framework/application/config/mimes.php
[DEBUG] [application] - 2015-01-11 12:35:53 --> Output Class Initialized
[DEBUG] [system.Module] - 2015-01-11 12:35:53 --> Loading "HttpRequest" application component
[DEBUG] [application] - 2015-01-11 12:35:53 --> HttpRequest Class Initialized
[DEBUG] [system.Module] - 2015-01-11 12:35:53 --> Loading "Security" application component
[DEBUG] [application] - 2015-01-11 12:35:53 --> Security Class Initialized
[DEBUG] [application] - 2015-01-11 12:35:53 --> Global POST and COOKIE data sanitized
[DEBUG] [system.Module] - 2015-01-11 12:35:53 --> Loading "Router" application component
[DEBUG] [system.Module] - 2015-01-11 12:35:53 --> Loading "Uri" application component
[DEBUG] [application] - 2015-01-11 12:35:53 --> URI Class Initialized
[DEBUG] [application] - 2015-01-11 12:35:53 --> Router Class Initialized
[DEBUG] [application] - 2015-01-11 12:35:53 --> Config file loaded: /Users/geet/www/fly/framework/application/config/routes.php
[DEBUG] [application] - 2015-01-11 12:35:53 --> No URI present. Default controller set.
[DEBUG] [system.Module] - 2015-01-11 12:35:53 --> Loading "ExceptionHandler" application component
[ERROR] [application] - 2015-01-11 12:35:53 --> Severity: Warning  --> include(CI_DB.php): failed to open stream: No such file or directory /Users/geet/www/fly/framework/system/FlyBase.php 338
[ERROR] [application] - 2015-01-11 12:35:53 --> Severity: Warning  --> include(): Failed opening 'CI_DB.php' for inclusion (include_path='.:/Users/geet/www/fly/framework/system/libraries:/Users/geet/www/fly/framework/system/helpers:/Users/geet/www/fly/framework/application/components:') /Users/geet/www/fly/framework/system/FlyBase.php 338
[ERROR] [application] - 2015-01-11 12:35:53 --> Severity: Warning  --> include(DBActiveRecord.php): failed to open stream: No such file or directory /Users/geet/www/fly/framework/system/FlyBase.php 338
[ERROR] [application] - 2015-01-11 12:35:53 --> Severity: Warning  --> include(): Failed opening 'DBActiveRecord.php' for inclusion (include_path='.:/Users/geet/www/fly/framework/system/libraries:/Users/geet/www/fly/framework/system/helpers:/Users/geet/www/fly/framework/application/components:') /Users/geet/www/fly/framework/system/FlyBase.php 338
[DEBUG] [application] - 2015-01-11 12:39:57 --> Application Class Initialized
[DEBUG] [system.Module] - 2015-01-11 12:39:57 --> Loading "Log" application component
[DEBUG] [system.Module] - 2015-01-11 12:39:57 --> Loading "Utf8" application component
[DEBUG] [application] - 2015-01-11 12:39:57 --> Utf8 Class Initialized
[DEBUG] [application] - 2015-01-11 12:39:57 --> UTF-8 Support Enabled
[DEBUG] [system.Module] - 2015-01-11 12:39:57 --> Loading "Hooks" application component
[DEBUG] [application] - 2015-01-11 12:39:57 --> Hooks Class Initialized
[DEBUG] [system.Module] - 2015-01-11 12:39:57 --> Loading "Output" application component
[DEBUG] [application] - 2015-01-11 12:39:57 --> Config file loaded: /Users/geet/www/fly/framework/application/config/mimes.php
[DEBUG] [application] - 2015-01-11 12:39:57 --> Output Class Initialized
[DEBUG] [system.Module] - 2015-01-11 12:39:57 --> Loading "HttpRequest" application component
[DEBUG] [application] - 2015-01-11 12:39:57 --> HttpRequest Class Initialized
[DEBUG] [system.Module] - 2015-01-11 12:39:57 --> Loading "Security" application component
[DEBUG] [application] - 2015-01-11 12:39:57 --> Security Class Initialized
[DEBUG] [application] - 2015-01-11 12:39:57 --> Global POST and COOKIE data sanitized
[DEBUG] [system.Module] - 2015-01-11 12:39:57 --> Loading "Router" application component
[DEBUG] [system.Module] - 2015-01-11 12:39:57 --> Loading "Uri" application component
[DEBUG] [application] - 2015-01-11 12:39:57 --> URI Class Initialized
[DEBUG] [application] - 2015-01-11 12:39:57 --> Router Class Initialized
[DEBUG] [application] - 2015-01-11 12:39:57 --> Config file loaded: /Users/geet/www/fly/framework/application/config/routes.php
[DEBUG] [application] - 2015-01-11 12:39:57 --> No URI present. Default controller set.
[DEBUG] [system.Module] - 2015-01-11 12:39:57 --> Loading "ExceptionHandler" application component
[ERROR] [application] - 2015-01-11 12:39:57 --> Severity: Warning  --> include(CI_DB.php): failed to open stream: No such file or directory /Users/geet/www/fly/framework/system/FlyBase.php 339
[ERROR] [application] - 2015-01-11 12:39:57 --> Severity: Warning  --> include(): Failed opening 'CI_DB.php' for inclusion (include_path='.:/Users/geet/www/fly/framework/system/libraries:/Users/geet/www/fly/framework/system/helpers:/Users/geet/www/fly/framework/application/components:') /Users/geet/www/fly/framework/system/FlyBase.php 339
[ERROR] [application] - 2015-01-11 12:39:57 --> Severity: Warning  --> include(DBActiveRecord.php): failed to open stream: No such file or directory /Users/geet/www/fly/framework/system/FlyBase.php 339
[ERROR] [application] - 2015-01-11 12:39:57 --> Severity: Warning  --> include(): Failed opening 'DBActiveRecord.php' for inclusion (include_path='.:/Users/geet/www/fly/framework/system/libraries:/Users/geet/www/fly/framework/system/helpers:/Users/geet/www/fly/framework/application/components:') /Users/geet/www/fly/framework/system/FlyBase.php 339
[DEBUG] [application] - 2015-01-11 12:40:00 --> Application Class Initialized
[DEBUG] [system.Module] - 2015-01-11 12:40:00 --> Loading "Log" application component
[DEBUG] [system.Module] - 2015-01-11 12:40:00 --> Loading "Utf8" application component
[DEBUG] [application] - 2015-01-11 12:40:00 --> Utf8 Class Initialized
[DEBUG] [application] - 2015-01-11 12:40:00 --> UTF-8 Support Enabled
[DEBUG] [system.Module] - 2015-01-11 12:40:00 --> Loading "Hooks" application component
[DEBUG] [application] - 2015-01-11 12:40:00 --> Hooks Class Initialized
[DEBUG] [system.Module] - 2015-01-11 12:40:00 --> Loading "Output" application component
[DEBUG] [application] - 2015-01-11 12:40:00 --> Config file loaded: /Users/geet/www/fly/framework/application/config/mimes.php
[DEBUG] [application] - 2015-01-11 12:40:00 --> Output Class Initialized
[DEBUG] [system.Module] - 2015-01-11 12:40:00 --> Loading "HttpRequest" application component
[DEBUG] [application] - 2015-01-11 12:40:00 --> HttpRequest Class Initialized
[DEBUG] [system.Module] - 2015-01-11 12:40:00 --> Loading "Security" application component
[DEBUG] [application] - 2015-01-11 12:40:00 --> Security Class Initialized
[DEBUG] [application] - 2015-01-11 12:40:00 --> Global POST and COOKIE data sanitized
[DEBUG] [system.Module] - 2015-01-11 12:40:00 --> Loading "Router" application component
[DEBUG] [system.Module] - 2015-01-11 12:40:00 --> Loading "Uri" application component
[DEBUG] [application] - 2015-01-11 12:40:00 --> URI Class Initialized
[DEBUG] [application] - 2015-01-11 12:40:00 --> Router Class Initialized
[DEBUG] [application] - 2015-01-11 12:40:00 --> Config file loaded: /Users/geet/www/fly/framework/application/config/routes.php
[DEBUG] [application] - 2015-01-11 12:40:00 --> No URI present. Default controller set.
[DEBUG] [system.Module] - 2015-01-11 12:40:00 --> Loading "ExceptionHandler" application component
[ERROR] [application] - 2015-01-11 12:40:00 --> Severity: Warning  --> include(CI_DB.php): failed to open stream: No such file or directory /Users/geet/www/fly/framework/system/FlyBase.php 339
[ERROR] [application] - 2015-01-11 12:40:00 --> Severity: Warning  --> include(): Failed opening 'CI_DB.php' for inclusion (include_path='.:/Users/geet/www/fly/framework/system/libraries:/Users/geet/www/fly/framework/system/helpers:/Users/geet/www/fly/framework/application/components:') /Users/geet/www/fly/framework/system/FlyBase.php 339
[ERROR] [application] - 2015-01-11 12:40:00 --> Severity: Warning  --> include(DBActiveRecord.php): failed to open stream: No such file or directory /Users/geet/www/fly/framework/system/FlyBase.php 339
[ERROR] [application] - 2015-01-11 12:40:00 --> Severity: Warning  --> include(): Failed opening 'DBActiveRecord.php' for inclusion (include_path='.:/Users/geet/www/fly/framework/system/libraries:/Users/geet/www/fly/framework/system/helpers:/Users/geet/www/fly/framework/application/components:') /Users/geet/www/fly/framework/system/FlyBase.php 339
[DEBUG] [application] - 2015-01-11 12:40:07 --> Application Class Initialized
[DEBUG] [system.Module] - 2015-01-11 12:40:07 --> Loading "Log" application component
[DEBUG] [system.Module] - 2015-01-11 12:40:07 --> Loading "Utf8" application component
[DEBUG] [application] - 2015-01-11 12:40:07 --> Utf8 Class Initialized
[DEBUG] [application] - 2015-01-11 12:40:07 --> UTF-8 Support Enabled
[DEBUG] [system.Module] - 2015-01-11 12:40:07 --> Loading "Hooks" application component
[DEBUG] [application] - 2015-01-11 12:40:07 --> Hooks Class Initialized
[DEBUG] [system.Module] - 2015-01-11 12:40:07 --> Loading "Output" application component
[DEBUG] [application] - 2015-01-11 12:40:07 --> Config file loaded: /Users/geet/www/fly/framework/application/config/mimes.php
[DEBUG] [application] - 2015-01-11 12:40:07 --> Output Class Initialized
[DEBUG] [system.Module] - 2015-01-11 12:40:07 --> Loading "HttpRequest" application component
[DEBUG] [application] - 2015-01-11 12:40:07 --> HttpRequest Class Initialized
[DEBUG] [system.Module] - 2015-01-11 12:40:07 --> Loading "Security" application component
[DEBUG] [application] - 2015-01-11 12:40:07 --> Security Class Initialized
[DEBUG] [application] - 2015-01-11 12:40:07 --> Global POST and COOKIE data sanitized
[DEBUG] [system.Module] - 2015-01-11 12:40:07 --> Loading "Router" application component
[DEBUG] [system.Module] - 2015-01-11 12:40:07 --> Loading "Uri" application component
[DEBUG] [application] - 2015-01-11 12:40:07 --> URI Class Initialized
[DEBUG] [application] - 2015-01-11 12:40:07 --> Router Class Initialized
[DEBUG] [application] - 2015-01-11 12:40:07 --> Config file loaded: /Users/geet/www/fly/framework/application/config/routes.php
[DEBUG] [application] - 2015-01-11 12:40:07 --> No URI present. Default controller set.
[DEBUG] [system.Module] - 2015-01-11 12:40:07 --> Loading "ExceptionHandler" application component
[ERROR] [application] - 2015-01-11 12:40:07 --> Severity: Warning  --> include(CI_DB.php): failed to open stream: No such file or directory /Users/geet/www/fly/framework/system/FlyBase.php 339
[ERROR] [application] - 2015-01-11 12:40:07 --> Severity: Warning  --> include(): Failed opening 'CI_DB.php' for inclusion (include_path='.:/Users/geet/www/fly/framework/system/libraries:/Users/geet/www/fly/framework/system/helpers:/Users/geet/www/fly/framework/application/components:') /Users/geet/www/fly/framework/system/FlyBase.php 339
[ERROR] [application] - 2015-01-11 12:40:07 --> Severity: Warning  --> include(DBActiveRecord.php): failed to open stream: No such file or directory /Users/geet/www/fly/framework/system/FlyBase.php 339
[ERROR] [application] - 2015-01-11 12:40:07 --> Severity: Warning  --> include(): Failed opening 'DBActiveRecord.php' for inclusion (include_path='.:/Users/geet/www/fly/framework/system/libraries:/Users/geet/www/fly/framework/system/helpers:/Users/geet/www/fly/framework/application/components:') /Users/geet/www/fly/framework/system/FlyBase.php 339
[DEBUG] [application] - 2015-01-11 12:41:16 --> Application Class Initialized
[DEBUG] [system.Module] - 2015-01-11 12:41:16 --> Loading "Log" application component
[DEBUG] [system.Module] - 2015-01-11 12:41:16 --> Loading "Utf8" application component
[DEBUG] [application] - 2015-01-11 12:41:16 --> Utf8 Class Initialized
[DEBUG] [application] - 2015-01-11 12:41:16 --> UTF-8 Support Enabled
[DEBUG] [system.Module] - 2015-01-11 12:41:16 --> Loading "Hooks" application component
[DEBUG] [application] - 2015-01-11 12:41:16 --> Hooks Class Initialized
[DEBUG] [system.Module] - 2015-01-11 12:41:16 --> Loading "Output" application component
[DEBUG] [application] - 2015-01-11 12:41:16 --> Config file loaded: /Users/geet/www/fly/framework/application/config/mimes.php
[DEBUG] [application] - 2015-01-11 12:41:16 --> Output Class Initialized
[DEBUG] [system.Module] - 2015-01-11 12:41:16 --> Loading "HttpRequest" application component
[DEBUG] [application] - 2015-01-11 12:41:16 --> HttpRequest Class Initialized
[DEBUG] [system.Module] - 2015-01-11 12:41:16 --> Loading "Security" application component
[DEBUG] [application] - 2015-01-11 12:41:16 --> Security Class Initialized
[DEBUG] [application] - 2015-01-11 12:41:16 --> Global POST and COOKIE data sanitized
[DEBUG] [system.Module] - 2015-01-11 12:41:16 --> Loading "Router" application component
[DEBUG] [system.Module] - 2015-01-11 12:41:16 --> Loading "Uri" application component
[DEBUG] [application] - 2015-01-11 12:41:16 --> URI Class Initialized
[DEBUG] [application] - 2015-01-11 12:41:16 --> Router Class Initialized
[DEBUG] [application] - 2015-01-11 12:41:16 --> Config file loaded: /Users/geet/www/fly/framework/application/config/routes.php
[DEBUG] [application] - 2015-01-11 12:41:16 --> No URI present. Default controller set.
[DEBUG] [system.Module] - 2015-01-11 12:41:16 --> Loading "ExceptionHandler" application component
[ERROR] [application] - 2015-01-11 12:41:16 --> Severity: Warning  --> include(CI_DB.php): failed to open stream: No such file or directory /Users/geet/www/fly/framework/system/FlyBase.php 339
[ERROR] [application] - 2015-01-11 12:41:16 --> Severity: Warning  --> include(): Failed opening 'CI_DB.php' for inclusion (include_path='.:/Users/geet/www/fly/framework/system/libraries:/Users/geet/www/fly/framework/system/helpers:/Users/geet/www/fly/framework/application/components:') /Users/geet/www/fly/framework/system/FlyBase.php 339
[ERROR] [application] - 2015-01-11 12:41:16 --> Severity: Warning  --> include(DBActiveRecord.php): failed to open stream: No such file or directory /Users/geet/www/fly/framework/system/FlyBase.php 339
[ERROR] [application] - 2015-01-11 12:41:16 --> Severity: Warning  --> include(): Failed opening 'DBActiveRecord.php' for inclusion (include_path='.:/Users/geet/www/fly/framework/system/libraries:/Users/geet/www/fly/framework/system/helpers:/Users/geet/www/fly/framework/application/components:') /Users/geet/www/fly/framework/system/FlyBase.php 339
[DEBUG] [application] - 2015-01-11 12:42:02 --> Application Class Initialized
[DEBUG] [system.Module] - 2015-01-11 12:42:02 --> Loading "Log" application component
[DEBUG] [system.Module] - 2015-01-11 12:42:02 --> Loading "Utf8" application component
[DEBUG] [application] - 2015-01-11 12:42:02 --> Utf8 Class Initialized
[DEBUG] [application] - 2015-01-11 12:42:02 --> UTF-8 Support Enabled
[DEBUG] [system.Module] - 2015-01-11 12:42:02 --> Loading "Hooks" application component
[DEBUG] [application] - 2015-01-11 12:42:02 --> Hooks Class Initialized
[DEBUG] [system.Module] - 2015-01-11 12:42:02 --> Loading "Output" application component
[DEBUG] [application] - 2015-01-11 12:42:02 --> Config file loaded: /Users/geet/www/fly/framework/application/config/mimes.php
[DEBUG] [application] - 2015-01-11 12:42:02 --> Output Class Initialized
[DEBUG] [system.Module] - 2015-01-11 12:42:02 --> Loading "HttpRequest" application component
[DEBUG] [application] - 2015-01-11 12:42:02 --> HttpRequest Class Initialized
[DEBUG] [system.Module] - 2015-01-11 12:42:02 --> Loading "Security" application component
[DEBUG] [application] - 2015-01-11 12:42:02 --> Security Class Initialized
[DEBUG] [application] - 2015-01-11 12:42:02 --> Global POST and COOKIE data sanitized
[DEBUG] [system.Module] - 2015-01-11 12:42:02 --> Loading "Router" application component
[DEBUG] [system.Module] - 2015-01-11 12:42:02 --> Loading "Uri" application component
[DEBUG] [application] - 2015-01-11 12:42:02 --> URI Class Initialized
[DEBUG] [application] - 2015-01-11 12:42:02 --> Router Class Initialized
[DEBUG] [application] - 2015-01-11 12:42:02 --> Config file loaded: /Users/geet/www/fly/framework/application/config/routes.php
[DEBUG] [application] - 2015-01-11 12:42:02 --> No URI present. Default controller set.
[DEBUG] [system.Module] - 2015-01-11 12:42:02 --> Loading "ExceptionHandler" application component
[ERROR] [application] - 2015-01-11 12:42:02 --> Severity: Warning  --> include(CI_DB.php): failed to open stream: No such file or directory /Users/geet/www/fly/framework/system/FlyBase.php 340
[ERROR] [application] - 2015-01-11 12:42:02 --> Severity: Warning  --> include(): Failed opening 'CI_DB.php' for inclusion (include_path='.:/Users/geet/www/fly/framework/system/libraries:/Users/geet/www/fly/framework/system/helpers:/Users/geet/www/fly/framework/application/components:') /Users/geet/www/fly/framework/system/FlyBase.php 340
[ERROR] [application] - 2015-01-11 12:42:02 --> Severity: Warning  --> include(DBActiveRecord.php): failed to open stream: No such file or directory /Users/geet/www/fly/framework/system/FlyBase.php 340
[ERROR] [application] - 2015-01-11 12:42:02 --> Severity: Warning  --> include(): Failed opening 'DBActiveRecord.php' for inclusion (include_path='.:/Users/geet/www/fly/framework/system/libraries:/Users/geet/www/fly/framework/system/helpers:/Users/geet/www/fly/framework/application/components:') /Users/geet/www/fly/framework/system/FlyBase.php 340
[DEBUG] [application] - 2015-01-11 12:42:04 --> Application Class Initialized
[DEBUG] [system.Module] - 2015-01-11 12:42:04 --> Loading "Log" application component
[DEBUG] [system.Module] - 2015-01-11 12:42:04 --> Loading "Utf8" application component
[DEBUG] [application] - 2015-01-11 12:42:04 --> Utf8 Class Initialized
[DEBUG] [application] - 2015-01-11 12:42:04 --> UTF-8 Support Enabled
[DEBUG] [system.Module] - 2015-01-11 12:42:04 --> Loading "Hooks" application component
[DEBUG] [application] - 2015-01-11 12:42:04 --> Hooks Class Initialized
[DEBUG] [system.Module] - 2015-01-11 12:42:04 --> Loading "Output" application component
[DEBUG] [application] - 2015-01-11 12:42:04 --> Config file loaded: /Users/geet/www/fly/framework/application/config/mimes.php
[DEBUG] [application] - 2015-01-11 12:42:04 --> Output Class Initialized
[DEBUG] [system.Module] - 2015-01-11 12:42:04 --> Loading "HttpRequest" application component
[DEBUG] [application] - 2015-01-11 12:42:04 --> HttpRequest Class Initialized
[DEBUG] [system.Module] - 2015-01-11 12:42:04 --> Loading "Security" application component
[DEBUG] [application] - 2015-01-11 12:42:04 --> Security Class Initialized
[DEBUG] [application] - 2015-01-11 12:42:04 --> Global POST and COOKIE data sanitized
[DEBUG] [system.Module] - 2015-01-11 12:42:04 --> Loading "Router" application component
[DEBUG] [system.Module] - 2015-01-11 12:42:04 --> Loading "Uri" application component
[DEBUG] [application] - 2015-01-11 12:42:04 --> URI Class Initialized
[DEBUG] [application] - 2015-01-11 12:42:04 --> Router Class Initialized
[DEBUG] [application] - 2015-01-11 12:42:04 --> Config file loaded: /Users/geet/www/fly/framework/application/config/routes.php
[DEBUG] [application] - 2015-01-11 12:42:04 --> No URI present. Default controller set.
[DEBUG] [system.Module] - 2015-01-11 12:42:04 --> Loading "ExceptionHandler" application component
[ERROR] [application] - 2015-01-11 12:42:04 --> Severity: Warning  --> include(CI_DB.php): failed to open stream: No such file or directory /Users/geet/www/fly/framework/system/FlyBase.php 340
[ERROR] [application] - 2015-01-11 12:42:04 --> Severity: Warning  --> include(): Failed opening 'CI_DB.php' for inclusion (include_path='.:/Users/geet/www/fly/framework/system/libraries:/Users/geet/www/fly/framework/system/helpers:/Users/geet/www/fly/framework/application/components:') /Users/geet/www/fly/framework/system/FlyBase.php 340
[ERROR] [application] - 2015-01-11 12:42:04 --> Severity: Warning  --> include(DBActiveRecord.php): failed to open stream: No such file or directory /Users/geet/www/fly/framework/system/FlyBase.php 340
[ERROR] [application] - 2015-01-11 12:42:04 --> Severity: Warning  --> include(): Failed opening 'DBActiveRecord.php' for inclusion (include_path='.:/Users/geet/www/fly/framework/system/libraries:/Users/geet/www/fly/framework/system/helpers:/Users/geet/www/fly/framework/application/components:') /Users/geet/www/fly/framework/system/FlyBase.php 340
[DEBUG] [application] - 2015-01-11 12:42:41 --> Application Class Initialized
[DEBUG] [system.Module] - 2015-01-11 12:42:41 --> Loading "Log" application component
[DEBUG] [system.Module] - 2015-01-11 12:42:41 --> Loading "Utf8" application component
[DEBUG] [application] - 2015-01-11 12:42:41 --> Utf8 Class Initialized
[DEBUG] [application] - 2015-01-11 12:42:41 --> UTF-8 Support Enabled
[DEBUG] [system.Module] - 2015-01-11 12:42:41 --> Loading "Hooks" application component
[DEBUG] [application] - 2015-01-11 12:42:41 --> Hooks Class Initialized
[DEBUG] [system.Module] - 2015-01-11 12:42:41 --> Loading "Output" application component
[DEBUG] [application] - 2015-01-11 12:42:41 --> Config file loaded: /Users/geet/www/fly/framework/application/config/mimes.php
[DEBUG] [application] - 2015-01-11 12:42:41 --> Output Class Initialized
[DEBUG] [system.Module] - 2015-01-11 12:42:41 --> Loading "HttpRequest" application component
[DEBUG] [application] - 2015-01-11 12:42:41 --> HttpRequest Class Initialized
[DEBUG] [system.Module] - 2015-01-11 12:42:41 --> Loading "Security" application component
[DEBUG] [application] - 2015-01-11 12:42:41 --> Security Class Initialized
[DEBUG] [application] - 2015-01-11 12:42:41 --> Global POST and COOKIE data sanitized
[DEBUG] [system.Module] - 2015-01-11 12:42:41 --> Loading "Router" application component
[DEBUG] [system.Module] - 2015-01-11 12:42:41 --> Loading "Uri" application component
[DEBUG] [application] - 2015-01-11 12:42:41 --> URI Class Initialized
[DEBUG] [application] - 2015-01-11 12:42:41 --> Router Class Initialized
[DEBUG] [application] - 2015-01-11 12:42:41 --> Config file loaded: /Users/geet/www/fly/framework/application/config/routes.php
[DEBUG] [application] - 2015-01-11 12:42:41 --> No URI present. Default controller set.
[DEBUG] [system.Module] - 2015-01-11 12:42:41 --> Loading "ExceptionHandler" application component
[ERROR] [application] - 2015-01-11 12:42:41 --> Severity: Warning  --> include(CI_DB.php): failed to open stream: No such file or directory /Users/geet/www/fly/framework/system/FlyBase.php 338
[ERROR] [application] - 2015-01-11 12:42:41 --> Severity: Warning  --> include(): Failed opening 'CI_DB.php' for inclusion (include_path='.:/Users/geet/www/fly/framework/system/libraries:/Users/geet/www/fly/framework/system/helpers:/Users/geet/www/fly/framework/application/components:') /Users/geet/www/fly/framework/system/FlyBase.php 338
[ERROR] [application] - 2015-01-11 12:42:41 --> Severity: Warning  --> include(DBActiveRecord.php): failed to open stream: No such file or directory /Users/geet/www/fly/framework/system/FlyBase.php 338
[ERROR] [application] - 2015-01-11 12:42:41 --> Severity: Warning  --> include(): Failed opening 'DBActiveRecord.php' for inclusion (include_path='.:/Users/geet/www/fly/framework/system/libraries:/Users/geet/www/fly/framework/system/helpers:/Users/geet/www/fly/framework/application/components:') /Users/geet/www/fly/framework/system/FlyBase.php 338
[DEBUG] [application] - 2015-01-11 12:42:44 --> Application Class Initialized
[DEBUG] [system.Module] - 2015-01-11 12:42:44 --> Loading "Log" application component
[DEBUG] [system.Module] - 2015-01-11 12:42:44 --> Loading "Utf8" application component
[DEBUG] [application] - 2015-01-11 12:42:44 --> Utf8 Class Initialized
[DEBUG] [application] - 2015-01-11 12:42:44 --> UTF-8 Support Enabled
[DEBUG] [system.Module] - 2015-01-11 12:42:44 --> Loading "Hooks" application component
[DEBUG] [application] - 2015-01-11 12:42:44 --> Hooks Class Initialized
[DEBUG] [system.Module] - 2015-01-11 12:42:44 --> Loading "Output" application component
[DEBUG] [application] - 2015-01-11 12:42:44 --> Config file loaded: /Users/geet/www/fly/framework/application/config/mimes.php
[DEBUG] [application] - 2015-01-11 12:42:44 --> Output Class Initialized
[DEBUG] [system.Module] - 2015-01-11 12:42:44 --> Loading "HttpRequest" application component
[DEBUG] [application] - 2015-01-11 12:42:44 --> HttpRequest Class Initialized
[DEBUG] [system.Module] - 2015-01-11 12:42:44 --> Loading "Security" application component
[DEBUG] [application] - 2015-01-11 12:42:44 --> Security Class Initialized
[DEBUG] [application] - 2015-01-11 12:42:44 --> Global POST and COOKIE data sanitized
[DEBUG] [system.Module] - 2015-01-11 12:42:44 --> Loading "Router" application component
[DEBUG] [system.Module] - 2015-01-11 12:42:44 --> Loading "Uri" application component
[DEBUG] [application] - 2015-01-11 12:42:44 --> URI Class Initialized
[DEBUG] [application] - 2015-01-11 12:42:44 --> Router Class Initialized
[DEBUG] [application] - 2015-01-11 12:42:44 --> Config file loaded: /Users/geet/www/fly/framework/application/config/routes.php
[DEBUG] [application] - 2015-01-11 12:42:44 --> No URI present. Default controller set.
[DEBUG] [system.Module] - 2015-01-11 12:42:44 --> Loading "ExceptionHandler" application component
[ERROR] [application] - 2015-01-11 12:42:44 --> Severity: Warning  --> include(CI_DB.php): failed to open stream: No such file or directory /Users/geet/www/fly/framework/system/FlyBase.php 338
[ERROR] [application] - 2015-01-11 12:42:44 --> Severity: Warning  --> include(): Failed opening 'CI_DB.php' for inclusion (include_path='.:/Users/geet/www/fly/framework/system/libraries:/Users/geet/www/fly/framework/system/helpers:/Users/geet/www/fly/framework/application/components:') /Users/geet/www/fly/framework/system/FlyBase.php 338
[ERROR] [application] - 2015-01-11 12:42:44 --> Severity: Warning  --> include(DBActiveRecord.php): failed to open stream: No such file or directory /Users/geet/www/fly/framework/system/FlyBase.php 338
[ERROR] [application] - 2015-01-11 12:42:44 --> Severity: Warning  --> include(): Failed opening 'DBActiveRecord.php' for inclusion (include_path='.:/Users/geet/www/fly/framework/system/libraries:/Users/geet/www/fly/framework/system/helpers:/Users/geet/www/fly/framework/application/components:') /Users/geet/www/fly/framework/system/FlyBase.php 338
[DEBUG] [application] - 2015-01-11 12:44:45 --> Application Class Initialized
[DEBUG] [system.Module] - 2015-01-11 12:44:45 --> Loading "Log" application component
[DEBUG] [system.Module] - 2015-01-11 12:44:45 --> Loading "Utf8" application component
[DEBUG] [application] - 2015-01-11 12:44:45 --> Utf8 Class Initialized
[DEBUG] [application] - 2015-01-11 12:44:45 --> UTF-8 Support Enabled
[DEBUG] [system.Module] - 2015-01-11 12:44:45 --> Loading "Hooks" application component
[DEBUG] [application] - 2015-01-11 12:44:45 --> Hooks Class Initialized
[DEBUG] [system.Module] - 2015-01-11 12:44:45 --> Loading "Output" application component
[DEBUG] [application] - 2015-01-11 12:44:45 --> Config file loaded: /Users/geet/www/fly/framework/application/config/mimes.php
[DEBUG] [application] - 2015-01-11 12:44:45 --> Output Class Initialized
[DEBUG] [system.Module] - 2015-01-11 12:44:45 --> Loading "HttpRequest" application component
[DEBUG] [application] - 2015-01-11 12:44:45 --> HttpRequest Class Initialized
[DEBUG] [system.Module] - 2015-01-11 12:44:45 --> Loading "Security" application component
[DEBUG] [application] - 2015-01-11 12:44:45 --> Security Class Initialized
[DEBUG] [application] - 2015-01-11 12:44:45 --> Global POST and COOKIE data sanitized
[DEBUG] [system.Module] - 2015-01-11 12:44:45 --> Loading "Router" application component
[DEBUG] [system.Module] - 2015-01-11 12:44:45 --> Loading "Uri" application component
[DEBUG] [application] - 2015-01-11 12:44:45 --> URI Class Initialized
[DEBUG] [application] - 2015-01-11 12:44:45 --> Router Class Initialized
[DEBUG] [application] - 2015-01-11 12:44:45 --> Config file loaded: /Users/geet/www/fly/framework/application/config/routes.php
[DEBUG] [application] - 2015-01-11 12:44:45 --> No URI present. Default controller set.
[DEBUG] [system.Module] - 2015-01-11 12:44:45 --> Loading "ExceptionHandler" application component
[ERROR] [application] - 2015-01-11 12:44:45 --> Severity: Warning  --> include(CI_DB.php): failed to open stream: No such file or directory /Users/geet/www/fly/framework/system/FlyBase.php 339
[ERROR] [application] - 2015-01-11 12:44:45 --> Severity: Warning  --> include(): Failed opening 'CI_DB.php' for inclusion (include_path='.:/Users/geet/www/fly/framework/system/libraries:/Users/geet/www/fly/framework/system/helpers:/Users/geet/www/fly/framework/application/components:') /Users/geet/www/fly/framework/system/FlyBase.php 339
[ERROR] [application] - 2015-01-11 12:44:45 --> Severity: Warning  --> include(DBActiveRecord.php): failed to open stream: No such file or directory /Users/geet/www/fly/framework/system/FlyBase.php 339
[ERROR] [application] - 2015-01-11 12:44:45 --> Severity: Warning  --> include(): Failed opening 'DBActiveRecord.php' for inclusion (include_path='.:/Users/geet/www/fly/framework/system/libraries:/Users/geet/www/fly/framework/system/helpers:/Users/geet/www/fly/framework/application/components:') /Users/geet/www/fly/framework/system/FlyBase.php 339
[DEBUG] [application] - 2015-01-11 12:45:16 --> Application Class Initialized
[DEBUG] [system.Module] - 2015-01-11 12:45:16 --> Loading "Log" application component
[DEBUG] [system.Module] - 2015-01-11 12:45:16 --> Loading "Utf8" application component
[DEBUG] [application] - 2015-01-11 12:45:16 --> Utf8 Class Initialized
[DEBUG] [application] - 2015-01-11 12:45:16 --> UTF-8 Support Enabled
[DEBUG] [system.Module] - 2015-01-11 12:45:16 --> Loading "Hooks" application component
[DEBUG] [application] - 2015-01-11 12:45:16 --> Hooks Class Initialized
[DEBUG] [system.Module] - 2015-01-11 12:45:16 --> Loading "Output" application component
[DEBUG] [application] - 2015-01-11 12:45:16 --> Config file loaded: /Users/geet/www/fly/framework/application/config/mimes.php
[DEBUG] [application] - 2015-01-11 12:45:16 --> Output Class Initialized
[DEBUG] [system.Module] - 2015-01-11 12:45:16 --> Loading "HttpRequest" application component
[DEBUG] [application] - 2015-01-11 12:45:16 --> HttpRequest Class Initialized
[DEBUG] [system.Module] - 2015-01-11 12:45:16 --> Loading "Security" application component
[DEBUG] [application] - 2015-01-11 12:45:16 --> Security Class Initialized
[DEBUG] [application] - 2015-01-11 12:45:16 --> Global POST and COOKIE data sanitized
[DEBUG] [system.Module] - 2015-01-11 12:45:16 --> Loading "Router" application component
[DEBUG] [system.Module] - 2015-01-11 12:45:16 --> Loading "Uri" application component
[DEBUG] [application] - 2015-01-11 12:45:16 --> URI Class Initialized
[DEBUG] [application] - 2015-01-11 12:45:16 --> Router Class Initialized
[DEBUG] [application] - 2015-01-11 12:45:16 --> Config file loaded: /Users/geet/www/fly/framework/application/config/routes.php
[DEBUG] [application] - 2015-01-11 12:45:16 --> No URI present. Default controller set.
[DEBUG] [system.Module] - 2015-01-11 12:45:16 --> Loading "ExceptionHandler" application component
[ERROR] [application] - 2015-01-11 12:45:16 --> Severity: Warning  --> include(CI_DB.php): failed to open stream: No such file or directory /Users/geet/www/fly/framework/system/FlyBase.php 339
[ERROR] [application] - 2015-01-11 12:45:16 --> Severity: Warning  --> include(): Failed opening 'CI_DB.php' for inclusion (include_path='.:/Users/geet/www/fly/framework/system/libraries:/Users/geet/www/fly/framework/system/helpers:/Users/geet/www/fly/framework/application/components:') /Users/geet/www/fly/framework/system/FlyBase.php 339
[ERROR] [application] - 2015-01-11 12:45:16 --> Severity: Warning  --> include(DBActiveRecord.php): failed to open stream: No such file or directory /Users/geet/www/fly/framework/system/FlyBase.php 339
[ERROR] [application] - 2015-01-11 12:45:16 --> Severity: Warning  --> include(): Failed opening 'DBActiveRecord.php' for inclusion (include_path='.:/Users/geet/www/fly/framework/system/libraries:/Users/geet/www/fly/framework/system/helpers:/Users/geet/www/fly/framework/application/components:') /Users/geet/www/fly/framework/system/FlyBase.php 339
[DEBUG] [application] - 2015-01-11 12:45:44 --> Application Class Initialized
[DEBUG] [system.Module] - 2015-01-11 12:45:44 --> Loading "Log" application component
[DEBUG] [system.Module] - 2015-01-11 12:45:44 --> Loading "Utf8" application component
[DEBUG] [application] - 2015-01-11 12:45:44 --> Utf8 Class Initialized
[DEBUG] [application] - 2015-01-11 12:45:44 --> UTF-8 Support Enabled
[DEBUG] [system.Module] - 2015-01-11 12:45:44 --> Loading "Hooks" application component
[DEBUG] [application] - 2015-01-11 12:45:44 --> Hooks Class Initialized
[DEBUG] [system.Module] - 2015-01-11 12:45:44 --> Loading "Output" application component
[DEBUG] [application] - 2015-01-11 12:45:44 --> Config file loaded: /Users/geet/www/fly/framework/application/config/mimes.php
[DEBUG] [application] - 2015-01-11 12:45:44 --> Output Class Initialized
[DEBUG] [system.Module] - 2015-01-11 12:45:44 --> Loading "HttpRequest" application component
[DEBUG] [application] - 2015-01-11 12:45:44 --> HttpRequest Class Initialized
[DEBUG] [system.Module] - 2015-01-11 12:45:44 --> Loading "Security" application component
[DEBUG] [application] - 2015-01-11 12:45:44 --> Security Class Initialized
[DEBUG] [application] - 2015-01-11 12:45:44 --> Global POST and COOKIE data sanitized
[DEBUG] [system.Module] - 2015-01-11 12:45:44 --> Loading "Router" application component
[DEBUG] [system.Module] - 2015-01-11 12:45:44 --> Loading "Uri" application component
[DEBUG] [application] - 2015-01-11 12:45:44 --> URI Class Initialized
[DEBUG] [application] - 2015-01-11 12:45:44 --> Router Class Initialized
[DEBUG] [application] - 2015-01-11 12:45:44 --> Config file loaded: /Users/geet/www/fly/framework/application/config/routes.php
[DEBUG] [application] - 2015-01-11 12:45:44 --> No URI present. Default controller set.
[DEBUG] [system.Module] - 2015-01-11 12:45:44 --> Loading "ExceptionHandler" application component
[ERROR] [application] - 2015-01-11 12:45:44 --> Severity: Warning  --> include(CI_DB.php): failed to open stream: No such file or directory /Users/geet/www/fly/framework/system/FlyBase.php 338
[ERROR] [application] - 2015-01-11 12:45:44 --> Severity: Warning  --> include(): Failed opening 'CI_DB.php' for inclusion (include_path='.:/Users/geet/www/fly/framework/system/libraries:/Users/geet/www/fly/framework/system/helpers:/Users/geet/www/fly/framework/application/components:') /Users/geet/www/fly/framework/system/FlyBase.php 338
[ERROR] [application] - 2015-01-11 12:45:44 --> Severity: Warning  --> include(DBActiveRecord.php): failed to open stream: No such file or directory /Users/geet/www/fly/framework/system/FlyBase.php 338
[ERROR] [application] - 2015-01-11 12:45:44 --> Severity: Warning  --> include(): Failed opening 'DBActiveRecord.php' for inclusion (include_path='.:/Users/geet/www/fly/framework/system/libraries:/Users/geet/www/fly/framework/system/helpers:/Users/geet/www/fly/framework/application/components:') /Users/geet/www/fly/framework/system/FlyBase.php 338
[DEBUG] [application] - 2015-01-11 12:46:16 --> Application Class Initialized
[DEBUG] [system.Module] - 2015-01-11 12:46:16 --> Loading "Log" application component
[DEBUG] [system.Module] - 2015-01-11 12:46:16 --> Loading "Utf8" application component
[DEBUG] [application] - 2015-01-11 12:46:16 --> Utf8 Class Initialized
[DEBUG] [application] - 2015-01-11 12:46:16 --> UTF-8 Support Enabled
[DEBUG] [system.Module] - 2015-01-11 12:46:16 --> Loading "Hooks" application component
[DEBUG] [application] - 2015-01-11 12:46:16 --> Hooks Class Initialized
[DEBUG] [system.Module] - 2015-01-11 12:46:16 --> Loading "Output" application component
[DEBUG] [application] - 2015-01-11 12:46:16 --> Config file loaded: /Users/geet/www/fly/framework/application/config/mimes.php
[DEBUG] [application] - 2015-01-11 12:46:16 --> Output Class Initialized
[DEBUG] [system.Module] - 2015-01-11 12:46:16 --> Loading "HttpRequest" application component
[DEBUG] [application] - 2015-01-11 12:46:16 --> HttpRequest Class Initialized
[DEBUG] [system.Module] - 2015-01-11 12:46:16 --> Loading "Security" application component
[DEBUG] [application] - 2015-01-11 12:46:16 --> Security Class Initialized
[DEBUG] [application] - 2015-01-11 12:46:16 --> Global POST and COOKIE data sanitized
[DEBUG] [system.Module] - 2015-01-11 12:46:16 --> Loading "Router" application component
[DEBUG] [system.Module] - 2015-01-11 12:46:16 --> Loading "Uri" application component
[DEBUG] [application] - 2015-01-11 12:46:16 --> URI Class Initialized
[DEBUG] [application] - 2015-01-11 12:46:16 --> Router Class Initialized
[DEBUG] [application] - 2015-01-11 12:46:16 --> Config file loaded: /Users/geet/www/fly/framework/application/config/routes.php
[DEBUG] [application] - 2015-01-11 12:46:16 --> No URI present. Default controller set.
[DEBUG] [system.Module] - 2015-01-11 12:46:16 --> Loading "ExceptionHandler" application component
[ERROR] [application] - 2015-01-11 12:46:16 --> Severity: Warning  --> include(CI_DB.php): failed to open stream: No such file or directory /Users/geet/www/fly/framework/system/FlyBase.php 338
[ERROR] [application] - 2015-01-11 12:46:16 --> Severity: Warning  --> include(): Failed opening 'CI_DB.php' for inclusion (include_path='.:/Users/geet/www/fly/framework/system/libraries:/Users/geet/www/fly/framework/system/helpers:/Users/geet/www/fly/framework/application/components:') /Users/geet/www/fly/framework/system/FlyBase.php 338
[ERROR] [application] - 2015-01-11 12:46:16 --> Severity: Warning  --> include(DBActiveRecord.php): failed to open stream: No such file or directory /Users/geet/www/fly/framework/system/FlyBase.php 338
[ERROR] [application] - 2015-01-11 12:46:16 --> Severity: Warning  --> include(): Failed opening 'DBActiveRecord.php' for inclusion (include_path='.:/Users/geet/www/fly/framework/system/libraries:/Users/geet/www/fly/framework/system/helpers:/Users/geet/www/fly/framework/application/components:') /Users/geet/www/fly/framework/system/FlyBase.php 338
[DEBUG] [application] - 2015-01-11 12:46:55 --> Application Class Initialized
[DEBUG] [system.Module] - 2015-01-11 12:46:55 --> Loading "Log" application component
[DEBUG] [system.Module] - 2015-01-11 12:46:55 --> Loading "Utf8" application component
[DEBUG] [application] - 2015-01-11 12:46:55 --> Utf8 Class Initialized
[DEBUG] [application] - 2015-01-11 12:46:55 --> UTF-8 Support Enabled
[DEBUG] [system.Module] - 2015-01-11 12:46:55 --> Loading "Hooks" application component
[DEBUG] [application] - 2015-01-11 12:46:55 --> Hooks Class Initialized
[DEBUG] [system.Module] - 2015-01-11 12:46:55 --> Loading "Output" application component
[DEBUG] [application] - 2015-01-11 12:46:55 --> Config file loaded: /Users/geet/www/fly/framework/application/config/mimes.php
[DEBUG] [application] - 2015-01-11 12:46:55 --> Output Class Initialized
[DEBUG] [system.Module] - 2015-01-11 12:46:55 --> Loading "HttpRequest" application component
[DEBUG] [application] - 2015-01-11 12:46:55 --> HttpRequest Class Initialized
[DEBUG] [system.Module] - 2015-01-11 12:46:55 --> Loading "Security" application component
[DEBUG] [application] - 2015-01-11 12:46:55 --> Security Class Initialized
[DEBUG] [application] - 2015-01-11 12:46:55 --> Global POST and COOKIE data sanitized
[DEBUG] [system.Module] - 2015-01-11 12:46:55 --> Loading "Router" application component
[DEBUG] [system.Module] - 2015-01-11 12:46:55 --> Loading "Uri" application component
[DEBUG] [application] - 2015-01-11 12:46:55 --> URI Class Initialized
[DEBUG] [application] - 2015-01-11 12:46:55 --> Router Class Initialized
[DEBUG] [application] - 2015-01-11 12:46:55 --> Config file loaded: /Users/geet/www/fly/framework/application/config/routes.php
[DEBUG] [application] - 2015-01-11 12:46:55 --> No URI present. Default controller set.
[DEBUG] [system.Module] - 2015-01-11 12:46:55 --> Loading "ExceptionHandler" application component
[ERROR] [application] - 2015-01-11 12:46:55 --> Severity: Warning  --> include(CI_DB.php): failed to open stream: No such file or directory /Users/geet/www/fly/framework/system/FlyBase.php 338
[ERROR] [application] - 2015-01-11 12:46:55 --> Severity: Warning  --> include(): Failed opening 'CI_DB.php' for inclusion (include_path='.:/Users/geet/www/fly/framework/system/libraries:/Users/geet/www/fly/framework/system/helpers:/Users/geet/www/fly/framework/application/components:') /Users/geet/www/fly/framework/system/FlyBase.php 338
[ERROR] [application] - 2015-01-11 12:46:55 --> Severity: Warning  --> include(DBActiveRecord.php): failed to open stream: No such file or directory /Users/geet/www/fly/framework/system/FlyBase.php 338
[ERROR] [application] - 2015-01-11 12:46:55 --> Severity: Warning  --> include(): Failed opening 'DBActiveRecord.php' for inclusion (include_path='.:/Users/geet/www/fly/framework/system/libraries:/Users/geet/www/fly/framework/system/helpers:/Users/geet/www/fly/framework/application/components:') /Users/geet/www/fly/framework/system/FlyBase.php 338
[DEBUG] [application] - 2015-01-11 12:47:22 --> Application Class Initialized
[DEBUG] [system.Module] - 2015-01-11 12:47:22 --> Loading "Log" application component
[DEBUG] [system.Module] - 2015-01-11 12:47:22 --> Loading "Utf8" application component
[DEBUG] [application] - 2015-01-11 12:47:22 --> Utf8 Class Initialized
[DEBUG] [application] - 2015-01-11 12:47:22 --> UTF-8 Support Enabled
[DEBUG] [system.Module] - 2015-01-11 12:47:22 --> Loading "Hooks" application component
[DEBUG] [application] - 2015-01-11 12:47:22 --> Hooks Class Initialized
[DEBUG] [system.Module] - 2015-01-11 12:47:22 --> Loading "Output" application component
[DEBUG] [application] - 2015-01-11 12:47:22 --> Config file loaded: /Users/geet/www/fly/framework/application/config/mimes.php
[DEBUG] [application] - 2015-01-11 12:47:22 --> Output Class Initialized
[DEBUG] [system.Module] - 2015-01-11 12:47:22 --> Loading "HttpRequest" application component
[DEBUG] [application] - 2015-01-11 12:47:22 --> HttpRequest Class Initialized
[DEBUG] [system.Module] - 2015-01-11 12:47:22 --> Loading "Security" application component
[DEBUG] [application] - 2015-01-11 12:47:22 --> Security Class Initialized
[DEBUG] [application] - 2015-01-11 12:47:22 --> Global POST and COOKIE data sanitized
[DEBUG] [system.Module] - 2015-01-11 12:47:22 --> Loading "Router" application component
[DEBUG] [system.Module] - 2015-01-11 12:47:22 --> Loading "Uri" application component
[DEBUG] [application] - 2015-01-11 12:47:22 --> URI Class Initialized
[DEBUG] [application] - 2015-01-11 12:47:22 --> Router Class Initialized
[DEBUG] [application] - 2015-01-11 12:47:22 --> Config file loaded: /Users/geet/www/fly/framework/application/config/routes.php
[DEBUG] [application] - 2015-01-11 12:47:22 --> No URI present. Default controller set.
[DEBUG] [system.Module] - 2015-01-11 12:47:22 --> Loading "ExceptionHandler" application component
[ERROR] [application] - 2015-01-11 12:47:22 --> Severity: Warning  --> include(CI_DB.php): failed to open stream: No such file or directory /Users/geet/www/fly/framework/system/FlyBase.php 339
[ERROR] [application] - 2015-01-11 12:47:22 --> Severity: Warning  --> include(): Failed opening 'CI_DB.php' for inclusion (include_path='.:/Users/geet/www/fly/framework/system/libraries:/Users/geet/www/fly/framework/system/helpers:/Users/geet/www/fly/framework/application/components:') /Users/geet/www/fly/framework/system/FlyBase.php 339
[ERROR] [application] - 2015-01-11 12:47:22 --> Severity: Warning  --> include(DBActiveRecord.php): failed to open stream: No such file or directory /Users/geet/www/fly/framework/system/FlyBase.php 339
[ERROR] [application] - 2015-01-11 12:47:22 --> Severity: Warning  --> include(): Failed opening 'DBActiveRecord.php' for inclusion (include_path='.:/Users/geet/www/fly/framework/system/libraries:/Users/geet/www/fly/framework/system/helpers:/Users/geet/www/fly/framework/application/components:') /Users/geet/www/fly/framework/system/FlyBase.php 339
[DEBUG] [application] - 2015-01-11 12:47:47 --> Application Class Initialized
[DEBUG] [system.Module] - 2015-01-11 12:47:47 --> Loading "Log" application component
[DEBUG] [system.Module] - 2015-01-11 12:47:47 --> Loading "Utf8" application component
[DEBUG] [application] - 2015-01-11 12:47:47 --> Utf8 Class Initialized
[DEBUG] [application] - 2015-01-11 12:47:47 --> UTF-8 Support Enabled
[DEBUG] [system.Module] - 2015-01-11 12:47:47 --> Loading "Hooks" application component
[DEBUG] [application] - 2015-01-11 12:47:47 --> Hooks Class Initialized
[DEBUG] [system.Module] - 2015-01-11 12:47:47 --> Loading "Output" application component
[DEBUG] [application] - 2015-01-11 12:47:47 --> Config file loaded: /Users/geet/www/fly/framework/application/config/mimes.php
[DEBUG] [application] - 2015-01-11 12:47:47 --> Output Class Initialized
[DEBUG] [system.Module] - 2015-01-11 12:47:47 --> Loading "HttpRequest" application component
[DEBUG] [application] - 2015-01-11 12:47:47 --> HttpRequest Class Initialized
[DEBUG] [system.Module] - 2015-01-11 12:47:47 --> Loading "Security" application component
[DEBUG] [application] - 2015-01-11 12:47:47 --> Security Class Initialized
[DEBUG] [application] - 2015-01-11 12:47:47 --> Global POST and COOKIE data sanitized
[DEBUG] [system.Module] - 2015-01-11 12:47:47 --> Loading "Router" application component
[DEBUG] [system.Module] - 2015-01-11 12:47:47 --> Loading "Uri" application component
[DEBUG] [application] - 2015-01-11 12:47:47 --> URI Class Initialized
[DEBUG] [application] - 2015-01-11 12:47:47 --> Router Class Initialized
[DEBUG] [application] - 2015-01-11 12:47:47 --> Config file loaded: /Users/geet/www/fly/framework/application/config/routes.php
[DEBUG] [application] - 2015-01-11 12:47:47 --> No URI present. Default controller set.
[DEBUG] [system.Module] - 2015-01-11 12:47:47 --> Loading "ExceptionHandler" application component
[ERROR] [application] - 2015-01-11 12:47:47 --> Severity: Warning  --> include(CI_DB.php): failed to open stream: No such file or directory /Users/geet/www/fly/framework/system/FlyBase.php 339
[ERROR] [application] - 2015-01-11 12:47:47 --> Severity: Warning  --> include(): Failed opening 'CI_DB.php' for inclusion (include_path='.:/Users/geet/www/fly/framework/system/libraries:/Users/geet/www/fly/framework/system/helpers:/Users/geet/www/fly/framework/application/components:') /Users/geet/www/fly/framework/system/FlyBase.php 339
[ERROR] [application] - 2015-01-11 12:47:47 --> Severity: Warning  --> include(DBActiveRecord.php): failed to open stream: No such file or directory /Users/geet/www/fly/framework/system/FlyBase.php 339
[ERROR] [application] - 2015-01-11 12:47:47 --> Severity: Warning  --> include(): Failed opening 'DBActiveRecord.php' for inclusion (include_path='.:/Users/geet/www/fly/framework/system/libraries:/Users/geet/www/fly/framework/system/helpers:/Users/geet/www/fly/framework/application/components:') /Users/geet/www/fly/framework/system/FlyBase.php 339
[DEBUG] [application] - 2015-01-11 12:47:49 --> Application Class Initialized
[DEBUG] [system.Module] - 2015-01-11 12:47:49 --> Loading "Log" application component
[DEBUG] [system.Module] - 2015-01-11 12:47:49 --> Loading "Utf8" application component
[DEBUG] [application] - 2015-01-11 12:47:49 --> Utf8 Class Initialized
[DEBUG] [application] - 2015-01-11 12:47:49 --> UTF-8 Support Enabled
[DEBUG] [system.Module] - 2015-01-11 12:47:49 --> Loading "Hooks" application component
[DEBUG] [application] - 2015-01-11 12:47:49 --> Hooks Class Initialized
[DEBUG] [system.Module] - 2015-01-11 12:47:49 --> Loading "Output" application component
[DEBUG] [application] - 2015-01-11 12:47:49 --> Config file loaded: /Users/geet/www/fly/framework/application/config/mimes.php
[DEBUG] [application] - 2015-01-11 12:47:49 --> Output Class Initialized
[DEBUG] [system.Module] - 2015-01-11 12:47:49 --> Loading "HttpRequest" application component
[DEBUG] [application] - 2015-01-11 12:47:49 --> HttpRequest Class Initialized
[DEBUG] [system.Module] - 2015-01-11 12:47:49 --> Loading "Security" application component
[DEBUG] [application] - 2015-01-11 12:47:49 --> Security Class Initialized
[DEBUG] [application] - 2015-01-11 12:47:49 --> Global POST and COOKIE data sanitized
[DEBUG] [system.Module] - 2015-01-11 12:47:49 --> Loading "Router" application component
[DEBUG] [system.Module] - 2015-01-11 12:47:49 --> Loading "Uri" application component
[DEBUG] [application] - 2015-01-11 12:47:49 --> URI Class Initialized
[DEBUG] [application] - 2015-01-11 12:47:49 --> Router Class Initialized
[DEBUG] [application] - 2015-01-11 12:47:49 --> Config file loaded: /Users/geet/www/fly/framework/application/config/routes.php
[DEBUG] [application] - 2015-01-11 12:47:49 --> No URI present. Default controller set.
[DEBUG] [system.Module] - 2015-01-11 12:47:49 --> Loading "ExceptionHandler" application component
[ERROR] [application] - 2015-01-11 12:47:49 --> Severity: Warning  --> include(CI_DB.php): failed to open stream: No such file or directory /Users/geet/www/fly/framework/system/FlyBase.php 339
[ERROR] [application] - 2015-01-11 12:47:49 --> Severity: Warning  --> include(): Failed opening 'CI_DB.php' for inclusion (include_path='.:/Users/geet/www/fly/framework/system/libraries:/Users/geet/www/fly/framework/system/helpers:/Users/geet/www/fly/framework/application/components:') /Users/geet/www/fly/framework/system/FlyBase.php 339
[ERROR] [application] - 2015-01-11 12:47:49 --> Severity: Warning  --> include(DBActiveRecord.php): failed to open stream: No such file or directory /Users/geet/www/fly/framework/system/FlyBase.php 339
[ERROR] [application] - 2015-01-11 12:47:49 --> Severity: Warning  --> include(): Failed opening 'DBActiveRecord.php' for inclusion (include_path='.:/Users/geet/www/fly/framework/system/libraries:/Users/geet/www/fly/framework/system/helpers:/Users/geet/www/fly/framework/application/components:') /Users/geet/www/fly/framework/system/FlyBase.php 339
[DEBUG] [application] - 2015-01-11 12:48:56 --> Application Class Initialized
[DEBUG] [system.Module] - 2015-01-11 12:48:56 --> Loading "Log" application component
[DEBUG] [system.Module] - 2015-01-11 12:48:56 --> Loading "Utf8" application component
[DEBUG] [application] - 2015-01-11 12:48:56 --> Utf8 Class Initialized
[DEBUG] [application] - 2015-01-11 12:48:56 --> UTF-8 Support Enabled
[DEBUG] [system.Module] - 2015-01-11 12:48:56 --> Loading "Hooks" application component
[DEBUG] [application] - 2015-01-11 12:48:56 --> Hooks Class Initialized
[DEBUG] [system.Module] - 2015-01-11 12:48:56 --> Loading "Output" application component
[DEBUG] [application] - 2015-01-11 12:48:56 --> Config file loaded: /Users/geet/www/fly/framework/application/config/mimes.php
[DEBUG] [application] - 2015-01-11 12:48:56 --> Output Class Initialized
[DEBUG] [system.Module] - 2015-01-11 12:48:56 --> Loading "HttpRequest" application component
[DEBUG] [application] - 2015-01-11 12:48:56 --> HttpRequest Class Initialized
[DEBUG] [system.Module] - 2015-01-11 12:48:56 --> Loading "Security" application component
[DEBUG] [application] - 2015-01-11 12:48:56 --> Security Class Initialized
[DEBUG] [application] - 2015-01-11 12:48:56 --> Global POST and COOKIE data sanitized
[DEBUG] [system.Module] - 2015-01-11 12:48:56 --> Loading "Router" application component
[DEBUG] [system.Module] - 2015-01-11 12:48:56 --> Loading "Uri" application component
[DEBUG] [application] - 2015-01-11 12:48:56 --> URI Class Initialized
[DEBUG] [application] - 2015-01-11 12:48:56 --> Router Class Initialized
[DEBUG] [application] - 2015-01-11 12:48:56 --> Config file loaded: /Users/geet/www/fly/framework/application/config/routes.php
[DEBUG] [application] - 2015-01-11 12:48:56 --> No URI present. Default controller set.
[DEBUG] [system.Module] - 2015-01-11 12:48:56 --> Loading "ExceptionHandler" application component
[ERROR] [application] - 2015-01-11 12:48:56 --> Severity: Warning  --> include(CI_DB.php): failed to open stream: No such file or directory /Users/geet/www/fly/framework/system/FlyBase.php 340
[ERROR] [application] - 2015-01-11 12:48:56 --> Severity: Warning  --> include(): Failed opening 'CI_DB.php' for inclusion (include_path='.:/Users/geet/www/fly/framework/system/libraries:/Users/geet/www/fly/framework/system/helpers:/Users/geet/www/fly/framework/application/components:') /Users/geet/www/fly/framework/system/FlyBase.php 340
[ERROR] [application] - 2015-01-11 12:48:56 --> Severity: Warning  --> include(DBActiveRecord.php): failed to open stream: No such file or directory /Users/geet/www/fly/framework/system/FlyBase.php 340
[ERROR] [application] - 2015-01-11 12:48:56 --> Severity: Warning  --> include(): Failed opening 'DBActiveRecord.php' for inclusion (include_path='.:/Users/geet/www/fly/framework/system/libraries:/Users/geet/www/fly/framework/system/helpers:/Users/geet/www/fly/framework/application/components:') /Users/geet/www/fly/framework/system/FlyBase.php 340
[DEBUG] [application] - 2015-01-11 12:48:58 --> Application Class Initialized
[DEBUG] [system.Module] - 2015-01-11 12:48:58 --> Loading "Log" application component
[DEBUG] [system.Module] - 2015-01-11 12:48:58 --> Loading "Utf8" application component
[DEBUG] [application] - 2015-01-11 12:48:58 --> Utf8 Class Initialized
[DEBUG] [application] - 2015-01-11 12:48:58 --> UTF-8 Support Enabled
[DEBUG] [system.Module] - 2015-01-11 12:48:58 --> Loading "Hooks" application component
[DEBUG] [application] - 2015-01-11 12:48:58 --> Hooks Class Initialized
[DEBUG] [system.Module] - 2015-01-11 12:48:58 --> Loading "Output" application component
[DEBUG] [application] - 2015-01-11 12:48:58 --> Config file loaded: /Users/geet/www/fly/framework/application/config/mimes.php
[DEBUG] [application] - 2015-01-11 12:48:58 --> Output Class Initialized
[DEBUG] [system.Module] - 2015-01-11 12:48:58 --> Loading "HttpRequest" application component
[DEBUG] [application] - 2015-01-11 12:48:58 --> HttpRequest Class Initialized
[DEBUG] [system.Module] - 2015-01-11 12:48:58 --> Loading "Security" application component
[DEBUG] [application] - 2015-01-11 12:48:58 --> Security Class Initialized
[DEBUG] [application] - 2015-01-11 12:48:58 --> Global POST and COOKIE data sanitized
[DEBUG] [system.Module] - 2015-01-11 12:48:58 --> Loading "Router" application component
[DEBUG] [system.Module] - 2015-01-11 12:48:58 --> Loading "Uri" application component
[DEBUG] [application] - 2015-01-11 12:48:58 --> URI Class Initialized
[DEBUG] [application] - 2015-01-11 12:48:58 --> Router Class Initialized
[DEBUG] [application] - 2015-01-11 12:48:58 --> Config file loaded: /Users/geet/www/fly/framework/application/config/routes.php
[DEBUG] [application] - 2015-01-11 12:48:58 --> No URI present. Default controller set.
[DEBUG] [system.Module] - 2015-01-11 12:48:58 --> Loading "ExceptionHandler" application component
[ERROR] [application] - 2015-01-11 12:48:58 --> Severity: Warning  --> include(CI_DB.php): failed to open stream: No such file or directory /Users/geet/www/fly/framework/system/FlyBase.php 340
[ERROR] [application] - 2015-01-11 12:48:58 --> Severity: Warning  --> include(): Failed opening 'CI_DB.php' for inclusion (include_path='.:/Users/geet/www/fly/framework/system/libraries:/Users/geet/www/fly/framework/system/helpers:/Users/geet/www/fly/framework/application/components:') /Users/geet/www/fly/framework/system/FlyBase.php 340
[ERROR] [application] - 2015-01-11 12:48:58 --> Severity: Warning  --> include(DBActiveRecord.php): failed to open stream: No such file or directory /Users/geet/www/fly/framework/system/FlyBase.php 340
[ERROR] [application] - 2015-01-11 12:48:58 --> Severity: Warning  --> include(): Failed opening 'DBActiveRecord.php' for inclusion (include_path='.:/Users/geet/www/fly/framework/system/libraries:/Users/geet/www/fly/framework/system/helpers:/Users/geet/www/fly/framework/application/components:') /Users/geet/www/fly/framework/system/FlyBase.php 340
[DEBUG] [application] - 2015-01-11 12:49:35 --> Application Class Initialized
[DEBUG] [system.Module] - 2015-01-11 12:49:35 --> Loading "Log" application component
[DEBUG] [system.Module] - 2015-01-11 12:49:35 --> Loading "Utf8" application component
[DEBUG] [application] - 2015-01-11 12:49:35 --> Utf8 Class Initialized
[DEBUG] [application] - 2015-01-11 12:49:35 --> UTF-8 Support Enabled
[DEBUG] [system.Module] - 2015-01-11 12:49:35 --> Loading "Hooks" application component
[DEBUG] [application] - 2015-01-11 12:49:35 --> Hooks Class Initialized
[DEBUG] [system.Module] - 2015-01-11 12:49:35 --> Loading "Output" application component
[DEBUG] [application] - 2015-01-11 12:49:35 --> Config file loaded: /Users/geet/www/fly/framework/application/config/mimes.php
[DEBUG] [application] - 2015-01-11 12:49:35 --> Output Class Initialized
[DEBUG] [system.Module] - 2015-01-11 12:49:35 --> Loading "HttpRequest" application component
[DEBUG] [application] - 2015-01-11 12:49:35 --> HttpRequest Class Initialized
[DEBUG] [system.Module] - 2015-01-11 12:49:35 --> Loading "Security" application component
[DEBUG] [application] - 2015-01-11 12:49:35 --> Security Class Initialized
[DEBUG] [application] - 2015-01-11 12:49:35 --> Global POST and COOKIE data sanitized
[DEBUG] [system.Module] - 2015-01-11 12:49:35 --> Loading "Router" application component
[DEBUG] [system.Module] - 2015-01-11 12:49:35 --> Loading "Uri" application component
[DEBUG] [application] - 2015-01-11 12:49:35 --> URI Class Initialized
[DEBUG] [application] - 2015-01-11 12:49:35 --> Router Class Initialized
[DEBUG] [application] - 2015-01-11 12:49:35 --> Config file loaded: /Users/geet/www/fly/framework/application/config/routes.php
[DEBUG] [application] - 2015-01-11 12:49:35 --> No URI present. Default controller set.
[DEBUG] [system.Module] - 2015-01-11 12:49:35 --> Loading "ExceptionHandler" application component
[ERROR] [application] - 2015-01-11 12:49:35 --> Severity: Warning  --> include(CI_DB.php): failed to open stream: No such file or directory /Users/geet/www/fly/framework/system/FlyBase.php 339
[ERROR] [application] - 2015-01-11 12:49:35 --> Severity: Warning  --> include(): Failed opening 'CI_DB.php' for inclusion (include_path='.:/Users/geet/www/fly/framework/system/libraries:/Users/geet/www/fly/framework/system/helpers:/Users/geet/www/fly/framework/application/components:') /Users/geet/www/fly/framework/system/FlyBase.php 339
[ERROR] [application] - 2015-01-11 12:49:35 --> Severity: Warning  --> include(DBActiveRecord.php): failed to open stream: No such file or directory /Users/geet/www/fly/framework/system/FlyBase.php 339
[ERROR] [application] - 2015-01-11 12:49:35 --> Severity: Warning  --> include(): Failed opening 'DBActiveRecord.php' for inclusion (include_path='.:/Users/geet/www/fly/framework/system/libraries:/Users/geet/www/fly/framework/system/helpers:/Users/geet/www/fly/framework/application/components:') /Users/geet/www/fly/framework/system/FlyBase.php 339
[DEBUG] [application] - 2015-01-11 12:54:35 --> Application Class Initialized
[DEBUG] [system.Module] - 2015-01-11 12:54:35 --> Loading "Log" application component
[DEBUG] [system.Module] - 2015-01-11 12:54:35 --> Loading "Utf8" application component
[DEBUG] [application] - 2015-01-11 12:54:35 --> Utf8 Class Initialized
[DEBUG] [application] - 2015-01-11 12:54:35 --> UTF-8 Support Enabled
[DEBUG] [system.Module] - 2015-01-11 12:54:35 --> Loading "Hooks" application component
[DEBUG] [application] - 2015-01-11 12:54:35 --> Hooks Class Initialized
[DEBUG] [system.Module] - 2015-01-11 12:54:35 --> Loading "Output" application component
[DEBUG] [application] - 2015-01-11 12:54:35 --> Config file loaded: /Users/geet/www/fly/framework/application/config/mimes.php
[DEBUG] [application] - 2015-01-11 12:54:35 --> Output Class Initialized
[DEBUG] [system.Module] - 2015-01-11 12:54:35 --> Loading "HttpRequest" application component
[DEBUG] [application] - 2015-01-11 12:54:35 --> HttpRequest Class Initialized
[DEBUG] [system.Module] - 2015-01-11 12:54:35 --> Loading "Security" application component
[DEBUG] [application] - 2015-01-11 12:54:35 --> Security Class Initialized
[DEBUG] [application] - 2015-01-11 12:54:35 --> Global POST and COOKIE data sanitized
[DEBUG] [system.Module] - 2015-01-11 12:54:35 --> Loading "Router" application component
[DEBUG] [system.Module] - 2015-01-11 12:54:35 --> Loading "Uri" application component
[DEBUG] [application] - 2015-01-11 12:54:35 --> URI Class Initialized
[DEBUG] [application] - 2015-01-11 12:54:35 --> Router Class Initialized
[DEBUG] [application] - 2015-01-11 12:54:35 --> Config file loaded: /Users/geet/www/fly/framework/application/config/routes.php
[DEBUG] [application] - 2015-01-11 12:54:35 --> No URI present. Default controller set.
[DEBUG] [system.Module] - 2015-01-11 12:54:35 --> Loading "ExceptionHandler" application component
[ERROR] [application] - 2015-01-11 12:54:35 --> Severity: Warning  --> include(CI_DB.php): failed to open stream: No such file or directory /Users/geet/www/fly/framework/system/FlyBase.php 339
[ERROR] [application] - 2015-01-11 12:54:35 --> Severity: Warning  --> include(): Failed opening 'CI_DB.php' for inclusion (include_path='.:/Users/geet/www/fly/framework/system/libraries:/Users/geet/www/fly/framework/system/helpers:/Users/geet/www/fly/framework/application/components:') /Users/geet/www/fly/framework/system/FlyBase.php 339
[ERROR] [application] - 2015-01-11 12:54:35 --> Severity: Warning  --> include(DBActiveRecord.php): failed to open stream: No such file or directory /Users/geet/www/fly/framework/system/FlyBase.php 339
[ERROR] [application] - 2015-01-11 12:54:35 --> Severity: Warning  --> include(): Failed opening 'DBActiveRecord.php' for inclusion (include_path='.:/Users/geet/www/fly/framework/system/libraries:/Users/geet/www/fly/framework/system/helpers:/Users/geet/www/fly/framework/application/components:') /Users/geet/www/fly/framework/system/FlyBase.php 339
[DEBUG] [application] - 2015-01-11 12:58:10 --> Application Class Initialized
[DEBUG] [system.Module] - 2015-01-11 12:58:10 --> Loading "Log" application component
[DEBUG] [system.Module] - 2015-01-11 12:58:10 --> Loading "Utf8" application component
[DEBUG] [application] - 2015-01-11 12:58:10 --> Utf8 Class Initialized
[DEBUG] [application] - 2015-01-11 12:58:10 --> UTF-8 Support Enabled
[DEBUG] [system.Module] - 2015-01-11 12:58:10 --> Loading "Hooks" application component
[DEBUG] [application] - 2015-01-11 12:58:10 --> Hooks Class Initialized
[DEBUG] [system.Module] - 2015-01-11 12:58:10 --> Loading "Output" application component
[DEBUG] [application] - 2015-01-11 12:58:10 --> Config file loaded: /Users/geet/www/fly/framework/application/config/mimes.php
[DEBUG] [application] - 2015-01-11 12:58:10 --> Output Class Initialized
[DEBUG] [system.Module] - 2015-01-11 12:58:10 --> Loading "HttpRequest" application component
[DEBUG] [application] - 2015-01-11 12:58:10 --> HttpRequest Class Initialized
[DEBUG] [system.Module] - 2015-01-11 12:58:10 --> Loading "Security" application component
[DEBUG] [application] - 2015-01-11 12:58:10 --> Security Class Initialized
[DEBUG] [application] - 2015-01-11 12:58:10 --> Global POST and COOKIE data sanitized
[DEBUG] [system.Module] - 2015-01-11 12:58:10 --> Loading "Router" application component
[DEBUG] [system.Module] - 2015-01-11 12:58:10 --> Loading "Uri" application component
[DEBUG] [application] - 2015-01-11 12:58:10 --> URI Class Initialized
[DEBUG] [application] - 2015-01-11 12:58:10 --> Router Class Initialized
[DEBUG] [application] - 2015-01-11 12:58:10 --> Config file loaded: /Users/geet/www/fly/framework/application/config/routes.php
[DEBUG] [application] - 2015-01-11 12:58:10 --> No URI present. Default controller set.
[DEBUG] [system.Module] - 2015-01-11 12:58:10 --> Loading "ExceptionHandler" application component
[ERROR] [application] - 2015-01-11 12:58:10 --> Severity: Warning  --> include(DBActiveRecord.php): failed to open stream: No such file or directory /Users/geet/www/fly/framework/system/FlyBase.php 339
[ERROR] [application] - 2015-01-11 12:58:10 --> Severity: Warning  --> include(): Failed opening 'DBActiveRecord.php' for inclusion (include_path='.:/Users/geet/www/fly/framework/system/libraries:/Users/geet/www/fly/framework/system/helpers:/Users/geet/www/fly/framework/application/components:') /Users/geet/www/fly/framework/system/FlyBase.php 339
[DEBUG] [application] - 2015-01-11 12:58:12 --> Application Class Initialized
[DEBUG] [system.Module] - 2015-01-11 12:58:12 --> Loading "Log" application component
[DEBUG] [system.Module] - 2015-01-11 12:58:12 --> Loading "Utf8" application component
[DEBUG] [application] - 2015-01-11 12:58:12 --> Utf8 Class Initialized
[DEBUG] [application] - 2015-01-11 12:58:12 --> UTF-8 Support Enabled
[DEBUG] [system.Module] - 2015-01-11 12:58:12 --> Loading "Hooks" application component
[DEBUG] [application] - 2015-01-11 12:58:12 --> Hooks Class Initialized
[DEBUG] [system.Module] - 2015-01-11 12:58:12 --> Loading "Output" application component
[DEBUG] [application] - 2015-01-11 12:58:12 --> Config file loaded: /Users/geet/www/fly/framework/application/config/mimes.php
[DEBUG] [application] - 2015-01-11 12:58:12 --> Output Class Initialized
[DEBUG] [system.Module] - 2015-01-11 12:58:12 --> Loading "HttpRequest" application component
[DEBUG] [application] - 2015-01-11 12:58:12 --> HttpRequest Class Initialized
[DEBUG] [system.Module] - 2015-01-11 12:58:12 --> Loading "Security" application component
[DEBUG] [application] - 2015-01-11 12:58:12 --> Security Class Initialized
[DEBUG] [application] - 2015-01-11 12:58:12 --> Global POST and COOKIE data sanitized
[DEBUG] [system.Module] - 2015-01-11 12:58:12 --> Loading "Router" application component
[DEBUG] [system.Module] - 2015-01-11 12:58:12 --> Loading "Uri" application component
[DEBUG] [application] - 2015-01-11 12:58:12 --> URI Class Initialized
[DEBUG] [application] - 2015-01-11 12:58:12 --> Router Class Initialized
[DEBUG] [application] - 2015-01-11 12:58:12 --> Config file loaded: /Users/geet/www/fly/framework/application/config/routes.php
[DEBUG] [application] - 2015-01-11 12:58:12 --> No URI present. Default controller set.
[DEBUG] [system.Module] - 2015-01-11 12:58:12 --> Loading "ExceptionHandler" application component
[ERROR] [application] - 2015-01-11 12:58:12 --> Severity: Warning  --> include(DBActiveRecord.php): failed to open stream: No such file or directory /Users/geet/www/fly/framework/system/FlyBase.php 339
[ERROR] [application] - 2015-01-11 12:58:12 --> Severity: Warning  --> include(): Failed opening 'DBActiveRecord.php' for inclusion (include_path='.:/Users/geet/www/fly/framework/system/libraries:/Users/geet/www/fly/framework/system/helpers:/Users/geet/www/fly/framework/application/components:') /Users/geet/www/fly/framework/system/FlyBase.php 339
[DEBUG] [application] - 2015-01-11 12:58:50 --> Application Class Initialized
[DEBUG] [system.Module] - 2015-01-11 12:58:50 --> Loading "Log" application component
[DEBUG] [system.Module] - 2015-01-11 12:58:50 --> Loading "Utf8" application component
[DEBUG] [application] - 2015-01-11 12:58:50 --> Utf8 Class Initialized
[DEBUG] [application] - 2015-01-11 12:58:50 --> UTF-8 Support Enabled
[DEBUG] [system.Module] - 2015-01-11 12:58:50 --> Loading "Hooks" application component
[DEBUG] [application] - 2015-01-11 12:58:50 --> Hooks Class Initialized
[DEBUG] [system.Module] - 2015-01-11 12:58:50 --> Loading "Output" application component
[DEBUG] [application] - 2015-01-11 12:58:50 --> Config file loaded: /Users/geet/www/fly/framework/application/config/mimes.php
[DEBUG] [application] - 2015-01-11 12:58:50 --> Output Class Initialized
[DEBUG] [system.Module] - 2015-01-11 12:58:50 --> Loading "HttpRequest" application component
[DEBUG] [application] - 2015-01-11 12:58:50 --> HttpRequest Class Initialized
[DEBUG] [system.Module] - 2015-01-11 12:58:50 --> Loading "Security" application component
[DEBUG] [application] - 2015-01-11 12:58:50 --> Security Class Initialized
[DEBUG] [application] - 2015-01-11 12:58:50 --> Global POST and COOKIE data sanitized
[DEBUG] [system.Module] - 2015-01-11 12:58:50 --> Loading "Router" application component
[DEBUG] [system.Module] - 2015-01-11 12:58:50 --> Loading "Uri" application component
[DEBUG] [application] - 2015-01-11 12:58:50 --> URI Class Initialized
[DEBUG] [application] - 2015-01-11 12:58:50 --> Router Class Initialized
[DEBUG] [application] - 2015-01-11 12:58:50 --> Config file loaded: /Users/geet/www/fly/framework/application/config/routes.php
[DEBUG] [application] - 2015-01-11 12:58:50 --> No URI present. Default controller set.
[DEBUG] [system.Module] - 2015-01-11 12:58:50 --> Loading "ExceptionHandler" application component
[ERROR] [application] - 2015-01-11 12:58:50 --> Severity: Warning  --> include(DBActiveRecord.php): failed to open stream: No such file or directory /Users/geet/www/fly/framework/system/FlyBase.php 338
[ERROR] [application] - 2015-01-11 12:58:50 --> Severity: Warning  --> include(): Failed opening 'DBActiveRecord.php' for inclusion (include_path='.:/Users/geet/www/fly/framework/system/libraries:/Users/geet/www/fly/framework/system/helpers:/Users/geet/www/fly/framework/application/components:') /Users/geet/www/fly/framework/system/FlyBase.php 338
