[DEBUG] [application] - 2014-12-27 00:08:43 --> Application Class Initialized
[DEBUG] [system.Module] - 2014-12-27 00:08:43 --> Loading "Log" application component
[DEBUG] [system.Module] - 2014-12-27 00:08:43 --> Loading "Utf8" application component
[DEBUG] [application] - 2014-12-27 00:08:43 --> Utf8 Class Initialized
[DEBUG] [application] - 2014-12-27 00:08:43 --> UTF-8 Support Enabled
[DEBUG] [system.Module] - 2014-12-27 00:08:43 --> Loading "Hooks" application component
[DEBUG] [application] - 2014-12-27 00:08:43 --> Hooks Class Initialized
[DEBUG] [system.Module] - 2014-12-27 00:08:43 --> Loading "Router" application component
[DEBUG] [system.Module] - 2014-12-27 00:08:43 --> Loading "Uri" application component
[DEBUG] [application] - 2014-12-27 00:08:43 --> URI Class Initialized
[DEBUG] [application] - 2014-12-27 00:08:43 --> Router Class Initialized
[DEBUG] [application] - 2014-12-27 00:08:43 --> Config file loaded: /Users/geet/www/fly/framework/application/config/routes.php
[DEBUG] [application] - 2014-12-27 00:08:43 --> No URI present. Default controller set.
[DEBUG] [system.Module] - 2014-12-27 00:08:43 --> Loading "ExceptionHandler" application component
[DEBUG] [application] - 2014-12-27 00:08:46 --> Application Class Initialized
[DEBUG] [system.Module] - 2014-12-27 00:08:46 --> Loading "Log" application component
[DEBUG] [system.Module] - 2014-12-27 00:08:46 --> Loading "Utf8" application component
[DEBUG] [application] - 2014-12-27 00:08:46 --> Utf8 Class Initialized
[DEBUG] [application] - 2014-12-27 00:08:46 --> UTF-8 Support Enabled
[DEBUG] [system.Module] - 2014-12-27 00:08:46 --> Loading "Hooks" application component
[DEBUG] [application] - 2014-12-27 00:08:46 --> Hooks Class Initialized
[DEBUG] [system.Module] - 2014-12-27 00:08:46 --> Loading "Router" application component
[DEBUG] [system.Module] - 2014-12-27 00:08:46 --> Loading "Uri" application component
[DEBUG] [application] - 2014-12-27 00:08:46 --> URI Class Initialized
[DEBUG] [application] - 2014-12-27 00:08:46 --> Router Class Initialized
[DEBUG] [application] - 2014-12-27 00:08:46 --> Config file loaded: /Users/geet/www/fly/framework/application/config/routes.php
[DEBUG] [application] - 2014-12-27 00:08:46 --> No URI present. Default controller set.
[DEBUG] [system.Module] - 2014-12-27 00:08:46 --> Loading "ExceptionHandler" application component
[DEBUG] [application] - 2014-12-27 00:08:48 --> Application Class Initialized
[DEBUG] [system.Module] - 2014-12-27 00:08:48 --> Loading "Log" application component
[DEBUG] [system.Module] - 2014-12-27 00:08:48 --> Loading "Utf8" application component
[DEBUG] [application] - 2014-12-27 00:08:48 --> Utf8 Class Initialized
[DEBUG] [application] - 2014-12-27 00:08:48 --> UTF-8 Support Enabled
[DEBUG] [system.Module] - 2014-12-27 00:08:48 --> Loading "Hooks" application component
[DEBUG] [application] - 2014-12-27 00:08:48 --> Hooks Class Initialized
[DEBUG] [system.Module] - 2014-12-27 00:08:48 --> Loading "Router" application component
[DEBUG] [system.Module] - 2014-12-27 00:08:48 --> Loading "Uri" application component
[DEBUG] [application] - 2014-12-27 00:08:48 --> URI Class Initialized
[DEBUG] [application] - 2014-12-27 00:08:48 --> Router Class Initialized
[DEBUG] [application] - 2014-12-27 00:08:48 --> Config file loaded: /Users/geet/www/fly/framework/application/config/routes.php
[DEBUG] [application] - 2014-12-27 00:08:48 --> No URI present. Default controller set.
[DEBUG] [system.Module] - 2014-12-27 00:08:48 --> Loading "ExceptionHandler" application component
[DEBUG] [application] - 2014-12-27 00:08:50 --> Application Class Initialized
[DEBUG] [system.Module] - 2014-12-27 00:08:50 --> Loading "Log" application component
[DEBUG] [system.Module] - 2014-12-27 00:08:50 --> Loading "Utf8" application component
[DEBUG] [application] - 2014-12-27 00:08:50 --> Utf8 Class Initialized
[DEBUG] [application] - 2014-12-27 00:08:50 --> UTF-8 Support Enabled
[DEBUG] [system.Module] - 2014-12-27 00:08:50 --> Loading "Hooks" application component
[DEBUG] [application] - 2014-12-27 00:08:50 --> Hooks Class Initialized
[DEBUG] [system.Module] - 2014-12-27 00:08:50 --> Loading "Router" application component
[DEBUG] [system.Module] - 2014-12-27 00:08:50 --> Loading "Uri" application component
[DEBUG] [application] - 2014-12-27 00:08:50 --> URI Class Initialized
[DEBUG] [application] - 2014-12-27 00:08:50 --> Router Class Initialized
[DEBUG] [application] - 2014-12-27 00:08:50 --> Config file loaded: /Users/geet/www/fly/framework/application/config/routes.php
[DEBUG] [application] - 2014-12-27 00:08:50 --> No URI present. Default controller set.
[DEBUG] [system.Module] - 2014-12-27 00:08:50 --> Loading "ExceptionHandler" application component
[DEBUG] [application] - 2014-12-27 00:09:06 --> Application Class Initialized
[DEBUG] [system.Module] - 2014-12-27 00:09:06 --> Loading "Log" application component
[DEBUG] [system.Module] - 2014-12-27 00:09:06 --> Loading "Utf8" application component
[DEBUG] [application] - 2014-12-27 00:09:06 --> Utf8 Class Initialized
[DEBUG] [application] - 2014-12-27 00:09:06 --> UTF-8 Support Enabled
[DEBUG] [system.Module] - 2014-12-27 00:09:06 --> Loading "Hooks" application component
[DEBUG] [application] - 2014-12-27 00:09:06 --> Hooks Class Initialized
[DEBUG] [system.Module] - 2014-12-27 00:09:06 --> Loading "Router" application component
[DEBUG] [system.Module] - 2014-12-27 00:09:06 --> Loading "Uri" application component
[DEBUG] [application] - 2014-12-27 00:09:06 --> URI Class Initialized
[DEBUG] [application] - 2014-12-27 00:09:06 --> Router Class Initialized
[DEBUG] [application] - 2014-12-27 00:09:06 --> Config file loaded: /Users/geet/www/fly/framework/application/config/routes.php
[DEBUG] [application] - 2014-12-27 00:09:06 --> No URI present. Default controller set.
[DEBUG] [application] - 2014-12-27 00:17:38 --> Application Class Initialized
[DEBUG] [system.Module] - 2014-12-27 00:17:38 --> Loading "Log" application component
[DEBUG] [system.Module] - 2014-12-27 00:17:38 --> Loading "Utf8" application component
[DEBUG] [application] - 2014-12-27 00:17:38 --> Utf8 Class Initialized
[DEBUG] [application] - 2014-12-27 00:17:38 --> UTF-8 Support Enabled
[DEBUG] [system.Module] - 2014-12-27 00:17:38 --> Loading "Hooks" application component
[DEBUG] [application] - 2014-12-27 00:17:38 --> Hooks Class Initialized
[DEBUG] [system.Module] - 2014-12-27 00:17:38 --> Loading "Router" application component
[DEBUG] [system.Module] - 2014-12-27 00:17:38 --> Loading "Uri" application component
[DEBUG] [application] - 2014-12-27 00:17:38 --> URI Class Initialized
[DEBUG] [application] - 2014-12-27 00:17:38 --> Router Class Initialized
[DEBUG] [application] - 2014-12-27 00:17:38 --> Config file loaded: /Users/geet/www/fly/framework/application/config/routes.php
[DEBUG] [application] - 2014-12-27 00:17:38 --> No URI present. Default controller set.
[DEBUG] [application] - 2014-12-27 00:22:59 --> Application Class Initialized
[DEBUG] [system.Module] - 2014-12-27 00:22:59 --> Loading "Log" application component
[DEBUG] [system.Module] - 2014-12-27 00:22:59 --> Loading "Utf8" application component
[DEBUG] [application] - 2014-12-27 00:22:59 --> Utf8 Class Initialized
[DEBUG] [application] - 2014-12-27 00:22:59 --> UTF-8 Support Enabled
[DEBUG] [system.Module] - 2014-12-27 00:22:59 --> Loading "Hooks" application component
[DEBUG] [application] - 2014-12-27 00:22:59 --> Hooks Class Initialized
[DEBUG] [system.Module] - 2014-12-27 00:22:59 --> Loading "Router" application component
[DEBUG] [system.Module] - 2014-12-27 00:22:59 --> Loading "Uri" application component
[DEBUG] [application] - 2014-12-27 00:22:59 --> URI Class Initialized
[DEBUG] [application] - 2014-12-27 00:22:59 --> Router Class Initialized
[DEBUG] [application] - 2014-12-27 00:22:59 --> Config file loaded: /Users/geet/www/fly/framework/application/config/routes.php
[DEBUG] [application] - 2014-12-27 00:22:59 --> No URI present. Default controller set.
[DEBUG] [application] - 2014-12-27 00:23:29 --> Application Class Initialized
[DEBUG] [system.Module] - 2014-12-27 00:23:29 --> Loading "Log" application component
[DEBUG] [system.Module] - 2014-12-27 00:23:29 --> Loading "Utf8" application component
[DEBUG] [application] - 2014-12-27 00:23:29 --> Utf8 Class Initialized
[DEBUG] [application] - 2014-12-27 00:23:29 --> UTF-8 Support Enabled
[DEBUG] [system.Module] - 2014-12-27 00:23:29 --> Loading "Hooks" application component
[DEBUG] [application] - 2014-12-27 00:23:29 --> Hooks Class Initialized
[DEBUG] [system.Module] - 2014-12-27 00:23:29 --> Loading "Router" application component
[DEBUG] [system.Module] - 2014-12-27 00:23:29 --> Loading "Uri" application component
[DEBUG] [application] - 2014-12-27 00:23:29 --> URI Class Initialized
[DEBUG] [application] - 2014-12-27 00:23:29 --> Router Class Initialized
[DEBUG] [application] - 2014-12-27 00:23:29 --> Config file loaded: /Users/geet/www/fly/framework/application/config/routes.php
[DEBUG] [application] - 2014-12-27 00:23:29 --> No URI present. Default controller set.
[DEBUG] [application] - 2014-12-27 00:23:29 --> Encrypt Class Initialized
[DEBUG] [application] - 2014-12-27 00:23:32 --> Application Class Initialized
[DEBUG] [system.Module] - 2014-12-27 00:23:32 --> Loading "Log" application component
[DEBUG] [system.Module] - 2014-12-27 00:23:32 --> Loading "Utf8" application component
[DEBUG] [application] - 2014-12-27 00:23:32 --> Utf8 Class Initialized
[DEBUG] [application] - 2014-12-27 00:23:32 --> UTF-8 Support Enabled
[DEBUG] [system.Module] - 2014-12-27 00:23:32 --> Loading "Hooks" application component
[DEBUG] [application] - 2014-12-27 00:23:32 --> Hooks Class Initialized
[DEBUG] [system.Module] - 2014-12-27 00:23:32 --> Loading "Router" application component
[DEBUG] [system.Module] - 2014-12-27 00:23:32 --> Loading "Uri" application component
[DEBUG] [application] - 2014-12-27 00:23:32 --> URI Class Initialized
[DEBUG] [application] - 2014-12-27 00:23:32 --> Router Class Initialized
[DEBUG] [application] - 2014-12-27 00:23:32 --> Config file loaded: /Users/geet/www/fly/framework/application/config/routes.php
[DEBUG] [application] - 2014-12-27 00:23:32 --> No URI present. Default controller set.
[DEBUG] [application] - 2014-12-27 00:23:32 --> Encrypt Class Initialized
[DEBUG] [application] - 2014-12-27 00:23:34 --> Application Class Initialized
[DEBUG] [system.Module] - 2014-12-27 00:23:34 --> Loading "Log" application component
[DEBUG] [system.Module] - 2014-12-27 00:23:34 --> Loading "Utf8" application component
[DEBUG] [application] - 2014-12-27 00:23:34 --> Utf8 Class Initialized
[DEBUG] [application] - 2014-12-27 00:23:34 --> UTF-8 Support Enabled
[DEBUG] [system.Module] - 2014-12-27 00:23:34 --> Loading "Hooks" application component
[DEBUG] [application] - 2014-12-27 00:23:34 --> Hooks Class Initialized
[DEBUG] [system.Module] - 2014-12-27 00:23:34 --> Loading "Router" application component
[DEBUG] [system.Module] - 2014-12-27 00:23:34 --> Loading "Uri" application component
[DEBUG] [application] - 2014-12-27 00:23:34 --> URI Class Initialized
[DEBUG] [application] - 2014-12-27 00:23:34 --> Router Class Initialized
[DEBUG] [application] - 2014-12-27 00:23:34 --> Config file loaded: /Users/geet/www/fly/framework/application/config/routes.php
[DEBUG] [application] - 2014-12-27 00:23:34 --> No URI present. Default controller set.
[DEBUG] [application] - 2014-12-27 00:23:34 --> Encrypt Class Initialized
[DEBUG] [application] - 2014-12-27 00:23:36 --> Application Class Initialized
[DEBUG] [system.Module] - 2014-12-27 00:23:36 --> Loading "Log" application component
[DEBUG] [system.Module] - 2014-12-27 00:23:36 --> Loading "Utf8" application component
[DEBUG] [application] - 2014-12-27 00:23:36 --> Utf8 Class Initialized
[DEBUG] [application] - 2014-12-27 00:23:36 --> UTF-8 Support Enabled
[DEBUG] [system.Module] - 2014-12-27 00:23:36 --> Loading "Hooks" application component
[DEBUG] [application] - 2014-12-27 00:23:36 --> Hooks Class Initialized
[DEBUG] [system.Module] - 2014-12-27 00:23:36 --> Loading "Router" application component
[DEBUG] [system.Module] - 2014-12-27 00:23:36 --> Loading "Uri" application component
[DEBUG] [application] - 2014-12-27 00:23:36 --> URI Class Initialized
[DEBUG] [application] - 2014-12-27 00:23:36 --> Router Class Initialized
[DEBUG] [application] - 2014-12-27 00:23:36 --> Config file loaded: /Users/geet/www/fly/framework/application/config/routes.php
[DEBUG] [application] - 2014-12-27 00:23:36 --> No URI present. Default controller set.
[DEBUG] [application] - 2014-12-27 00:23:36 --> Encrypt Class Initialized
[DEBUG] [application] - 2014-12-27 00:30:21 --> Application Class Initialized
[DEBUG] [system.Module] - 2014-12-27 00:30:21 --> Loading "Log" application component
[DEBUG] [system.Module] - 2014-12-27 00:30:21 --> Loading "Utf8" application component
[DEBUG] [application] - 2014-12-27 00:30:21 --> Utf8 Class Initialized
[DEBUG] [application] - 2014-12-27 00:30:21 --> UTF-8 Support Enabled
[DEBUG] [system.Module] - 2014-12-27 00:30:21 --> Loading "Hooks" application component
[DEBUG] [application] - 2014-12-27 00:30:21 --> Hooks Class Initialized
[DEBUG] [system.Module] - 2014-12-27 00:30:21 --> Loading "Router" application component
[DEBUG] [system.Module] - 2014-12-27 00:30:21 --> Loading "Uri" application component
[DEBUG] [application] - 2014-12-27 00:30:21 --> URI Class Initialized
[DEBUG] [application] - 2014-12-27 00:30:21 --> Router Class Initialized
[DEBUG] [application] - 2014-12-27 00:30:21 --> Config file loaded: /Users/geet/www/fly/framework/application/config/routes.php
[DEBUG] [application] - 2014-12-27 00:30:21 --> No URI present. Default controller set.
[DEBUG] [application] - 2014-12-27 00:30:21 --> Encrypt Class Initialized
[DEBUG] [system.Module] - 2014-12-27 00:30:21 --> Loading "ExceptionHandler" application component
[DEBUG] [application] - 2014-12-27 00:30:35 --> Application Class Initialized
[DEBUG] [system.Module] - 2014-12-27 00:30:35 --> Loading "Log" application component
[DEBUG] [system.Module] - 2014-12-27 00:30:35 --> Loading "Utf8" application component
[DEBUG] [application] - 2014-12-27 00:30:35 --> Utf8 Class Initialized
[DEBUG] [application] - 2014-12-27 00:30:35 --> UTF-8 Support Enabled
[DEBUG] [system.Module] - 2014-12-27 00:30:35 --> Loading "Hooks" application component
[DEBUG] [application] - 2014-12-27 00:30:35 --> Hooks Class Initialized
[DEBUG] [system.Module] - 2014-12-27 00:30:35 --> Loading "Router" application component
[DEBUG] [system.Module] - 2014-12-27 00:30:35 --> Loading "Uri" application component
[DEBUG] [application] - 2014-12-27 00:30:35 --> URI Class Initialized
[DEBUG] [application] - 2014-12-27 00:30:35 --> Router Class Initialized
[DEBUG] [application] - 2014-12-27 00:30:35 --> Config file loaded: /Users/geet/www/fly/framework/application/config/routes.php
[DEBUG] [application] - 2014-12-27 00:30:35 --> No URI present. Default controller set.
[DEBUG] [application] - 2014-12-27 00:30:35 --> Encrypt Class Initialized
[DEBUG] [application] - 2014-12-27 00:31:16 --> Application Class Initialized
[DEBUG] [system.Module] - 2014-12-27 00:31:16 --> Loading "Log" application component
[DEBUG] [system.Module] - 2014-12-27 00:31:16 --> Loading "Utf8" application component
[DEBUG] [application] - 2014-12-27 00:31:16 --> Utf8 Class Initialized
[DEBUG] [application] - 2014-12-27 00:31:16 --> UTF-8 Support Enabled
[DEBUG] [system.Module] - 2014-12-27 00:31:16 --> Loading "Hooks" application component
[DEBUG] [application] - 2014-12-27 00:31:16 --> Hooks Class Initialized
[DEBUG] [system.Module] - 2014-12-27 00:31:16 --> Loading "Router" application component
[DEBUG] [system.Module] - 2014-12-27 00:31:16 --> Loading "Uri" application component
[DEBUG] [application] - 2014-12-27 00:31:16 --> URI Class Initialized
[DEBUG] [application] - 2014-12-27 00:31:16 --> Router Class Initialized
[DEBUG] [application] - 2014-12-27 00:31:16 --> Config file loaded: /Users/geet/www/fly/framework/application/config/routes.php
[DEBUG] [application] - 2014-12-27 00:31:16 --> No URI present. Default controller set.
[DEBUG] [application] - 2014-12-27 00:31:16 --> Encrypt Class Initialized
[DEBUG] [application] - 2014-12-27 00:31:20 --> Application Class Initialized
[DEBUG] [system.Module] - 2014-12-27 00:31:20 --> Loading "Log" application component
[DEBUG] [system.Module] - 2014-12-27 00:31:20 --> Loading "Utf8" application component
[DEBUG] [application] - 2014-12-27 00:31:20 --> Utf8 Class Initialized
[DEBUG] [application] - 2014-12-27 00:31:20 --> UTF-8 Support Enabled
[DEBUG] [system.Module] - 2014-12-27 00:31:20 --> Loading "Hooks" application component
[DEBUG] [application] - 2014-12-27 00:31:20 --> Hooks Class Initialized
[DEBUG] [system.Module] - 2014-12-27 00:31:20 --> Loading "Router" application component
[DEBUG] [system.Module] - 2014-12-27 00:31:20 --> Loading "Uri" application component
[DEBUG] [application] - 2014-12-27 00:31:20 --> URI Class Initialized
[DEBUG] [application] - 2014-12-27 00:31:20 --> Router Class Initialized
[DEBUG] [application] - 2014-12-27 00:31:20 --> Config file loaded: /Users/geet/www/fly/framework/application/config/routes.php
[DEBUG] [application] - 2014-12-27 00:31:20 --> No URI present. Default controller set.
[DEBUG] [application] - 2014-12-27 00:31:20 --> Encrypt Class Initialized
[DEBUG] [application] - 2014-12-27 00:31:22 --> Application Class Initialized
[DEBUG] [system.Module] - 2014-12-27 00:31:22 --> Loading "Log" application component
[DEBUG] [system.Module] - 2014-12-27 00:31:22 --> Loading "Utf8" application component
[DEBUG] [application] - 2014-12-27 00:31:22 --> Utf8 Class Initialized
[DEBUG] [application] - 2014-12-27 00:31:22 --> UTF-8 Support Enabled
[DEBUG] [system.Module] - 2014-12-27 00:31:22 --> Loading "Hooks" application component
[DEBUG] [application] - 2014-12-27 00:31:22 --> Hooks Class Initialized
[DEBUG] [system.Module] - 2014-12-27 00:31:22 --> Loading "Router" application component
[DEBUG] [system.Module] - 2014-12-27 00:31:22 --> Loading "Uri" application component
[DEBUG] [application] - 2014-12-27 00:31:22 --> URI Class Initialized
[DEBUG] [application] - 2014-12-27 00:31:22 --> Router Class Initialized
[DEBUG] [application] - 2014-12-27 00:31:22 --> Config file loaded: /Users/geet/www/fly/framework/application/config/routes.php
[DEBUG] [application] - 2014-12-27 00:31:22 --> No URI present. Default controller set.
[DEBUG] [application] - 2014-12-27 00:31:22 --> Encrypt Class Initialized
[DEBUG] [application] - 2014-12-27 00:31:24 --> Application Class Initialized
[DEBUG] [system.Module] - 2014-12-27 00:31:24 --> Loading "Log" application component
[DEBUG] [system.Module] - 2014-12-27 00:31:24 --> Loading "Utf8" application component
[DEBUG] [application] - 2014-12-27 00:31:24 --> Utf8 Class Initialized
[DEBUG] [application] - 2014-12-27 00:31:24 --> UTF-8 Support Enabled
[DEBUG] [system.Module] - 2014-12-27 00:31:24 --> Loading "Hooks" application component
[DEBUG] [application] - 2014-12-27 00:31:24 --> Hooks Class Initialized
[DEBUG] [system.Module] - 2014-12-27 00:31:24 --> Loading "Router" application component
[DEBUG] [system.Module] - 2014-12-27 00:31:24 --> Loading "Uri" application component
[DEBUG] [application] - 2014-12-27 00:31:24 --> URI Class Initialized
[DEBUG] [application] - 2014-12-27 00:31:24 --> Router Class Initialized
[DEBUG] [application] - 2014-12-27 00:31:24 --> Config file loaded: /Users/geet/www/fly/framework/application/config/routes.php
[DEBUG] [application] - 2014-12-27 00:31:24 --> No URI present. Default controller set.
[DEBUG] [application] - 2014-12-27 00:31:24 --> Encrypt Class Initialized
[DEBUG] [application] - 2014-12-27 00:32:35 --> Application Class Initialized
[DEBUG] [system.Module] - 2014-12-27 00:32:35 --> Loading "Log" application component
[DEBUG] [system.Module] - 2014-12-27 00:32:35 --> Loading "Utf8" application component
[DEBUG] [application] - 2014-12-27 00:32:35 --> Utf8 Class Initialized
[DEBUG] [application] - 2014-12-27 00:32:35 --> UTF-8 Support Enabled
[DEBUG] [system.Module] - 2014-12-27 00:32:35 --> Loading "Hooks" application component
[DEBUG] [application] - 2014-12-27 00:32:35 --> Hooks Class Initialized
[DEBUG] [system.Module] - 2014-12-27 00:32:35 --> Loading "Router" application component
[DEBUG] [system.Module] - 2014-12-27 00:32:35 --> Loading "Uri" application component
[DEBUG] [application] - 2014-12-27 00:32:35 --> URI Class Initialized
[DEBUG] [application] - 2014-12-27 00:32:35 --> Router Class Initialized
[DEBUG] [application] - 2014-12-27 00:32:35 --> Config file loaded: /Users/geet/www/fly/framework/application/config/routes.php
[DEBUG] [application] - 2014-12-27 00:32:35 --> No URI present. Default controller set.
[DEBUG] [application] - 2014-12-27 00:32:35 --> Encrypt Class Initialized
[DEBUG] [application] - 2014-12-27 00:32:37 --> Application Class Initialized
[DEBUG] [system.Module] - 2014-12-27 00:32:37 --> Loading "Log" application component
[DEBUG] [system.Module] - 2014-12-27 00:32:37 --> Loading "Utf8" application component
[DEBUG] [application] - 2014-12-27 00:32:37 --> Utf8 Class Initialized
[DEBUG] [application] - 2014-12-27 00:32:37 --> UTF-8 Support Enabled
[DEBUG] [system.Module] - 2014-12-27 00:32:37 --> Loading "Hooks" application component
[DEBUG] [application] - 2014-12-27 00:32:37 --> Hooks Class Initialized
[DEBUG] [system.Module] - 2014-12-27 00:32:37 --> Loading "Router" application component
[DEBUG] [system.Module] - 2014-12-27 00:32:37 --> Loading "Uri" application component
[DEBUG] [application] - 2014-12-27 00:32:37 --> URI Class Initialized
[DEBUG] [application] - 2014-12-27 00:32:37 --> Router Class Initialized
[DEBUG] [application] - 2014-12-27 00:32:37 --> Config file loaded: /Users/geet/www/fly/framework/application/config/routes.php
[DEBUG] [application] - 2014-12-27 00:32:37 --> No URI present. Default controller set.
[DEBUG] [application] - 2014-12-27 00:32:37 --> Encrypt Class Initialized
[DEBUG] [application] - 2014-12-27 00:33:40 --> Application Class Initialized
[DEBUG] [system.Module] - 2014-12-27 00:33:40 --> Loading "Log" application component
[DEBUG] [system.Module] - 2014-12-27 00:33:40 --> Loading "Utf8" application component
[DEBUG] [application] - 2014-12-27 00:33:40 --> Utf8 Class Initialized
[DEBUG] [application] - 2014-12-27 00:33:40 --> UTF-8 Support Enabled
[DEBUG] [system.Module] - 2014-12-27 00:33:40 --> Loading "Hooks" application component
[DEBUG] [application] - 2014-12-27 00:33:40 --> Hooks Class Initialized
[DEBUG] [system.Module] - 2014-12-27 00:33:40 --> Loading "Router" application component
[DEBUG] [system.Module] - 2014-12-27 00:33:40 --> Loading "Uri" application component
[DEBUG] [application] - 2014-12-27 00:33:40 --> URI Class Initialized
[DEBUG] [application] - 2014-12-27 00:33:40 --> Router Class Initialized
[DEBUG] [application] - 2014-12-27 00:33:40 --> Config file loaded: /Users/geet/www/fly/framework/application/config/routes.php
[DEBUG] [application] - 2014-12-27 00:33:40 --> No URI present. Default controller set.
[DEBUG] [application] - 2014-12-27 00:33:40 --> Encrypt Class Initialized
[DEBUG] [application] - 2014-12-27 00:34:16 --> Application Class Initialized
[DEBUG] [system.Module] - 2014-12-27 00:34:16 --> Loading "Log" application component
[DEBUG] [system.Module] - 2014-12-27 00:34:16 --> Loading "Utf8" application component
[DEBUG] [application] - 2014-12-27 00:34:16 --> Utf8 Class Initialized
[DEBUG] [application] - 2014-12-27 00:34:16 --> UTF-8 Support Enabled
[DEBUG] [system.Module] - 2014-12-27 00:34:16 --> Loading "Hooks" application component
[DEBUG] [application] - 2014-12-27 00:34:16 --> Hooks Class Initialized
[DEBUG] [system.Module] - 2014-12-27 00:34:16 --> Loading "Router" application component
[DEBUG] [system.Module] - 2014-12-27 00:34:16 --> Loading "Uri" application component
[DEBUG] [application] - 2014-12-27 00:34:16 --> URI Class Initialized
[DEBUG] [application] - 2014-12-27 00:34:16 --> Router Class Initialized
[DEBUG] [application] - 2014-12-27 00:34:16 --> Config file loaded: /Users/geet/www/fly/framework/application/config/routes.php
[DEBUG] [application] - 2014-12-27 00:34:16 --> No URI present. Default controller set.
[DEBUG] [application] - 2014-12-27 00:34:16 --> Encrypt Class Initialized
[DEBUG] [application] - 2014-12-27 00:34:25 --> Application Class Initialized
[DEBUG] [system.Module] - 2014-12-27 00:34:25 --> Loading "Log" application component
[DEBUG] [system.Module] - 2014-12-27 00:34:25 --> Loading "Utf8" application component
[DEBUG] [application] - 2014-12-27 00:34:25 --> Utf8 Class Initialized
[DEBUG] [application] - 2014-12-27 00:34:25 --> UTF-8 Support Enabled
[DEBUG] [system.Module] - 2014-12-27 00:34:25 --> Loading "Hooks" application component
[DEBUG] [application] - 2014-12-27 00:34:25 --> Hooks Class Initialized
[DEBUG] [system.Module] - 2014-12-27 00:34:25 --> Loading "Router" application component
[DEBUG] [system.Module] - 2014-12-27 00:34:25 --> Loading "Uri" application component
[DEBUG] [application] - 2014-12-27 00:34:25 --> URI Class Initialized
[DEBUG] [application] - 2014-12-27 00:34:25 --> Router Class Initialized
[DEBUG] [application] - 2014-12-27 00:34:25 --> Config file loaded: /Users/geet/www/fly/framework/application/config/routes.php
[DEBUG] [application] - 2014-12-27 00:34:25 --> No URI present. Default controller set.
[DEBUG] [application] - 2014-12-27 00:34:25 --> Encrypt Class Initialized
[DEBUG] [application] - 2014-12-27 00:35:33 --> Application Class Initialized
[DEBUG] [system.Module] - 2014-12-27 00:35:33 --> Loading "Log" application component
[DEBUG] [system.Module] - 2014-12-27 00:35:33 --> Loading "Utf8" application component
[DEBUG] [application] - 2014-12-27 00:35:33 --> Utf8 Class Initialized
[DEBUG] [application] - 2014-12-27 00:35:33 --> UTF-8 Support Enabled
[DEBUG] [system.Module] - 2014-12-27 00:35:33 --> Loading "Hooks" application component
[DEBUG] [application] - 2014-12-27 00:35:33 --> Hooks Class Initialized
[DEBUG] [system.Module] - 2014-12-27 00:35:33 --> Loading "Router" application component
[DEBUG] [system.Module] - 2014-12-27 00:35:33 --> Loading "Uri" application component
[DEBUG] [application] - 2014-12-27 00:35:33 --> URI Class Initialized
[DEBUG] [application] - 2014-12-27 00:35:33 --> Router Class Initialized
[DEBUG] [application] - 2014-12-27 00:35:33 --> Config file loaded: /Users/geet/www/fly/framework/application/config/routes.php
[DEBUG] [application] - 2014-12-27 00:35:33 --> No URI present. Default controller set.
[DEBUG] [application] - 2014-12-27 00:35:33 --> Encrypt Class Initialized
[DEBUG] [application] - 2014-12-27 12:13:13 --> Application Class Initialized
[DEBUG] [system.Module] - 2014-12-27 12:13:13 --> Loading "Log" application component
[DEBUG] [system.Module] - 2014-12-27 12:13:13 --> Loading "Utf8" application component
[DEBUG] [application] - 2014-12-27 12:13:13 --> Utf8 Class Initialized
[DEBUG] [application] - 2014-12-27 12:13:13 --> UTF-8 Support Enabled
[DEBUG] [system.Module] - 2014-12-27 12:13:13 --> Loading "Hooks" application component
[DEBUG] [application] - 2014-12-27 12:13:13 --> Hooks Class Initialized
[DEBUG] [system.Module] - 2014-12-27 12:13:13 --> Loading "Router" application component
[DEBUG] [system.Module] - 2014-12-27 12:13:13 --> Loading "Uri" application component
[DEBUG] [application] - 2014-12-27 12:13:13 --> URI Class Initialized
[DEBUG] [application] - 2014-12-27 12:13:13 --> Router Class Initialized
[DEBUG] [application] - 2014-12-27 12:13:13 --> Config file loaded: /Users/geet/www/fly/framework/application/config/routes.php
[DEBUG] [application] - 2014-12-27 12:13:13 --> No URI present. Default controller set.
[DEBUG] [application] - 2014-12-27 12:13:13 --> Encrypt Class Initialized
[DEBUG] [application] - 2014-12-27 16:46:49 --> Application Class Initialized
[DEBUG] [system.Module] - 2014-12-27 16:46:49 --> Loading "Log" application component
[DEBUG] [system.Module] - 2014-12-27 16:46:49 --> Loading "Utf8" application component
[DEBUG] [application] - 2014-12-27 16:46:49 --> Utf8 Class Initialized
[DEBUG] [application] - 2014-12-27 16:46:49 --> UTF-8 Support Enabled
[DEBUG] [system.Module] - 2014-12-27 16:46:49 --> Loading "Hooks" application component
[DEBUG] [application] - 2014-12-27 16:46:49 --> Hooks Class Initialized
[DEBUG] [system.Module] - 2014-12-27 16:46:49 --> Loading "Router" application component
[DEBUG] [system.Module] - 2014-12-27 16:46:49 --> Loading "Uri" application component
[DEBUG] [application] - 2014-12-27 16:46:49 --> URI Class Initialized
[DEBUG] [application] - 2014-12-27 16:46:49 --> Router Class Initialized
[DEBUG] [application] - 2014-12-27 16:46:49 --> Config file loaded: /Users/geet/www/fly/framework/application/config/routes.php
[DEBUG] [application] - 2014-12-27 16:46:49 --> No URI present. Default controller set.
[DEBUG] [application] - 2014-12-27 16:46:49 --> FTP Class Initialized
[DEBUG] [system.Module] - 2014-12-27 16:46:50 --> Loading "ExceptionHandler" application component
[ERROR] [application] - 2014-12-27 16:46:50 --> Severity: Warning  --> ftp_login(): Not logged in. /Users/geet/www/fly/framework/system/libraries/Ftp.php 115
[DEBUG] [application] - 2014-12-27 16:46:53 --> Application Class Initialized
[DEBUG] [system.Module] - 2014-12-27 16:46:53 --> Loading "Log" application component
[DEBUG] [system.Module] - 2014-12-27 16:46:53 --> Loading "Utf8" application component
[DEBUG] [application] - 2014-12-27 16:46:53 --> Utf8 Class Initialized
[DEBUG] [application] - 2014-12-27 16:46:53 --> UTF-8 Support Enabled
[DEBUG] [system.Module] - 2014-12-27 16:46:53 --> Loading "Hooks" application component
[DEBUG] [application] - 2014-12-27 16:46:53 --> Hooks Class Initialized
[DEBUG] [system.Module] - 2014-12-27 16:46:53 --> Loading "Router" application component
[DEBUG] [system.Module] - 2014-12-27 16:46:53 --> Loading "Uri" application component
[DEBUG] [application] - 2014-12-27 16:46:53 --> URI Class Initialized
[DEBUG] [application] - 2014-12-27 16:46:53 --> Router Class Initialized
[DEBUG] [application] - 2014-12-27 16:46:53 --> Config file loaded: /Users/geet/www/fly/framework/application/config/routes.php
[DEBUG] [application] - 2014-12-27 16:46:53 --> No URI present. Default controller set.
[DEBUG] [application] - 2014-12-27 16:46:53 --> FTP Class Initialized
[DEBUG] [system.Module] - 2014-12-27 16:46:53 --> Loading "ExceptionHandler" application component
[ERROR] [application] - 2014-12-27 16:46:53 --> Severity: Warning  --> ftp_login(): Not logged in. /Users/geet/www/fly/framework/system/libraries/Ftp.php 115
[DEBUG] [application] - 2014-12-27 16:46:57 --> Application Class Initialized
[DEBUG] [system.Module] - 2014-12-27 16:46:57 --> Loading "Log" application component
[DEBUG] [system.Module] - 2014-12-27 16:46:57 --> Loading "Utf8" application component
[DEBUG] [application] - 2014-12-27 16:46:57 --> Utf8 Class Initialized
[DEBUG] [application] - 2014-12-27 16:46:57 --> UTF-8 Support Enabled
[DEBUG] [system.Module] - 2014-12-27 16:46:57 --> Loading "Hooks" application component
[DEBUG] [application] - 2014-12-27 16:46:57 --> Hooks Class Initialized
[DEBUG] [system.Module] - 2014-12-27 16:46:57 --> Loading "Router" application component
[DEBUG] [system.Module] - 2014-12-27 16:46:57 --> Loading "Uri" application component
[DEBUG] [application] - 2014-12-27 16:46:57 --> URI Class Initialized
[DEBUG] [application] - 2014-12-27 16:46:57 --> Router Class Initialized
[DEBUG] [application] - 2014-12-27 16:46:57 --> Config file loaded: /Users/geet/www/fly/framework/application/config/routes.php
[DEBUG] [application] - 2014-12-27 16:46:57 --> No URI present. Default controller set.
[DEBUG] [application] - 2014-12-27 16:46:57 --> FTP Class Initialized
[DEBUG] [system.Module] - 2014-12-27 16:46:57 --> Loading "ExceptionHandler" application component
[ERROR] [application] - 2014-12-27 16:46:57 --> Severity: Warning  --> ftp_login(): Not logged in. /Users/geet/www/fly/framework/system/libraries/Ftp.php 115
[DEBUG] [application] - 2014-12-27 16:48:10 --> Application Class Initialized
[DEBUG] [system.Module] - 2014-12-27 16:48:10 --> Loading "Log" application component
[DEBUG] [system.Module] - 2014-12-27 16:48:10 --> Loading "Utf8" application component
[DEBUG] [application] - 2014-12-27 16:48:10 --> Utf8 Class Initialized
[DEBUG] [application] - 2014-12-27 16:48:10 --> UTF-8 Support Enabled
[DEBUG] [system.Module] - 2014-12-27 16:48:10 --> Loading "Hooks" application component
[DEBUG] [application] - 2014-12-27 16:48:10 --> Hooks Class Initialized
[DEBUG] [system.Module] - 2014-12-27 16:48:10 --> Loading "Router" application component
[DEBUG] [system.Module] - 2014-12-27 16:48:10 --> Loading "Uri" application component
[DEBUG] [application] - 2014-12-27 16:48:10 --> URI Class Initialized
[DEBUG] [application] - 2014-12-27 16:48:10 --> Router Class Initialized
[DEBUG] [application] - 2014-12-27 16:48:10 --> Config file loaded: /Users/geet/www/fly/framework/application/config/routes.php
[DEBUG] [application] - 2014-12-27 16:48:10 --> No URI present. Default controller set.
[DEBUG] [application] - 2014-12-27 16:48:10 --> FTP Class Initialized
[DEBUG] [system.Module] - 2014-12-27 16:48:10 --> Loading "ExceptionHandler" application component
[ERROR] [application] - 2014-12-27 16:48:10 --> Severity: Warning  --> ftp_login(): Not logged in. /Users/geet/www/fly/framework/system/libraries/Ftp.php 115
[DEBUG] [application] - 2014-12-27 16:49:04 --> Application Class Initialized
[DEBUG] [system.Module] - 2014-12-27 16:49:04 --> Loading "Log" application component
[DEBUG] [system.Module] - 2014-12-27 16:49:04 --> Loading "Utf8" application component
[DEBUG] [application] - 2014-12-27 16:49:04 --> Utf8 Class Initialized
[DEBUG] [application] - 2014-12-27 16:49:04 --> UTF-8 Support Enabled
[DEBUG] [system.Module] - 2014-12-27 16:49:04 --> Loading "Hooks" application component
[DEBUG] [application] - 2014-12-27 16:49:04 --> Hooks Class Initialized
[DEBUG] [system.Module] - 2014-12-27 16:49:04 --> Loading "Router" application component
[DEBUG] [system.Module] - 2014-12-27 16:49:04 --> Loading "Uri" application component
[DEBUG] [application] - 2014-12-27 16:49:04 --> URI Class Initialized
[DEBUG] [application] - 2014-12-27 16:49:04 --> Router Class Initialized
[DEBUG] [application] - 2014-12-27 16:49:04 --> Config file loaded: /Users/geet/www/fly/framework/application/config/routes.php
[DEBUG] [application] - 2014-12-27 16:49:04 --> No URI present. Default controller set.
[DEBUG] [application] - 2014-12-27 16:49:04 --> FTP Class Initialized
[DEBUG] [system.Module] - 2014-12-27 16:49:04 --> Loading "ExceptionHandler" application component
[ERROR] [application] - 2014-12-27 16:49:04 --> Severity: Warning  --> ftp_login(): Not logged in. /Users/geet/www/fly/framework/system/libraries/Ftp.php 115
[DEBUG] [application] - 2014-12-27 16:49:51 --> Application Class Initialized
[DEBUG] [system.Module] - 2014-12-27 16:49:51 --> Loading "Log" application component
[DEBUG] [system.Module] - 2014-12-27 16:49:51 --> Loading "Utf8" application component
[DEBUG] [application] - 2014-12-27 16:49:51 --> Utf8 Class Initialized
[DEBUG] [application] - 2014-12-27 16:49:51 --> UTF-8 Support Enabled
[DEBUG] [system.Module] - 2014-12-27 16:49:51 --> Loading "Hooks" application component
[DEBUG] [application] - 2014-12-27 16:49:51 --> Hooks Class Initialized
[DEBUG] [system.Module] - 2014-12-27 16:49:51 --> Loading "Router" application component
[DEBUG] [system.Module] - 2014-12-27 16:49:51 --> Loading "Uri" application component
[DEBUG] [application] - 2014-12-27 16:49:51 --> URI Class Initialized
[DEBUG] [application] - 2014-12-27 16:49:51 --> Router Class Initialized
[DEBUG] [application] - 2014-12-27 16:49:51 --> Config file loaded: /Users/geet/www/fly/framework/application/config/routes.php
[DEBUG] [application] - 2014-12-27 16:49:51 --> No URI present. Default controller set.
[DEBUG] [application] - 2014-12-27 16:49:51 --> FTP Class Initialized
[DEBUG] [system.Module] - 2014-12-27 16:49:51 --> Loading "ExceptionHandler" application component
[ERROR] [application] - 2014-12-27 16:49:51 --> Severity: Warning  --> ftp_login(): Not logged in. /Users/geet/www/fly/framework/system/libraries/Ftp.php 115
[DEBUG] [application] - 2014-12-27 16:50:09 --> Application Class Initialized
[DEBUG] [system.Module] - 2014-12-27 16:50:09 --> Loading "Log" application component
[DEBUG] [system.Module] - 2014-12-27 16:50:09 --> Loading "Utf8" application component
[DEBUG] [application] - 2014-12-27 16:50:09 --> Utf8 Class Initialized
[DEBUG] [application] - 2014-12-27 16:50:09 --> UTF-8 Support Enabled
[DEBUG] [system.Module] - 2014-12-27 16:50:09 --> Loading "Hooks" application component
[DEBUG] [application] - 2014-12-27 16:50:09 --> Hooks Class Initialized
[DEBUG] [system.Module] - 2014-12-27 16:50:09 --> Loading "Router" application component
[DEBUG] [system.Module] - 2014-12-27 16:50:09 --> Loading "Uri" application component
[DEBUG] [application] - 2014-12-27 16:50:09 --> URI Class Initialized
[DEBUG] [application] - 2014-12-27 16:50:09 --> Router Class Initialized
[DEBUG] [application] - 2014-12-27 16:50:09 --> Config file loaded: /Users/geet/www/fly/framework/application/config/routes.php
[DEBUG] [application] - 2014-12-27 16:50:09 --> No URI present. Default controller set.
[DEBUG] [application] - 2014-12-27 16:50:09 --> FTP Class Initialized
[DEBUG] [system.Module] - 2014-12-27 16:50:11 --> Loading "ExceptionHandler" application component
[ERROR] [application] - 2014-12-27 16:50:11 --> Severity: Warning  --> ftp_login(): Not logged in. /Users/geet/www/fly/framework/system/libraries/Ftp.php 115
[DEBUG] [application] - 2014-12-27 16:50:39 --> Application Class Initialized
[DEBUG] [system.Module] - 2014-12-27 16:50:39 --> Loading "Log" application component
[DEBUG] [system.Module] - 2014-12-27 16:50:39 --> Loading "Utf8" application component
[DEBUG] [application] - 2014-12-27 16:50:39 --> Utf8 Class Initialized
[DEBUG] [application] - 2014-12-27 16:50:39 --> UTF-8 Support Enabled
[DEBUG] [system.Module] - 2014-12-27 16:50:39 --> Loading "Hooks" application component
[DEBUG] [application] - 2014-12-27 16:50:39 --> Hooks Class Initialized
[DEBUG] [system.Module] - 2014-12-27 16:50:39 --> Loading "Router" application component
[DEBUG] [system.Module] - 2014-12-27 16:50:39 --> Loading "Uri" application component
[DEBUG] [application] - 2014-12-27 16:50:39 --> URI Class Initialized
[DEBUG] [application] - 2014-12-27 16:50:39 --> Router Class Initialized
[DEBUG] [application] - 2014-12-27 16:50:39 --> Config file loaded: /Users/geet/www/fly/framework/application/config/routes.php
[DEBUG] [application] - 2014-12-27 16:50:39 --> No URI present. Default controller set.
[DEBUG] [application] - 2014-12-27 16:50:39 --> FTP Class Initialized
[DEBUG] [system.Module] - 2014-12-27 16:50:39 --> Loading "ExceptionHandler" application component
[ERROR] [application] - 2014-12-27 16:50:39 --> Severity: Warning  --> ftp_login(): Not logged in. /Users/geet/www/fly/framework/system/libraries/Ftp.php 115
[DEBUG] [application] - 2014-12-27 16:51:41 --> Application Class Initialized
[DEBUG] [system.Module] - 2014-12-27 16:51:41 --> Loading "Log" application component
[DEBUG] [system.Module] - 2014-12-27 16:51:41 --> Loading "Utf8" application component
[DEBUG] [application] - 2014-12-27 16:51:41 --> Utf8 Class Initialized
[DEBUG] [application] - 2014-12-27 16:51:41 --> UTF-8 Support Enabled
[DEBUG] [system.Module] - 2014-12-27 16:51:41 --> Loading "Hooks" application component
[DEBUG] [application] - 2014-12-27 16:51:41 --> Hooks Class Initialized
[DEBUG] [system.Module] - 2014-12-27 16:51:41 --> Loading "Router" application component
[DEBUG] [system.Module] - 2014-12-27 16:51:41 --> Loading "Uri" application component
[DEBUG] [application] - 2014-12-27 16:51:41 --> URI Class Initialized
[DEBUG] [application] - 2014-12-27 16:51:41 --> Router Class Initialized
[DEBUG] [application] - 2014-12-27 16:51:41 --> Config file loaded: /Users/geet/www/fly/framework/application/config/routes.php
[DEBUG] [application] - 2014-12-27 16:51:41 --> No URI present. Default controller set.
[DEBUG] [application] - 2014-12-27 16:51:41 --> FTP Class Initialized
[DEBUG] [system.Module] - 2014-12-27 16:51:41 --> Loading "ExceptionHandler" application component
[ERROR] [application] - 2014-12-27 16:51:41 --> Severity: Warning  --> ftp_login(): Not logged in. /Users/geet/www/fly/framework/system/libraries/Ftp.php 115
[DEBUG] [application] - 2014-12-27 16:54:43 --> Application Class Initialized
[DEBUG] [system.Module] - 2014-12-27 16:54:43 --> Loading "Log" application component
[DEBUG] [system.Module] - 2014-12-27 16:54:43 --> Loading "Utf8" application component
[DEBUG] [application] - 2014-12-27 16:54:43 --> Utf8 Class Initialized
[DEBUG] [application] - 2014-12-27 16:54:43 --> UTF-8 Support Enabled
[DEBUG] [system.Module] - 2014-12-27 16:54:43 --> Loading "Hooks" application component
[DEBUG] [application] - 2014-12-27 16:54:43 --> Hooks Class Initialized
[DEBUG] [system.Module] - 2014-12-27 16:54:43 --> Loading "Router" application component
[DEBUG] [system.Module] - 2014-12-27 16:54:43 --> Loading "Uri" application component
[DEBUG] [application] - 2014-12-27 16:54:43 --> URI Class Initialized
[DEBUG] [application] - 2014-12-27 16:54:43 --> Router Class Initialized
[DEBUG] [application] - 2014-12-27 16:54:43 --> Config file loaded: /Users/geet/www/fly/framework/application/config/routes.php
[DEBUG] [application] - 2014-12-27 16:54:43 --> No URI present. Default controller set.
[DEBUG] [application] - 2014-12-27 16:54:43 --> FTP Class Initialized
[DEBUG] [system.Module] - 2014-12-27 16:54:43 --> Loading "ExceptionHandler" application component
[ERROR] [application] - 2014-12-27 16:54:43 --> Severity: Warning  --> ftp_login(): Not logged in. /Users/geet/www/fly/framework/system/libraries/Ftp.php 115
[DEBUG] [application] - 2014-12-27 16:54:45 --> Application Class Initialized
[DEBUG] [system.Module] - 2014-12-27 16:54:45 --> Loading "Log" application component
[DEBUG] [system.Module] - 2014-12-27 16:54:45 --> Loading "Utf8" application component
[DEBUG] [application] - 2014-12-27 16:54:45 --> Utf8 Class Initialized
[DEBUG] [application] - 2014-12-27 16:54:45 --> UTF-8 Support Enabled
[DEBUG] [system.Module] - 2014-12-27 16:54:45 --> Loading "Hooks" application component
[DEBUG] [application] - 2014-12-27 16:54:45 --> Hooks Class Initialized
[DEBUG] [system.Module] - 2014-12-27 16:54:45 --> Loading "Router" application component
[DEBUG] [system.Module] - 2014-12-27 16:54:45 --> Loading "Uri" application component
[DEBUG] [application] - 2014-12-27 16:54:45 --> URI Class Initialized
[DEBUG] [application] - 2014-12-27 16:54:45 --> Router Class Initialized
[DEBUG] [application] - 2014-12-27 16:54:45 --> Config file loaded: /Users/geet/www/fly/framework/application/config/routes.php
[DEBUG] [application] - 2014-12-27 16:54:45 --> No URI present. Default controller set.
[DEBUG] [application] - 2014-12-27 16:54:45 --> FTP Class Initialized
[DEBUG] [system.Module] - 2014-12-27 16:54:46 --> Loading "ExceptionHandler" application component
[ERROR] [application] - 2014-12-27 16:54:46 --> Severity: Warning  --> ftp_login(): Not logged in. /Users/geet/www/fly/framework/system/libraries/Ftp.php 115
[DEBUG] [application] - 2014-12-27 16:55:27 --> Application Class Initialized
[DEBUG] [system.Module] - 2014-12-27 16:55:27 --> Loading "Log" application component
[DEBUG] [system.Module] - 2014-12-27 16:55:27 --> Loading "Utf8" application component
[DEBUG] [application] - 2014-12-27 16:55:27 --> Utf8 Class Initialized
[DEBUG] [application] - 2014-12-27 16:55:27 --> UTF-8 Support Enabled
[DEBUG] [system.Module] - 2014-12-27 16:55:27 --> Loading "Hooks" application component
[DEBUG] [application] - 2014-12-27 16:55:27 --> Hooks Class Initialized
[DEBUG] [system.Module] - 2014-12-27 16:55:27 --> Loading "Router" application component
[DEBUG] [system.Module] - 2014-12-27 16:55:27 --> Loading "Uri" application component
[DEBUG] [application] - 2014-12-27 16:55:27 --> URI Class Initialized
[DEBUG] [application] - 2014-12-27 16:55:27 --> Router Class Initialized
[DEBUG] [application] - 2014-12-27 16:55:27 --> Config file loaded: /Users/geet/www/fly/framework/application/config/routes.php
[DEBUG] [application] - 2014-12-27 16:55:27 --> No URI present. Default controller set.
[DEBUG] [application] - 2014-12-27 16:55:27 --> FTP Class Initialized
[DEBUG] [system.Module] - 2014-12-27 16:55:28 --> Loading "ExceptionHandler" application component
[ERROR] [application] - 2014-12-27 16:55:28 --> Severity: Warning  --> ftp_login(): Not logged in. /Users/geet/www/fly/framework/system/libraries/Ftp.php 116
[DEBUG] [application] - 2014-12-27 16:55:54 --> Application Class Initialized
[DEBUG] [system.Module] - 2014-12-27 16:55:54 --> Loading "Log" application component
[DEBUG] [system.Module] - 2014-12-27 16:55:54 --> Loading "Utf8" application component
[DEBUG] [application] - 2014-12-27 16:55:54 --> Utf8 Class Initialized
[DEBUG] [application] - 2014-12-27 16:55:54 --> UTF-8 Support Enabled
[DEBUG] [system.Module] - 2014-12-27 16:55:54 --> Loading "Hooks" application component
[DEBUG] [application] - 2014-12-27 16:55:54 --> Hooks Class Initialized
[DEBUG] [system.Module] - 2014-12-27 16:55:54 --> Loading "Router" application component
[DEBUG] [system.Module] - 2014-12-27 16:55:54 --> Loading "Uri" application component
[DEBUG] [application] - 2014-12-27 16:55:54 --> URI Class Initialized
[DEBUG] [application] - 2014-12-27 16:55:54 --> Router Class Initialized
[DEBUG] [application] - 2014-12-27 16:55:54 --> Config file loaded: /Users/geet/www/fly/framework/application/config/routes.php
[DEBUG] [application] - 2014-12-27 16:55:54 --> No URI present. Default controller set.
[DEBUG] [application] - 2014-12-27 16:55:54 --> FTP Class Initialized
[DEBUG] [application] - 2014-12-27 16:57:28 --> Application Class Initialized
[DEBUG] [system.Module] - 2014-12-27 16:57:28 --> Loading "Log" application component
[DEBUG] [system.Module] - 2014-12-27 16:57:28 --> Loading "Utf8" application component
[DEBUG] [application] - 2014-12-27 16:57:28 --> Utf8 Class Initialized
[DEBUG] [application] - 2014-12-27 16:57:28 --> UTF-8 Support Enabled
[DEBUG] [system.Module] - 2014-12-27 16:57:28 --> Loading "Hooks" application component
[DEBUG] [application] - 2014-12-27 16:57:28 --> Hooks Class Initialized
[DEBUG] [system.Module] - 2014-12-27 16:57:28 --> Loading "Router" application component
[DEBUG] [system.Module] - 2014-12-27 16:57:28 --> Loading "Uri" application component
[DEBUG] [application] - 2014-12-27 16:57:28 --> URI Class Initialized
[DEBUG] [application] - 2014-12-27 16:57:28 --> Router Class Initialized
[DEBUG] [application] - 2014-12-27 16:57:28 --> Config file loaded: /Users/geet/www/fly/framework/application/config/routes.php
[DEBUG] [application] - 2014-12-27 16:57:28 --> No URI present. Default controller set.
[DEBUG] [application] - 2014-12-27 16:57:28 --> FTP Class Initialized
[DEBUG] [application] - 2014-12-27 16:58:53 --> Application Class Initialized
[DEBUG] [system.Module] - 2014-12-27 16:58:53 --> Loading "Log" application component
[DEBUG] [system.Module] - 2014-12-27 16:58:53 --> Loading "Utf8" application component
[DEBUG] [application] - 2014-12-27 16:58:53 --> Utf8 Class Initialized
[DEBUG] [application] - 2014-12-27 16:58:53 --> UTF-8 Support Enabled
[DEBUG] [system.Module] - 2014-12-27 16:58:53 --> Loading "Hooks" application component
[DEBUG] [application] - 2014-12-27 16:58:53 --> Hooks Class Initialized
[DEBUG] [system.Module] - 2014-12-27 16:58:53 --> Loading "Router" application component
[DEBUG] [system.Module] - 2014-12-27 16:58:53 --> Loading "Uri" application component
[DEBUG] [application] - 2014-12-27 16:58:53 --> URI Class Initialized
[DEBUG] [application] - 2014-12-27 16:58:53 --> Router Class Initialized
[DEBUG] [application] - 2014-12-27 16:58:53 --> Config file loaded: /Users/geet/www/fly/framework/application/config/routes.php
[DEBUG] [application] - 2014-12-27 16:58:53 --> No URI present. Default controller set.
[DEBUG] [application] - 2014-12-27 16:58:53 --> FTP Class Initialized
[DEBUG] [application] - 2014-12-27 17:00:21 --> Application Class Initialized
[DEBUG] [system.Module] - 2014-12-27 17:00:21 --> Loading "Log" application component
[DEBUG] [system.Module] - 2014-12-27 17:00:21 --> Loading "Utf8" application component
[DEBUG] [application] - 2014-12-27 17:00:21 --> Utf8 Class Initialized
[DEBUG] [application] - 2014-12-27 17:00:21 --> UTF-8 Support Enabled
[DEBUG] [system.Module] - 2014-12-27 17:00:21 --> Loading "Hooks" application component
[DEBUG] [application] - 2014-12-27 17:00:21 --> Hooks Class Initialized
[DEBUG] [system.Module] - 2014-12-27 17:00:21 --> Loading "Router" application component
[DEBUG] [system.Module] - 2014-12-27 17:00:21 --> Loading "Uri" application component
[DEBUG] [application] - 2014-12-27 17:00:21 --> URI Class Initialized
[DEBUG] [application] - 2014-12-27 17:00:21 --> Router Class Initialized
[DEBUG] [application] - 2014-12-27 17:00:21 --> Config file loaded: /Users/geet/www/fly/framework/application/config/routes.php
[DEBUG] [application] - 2014-12-27 17:00:21 --> No URI present. Default controller set.
[DEBUG] [application] - 2014-12-27 17:00:21 --> FTP Class Initialized
[DEBUG] [system.Module] - 2014-12-27 17:00:25 --> Loading "ExceptionHandler" application component
[ERROR] [application] - 2014-12-27 17:00:25 --> Severity: Warning  --> ftp_nlist(): php_connect_nonb() failed: Operation now in progress (36) /Users/geet/www/fly/framework/system/libraries/Ftp.php 433
[ERROR] [application] - 2014-12-27 17:00:25 --> Severity: Warning  --> ftp_get(): php_connect_nonb() failed: Operation now in progress (36) /Users/geet/www/fly/framework/system/libraries/Ftp.php 267
[ERROR] [application] - 2014-12-27 17:00:25 --> Severity: Warning  --> ftp_get(): Entering Passive Mode (218,4,56,235,16,115) /Users/geet/www/fly/framework/system/libraries/Ftp.php 267
[DEBUG] [application] - 2014-12-27 17:01:17 --> Application Class Initialized
[DEBUG] [system.Module] - 2014-12-27 17:01:17 --> Loading "Log" application component
[DEBUG] [system.Module] - 2014-12-27 17:01:17 --> Loading "Utf8" application component
[DEBUG] [application] - 2014-12-27 17:01:17 --> Utf8 Class Initialized
[DEBUG] [application] - 2014-12-27 17:01:17 --> UTF-8 Support Enabled
[DEBUG] [system.Module] - 2014-12-27 17:01:17 --> Loading "Hooks" application component
[DEBUG] [application] - 2014-12-27 17:01:17 --> Hooks Class Initialized
[DEBUG] [system.Module] - 2014-12-27 17:01:17 --> Loading "Router" application component
[DEBUG] [system.Module] - 2014-12-27 17:01:17 --> Loading "Uri" application component
[DEBUG] [application] - 2014-12-27 17:01:17 --> URI Class Initialized
[DEBUG] [application] - 2014-12-27 17:01:17 --> Router Class Initialized
[DEBUG] [application] - 2014-12-27 17:01:17 --> Config file loaded: /Users/geet/www/fly/framework/application/config/routes.php
[DEBUG] [application] - 2014-12-27 17:01:17 --> No URI present. Default controller set.
[DEBUG] [application] - 2014-12-27 17:01:17 --> FTP Class Initialized
[DEBUG] [application] - 2014-12-27 17:01:34 --> Application Class Initialized
[DEBUG] [system.Module] - 2014-12-27 17:01:34 --> Loading "Log" application component
[DEBUG] [system.Module] - 2014-12-27 17:01:34 --> Loading "Utf8" application component
[DEBUG] [application] - 2014-12-27 17:01:34 --> Utf8 Class Initialized
[DEBUG] [application] - 2014-12-27 17:01:34 --> UTF-8 Support Enabled
[DEBUG] [system.Module] - 2014-12-27 17:01:34 --> Loading "Hooks" application component
[DEBUG] [application] - 2014-12-27 17:01:34 --> Hooks Class Initialized
[DEBUG] [system.Module] - 2014-12-27 17:01:34 --> Loading "Router" application component
[DEBUG] [system.Module] - 2014-12-27 17:01:34 --> Loading "Uri" application component
[DEBUG] [application] - 2014-12-27 17:01:34 --> URI Class Initialized
[DEBUG] [application] - 2014-12-27 17:01:34 --> Router Class Initialized
[DEBUG] [application] - 2014-12-27 17:01:34 --> Config file loaded: /Users/geet/www/fly/framework/application/config/routes.php
[DEBUG] [application] - 2014-12-27 17:01:34 --> No URI present. Default controller set.
[DEBUG] [application] - 2014-12-27 17:01:34 --> FTP Class Initialized
[DEBUG] [system.Module] - 2014-12-27 17:01:44 --> Loading "ExceptionHandler" application component
[ERROR] [application] - 2014-12-27 17:01:44 --> Severity: Warning  --> ftp_get(): php_connect_nonb() failed: Operation now in progress (36) /Users/geet/www/fly/framework/system/libraries/Ftp.php 267
[ERROR] [application] - 2014-12-27 17:01:44 --> Severity: Warning  --> ftp_get(): Type set to I. /Users/geet/www/fly/framework/system/libraries/Ftp.php 267
[DEBUG] [application] - 2014-12-27 17:03:12 --> Application Class Initialized
[DEBUG] [system.Module] - 2014-12-27 17:03:12 --> Loading "Log" application component
[DEBUG] [system.Module] - 2014-12-27 17:03:12 --> Loading "Utf8" application component
[DEBUG] [application] - 2014-12-27 17:03:12 --> Utf8 Class Initialized
[DEBUG] [application] - 2014-12-27 17:03:12 --> UTF-8 Support Enabled
[DEBUG] [system.Module] - 2014-12-27 17:03:12 --> Loading "Hooks" application component
[DEBUG] [application] - 2014-12-27 17:03:12 --> Hooks Class Initialized
[DEBUG] [system.Module] - 2014-12-27 17:03:12 --> Loading "Router" application component
[DEBUG] [system.Module] - 2014-12-27 17:03:12 --> Loading "Uri" application component
[DEBUG] [application] - 2014-12-27 17:03:12 --> URI Class Initialized
[DEBUG] [application] - 2014-12-27 17:03:12 --> Router Class Initialized
[DEBUG] [application] - 2014-12-27 17:03:12 --> Config file loaded: /Users/geet/www/fly/framework/application/config/routes.php
[DEBUG] [application] - 2014-12-27 17:03:12 --> No URI present. Default controller set.
[DEBUG] [application] - 2014-12-27 17:03:12 --> FTP Class Initialized
[DEBUG] [system.Module] - 2014-12-27 17:03:13 --> Loading "ExceptionHandler" application component
[ERROR] [application] - 2014-12-27 17:03:13 --> Severity: Warning  --> ftp_get(): php_connect_nonb() failed: Operation now in progress (36) /Users/geet/www/fly/framework/system/libraries/Ftp.php 267
[ERROR] [application] - 2014-12-27 17:03:13 --> Severity: Warning  --> ftp_get(): Type set to I. /Users/geet/www/fly/framework/system/libraries/Ftp.php 267
[DEBUG] [application] - 2014-12-27 17:04:51 --> Application Class Initialized
[DEBUG] [system.Module] - 2014-12-27 17:04:51 --> Loading "Log" application component
[DEBUG] [system.Module] - 2014-12-27 17:04:51 --> Loading "Utf8" application component
[DEBUG] [application] - 2014-12-27 17:04:51 --> Utf8 Class Initialized
[DEBUG] [application] - 2014-12-27 17:04:51 --> UTF-8 Support Enabled
[DEBUG] [system.Module] - 2014-12-27 17:04:51 --> Loading "Hooks" application component
[DEBUG] [application] - 2014-12-27 17:04:51 --> Hooks Class Initialized
[DEBUG] [system.Module] - 2014-12-27 17:04:51 --> Loading "Router" application component
[DEBUG] [system.Module] - 2014-12-27 17:04:51 --> Loading "Uri" application component
[DEBUG] [application] - 2014-12-27 17:04:51 --> URI Class Initialized
[DEBUG] [application] - 2014-12-27 17:04:51 --> Router Class Initialized
[DEBUG] [application] - 2014-12-27 17:04:51 --> Config file loaded: /Users/geet/www/fly/framework/application/config/routes.php
[DEBUG] [application] - 2014-12-27 17:04:51 --> No URI present. Default controller set.
[DEBUG] [application] - 2014-12-27 17:04:51 --> FTP Class Initialized
[DEBUG] [application] - 2014-12-27 19:14:41 --> Application Class Initialized
[DEBUG] [system.Module] - 2014-12-27 19:14:41 --> Loading "Log" application component
[DEBUG] [system.Module] - 2014-12-27 19:14:41 --> Loading "Utf8" application component
[DEBUG] [application] - 2014-12-27 19:14:41 --> Utf8 Class Initialized
[DEBUG] [application] - 2014-12-27 19:14:41 --> UTF-8 Support Enabled
[DEBUG] [system.Module] - 2014-12-27 19:14:41 --> Loading "Hooks" application component
[DEBUG] [application] - 2014-12-27 19:14:41 --> Hooks Class Initialized
[DEBUG] [system.Module] - 2014-12-27 19:14:41 --> Loading "Router" application component
[DEBUG] [system.Module] - 2014-12-27 19:14:41 --> Loading "Uri" application component
[DEBUG] [application] - 2014-12-27 19:14:41 --> URI Class Initialized
[DEBUG] [application] - 2014-12-27 19:14:41 --> Router Class Initialized
[DEBUG] [application] - 2014-12-27 19:14:41 --> Config file loaded: /Users/geet/www/fly/framework/application/config/routes.php
[DEBUG] [application] - 2014-12-27 19:14:41 --> No URI present. Default controller set.
[DEBUG] [application] - 2014-12-27 19:14:41 --> Zip Compression Class Initialized
[DEBUG] [system.Module] - 2014-12-27 19:14:41 --> Loading "ExceptionHandler" application component
[ERROR] [application] - 2014-12-27 19:14:41 --> Severity: Warning  --> filemtime(): stat failed for mydata1.txt /Users/geet/www/fly/framework/system/libraries/Zip.php 86
[DEBUG] [application] - 2014-12-27 19:26:18 --> Application Class Initialized
[DEBUG] [system.Module] - 2014-12-27 19:26:18 --> Loading "Log" application component
[DEBUG] [system.Module] - 2014-12-27 19:26:18 --> Loading "Utf8" application component
[DEBUG] [application] - 2014-12-27 19:26:18 --> Utf8 Class Initialized
[DEBUG] [application] - 2014-12-27 19:26:18 --> UTF-8 Support Enabled
[DEBUG] [system.Module] - 2014-12-27 19:26:18 --> Loading "Hooks" application component
[DEBUG] [application] - 2014-12-27 19:26:18 --> Hooks Class Initialized
[DEBUG] [system.Module] - 2014-12-27 19:26:18 --> Loading "Router" application component
[DEBUG] [system.Module] - 2014-12-27 19:26:18 --> Loading "Uri" application component
[DEBUG] [application] - 2014-12-27 19:26:18 --> URI Class Initialized
[DEBUG] [application] - 2014-12-27 19:26:18 --> Router Class Initialized
[DEBUG] [application] - 2014-12-27 19:26:18 --> Config file loaded: /Users/geet/www/fly/framework/application/config/routes.php
[DEBUG] [application] - 2014-12-27 19:26:18 --> No URI present. Default controller set.
[DEBUG] [application] - 2014-12-27 19:26:18 --> Zip Compression Class Initialized
[DEBUG] [system.Module] - 2014-12-27 19:26:18 --> Loading "ExceptionHandler" application component
[ERROR] [application] - 2014-12-27 19:26:18 --> Severity: Warning  --> filemtime(): stat failed for mydata1.txt /Users/geet/www/fly/framework/system/libraries/Zip.php 86
[DEBUG] [system.Module] - 2014-12-27 19:26:18 --> Loading "HttpRequest" application component
[DEBUG] [application] - 2014-12-27 19:26:18 --> HttpRequest Class Initialized
[DEBUG] [system.Module] - 2014-12-27 19:26:18 --> Loading "Security" application component
[DEBUG] [application] - 2014-12-27 19:26:18 --> Security Class Initialized
[DEBUG] [application] - 2014-12-27 19:26:18 --> Global POST and COOKIE data sanitized
[DEBUG] [application] - 2014-12-27 19:26:18 --> Config file loaded: /Users/geet/www/fly/framework/application/config/mimes.php
[DEBUG] [application] - 2014-12-27 19:36:15 --> Application Class Initialized
[DEBUG] [system.Module] - 2014-12-27 19:36:15 --> Loading "Log" application component
[DEBUG] [system.Module] - 2014-12-27 19:36:15 --> Loading "Utf8" application component
[DEBUG] [application] - 2014-12-27 19:36:15 --> Utf8 Class Initialized
[DEBUG] [application] - 2014-12-27 19:36:15 --> UTF-8 Support Enabled
[DEBUG] [system.Module] - 2014-12-27 19:36:15 --> Loading "Hooks" application component
[DEBUG] [application] - 2014-12-27 19:36:15 --> Hooks Class Initialized
[DEBUG] [system.Module] - 2014-12-27 19:36:15 --> Loading "Router" application component
[DEBUG] [system.Module] - 2014-12-27 19:36:15 --> Loading "Uri" application component
[DEBUG] [application] - 2014-12-27 19:36:15 --> URI Class Initialized
[DEBUG] [application] - 2014-12-27 19:36:15 --> Router Class Initialized
[DEBUG] [application] - 2014-12-27 19:36:15 --> Config file loaded: /Users/geet/www/fly/framework/application/config/routes.php
[DEBUG] [application] - 2014-12-27 19:36:15 --> No URI present. Default controller set.
[DEBUG] [application] - 2014-12-27 19:36:15 --> Zip Compression Class Initialized
[DEBUG] [system.Module] - 2014-12-27 19:36:15 --> Loading "ExceptionHandler" application component
[ERROR] [application] - 2014-12-27 19:36:15 --> Severity: Warning  --> filemtime(): stat failed for mydata1.txt /Users/geet/www/fly/framework/system/libraries/Zip.php 86
[ERROR] [application] - 2014-12-27 19:36:15 --> Severity: Warning  --> filemtime(): stat failed for mydata2.txt /Users/geet/www/fly/framework/system/libraries/Zip.php 86
[DEBUG] [system.Module] - 2014-12-27 19:36:15 --> Loading "HttpRequest" application component
[DEBUG] [application] - 2014-12-27 19:36:15 --> HttpRequest Class Initialized
[DEBUG] [system.Module] - 2014-12-27 19:36:15 --> Loading "Security" application component
[DEBUG] [application] - 2014-12-27 19:36:15 --> Security Class Initialized
[DEBUG] [application] - 2014-12-27 19:36:15 --> Global POST and COOKIE data sanitized
[DEBUG] [application] - 2014-12-27 19:36:15 --> Config file loaded: /Users/geet/www/fly/framework/application/config/mimes.php
[DEBUG] [application] - 2014-12-27 19:37:38 --> Application Class Initialized
[DEBUG] [system.Module] - 2014-12-27 19:37:38 --> Loading "Log" application component
[DEBUG] [system.Module] - 2014-12-27 19:37:38 --> Loading "Utf8" application component
[DEBUG] [application] - 2014-12-27 19:37:38 --> Utf8 Class Initialized
[DEBUG] [application] - 2014-12-27 19:37:38 --> UTF-8 Support Enabled
[DEBUG] [system.Module] - 2014-12-27 19:37:38 --> Loading "Hooks" application component
[DEBUG] [application] - 2014-12-27 19:37:38 --> Hooks Class Initialized
[DEBUG] [system.Module] - 2014-12-27 19:37:38 --> Loading "Router" application component
[DEBUG] [system.Module] - 2014-12-27 19:37:38 --> Loading "Uri" application component
[DEBUG] [application] - 2014-12-27 19:37:38 --> URI Class Initialized
[DEBUG] [application] - 2014-12-27 19:37:38 --> Router Class Initialized
[DEBUG] [application] - 2014-12-27 19:37:38 --> Config file loaded: /Users/geet/www/fly/framework/application/config/routes.php
[DEBUG] [application] - 2014-12-27 19:37:38 --> No URI present. Default controller set.
[DEBUG] [application] - 2014-12-27 19:37:38 --> Zip Compression Class Initialized
[DEBUG] [system.Module] - 2014-12-27 19:37:38 --> Loading "HttpRequest" application component
[DEBUG] [application] - 2014-12-27 19:37:38 --> HttpRequest Class Initialized
[DEBUG] [system.Module] - 2014-12-27 19:37:38 --> Loading "Security" application component
[DEBUG] [application] - 2014-12-27 19:37:38 --> Security Class Initialized
[DEBUG] [application] - 2014-12-27 19:37:38 --> Global POST and COOKIE data sanitized
[DEBUG] [application] - 2014-12-27 19:37:38 --> Config file loaded: /Users/geet/www/fly/framework/application/config/mimes.php
