[DEBUG] [application] - 2014-12-25 10:05:33 --> Application Class Initialized
[DEBUG] [system.Module] - 2014-12-25 10:05:33 --> Loading "Log" application component
[DEBUG] [system.Module] - 2014-12-25 10:05:33 --> Loading "Utf8" application component
[DEBUG] [application] - 2014-12-25 10:05:33 --> Utf8 Class Initialized
[DEBUG] [application] - 2014-12-25 10:05:33 --> UTF-8 Support Enabled
[DEBUG] [system.Module] - 2014-12-25 10:05:33 --> Loading "Hooks" application component
[DEBUG] [application] - 2014-12-25 10:05:33 --> Hooks Class Initialized
[DEBUG] [system.Module] - 2014-12-25 10:05:33 --> Loading "Router" application component
[DEBUG] [system.Module] - 2014-12-25 10:05:33 --> Loading "Uri" application component
[DEBUG] [application] - 2014-12-25 10:05:33 --> URI Class Initialized
[DEBUG] [application] - 2014-12-25 10:05:33 --> Router Class Initialized
[DEBUG] [application] - 2014-12-25 10:05:33 --> Config file loaded: /Users/geet/www/fly/framework/application/config/routes.php
[DEBUG] [application] - 2014-12-25 10:05:33 --> No URI present. Default controller set.
[DEBUG] [application] - 2014-12-25 10:05:36 --> Application Class Initialized
[DEBUG] [system.Module] - 2014-12-25 10:05:36 --> Loading "Log" application component
[DEBUG] [system.Module] - 2014-12-25 10:05:36 --> Loading "Utf8" application component
[DEBUG] [application] - 2014-12-25 10:05:36 --> Utf8 Class Initialized
[DEBUG] [application] - 2014-12-25 10:05:36 --> UTF-8 Support Enabled
[DEBUG] [system.Module] - 2014-12-25 10:05:36 --> Loading "Hooks" application component
[DEBUG] [application] - 2014-12-25 10:05:36 --> Hooks Class Initialized
[DEBUG] [system.Module] - 2014-12-25 10:05:36 --> Loading "Router" application component
[DEBUG] [system.Module] - 2014-12-25 10:05:36 --> Loading "Uri" application component
[DEBUG] [application] - 2014-12-25 10:05:36 --> URI Class Initialized
[DEBUG] [application] - 2014-12-25 10:05:36 --> Router Class Initialized
[DEBUG] [application] - 2014-12-25 10:05:36 --> Config file loaded: /Users/geet/www/fly/framework/application/config/routes.php
[DEBUG] [application] - 2014-12-25 10:05:36 --> No URI present. Default controller set.
[DEBUG] [application] - 2014-12-25 10:05:37 --> Application Class Initialized
[DEBUG] [system.Module] - 2014-12-25 10:05:37 --> Loading "Log" application component
[DEBUG] [system.Module] - 2014-12-25 10:05:37 --> Loading "Utf8" application component
[DEBUG] [application] - 2014-12-25 10:05:37 --> Utf8 Class Initialized
[DEBUG] [application] - 2014-12-25 10:05:37 --> UTF-8 Support Enabled
[DEBUG] [system.Module] - 2014-12-25 10:05:37 --> Loading "Hooks" application component
[DEBUG] [application] - 2014-12-25 10:05:37 --> Hooks Class Initialized
[DEBUG] [system.Module] - 2014-12-25 10:05:37 --> Loading "Router" application component
[DEBUG] [system.Module] - 2014-12-25 10:05:37 --> Loading "Uri" application component
[DEBUG] [application] - 2014-12-25 10:05:37 --> URI Class Initialized
[DEBUG] [application] - 2014-12-25 10:05:37 --> Router Class Initialized
[DEBUG] [application] - 2014-12-25 10:05:37 --> Config file loaded: /Users/geet/www/fly/framework/application/config/routes.php
[DEBUG] [application] - 2014-12-25 10:05:37 --> No URI present. Default controller set.
[DEBUG] [application] - 2014-12-25 10:09:12 --> Application Class Initialized
[DEBUG] [system.Module] - 2014-12-25 10:09:12 --> Loading "Log" application component
[DEBUG] [system.Module] - 2014-12-25 10:09:12 --> Loading "Utf8" application component
[DEBUG] [application] - 2014-12-25 10:09:12 --> Utf8 Class Initialized
[DEBUG] [application] - 2014-12-25 10:09:12 --> UTF-8 Support Enabled
[DEBUG] [system.Module] - 2014-12-25 10:09:12 --> Loading "Hooks" application component
[DEBUG] [application] - 2014-12-25 10:09:12 --> Hooks Class Initialized
[DEBUG] [system.Module] - 2014-12-25 10:09:12 --> Loading "Router" application component
[DEBUG] [system.Module] - 2014-12-25 10:09:12 --> Loading "Uri" application component
[DEBUG] [application] - 2014-12-25 10:09:12 --> URI Class Initialized
[DEBUG] [application] - 2014-12-25 10:09:12 --> Router Class Initialized
[DEBUG] [application] - 2014-12-25 10:09:12 --> Config file loaded: /Users/geet/www/fly/framework/application/config/routes.php
[DEBUG] [application] - 2014-12-25 10:09:12 --> No URI present. Default controller set.
[DEBUG] [application] - 2014-12-25 17:20:10 --> Application Class Initialized
[DEBUG] [system.Module] - 2014-12-25 17:20:10 --> Loading "Log" application component
[DEBUG] [system.Module] - 2014-12-25 17:20:10 --> Loading "Utf8" application component
[DEBUG] [application] - 2014-12-25 17:20:10 --> Utf8 Class Initialized
[DEBUG] [application] - 2014-12-25 17:20:10 --> UTF-8 Support Enabled
[DEBUG] [system.Module] - 2014-12-25 17:20:10 --> Loading "Hooks" application component
[DEBUG] [application] - 2014-12-25 17:20:10 --> Hooks Class Initialized
[DEBUG] [system.Module] - 2014-12-25 17:20:10 --> Loading "Router" application component
[DEBUG] [system.Module] - 2014-12-25 17:20:10 --> Loading "Uri" application component
[DEBUG] [application] - 2014-12-25 17:20:10 --> URI Class Initialized
[DEBUG] [application] - 2014-12-25 17:20:10 --> Router Class Initialized
[DEBUG] [application] - 2014-12-25 17:20:10 --> Config file loaded: /Users/geet/www/fly/framework/application/config/routes.php
[DEBUG] [application] - 2014-12-25 17:20:10 --> No URI present. Default controller set.
